#svpol,4591
#agenda,1449
#svtagenda,276
#svt,189
#val14,184
#Agenda,172
#alliansen,96
#partiledardebatt,93
#skolan,92
#pldebatten,86
#Reinfeldt,71
#Alliansen,70
#Björklund,54
#centerpartiet,54
#utbpol,53
#Löfven,51
#migpol,49
#sframtid,49
#skola,45
#s,42
#klimat,40
#politik,31
#fb,30
#sv,30
#svp,30
#ssu13,30
#kd13,26
#svtdebatt,25
#swgreen,25
#Lampedusa,25
#twittboll,25
#Centerpartiet,23
#svfm,23
#svtpol,22
#aftonbladet,21
#funkpol,21
#eupol,21
#rödgröna,21
#fail,21
#statministerlogik,21
#media,20
#sll,19
#age,19
#reinfeldt,19
#val2014,18
#nyabjärred,18
#bron,18
#debatt,18
#pldebatten_i_mitt_huvud,18
#vpol,18
#paus,18
#ag,17
#pldebattt,17
#Svpol,17
#ExpressenTV,17
#svepol,17
#folkpartiet,17
#Sjöstedt,16
#löfven,16
#max,15
#fas3,15
#retorik,15
#förratweeten,14
#sakermanskullefrågaenkvinna,14
#mufswe,14
#4av5jobb,14
#nyamoderaterna,14
#esdebsvt,14
#barnkonventionen,13
#SD,13
#EU,13
#alliansenduckar,13
#föpol,12
#SvPol,12
#a,12
#bopol,12
#sjukf,11
#MarseillePSG,11
#PLdebatt,11
#ridå,11
#svtplay,11
#björklund,11
#moderaterna,11
#sjukskriven,10
#dn,10
#Lööf,10
#bytpolitik14,10
#dalasosse,10
#sjöstedt,10
#sandlåda,10
#PSG,9
#härskarteknik,9
#r,9
#kärnkraft,9
#socialdemokraterna,9
#hånfullaskrattet,9
#gbgftw,9
#arbetslinjen,9
#nuffsaid,8
#klimatet,8
#sverige,8
#9punkter,8
#ifkgbg,8
#publicservice,8
#DemokratisktUnderskott,8
#Bron,8
#Val14,8
#psg,8
#jämställdhet,8
#partaj,8
#fatta,8
#cstämma,8
#vision_fack,8
#helalandet,8
#ansvarslöshet,8
#hejaalliansen,8
#jimmielogik,8
#Halland,8
#agen,7
#landsbygd,7
#sd,7
#skolpol,7
#sweden,7
#Hägglund,7
#skräll,7
#SVT,7
#mdmf,7
#skattepol,7
#aktuellt,7
#gruvboom,7
#bjälkeiögat,7
#Expressens,7
#svt2,7
#energi,7
#polisen,7
#tv4nyheterna,7
#Zlatan,7
#vindkraft,7
#etthållb,6
#fp,6
#svtnyheter,6
#intressantfråga,6
#Partaj,6
#agend,6
#Nuon,6
#StefanLoefven,6
#ringp1,6
#nyheterna,6
#shl,6
#scb,6
#svarapåfrågan,6
#glesbygd,6
#medmänsklighet,6
#blepol,6
#lästipsförlöfven,6
#svdebatt,6
#KD,6
#DN,6
#avgåalla,6
#swgre,6
#1000ungaf,6
#tjafs,6
#rapport,6
#Västerbotten,6
#fotboll,6
#fysioterapi,6
#janbjörklund,6
#inland,6
#allsvenskan,6
#Socialdemokraterna,6
#HRF,5
#säkpol,5
#hejaReinfeldt,5
#mig,5
#zlatan,5
#SvD,5
#vänsterpartiet,5
#fempol,5
#nedmonering,5
#idétrött,5
#Somalia,5
#ansvar,5
#sjukvård,5
#rasism,5
#Piratpartiet,5
#sd2014,5
#badamtzh,5
#etthållbartval,5
#difboll,5
#merkateder,5
#SwedenIsReadyForHeartbreaker,5
#DIF,5
#våldtäkt,5
#Twittboll,5
#jobb,5
#skoldebatten,5
#upphovsrätt,5
#gomorronsverige,5
#centern,5
#zpol,5
#MFF,5
#sodradebatt,5
#dampministern,5
#valseger14,5
#playtips,5
#mello,5
#MP,5
#valseger2014,4
#08pol,4
#sverigedemokraterna,4
#SVTDebatt,4
#enlitenbrasklapp,4
#melfest,4
#tv4,4
#rödgrönröra,4
#samtyckeslagstiftning,4
#miljö,4
#sgoteborg,4
#moreus,4
#skatt,4
#bråk,4
#hägglund,4
#klassrumspeng,4
#alltsomrörsig,4
#läxor,4
#reva,4
#vardpol,4
#invandring,4
#skandal,4
#forskpol,4
#ironi,4
#barnrätt,4
#ungdomar,4
#5åring,4
#0171pol,4
#svpo,4
#svtagen,4
#löfvensdebatteknik,4
#pol,4
#m,4
#swe,4
#jösses,4
#partiled,4
#fakta,4
#elevkår,4
#svt1,4
#irak,4
#syrien,4
#thehobbit,4
#Kongo,4
#sossarnasfel,4
#SvT,4
#Aftonbladet,4
#Åkesson,4
#jobbskatteavdraget,4
#mp,4
#folkbildning,4
#romgate,3
#notimpressed,3
#ekonomi,3
#arbetstidsförkortning,3
#friskaArbetsplatser,3
#vårdpol,3
#lärlingsutbildning,3
#vuxenpoäng,3
#järnrör,3
#miljöpartiet,3
#Moderaterna,3
#jobben,3
#vårdkvali,3
#word,3
#plfashion,3
#floskler,3
#kd,3
#flyktingar,3
#match,3
#motvilligterkännande,3
#re,3
#statistik,3
#tunnelseende,3
#partilederdebatt,3
#flumskolan,3
#innovation,3
#usfum,3
#FATTA,3
#p1morgon,3
#podcast,3
#arrogans,3
#mobbning,3
#enfrågeparti,3
#b,3
#f,3
#S,3
#NO2Austerity,3
#trygghet,3
#FAT,3
#FP,3
#lööf,3
#låtsasattduserpldebatt,3
#jobbskaparna,3
#svkrim,3
#önsketänkande,3
#Arbetsmiljö,3
#hoppas,3
#idioti,3
#hånflin,3
#DödaLandsbygden,3
#Aktuellt,3
#kulturpolitik,3
#Folkpartiet,3
#intepldebatt,3
#entreprenörskap,3
#stefanlöfven,3
#avgå,3
#avgåthomsson,3
#Syrien,3
#moderatern,3
#liturgiskafärger,3
#plötsligthänderdet,3
#BJörklund,3
#analys,3
#Arenaklubben,3
#imlöfvenit,3
#svtsgenda,3
#Rapport,3
#yolo,3
#jobb2020,3
#sakermanskullef,3
#svpbs,3
#Center,3
#kultur,3
#undrandeväljare,2
#yeahright,2
#kanalbyte,2
#justsayin,2
#Reinfeld,2
#syv,2
#mumin,2
#PISA,2
#svmed,2
#Romson,2
#mänskligarättigheter,2
#skärpning,2
#Expressen,2
#felfokus,2
#ckvinn,2
#förratweet,2
#socialbidrag,2
#halvfullt,2
#Al,2
#regeringsfrågan,2
#Californication,2
#Cstämma,2
#banksters,2
#riksdagen,2
#alliansens,2
#integration,2
#Fb,2
#socialamedier,2
#lekmedsiffror,2
#mp14,2
#jobbskatteavdrag,2
#olustigt,2
#Miljoepartiet,2
#socialdemokrati,2
#crpd,2
#plakatpolitik,2
#framtid,2
#alltidnått,2
#se,2
#LO,2
#expressen,2
#svetigedemokraterna,2
#äpplen_o_päron,2
#evidensbaserat,2
#internskämt,2
#Värvet,2
#bristpåempati,2
#bakfylla,2
#äktapldebatt,2
#NO2Euro,2
#kunskapslinjen,2
#viktigt,2
#marknadsekonomi,2
#söndagsnöje,2
#vänsterns,2
#profficionell,2
#lampedusa,2
#poliser,2
#kunskapslandet,2
#retrobjörklund,2
#eneff,2
#kaos,2
#OSA,2
#Schlaug,2
#P1,2
#inte,2
#sossepolitik,2
#lärare,2
#hybris,2
#kul,2
#flumskola,2
#Regeringen,2
#veckansbrott,2
#flexibelmedsanningen,2
#zzz,2
#stilkrock,2
#kateder,2
#tillväxt,2
#Löfvén,2
#hyckleri,2
#varärni,2
#barpol,2
#lalleri,2
#monopolpengar,2
#omogetledarskap,2
#Sverige,2
#banker,2
#skrämmandelikt,2
#hållbartsamhälle,2
#sosse,2
#jamstalldhet,2
#SDlogik,2
#falskmatematik,2
#mff,2
#rödgrönaröran,2
#trängselskatt,2
#meta,2
#undersköterska,2
#vin,2
#relevantexempel,2
#romson,2
#pld,2
#frimigrationftw,2
#SwedenIsReadyForHeartBreaker,2
#magiskaord,2
#bitter,2
#oväntat,2
#lågvattenmärke,2
#brapartiet2014,2
#Skolpol,2
#svpl,2
#swegreen,2
#center,2
#toomuch,2
#OMPSG,2
#va,2
#twittb,2
#totalförvirring,2
#journalist,2
#föregåendetweet,2
#kass,2
#legendkommentar,2
#c,2
#svårareänfotboll,2
#Fas3,2
#podca,2
#kvalitetssäkring,2
#framtiden,2
#C,2
#MoraeusMedMera,2
#alliansfrittsverige,2
#V,2
#msthk13,2
#skattechock,2
#kärlek,2
#bigdata,2
#Vänsterlogik,2
#irrelevantargument,2
#rättigheter,2
#Danmark,2
#frustrationdelux,2
#utbildningsminister,2
#statsm,2
#knullrufs,2
#chockskattad,2
#klimaträttvisa,2
#journalistik,2
#ssu,2
#fniss,2
#twitter,2
#peakoil,2
#järn,2
#hejalöfven,2
#skolatilljobb,2
#iwish,2
#är,2
#faktakoll,2
#alltärperfekt,2
#minsanning,2
#RingP1,2
#moderat,2
#Äktapldebat,2
#justaguess,2
#ungdomsskatten,2
#hemskt,2
#landsfader,2
#Hbts,2
#SD2014,2
#skojabara,2
#cuf,2
#FramtidaLärare,2
#likasombär,2
#yrkesutbildning,2
#lärarhyllningen,2
#företag,2
#oproffsig,2
#liberalism,2
#HIF,2
#svta,2
#pldebattförossominteärmediettparti,2
#specutb,2
#teamåsa,2
#stackarsjan,2
#ettanstextpåtvåan,2
#plldebatt,2
#flaskskepp,2
#jennystromstedt,2
#siffertrixare,2
#promotionbaaten,2
#fritids,2
#pk,2
#läsning,2
#osdpol,2
#vård,2
#pravda,2
#flört,2
#ipcc,2
#flyktingpolitiken,2
#SVTmörkarEUfrågan,1
#lookalikes,1
#orka,1
#denhärregerigen,1
#pldebattägnar,1
#tvqueens,1
#vuxna,1
#SUCK,1
#svensktnäringsliv,1
#rocky,1
#az,1
#sjuk,1
#KDU,1
#mskola,1
#AIK,1
#segertåg,1
#BUS,1
#idrott,1
#whatsnew,1
#åldebatt,1
#sklkultur,1
#Age,1
#statsmannoway,1
#intressant,1
#ShitJustGotReal,1
#prioritering,1
#teamAnnie,1
#löjligt,1
#hurmångavåningartålvi,1
#tekniken,1
#segregation,1
#annielööf,1
#Kunskapslinjen,1
#katederkramare,1
#svinaktigt,1
#personangrepp,1
#gymnasiet,1
#rättsväsende,1
#stefan,1
#ödmjuk,1
#goreinfeldt,1
#SurpriseSurprise,1
#cutiepie,1
#malmö,1
#stackare,1
#vinnare,1
#görnågotroligare,1
#lärarkrisen,1
#skolans,1
#förberedelser,1
#steniglashus,1
#Greengrowth,1
#tröttihjärnan,1
#klysch,1
#hemmahosmig,1
#vanligtfolk,1
#Vänsterpartiet,1
#vänstern,1
#Libyen,1
#asylrätt,1
#fikonspråk,1
#sovjet,1
#stoltmoderat,1
#pldebattsändningen,1
#slutpixlat,1
#mexiko,1
#Lärare,1
#sparpodden,1
#feminism,1
#väljaropinionsiffror,1
#Bluegrowth,1
#självinsikt,1
#vinstivälfärden,1
#MariaAbrahamsson,1
#pirat,1
#detvarbättreförr,1
#USA,1
#hr,1
#fossilfree,1
#Hallstahammar,1
#prov,1
#bubbla,1
#enkelspårigt,1
#fulknep,1
#svtag,1
#bullshit,1
#etnicitet,1
#journalism,1
#kallak,1
#partiledardebatten,1
#Småföretag,1
#intekonsekvent,1
#populism,1
#pldebattPodcast,1
#erotikdödare,1
#sakermanskull,1
#jimmy,1
#debateisartandscience,1
#tv,1
#ftg,1
#snartäragatillåtetigen,1
#hårdstämning,1
#Svt,1
#alliansen2punkt0,1
#sfra,1
#finneringaorddemokratisktförfall,1
#sekokongressen,1
#drama,1
#Skola,1
#toapaus,1
#sadpuppy,1
#sexpol,1
#iPad,1
#nyregering14,1
#ologiskt,1
#internet,1
#dummisar,1
#orepol,1
#kärleksbudskap,1
#järnrören,1
#viköperallaskattesänkningar,1
#hörselskadad,1
#omargate,1
#kvinnojourer,1
#Betyg,1
#1000ungafeminister,1
#vägrataansvar,1
#kunskapslinje,1
#ämbetsmannansvar,1
#nustigeropinionssiffrorna,1
#mademyday,1
#neP1,1
#sväraikyrkan,1
#vg,1
#budget,1
#enköping,1
#polisutbildningen,1
#kyrkovalet,1
#Videocracy,1
#Nordea,1
#klimatpolitik,1
#jorå,1
#jagharsettdetochjaghatardet,1
#berglin,1
#RIP,1
#läsappendix50elva,1
#50shadesofpurpule,1
#sjukbidrag,1
#pldebett,1
#glass,1
#justsaying,1
#alliansen012,1
#avbytare,1
#Packers,1
#rutiner,1
#höjdaskatt,1
#stolpskott,1
#kön,1
#paradoxalt,1
#svteganda,1
#intesålitet,1
#ellerinte,1
#synergieffekter,1
#abc,1
#funnybecauseitstrue,1
#jimmeåkesson,1
#tydlig,1
#OECD,1
#hårvax,1
#förrädare,1
#DejaVu,1
#stvpol,1
#GWforPresident,1
#allians,1
#amatörmässigt,1
#logic,1
#brottochstraff,1
#nya,1
#hkjkpg,1
#clowner,1
#förnybart,1
#friskolor,1
#fu,1
#semantik,1
#mediekritik,1
#stampa,1
#vanliga,1
#arbetslöshet,1
#twittbo,1
#Obama,1
#verklighetsförankring,1
#Jimmy,1
#Äktapldebatt,1
#sänkskatten,1
#LäxRut,1
#svtage,1
#Billström,1
#gogogo,1
#Schlingmann,1
#preskriberat,1
#difhockey,1
#Reinfelds,1
#regionskane,1
#nymo,1
#52dieten,1
#jämställt,1
#ärlig,1
#chockhöja,1
#mätakunskap,1
#win,1
#thenewsroom,1
#väljarförakt,1
#mycketskitsnack,1
#cnn,1
#BRA,1
#miljo,1
#taktik,1
#monarki,1
#sistaso,1
#ForbiddenLove,1
#smf,1
#hönsgård,1
#cafebärs,1
#Svensktnäringsliv,1
#bortmedMP,1
#väldigtflexibelinställningtillsanningen,1
#idélösttilltusen,1
#Centern,1
#efterfrågan,1
#riskdagen,1
#trovärdighet,1
#sarkasm,1
#dåligtledarskap,1
#flippatklassrum,1
#McDonalds,1
#jå,1
#fegis,1
#hahaha,1
#hemuppgifter,1
#partieldardenatt,1
#nyfiken,1
#kontraster,1
#kvalitet,1
#ManU,1
#pajas,1
#vårdkö,1
#svenska,1
#Max,1
#Tipsfråncoachen,1
#kvotering,1
#mittsverige,1
#BordeHaHatt,1
#jsa5,1
#gruppvåldtäkt,1
#näthat,1
#kursboksverklighet,1
#Integrationen,1
#begreppsförvirring,1
#plde,1
#sverigesradio,1
#JuventusMilan,1
#manmåstekommaihåg,1
#ohyra,1
#besked,1
#blockpolitik,1
#såja,1
#sigtuna,1
#tretrapporupp,1
#tur,1
#blockpolitiken,1
#homeland,1
#sossar,1
#SVpol,1
#felräkning,1
#jonassjostedt,1
#AlliansVården,1
#regeringen,1
#ideologi,1
#oiflove,1
#dramaturgi,1
#JerrySp,1
#Kd,1
#jesus,1
#socialdemokrat,1
#förskolan,1
#läxhjälptillalla,1
#valet2014,1
#sjuksköterskan,1
#bästavärlden,1
#vardagsbrott,1
#framtidensparti,1
#mentorsverige,1
#klara,1
#män,1
#kungahuset,1
#zlatanafton,1
#okunskap,1
#bigbrother,1
#MaudOlofsson,1
#pedagogik,1
#Curriksdagen2014,1
#4av5,1
#Pajas,1
#Raienfeldt,1
#myter,1
#avföja,1
#vapenexport,1
#frihet,1
#Macken,1
#PartiLedarDebatt,1
#allianspolitik,1
#makt,1
#politikerprosa,1
#skolfrågor,1
#vågavägrablockpolitik,1
#metalearning,1
#skratt,1
#smålänning,1
#acmilan,1
#swedenisreadyforheartbreaker,1
#funkp,1
#samhälle,1
#fa3,1
#Lööv,1
#Vattenfall,1
#läxrut,1
#Sarkasm,1
#GoSkaraborg,1
#jimmieakesson,1
#polisutbildning,1
#geni,1
#somensägerinorrköping,1
#BORGERLIGA,1
#realitycheck,1
#maginetv,1
#headdesk,1
#eskilstuna,1
#flashback,1
#utvpol,1
#energidebatt,1
#etthånmotdensvenskabefolkningen,1
#cirkus,1
#likaroliga,1
#deppigt,1
#facket,1
#SvtAgenda,1
#domstol,1
#statsministernujen,1
#uranfanatiker,1
#demokrati,1
#bistånd,1
#ForzaMilan,1
#vattenfall,1
#merakänslorihockeyntack,1
#bottenmärke,1
#useyourwords,1
#kommunist,1
#svpt,1
#tuppfäktning,1
#ve,1
#misshandel,1
#floskel,1
#bp14,1
#Norensdagbok,1
#JanBjörklund,1
#kärnkraftsuppgörelsen,1
#Konkurs,1
#OS,1
#hatar,1
#Visioner,1
#självmål,1
#AvgåAnnie,1
#nästastatsminister,1
#förvirrad,1
#Nöjda_Moderaterna,1
#kämpa,1
#Gävleborg,1
#OM,1
#action,1
#sovgott,1
#SVT1,1
#stockholm,1
#Härnösand,1
#nya_moderaterna,1
#sedan,1
#FAIL,1
#Naturare,1
#rutavdrag,1
#drinkinggame,1
#sweskep,1
#Ställdenrättafrågan,1
#broen,1
#pkdebatt,1
#Bris,1
#lermedmenandeblick,1
#svennehorauppropet,1
#grönungdom,1
#TV4Sport,1
#ce,1
#förnyelse,1
#ajabaja,1
#svartmålning,1
#mgd,1
#politiker,1
#åsiktsrasistiska,1
#JustSaying,1
#smartass,1
#ordvitsftw,1
#p,1
#miljöflyktingar,1
#svtforum,1
#lööfsskola,1
#tjuvar,1
#M,1
#hissochdiss,1
#fiercebitch,1
#skattehöjningar,1
#frånvarande,1
#stapeldiagram,1
#åkesson,1
#NFL,1
#buffering,1
#omen,1
#applycoldwater,1
#hjärnkross,1
#AnnieLööf,1
#JB,1
#Enköping,1
#tjatigt,1
#PK_åsiktsmaffian,1
#50sh,1
#moderaternas,1
#enpartistyre,1
#vadskabort,1
#vaginapower,1
#tintinfilm,1
#ettårtillvalet,1
#lärarkris,1
#pldebbat,1
#fight,1
#Destinationsutveckling,1
#agendas,1
#obekvämt,1
#Snowden,1
#flummskola,1
#moms,1
#vedergällning,1
#utbildning,1
#digitalisering,1
#politiknörd,1
#humor,1
#tråkigt,1
#utrpol,1
#orimligt,1
#konstigt,1
#foundationslaget,1
#govänstern,1
#prio,1
#sameshit,1
#irrelevant,1
#queer,1
#polis,1
#jonassjöstedt,1
#SVTPlay,1
#vårdkvalitet,1
#ffse,1
#pajkastning,1
#ålderskris,1
#liarliar,1
#orolig,1
#lär,1
#stoppapressarna,1
#brytpunkt,1
#mode,1
#Kista,1
#ffpodcast,1
#rassar,1
#sosserier,1
#röstproblem,1
#vemregeraregentligen,1
#utanförskapet,1
#bidragen,1
#restaurang,1
#Norwegian,1
#republik,1
#jagorkarinte,1
#onceyougoanarchistyounevergoback,1
#byterkanal,1
#moderatorfail,1
#Asmedjan,1
#utförsäkringar,1
#15miljarder,1
#föajSDr,1
#ut,1
#turattjaginteärpartiledre,1
#skrattade,1
#skattesänkningar,1
#klasslöst,1
#nuon,1
#Kvinnor,1
#vemvann,1
#ryser,1
#nyaS,1
#EgetFöretag,1
#SROI,1
#gonatt,1
#orwell,1
#höjdlöntillstylisten,1
#självförtroende,1
#hets,1
#etik,1
#Framtidspartiet,1
#80talet,1
#livströmquist,1
#Fail,1
#Lifescience,1
#austinpowers,1
#hannekjöller,1
#kravatt,1
#hårkriget,1
#ökadeklyftor,1
#spelaringenroll,1
#moment22,1
#idiotipolitik,1
#36kkkgM,1
#patetiskt,1
#växupp,1
#verklighet,1
#flosklerdebatten,1
#dubbelspårstockholmtillhärnösand,1
#superchock,1
#sjöstedtrockar,1
#ok,1
#alliansen_rules,1
#plakat,1
#SVTAgenda,1
#utanförskap,1
#pengaträd,1
#spurs,1
#nfl,1
#intesåpartiska,1
#adhdswe,1
#Gomorronsverige,1
#Horunge,1
#PGU,1
#Kunskapsskolan,1
#PEDAGOGER,1
#välfärden,1
#Skattesänkningar,1
#DjiboutiSvenskarna,1
#merafakta,1
#Borg,1
#JuveMilan,1
#arg,1
#borgerliga,1
#show,1
#arbetssamhället,1
#JonasSjöstedt,1
#Polis,1
#arbetslös,1
#polisvåld,1
#supersöndag,1
#WCS,1
#imigration,1
#instantrepeat,1
#svpoll,1
#burgarna,1
#sverigedemokrat,1
#GW,1
#brännabilar,1
#jomensåatteh,1
#joråsåatte,1
#antifeminist,1
#Rödgröna,1
#riskkapital,1
#Ligue1,1
#basket,1
#Arbetets,1
#skitjobb,1
#panik,1
#IT,1
#rea,1
#plakatgate,1
#verklighetsfrämmande,1
#lågambitionsnivå,1
#svtgenda,1
#penningsystemet,1
#kundbetyg,1
#gofredrik,1
#jobbpol,1
#GodaTonen,1
#hallstahammar,1
#lycka,1
#skolledare,1
#åsaromson,1
#vilseipannkakan,1
#för,1
#rövhatt,1
#chocksänka,1
#märkligtsnackstillfälle,1
#isolationism,1
#piratpartiet,1
#buttplugg,1
#barnungar,1
#JerrySpringer,1
#ShelterFromTheStorm,1
#gränser,1
#jsa,1
#HJÄLP,1
#pldialog,1
#korruption,1
#sistasovjetsatelliten,1
#partibidrag,1
#högerpol,1
#Sjös,1
#Skolan,1
#ståinteohånflina,1
#kisslukt,1
#Expressentv,1
#förraretweeten,1
#vänsterspinn,1
#ahhhsnartärdetval,1
#självgoda,1
#hår,1
#allianswe,1
#självständigtSkåne,1
#funkautredningen,1
#klasshat,1
#Annielööf,1
#lärarna,1
#lärarstudent,1
#flymskola,1
#trött,1
#vuxendagis,1
#news,1
#parti,1
#vårdförbundet,1
#otur,1
#girighet,1
#jagälskarbidrag,1
#detlöserjuallt,1
#utrikesföddaiskolan,1
#donttreadonme,1
#strindberg,1
#fridolin,1
#test,1
#högskolekompetens,1
#Svtdebatt,1
#kony2020,1
#mmmmmm,1
#bygg,1
#helasverigebakar,1
#gomorr,1
#islam,1
#välbehövligt,1
#asylstafetten,1
#diskutabelt,1
#pl,1
#GöranHägglund,1
#skoluppgifter,1
#fattarinte,1
#Mp,1
#EUval,1
#pldebatter,1
#pinsamtystnad,1
#Trött,1
#Fritidspedagog,1
#uf,1
#bevisbörda,1
#utmedjimmie,1
#radiotjänst,1
#jo,1
