#doc source topic proportion ...
0 /Users/karinabunyik/BTSync/Data/Internal/malletTwitterLDA_medium/386878136144498689.txt 9 0.10909090909090909 1 0.10909090909090909 4 0.10846394984326019 2 0.10783699059561129 6 0.10721003134796238 0 0.09341692789968652 7 0.09153605015673981 5 0.09153605015673981 8 0.09090909090909091 3 0.09090909090909091  
1 /Users/karinabunyik/BTSync/Data/Internal/malletTwitterLDA_medium/386878456996184066.txt 3 0.12438423645320197 4 0.12192118226600986 6 0.10775862068965517 0 0.10529556650246305 1 0.09113300492610837 7 0.09051724137931035 5 0.09051724137931035 9 0.08990147783251232 8 0.08928571428571429 2 0.08928571428571429  
2 /Users/karinabunyik/BTSync/Data/Internal/malletTwitterLDA_medium/386887238459473920.txt 7 0.11405835543766578 8 0.11140583554376658 9 0.09748010610079576 4 0.09748010610079576 6 0.09681697612732096 5 0.09681697612732096 2 0.09681697612732096 1 0.09681697612732096 3 0.09615384615384616 0 0.09615384615384616  
3 /Users/karinabunyik/BTSync/Data/Internal/malletTwitterLDA_medium/386891244187947008.txt 9 0.12682641729982466 8 0.11338398597311514 4 0.10344827586206896 6 0.10227936879018118 5 0.1011104617182934 2 0.1005260081823495 1 0.09468147282291058 0 0.08649912331969609 7 0.08591466978375219 3 0.0853302162478083  
4 /Users/karinabunyik/BTSync/Data/Internal/malletTwitterLDA_medium/386908549105741824.txt 3 0.14471452798191067 5 0.13284341435839458 2 0.11249293386093838 7 0.09836065573770492 9 0.09609949123798757 6 0.08366308648954211 4 0.08366308648954211 8 0.08309779536461277 1 0.08309779536461277 0 0.08196721311475409  
5 /Users/karinabunyik/BTSync/Data/Internal/malletTwitterLDA_medium/386910460848504832.txt 0 0.11385816525699415 7 0.11190631099544568 4 0.10930383864671438 6 0.09629147690305791 8 0.09564085881587508 5 0.09499024072869226 1 0.09499024072869226 9 0.09433962264150944 3 0.09433962264150944 2 0.09433962264150944  
6 /Users/karinabunyik/BTSync/Data/Internal/malletTwitterLDA_medium/386910623033851904.txt 1 0.12539184952978055 9 0.10909090909090909 3 0.10783699059561129 0 0.10783699059561129 7 0.09216300940438872 5 0.09216300940438872 8 0.09153605015673981 4 0.09153605015673981 2 0.09153605015673981 6 0.09090909090909091  
7 /Users/karinabunyik/BTSync/Data/Internal/malletTwitterLDA_medium/386911052618686464.txt 0 0.11385816525699415 7 0.1125569290826285 4 0.10930383864671438 1 0.09629147690305791 9 0.09564085881587508 6 0.09499024072869226 8 0.09433962264150944 5 0.09433962264150944 3 0.09433962264150944 2 0.09433962264150944  
8 /Users/karinabunyik/BTSync/Data/Internal/malletTwitterLDA_medium/386925910063972352.txt 9 0.1 8 0.1 7 0.1 6 0.1 5 0.1 4 0.1 3 0.1 2 0.1 1 0.1 0 0.1  
9 /Users/karinabunyik/BTSync/Data/Internal/malletTwitterLDA_medium/386926107758325761.txt 9 0.1 8 0.1 7 0.1 6 0.1 5 0.1 4 0.1 3 0.1 2 0.1 1 0.1 0 0.1  
10 /Users/karinabunyik/BTSync/Data/Internal/malletTwitterLDA_medium/386926253741068288.txt 0 0.11405835543766578 7 0.11339522546419098 8 0.09814323607427056 4 0.09681697612732096 3 0.09681697612732096 9 0.09615384615384616 6 0.09615384615384616 5 0.09615384615384616 2 0.09615384615384616 1 0.09615384615384616  
11 /Users/karinabunyik/BTSync/Data/Internal/malletTwitterLDA_medium/386928077151797248.txt 1 0.11320754716981132 0 0.11320754716981132 4 0.11125569290826284 9 0.09499024072869226 6 0.09499024072869226 5 0.09499024072869226 8 0.09433962264150944 7 0.09433962264150944 3 0.09433962264150944 2 0.09433962264150944  
12 /Users/karinabunyik/BTSync/Data/Internal/malletTwitterLDA_medium/386928661728751616.txt 7 0.12476489028213165 1 0.1103448275862069 5 0.10783699059561129 0 0.10783699059561129 4 0.09216300940438872 3 0.09216300940438872 9 0.09153605015673981 6 0.09153605015673981 8 0.09090909090909091 2 0.09090909090909091  
13 /Users/karinabunyik/BTSync/Data/Internal/malletTwitterLDA_medium/386928977886978048.txt 3 0.13971462544589774 8 0.1028537455410226 6 0.1028537455410226 7 0.10225921521997622 0 0.10225921521997622 1 0.09512485136741974 9 0.093935790725327 5 0.08799048751486326 2 0.08680142687277051 4 0.08620689655172414  
14 /Users/karinabunyik/BTSync/Data/Internal/malletTwitterLDA_medium/386929343995195393.txt 8 0.13500876680303917 1 0.10286382232612508 6 0.10227936879018118 5 0.1016949152542373 2 0.1016949152542373 9 0.1011104617182934 4 0.1011104617182934 7 0.0847457627118644 3 0.0847457627118644 0 0.0847457627118644  
15 /Users/karinabunyik/BTSync/Data/Internal/malletTwitterLDA_medium/386929867956031488.txt 6 0.12039742840444184 2 0.1163062536528346 7 0.11513734658094682 5 0.10286382232612508 1 0.10286382232612508 8 0.09877264757451783 3 0.08649912331969609 4 0.08591466978375219 0 0.08591466978375219 9 0.0853302162478083  
16 /Users/karinabunyik/BTSync/Data/Internal/malletTwitterLDA_medium/386929962969608192.txt 6 0.11385816525699415 7 0.11320754716981132 0 0.11125569290826284 9 0.09499024072869226 8 0.09499024072869226 5 0.09433962264150944 4 0.09433962264150944 3 0.09433962264150944 2 0.09433962264150944 1 0.09433962264150944  
17 /Users/karinabunyik/BTSync/Data/Internal/malletTwitterLDA_medium/386930266700132353.txt 8 0.1111111111111111 2 0.1111111111111111 7 0.10919540229885058 4 0.10791826309067688 9 0.09450830140485313 0 0.09386973180076628 6 0.09323116219667944 5 0.09323116219667944 1 0.09323116219667944 3 0.09259259259259259  
18 /Users/karinabunyik/BTSync/Data/Internal/malletTwitterLDA_medium/386930692312936448.txt 2 0.1111111111111111 0 0.1111111111111111 7 0.11047254150702426 4 0.10983397190293742 3 0.09386973180076628 9 0.09323116219667944 8 0.09259259259259259 6 0.09259259259259259 5 0.09259259259259259 1 0.09259259259259259  
19 /Users/karinabunyik/BTSync/Data/Internal/malletTwitterLDA_medium/386931932497317888.txt 4 0.1111111111111111 2 0.1111111111111111 7 0.11047254150702426 0 0.11047254150702426 8 0.09323116219667944 5 0.09323116219667944 9 0.09259259259259259 6 0.09259259259259259 3 0.09259259259259259 1 0.09259259259259259  
20 /Users/karinabunyik/BTSync/Data/Internal/malletTwitterLDA_medium/386934305928130561.txt 8 0.10909090909090909 4 0.10909090909090909 6 0.10846394984326019 7 0.10783699059561129 0 0.10721003134796238 1 0.09278996865203762 9 0.09216300940438872 3 0.09153605015673981 5 0.09090909090909091 2 0.09090909090909091  
21 /Users/karinabunyik/BTSync/Data/Internal/malletTwitterLDA_medium/386934345677537281.txt 9 0.1206896551724138 5 0.10837438423645321 1 0.10652709359605911 4 0.10591133004926108 2 0.10591133004926108 6 0.09236453201970443 7 0.09051724137931035 8 0.08990147783251232 3 0.08990147783251232 0 0.08990147783251232  
