-17.576108249708675
-659.0993178201855
-6.6944517354078865
-461.91194098732734
-53.378920353674516
-401.84405363799755
-46.705599820131454
-69.96052254737332
-34.35180963812263
-35.90280901805767
-1074.4154980636897
-13.732387662127456
-58.73504400112774
-33.961596739475574
-46.57385123828746
-153.81843147590877
-184.97185433058576
-493.7899567418396
-90.1498790475028
-609.5532703191433
-196.56679223576128
-119.20473654382101
-88.58767244909865
-96.80719628188683
-48.53707119275927
-260.9089278431211
-31.817095869231256
-46.33410490978274
-51.13957833885085
-41.47715618655074
-52.752495522328
-58.740526681102295
-32.61162962271494
-2224.530221558487
-56.770163175875574
-1192.8529739367511
-65.63290968430753
-33.86989444794714
-77.74573014578539
-86.00466163829397
-42.4157658219967
-81.4166793136253
-33.07414976149329
-51.241534317672624
-82.8266536349523
-102.82835149284887
-236.10669585428843
-194.68854939623833
-86.87235188248633
-47.84369520283017
-41.037761523324896
-169.2582905017238
-83.21912775005495
-34.932561686502154
-46.126908836119696
-64.11381524403232
-64.84989717406759
-43.624917261238984
-133.7971490945026
-358.824609977584
-52.03863694066866
-49.8055905974652
-47.60938458511939
-76.04927193208246
-177.89386289469158
-51.29968010932015
-64.44564351040077
-34.7094609923615
-159.01804549575638
-66.01331271729353
-17.58755253124491
-70.69508225236129
-337.6258387859326
-62.84930441244683
-451.48353391588216
-167.1149953424687
-32.948174333358644
-754.9425701590469
-31.70424684040347
-65.87214669522217
-992.6457720189413
-60.299941125833854
-23.12400498947042
-146.27322705791934
-67.45138161459637
-325.7684740999899
-249.6705941708609
-55.5483796669516
-42.792329241942475
-188.8677320250469
-25.58576100307279
-47.46637811118519
-170.0310231856044
-84.14390622381886
-67.45742740719243
-105.1378699648764
-164.54137131264233
-968.6503492945442
-103.00890539482758
-135.29825695170086
-25.23086132838599
-41.69738121560707
-290.0398883098488
-92.88800202257903
-70.74262910362062
-155.9374076796556
-106.95730689214834
-122.52192663885785
-36.82981531477498
-993.3702011766751
-266.7916802425492
-38.58254312112628
-35.24860890949341
-79.80840529327627
-51.11385268912798
-47.00119347615275
-23.37660077635235
-93.89814336544732
-102.76720221803103
-32.948174333358644
-201.38153833497654
-93.15771067339708
-36.31155758367335
-86.2529409689408
-157.34090036269322
-31.806974870716626
-84.81467691432813
-555.9226409407568
-33.98320869552365
-577.6803698742126
-33.0394218179395
-41.18123786449674
-20.198943332333453
-158.02111331696628
-107.85427939261395
-44.7032168599032
-109.95003241726494
-134.11365061886704
-109.37834731450795
-310.8997032834248
-169.10509104621977
-18.07695045304418
-51.69899631763122
-77.59354707828115
-47.50933851111006
-60.190319575761464
-1636.060166656397
-21.67517410886519
-38.56766785392052
-40.42120038423146
-54.72453584740754
-109.00927944743675
-61.06626133406614
-81.05612270767847
-33.47227750206523
-469.15586334578376
-51.34405557718961
-4482.326794104025
-384.69330923387946
-64.43804898284448
-64.14169145265397
-40.98604985256145
-1305.267988671477
-50.77945832019793
-384.71669720443305
-52.035222505314636
-55.37291795551926
-581.2015400045053
-35.15334012325807
-49.755944887687335
-55.703370658573554
-125.17586600316108
-89.60315296984936
-37.3763550026085
-550.5541118022622
-58.433312357784885
-51.1253048733156
-11.773982876581007
-18.507135057468894
-26.46313498816614
-36.73449053483978
-38.479404604659535
-36.10755412574406
-156.491242766456
-39.72771799141718
-21.634021155714365
-108.01007584802983
-65.99403443649236
-64.75061735253084
-127.80658557298301
-26.77476691250286
-67.06867651188182
-167.92973820394633
-50.69938303894961
-83.2205079716475
-56.00967050543118
-174.79569073933627
-2081.3317168655726
-59.826592294927124
-51.64345786528325
-234.17767956465724
-465.8117441854419
-34.603767538988166
-49.253305327458534
-165.28262712552723
-160.68595109608862
-66.04859006670996
-23.30304018326847
-169.02227268431676
-141.36287810530987
-66.27369257437117
-281.28451635562266
-87.01736381862013
-55.68746327934526
-189.52455996165568
-420.73398273368264
-155.72110077229667
-463.0029927893409
-44.36146394638378
-60.87812308522601
-50.165934661888926
-43.624922965421426
-18.452358483967842
-445.970038717867
-100.14288141564155
-41.194724818482484
-83.61071849332194
-533.293725018239
-21.64423677262125
-767.3986700844781
-1125.7428717026546
-36.80057100611714
-122.65704779826636
-107.8358086284328
-52.713974430778926
-38.56766785392052
-43.63180723781077
-1406.7919849569757
-40.45464983651645
-199.16326251976955
-97.87206790305493
-65.83210878683819
-99.08958017578028
-119.50286461465889
-197.63064033636334
-105.10563337667034
-741.4383152576061
-57.951879892211736
-485.86079350830994
-53.21746104129298
-18.10054584787363
-85.9650360138637
-48.312022520703955
-10.202252951931776
-26.108532280363846
-81.90408412437058
-47.392844124741366
-721.1046490706103
-49.83976964531756
-495.34948710571007
-422.68018216905125
-51.03676588905081
-38.56766785392052
-231.70374645345768
-48.73862564871594
-168.12984846838674
-253.48902535164063
-974.8407673846303
-136.74127918459894
-44.685591796888815
-73.57682378357063
-21.708378499447637
-129.26313402245353
-61.201845732577404
-32.82648588062409
-55.972003904200804
-69.32482565026896
-2984.741083780781
-47.82011631738896
-57.89591476452499
-1298.536428711132
-53.0647865548223
-42.52665603014215
-485.5550649448887
-270.3893015253219
-142.64604235265543
-29.60216281422989
-115.34030478744776
-80.07357725674109
-28.293575237966923
-1078.667923087121
-46.20355910278512
-39.22232549783508
-21.261246603202544
-37.89283457413903
-55.970144777281206
-66.8538509885529
-46.340163481400886
-160.7366648771704
-206.9750348791802
-134.14853803002262
-37.81750344194842
-44.6981759666721
-54.631018708132906
-14.220375487794952
-185.86809338850256
-92.3232481989702
-30.92786013427655
-54.41492400726347
-42.23831744882894
-29.104209558661857
-251.5327236512303
-57.02766530395088
-47.35877592652168
-47.69411791003873
-43.09387238530485
-92.05802747129282
-42.87921643611252
-59.71137364293051
-261.21731380640404
-37.23009413855505
-99.44471940097642
-136.91997205725093
-165.43593319237368
-822.2089901805901
-23.37447657606286
-34.342184102281536
-272.43808457126596
-577.771633788842
-78.89081562049134
-44.792102919770265
-35.199852756795146
-38.32738414890867
-42.6193528928357
-499.2493549201012
-450.1734118454028
-33.59636299891408
-48.990407033977235
-36.00412182750748
-2063.9599308668207
-29.902049443016825
-28.849775802385608
-121.48247929268784
-55.850277054919395
-976.0529055837741
-269.477895989318
-55.15686748819685
-188.3687294915638
-44.10879227122863
-41.404125918731864
-49.70320764381413
-47.69223655491218
-98.07237917613664
-120.78304597109121
-181.40549749074708
-47.76059802780304
-64.22441578817845
-69.73153352324341
-86.76358984357847
-231.58835679860064
-38.76455508245297
-95.06512724765997
-39.58079296028338
-52.01168229829517
-185.39550084967286
-48.015575786453795
-46.86046537168428
-40.571019375380125
-120.842973228336
-1532.7141341949239
-100.54738019220304
-73.15570424134324
-440.1124431357856
-122.18612857898368
-235.79974962407636
-39.49389576267228
-23.3289917347385
-89.88050330807772
-46.92364674490825
-38.56766785392052
-47.337496558679845
-125.60742193988538
-47.05827126285532
-36.25061520900736
-63.058663119811655
-18.858894090621305
-43.05630938794681
-66.10577957562892
-87.95372615893785
-33.11922117248386
-29.174632367269474
-44.90342497771596
-222.20556163166367
-79.03813846534992
-34.04129443983588
-142.11215403346023
-53.16672881992786
-484.1589008958641
-20.120554917420847
-300.60878664223833
-58.7156912142268
-327.2744820851381
-25.781750871397733
-48.53683682073726
-61.3775250328612
-80.29164377161369
-18.92589022759341
-82.8031944968889
-41.95218253194442
-588.6351969184188
-287.34417757701374
-175.95808314988545
-131.5622114716755
-768.6292491170317
-378.4548353068159
-49.03762980270257
-85.00167244304792
-28.544950043058595
-127.6945891657254
-75.70476686845274
-20.089602467787735
-53.42210735739302
-40.859085293163545
-57.57916844210201
-47.47018481656814
-39.22100190924376
-46.42319263584418
-339.3762072824451
-362.98514698974196
-88.17716219435074
-141.83629135381926
-42.95616239631195
-187.52026244211856
-60.64310742843946
-85.00160561996142
-196.5096124099799
-78.57372535121975
-65.04086203718532
-93.52768133716579
-40.9407404890957
-33.162418653945004
-62.24242243921938
-33.89709030011224
-65.51434642023523
-269.75504215756195
-61.30261000575123
-459.4655796647111
-765.20082656088
-63.5329437146364
-77.33535014199552
-572.0392709657638
-27.37026918864202
-37.41490957056515
-187.51782385128536
-714.5247605267517
-66.17658211562933
-47.377722568366565
-98.58359389880489
-309.5309410727715
-442.71973094736836
-65.0744986660166
-29.006203610664837
-202.44109602923874
-212.16600836001444
-53.57384346868489
-155.27443728332364
-32.821537742161254
-36.73312467803787
-127.38490262725739
-38.683978232233464
-53.01468464717776
-87.99163829273245
-69.63036027139543
-9.971215116813688
-65.42880501866664
-71.57833399221686
-49.57430860453155
-495.60692210626235
-32.26444425659488
-56.25870369766611
-28.76888874579623
-212.45388354021685
-78.3086627984049
-36.810126876903446
-81.04277385009739
-46.507160764223656
-219.95401136121131
-58.85979369675138
-856.5611218084382
-48.56069111276484
-38.58024433881451
-28.564621879901487
-36.89838188635063
-98.67568352614464
-193.37146054055125
-40.829047162938146
-78.93002194247596
-151.80905732382513
-72.2053038479776
-104.79274806265174
-68.63907589452333
0.0
-57.39762181198393
-64.99654187806378
-29.970158852899264
-46.39974157468346
-19.105996717131053
-61.37773557790716
-46.84993241373722
-56.749460600071366
-55.61739811151164
-24.473410015896434
-45.21853175023625
-101.14643701179888
-140.58130702804988
-125.46589966700364
-68.89573838122524
-38.58024430096966
-24.81191783213729
-42.46184275403297
-81.91171143328202
-41.42828104121256
-232.90555668549632
-96.40410728963214
-36.14139583872441
-14.283638882097598
-72.47170798007222
-2086.151850314869
-112.07254423038569
-615.062980121751
-46.4565280457238
-184.17300468426652
-64.74585476133001
-38.58018958649629
-39.276587788013586
-47.70013242764115
-63.81077296506077
-361.583819219345
-59.07637291545718
-21.74406985901326
-109.87951613147284
-688.6564028869986
-65.59067151370104
-10.552524853368606
-61.434293482821076
-674.6556801243137
-32.594080370395524
-287.79210768477776
-63.57787135678397
-262.2524815332197
-362.6309252102262
-149.67930449493613
-60.27298737800574
-38.68412296180777
-43.20619906750533
-181.59308698821135
-1255.755367852908
-51.438413279181546
-80.57585219747547
-64.82039716394061
-32.449452888899756
-180.80178786662108
-38.3550059117764
-48.09431488560884
-138.3375067845118
-121.47817638883322
-92.40432082016437
-36.89837323447093
-38.14102404113354
-263.84614804198543
-51.19718204049275
-505.0885356790733
-50.92575362126772
-65.14273794548552
-342.04567263582925
-96.64221142151482
-87.78163526465394
-53.83496523172602
-20.693157222149722
-48.65325802469825
-60.43069347606935
-72.91146455878797
-166.16797672602416
-64.4398385330309
-94.863031979266
-490.39888032293334
-118.1296389237699
-112.8327092245822
-34.73497868800514
-32.235950682615226
-44.80013912817345
-49.878961182568666
-52.04710305773207
-60.24204070008599
-45.03483157001123
-31.998685960670937
-40.10513705826827
-165.95648293002625
-51.481676668244575
-363.5342807941595
-35.90281005880078
-53.129129973478605
-38.91550538265129
-69.28961919909825
-222.53953775501108
-117.96082991085684
-1960.5301409159156
-532.3837586107072
-47.91619677010653
-65.32773884431309
-235.54374086212152
-15.867718579858437
-33.025365730645255
-140.5000477628107
-85.22344524443488
-66.42025138889412
-44.663733879884184
-184.89065066539587
-46.58687109826594
-23.124005336772743
-151.1662170990583
-309.3812935277856
-38.64630413901983
-36.85497595932612
-83.84915260672662
-65.18557800815371
-121.75858738078975
-41.12143064125884
-125.06707505333516
-40.50170190509571
-58.78974423794483
-313.4576056632936
-53.97040328412086
-108.94352591124326
-68.4695703016727
-47.332798773719055
-682.5069587667298
-54.65268091099079
-48.25338592271602
-210.4876139535464
-53.21745847204919
-280.0159438558342
-65.05687010527376
-225.82277976274514
-30.797676992124536
-15.870233444986262
-165.44952470820354
-105.00566181144052
-38.56766785392052
-105.77756191629074
-199.27599999085592
-407.035985348066
-102.84952348608314
-197.7710353616175
-48.44843784800501
-657.7119979737726
-21.754850290453934
-1281.0027615127597
-699.2203800474226
-55.3699268805686
-64.46265409911858
-122.7234472203817
-57.39622456789352
-58.92370011649821
-194.88385127648806
-187.3631261994919
-46.827940853992715
-15.759765057257834
-181.30805820666606
-34.09821860109384
-32.926636654197935
-46.60022983853669
-60.24928210059493
-42.372078134434716
-47.9966717717175
-392.4025745520953
-39.39534791752459
-18.361815191591344
-13.993750907262903
-47.776030715293174
-34.17690137403256
-61.68283898805286
-474.0717223527059
-33.701669257921544
-343.4534400224179
-66.99846624720291
-180.55576030114054
-35.976400924539504
-47.38440171143745
-66.10002338784673
-58.520398235626324
-94.41689682912725
-50.73012611153975
-83.95322688309967
-47.40409399300251
-63.911180476820064
-103.43204237771278
-102.10601629684156
-79.12122502958235
-114.35617194771193
-15.839537379084707
-24.67391874381019
-54.66423012998759
-36.15447697790336
-46.37579750201512
-41.8291097208837
-49.39609904258491
-51.386762662589945
-33.077574411495455
-161.6995482227474
-70.5460627225119
-63.92830587546912
-88.0374581534144
-31.22291521404869
-19.303397897650004
-227.92149691393254
-165.50642609674838
-68.31863009649531
-45.05852147311602
-154.53366921136248
-69.88880220645386
-33.57217617850396
-32.162695556034365
-48.09431488560884
-66.13877313549163
-39.15514877512979
-47.42736002340781
-47.265568291268906
-36.46148721503288
-79.4029004211682
-136.62798047544211
-39.96779512610209
-640.80796737748
-43.77098103352853
-100.00887323713086
-209.87442041684287
-47.4023849900811
-223.37254595558477
-223.12635868381574
-580.9064320495194
-134.0436040874401
-45.967059402928044
-507.6914985751946
-64.51947318639682
-45.753151601766135
-80.27369711066075
-17.873013058462316
-309.11167019758307
-521.1669899526477
-380.68323031702937
-51.37164979300423
-1078.3284398844287
-26.823337079328105
-44.41980538813589
-186.87866349403717
-169.04044865151494
-280.53599913139897
-94.10741401440188
-2274.041685478173
-200.13755813493853
-44.484392270261516
-162.8235357383329
-268.61496857580306
-89.0026447629012
-46.9163145111481
-53.841954381901715
-36.810126876903446
-709.9680246826488
-231.03235707056353
-47.76953580134812
-175.0997808905991
-66.92020290689916
-374.0870821226929
-48.26396727404088
-134.54471551024346
-52.45047918879078
-137.84770828135558
-194.39469044754497
-151.29267400291377
-38.60023636451905
-46.16891985113166
-36.511995032895946
-34.86209599041403
-324.8606469758481
-113.95573995484085
-123.76795398386693
-32.59412794551629
-100.23965196293796
-84.26304523057925
-36.01888868860221
-6.7547861424777205
-42.333328047776135
-95.11549451706018
-336.09861395654764
-525.3191270877733
-67.79088000370201
-50.820367831795636
-58.9788866672614
-58.448623833905145
-329.3953089533553
-91.863743388003
-49.762849427402045
-61.13502935241628
-77.02942989691729
-378.5847923161663
-39.35737881684702
-69.35426842611996
-36.251364018389786
-55.03413165930376
-41.767827325291904
-314.9974846795727
-56.19459435592356
-46.09142215886177
-43.20761328412934
-1119.4823155236152
-174.99143143311906
-73.71553865108564
-51.25866736624731
-33.15345541076077
-48.36456326395945
-47.368079548150476
-112.25800578589313
-53.18888605534523
-104.82290295773922
-340.5050767211472
-87.95360644584304
-36.97862838352411
-56.210630457262255
-93.0025912002079
-58.11598208807828
-97.05559502300225
-43.85411784551881
-91.90746528205266
-59.65537141634853
-38.58021068056278
-221.8813533546178
-190.53531819705944
-200.7134101053491
-1592.9890072353023
-56.26140495917245
-70.33767957633917
-87.27267486665114
-46.945501217050776
-231.12763481791063
-57.48755483365189
-285.62553604430457
-44.663733879884184
-44.663733879884184
-21.930321464776192
-36.84640910709787
-56.50749556983959
-34.70946580572174
-43.55876693078195
-368.95151430302457
-628.6138761709487
-54.92787613742002
-1261.6665711775781
-16.138192055347325
-49.23419632756155
-47.72079183037083
-45.058489546104965
-54.642055945808586
-57.6411387865951
-24.94076862302994
-107.14612675630809
-273.37275539007317
-78.99099898430346
-138.14995776943266
-18.100550388323345
-207.09979231899575
-33.5656019530631
-173.3717031454539
-40.96967118791835
-64.91468409729717
-1690.2039620494807
-47.76953580134813
-17.840803301476388
-47.92961496920471
-65.21536191622883
-42.33027058398493
-61.64025895113235
-23.929765955660677
-18.69145247878568
-40.84736384084919
-53.015048192190115
-121.43375780724183
-648.670669449788
-507.66531990880407
-51.55561921119002
-25.301041385217783
-258.73382572397645
-311.700516079077
-51.926425175215115
-69.23748319933733
-214.26015116965445
-56.51516816121651
-403.2257904435507
-51.13878676537674
-94.2184323315838
-37.31207026762955
-130.5363166935932
-90.37079791646211
-38.58015677630476
-29.896552758139144
-61.27072141871113
-69.11819696545362
-22.980373749215072
-36.73311888777407
-43.4459669212665
-102.28891008105144
-157.37275314854412
-65.48200352664179
-190.3147436381957
-35.87054345112997
-70.83798202615512
-60.192907487642586
-45.33471726458215
-56.08963464838501
-64.87639166429173
-702.3706047276322
-33.94960495840352
-49.1505230008029
-36.87918929501003
-38.5801421120365
-38.58020856109249
-42.749158746435384
-242.9938785345593
-32.829703677916825
-40.859085293163545
-46.5222751175476
-43.68071523306311
-53.156639705515076
-853.2512113414622
-207.9194853479586
-14.866722761687303
-104.12084358502622
-5646.082222734151
-67.22955715184726
-8.255283124674786
-182.41756451466932
-40.82280304417473
-437.60840553920934
-323.08055498656876
-44.26862030707197
-58.08593658425934
-33.280736774602396
-23.124012726264915
-47.68381807765414
-53.17988039286685
-44.77409432978684
-62.54168184000909
-91.9342091456561
-68.68798753785603
-67.92696958145626
-55.36059484650179
-98.1236221752451
-56.76557165181208
-112.0123379719052
-30.147886179577636
-52.20445026646706
-44.80095529700346
-36.64807393060727
-64.8741235106031
-57.301357990728945
-47.92961496920471
-43.576440143132864
-55.63237831061396
-213.43332313213037
-17.6647390009365
-763.4120379688978
-126.01055826293221
-106.55590777502913
-2856.0528916545113
-71.22959866639364
-38.68747504932684
-140.94837993748487
-375.92287778342967
-41.88505328698456
-14.847439796686194
-117.83196645502981
-53.01468464717776
-39.75560317908416
-41.80302523353076
-646.7315845535378
-40.81727730825301
-102.32134666462277
-71.17447735923632
-51.05980069276216
-416.69649750229325
-64.05691993300343
-58.57177307060475
-645.6774728780418
-38.62176086008676
-394.8442147278468
-46.95444217062295
-57.54909467545515
-156.7211296640675
-678.1078006454418
-67.80315372450674
-64.65389074198599
-152.12253266103824
-335.3018876535613
-44.81754626741676
-102.25319903908027
-23.12402046311927
-46.323259961601515
-46.45529364608612
-51.67317667290696
-56.165415139986905
-165.94522545241568
-34.56286126975189
-31.574719206676594
-89.67193470933324
-137.78242492009448
-47.403704611994776
-78.08011336944783
-239.72874451812746
-48.438946354638
-316.65086874164433
-86.94224371678877
-72.866320794124
-222.20648846761975
-58.20253104993337
-27.053346642209732
-91.28745969296268
-46.42311054813872
-34.56645384717814
-51.22785225571247
-146.82851583493044
-376.69474770979366
-116.77982033703563
-42.46705902478155
-70.4583094334741
-125.20461631078322
-183.34620374169873
-55.194393450459025
-36.35421785044841
-44.37120746098713
-36.151740930403506
-263.18250230162397
-72.79714858419865
-39.01278033151602
-209.3512275673336
-259.7735565100046
-33.12577020471721
-33.1668302641508
-37.031949314222224
-122.22601399098558
-81.82795246526142
-247.08296104628937
-127.92164987856663
-362.4813661627333
-515.5662314494579
-62.556875386848574
-355.49681226061415
-21.644206962776302
-82.80129393117309
-71.24398790038688
-214.94099511392642
-34.938336057129376
-58.163694130942126
-119.15201773760221
-141.41230273825127
-2025.3808573083961
-51.606508733043135
-23.208210401362287
-191.3149450271283
-180.64713830417998
-44.90610880274698
-905.8679858625158
-40.907021348074615
-302.0395050425051
-18.450949821039824
-104.60704558895262
-34.94592476918473
-50.705814274158335
-33.07414976149329
-24.087202398718212
-16.393287124127852
-88.5780856870741
-58.15916287216092
-51.52474731438444
-4.38319483654691
-160.04159873377114
-58.32209486124094
-54.48030070651626
-54.86223060501804
-213.5596451352429
-68.60656707157851
-37.14440299371206
-1469.2126838341899
-38.684037314490965
-47.3813580670651
-51.977778806509974
-37.93360571707515
-781.3220351177679
-19.884651958606796
-140.35338180349046
-48.28813614749109
-43.64012647239919
-18.45098757593857
-47.402406228057586
-160.84930584563978
-150.02030696539438
-36.72356797942422
-68.43812924154204
-47.97193924596121
-59.45111445246587
-177.77273150551258
-46.98552874923483
-206.48736995696777
-164.44674205703052
-286.86901518566185
-33.58560847570976
-100.55738314833562
-1032.7144282275433
-29.531687294704536
-37.4967559314573
-40.75839982750447
-376.2180619441741
-344.4797960170618
-562.9387630964461
-462.160662356222
-160.75761687288076
-155.50081477762924
-188.743351766152
-55.38370054944764
-94.45193848608488
-283.5430549782869
-51.47825466861184
-96.64367963324972
-56.22155822351193
-656.0199518716422
-527.9351352223526
-54.65267295617085
-47.35028679108778
-360.33709068129815
-41.74495577378951
-78.7018535388127
-284.9071784892855
-104.74701094226018
-78.9292152944838
-77.96096529570546
-2680.2709816314646
-1357.1437638908462
-83.98133002547127
-192.3518853719601
-296.4819210888666
-53.03993632523718
-64.97787119010584
-73.3595602665233
-50.59086322985134
-1091.0101926129041
-485.7009099228803
-336.60165444360365
-49.34592203577769
-93.02127654835866
-43.65471613128629
-322.16681257855987
-88.27206251728367
-99.89644161583053
-36.08039751327515
-69.86693115774453
-61.24079347303458
-100.02503369810036
-128.33735738197754
-68.8271342802864
-382.55587096975825
-36.72355464508985
-252.74729935084997
-103.20747382279113
-44.989638331635334
-89.4011337366166
-17.53591394739741
-63.335544392064435
-37.42876505103989
-135.55374214770652
-199.6588797412249
-86.43672803064834
-71.19300482191657
-35.91473520573693
-23.124021157734777
-56.02687125263679
-104.82359289916826
-125.2309338737567
-289.24003769148817
-7.0008976806591265
-438.5722864603472
-249.51779951119892
-47.539243886558225
-55.887144519565084
-220.41087854505676
-352.6244055338063
-52.658369322897315
-54.7100298148686
-1087.1444904513064
-43.55876693078195
-45.85012828017735
-37.22025860343459
-221.0208639513584
-46.43229097156727
-407.1627483906943
-54.308862817273386
-15.953271612024682
-23.15195906821051
-54.85719219099447
-339.5618769874061
-65.2773936379502
-37.71166789435681
-75.63056115435113
-40.978453921077296
-97.90663575876142
-34.278607377287464
-165.5470716780768
-488.6865562002778
-32.29924046359593
-34.45531451056546
-256.37214856384014
-114.34690878500298
-124.81357162522471
-49.890789450287976
