NiklasGillstrom,120
beckmansasikter,107
cjlinde,98
aknyman,97
mariaforssellen,82
PolitismSE,78
mikandersson,76
ThomasBohlmark,73
JesperSkalberg,71
DushicaRKS,70
MartinHolmen,68
torehammar,68
aaskerson,67
helalivet,61
Hornhagen,61
NilsNord,60
Klingen,60
HelleKlein,58
HelenTornqvist,57
LiberLeo,56
grannasf,56
denniswedin,56
VJonasLundgren,55
delmonhaffo,53
bodilsiden,52
cirkusppq,52
LoanSundman,51
edvinalam,50
spirande,48
Parkstugan,48
ZakariasZou,48
sfinx19,47
TorbjornSP,47
robin_holmberg,47
fhammarback,46
RasmusOrsen,46
so4824,45
PansyHunks,45
LindbergJf,44
PMRisman,44
alltidattack,44
Mattias_K,43
Vanstrastranden,43
cbperlenberg,42
stinabengtsson,42
anderslindberg,42
stefandubois,41
SigfridssonUlla,41
TotteLofstrom,41
LukasHallkvist,41
MatsSvensson4,40
Markus_Mattila,40
ErikaKarl,40
silverhjarta,40
henke963,40
magdarasmusson,40
Folismaria,40
sjostrand72,39
JMalmqvist,39
CaesarHeder,39
juliafinnsio,39
Oliebendoerfer,38
Linander,38
brnnstrm,38
ssu_sverige,38
KattysBengtsson,38
MCLundholm,38
vincic,38
AlexanderJnsso1,38
Helvetesmannen,38
YonnaWaltersson,37
oloflavesson,37
vivalachasmina,37
MattiasSport,37
moabrglf,37
dalmaneek,37
AFendert,36
Liberalaanna,36
PKcensuren,36
timsvanberg,36
viktorbk,36
johanfalldin,36
KinbergBatra,36
differentisokay,35
annahrdlicka,35
jinges,34
TKindstrom,34
niklassvensson,34
CarolineSzyber,34
carolinedenfria,34
Cristobal198302,34
mikaelunger,34
Harmonzayah,33
Andreasson_J,33
ccarolinaacc,33
retohenrik,32
vpressfeldt,32
Nemokrati,32
eraptis,32
team_freelancer,32
EkstrmMonica,32
erikarroy,32
projektguru,32
TutuncuDeniz,32
oliviaerixon,32
EKogsta,32
Berzell,31
davidlinden1,31
martinsaven,31
PilkvistJP,31
s_medjan,31
glannstrom,31
Fr3dr1k_89,31
MalteRoos,31
annatekla,31
Mannenpagatan,31
staffanwerme,31
blogfia,31
emmybenedicto,31
msjohage,30
rallymallan,30
SMAtyp2,30
benganf,30
MaryXJ,30
DavidusofBorg,30
Ramstrand,29
MartinMoberg,29
snallman,29
brokep,29
magnusheimdahl,29
auyus,29
MuradHaval,29
GreenMonica,29
jnyst,29
Arbetslinjen,29
annermarken,29
svtnyheter,28
ChristianNorlin,28
autoilla,28
Idinlillavarld,28
karinterio,28
MansMontell,28
LCeimertz,28
andwal,28
UtterVarmland,28
Schandorff,27
emarmorstein,27
bjorndolsson,27
JosefinUtas,27
UlfBjereld,26
PatricioRz,26
ElaineEksvard,26
Alexdahls,26
peterhogberg,26
gustafjb,26
liberalOrnebjar,26
blmqvst,26
Robin_Nilsen,26
MariaHagbom,26
Oscarberndtsson,26
RobinZachari,25
Hammarstrand,25
DagensArena,25
tomasselin,25
OErnerot,25
MartinaSundman,25
NiklasFrykman,25
tobiasschelin,25
LundTuva,25
idagunnarsson,25
ssvanstrom,25
MichaKucera,25
alliansfritt,25
pkarnstrom,25
patrikmolndal,25
christhorsson,24
Silva_viridis,24
LorentzTovatt,24
MCederfelt,24
marjagrill,24
Socdemola,24
KureKureMartin,24
janetsofie,24
pxls,24
maritaulvskog,24
maria_ostberg,24
klasskamp,24
KulanBulanskomp,24
OlofssonMorgan,24
HBernholdsson,23
OGeijerstam,23
PoliticalChef,23
SvenErikAlhem,23
Superjens1,23
TamimAlameddine,23
jonnasima,23
Thomas_GBG,23
Gustavahlen,23
Svenssonssandra,23
KurdoBaksi,22
LinusBylund,22
LiberaLisaH,22
kinhult,22
Magnus_Hgs,22
johanna_linder,22
mickep2,22
JesperSv,22
litentanta,22
Jeanette_Gastis,22
swebyggare,22
RPaulsson,22
DennisNilsson,22
SaraCarlson2,22
AndersUtbult,22
CarlKangas,22
jzandin,22
federley,21
HcaBengtsson,21
JonasCarlHgren,21
sjunnedotcom,21
RWinqvist,21
agnesjohanson,21
P1rJ,21
TommyFunebo,21
makesdotter,21
markus_uvell,21
sihalmstad,21
siriandersson,21
thomasvakili,21
LarsBAndersson,21
CoffeeAndBlues,21
filipjacobsson,20
Ouabain,20
VCeimertz,20
idadrougge,20
socialdemokrat,20
AlexanderThorin,20
emanuelkarlsten,20
JennyEricsson1,20
matsknutson,20
Ragsved,20
davidssonpatrik,20
FridaEdman,20
iiristo,20
v_vastra,20
LOSverige,20
CollinAnnie,20
89Sibi,20
gabriellindh,20
C_Westling,20
jennypetersson,20
Lararegertie,20
HiwaAbdelzadeh,20
Bjornhassel,20
LenaJson,20
konsensuseliten,20
mickejamtsved,19
hannawagenius,19
erik_raita,19
eangetun,19
jupptuck,19
KarlssonKJ,19
MikaElakt,19
SjquistStefan,19
minavyer,19
BosseParbring,19
ilmadonniere,19
LainesDotter,19
noscire_,19
amandaagestav,19
idaalilindqvist,19
sodervanster,19
perssonmans,18
fleijerstam,18
andreasostgote,18
AFilannino,18
erik_swensson,18
ViktorNoren,18
Annoula64,18
Spelevinken,18
RichardJensenKD,18
linux2therescue,18
Jordsnurr,18
FrHaJo,18
gunnelmortlund,18
turturtuva,18
GustafssonJohn,18
GNordgren,18
magnusdemervall,18
andreas_carlson,18
joelnordkvist1,18
AndersNaeselius,18
alfridajo,18
uddinse,18
_magnusp,18
MariaThunberg,17
MagnusAgestav,17
MiaNelliot,17
sneikerone,17
Andersson_123,17
DavidBlomgren93,17
MarieLouise_HS,17
LinusEOhlson,17
OliverRosengren,17
NatalieSial,17
SusannMarkow,17
RetorikKalle,17
KHampusson,17
MPkjell,17
RobinNylen,17
lyw,17
SinglaSlant,17
Hanna_mb,17
tonerkungen,17
mattiastykesson,17
BenjaminDousa,17
Delhasten,17
lenaasplund,17
nya_moderaterna,17
N_OdermalmSchei,17
mhallegardh,17
Helinio,16
carrobruseman,16
LinaBengthagen,16
SverreDahlstedt,16
nixenji,16
Pihlblad,16
JakopDalunde,16
christiankba,16
russianrobster,16
Hakan1Berg,16
Ordbrukare,16
ArbaKokalari,16
BergstenAnders,16
JeanetteWiden,16
KilleLars,16
CarinWa,16
ToorVan,16
Elsatjejen,16
gustavgelin,16
liberaldaniel,16
ragsjo,16
signebrockman,16
larsstroman,16
ullissandberg,16
landahlia,16
EricaLejonroos,16
JohanCBerg,16
bandysajten,16
CarlsonAnnette,16
RebazSanar,16
ZeidAlex,16
mariebewaern,16
greendennis,16
jespereric,16
maritahal,15
Kraftkuren,15
JanNilssonAC,15
kalltvatten,15
Expressen,15
Leriksson_,15
FribergMarkus,15
CatzSto,15
LukasRomson,15
LovisaThedeen,15
gramerichsen,15
ponuzx,15
PRAnna,15
hansson_elin,15
EmiliePilt,15
braneback,15
ZoranAlagic,15
Anton_VG,15
ThoBruSwe,15
prettymatches,15
SussiEdstrm,15
aliceaux,15
sofiam3,15
bananprojektet,15
herrAronson,15
Mr_Steiner79,15
Beex_Zetterlund,15
MeitFohlin,15
_xcia,15
AnnicaHjerling,15
valaret2014,15
ewasamuelssonkd,15
kvestergren,15
1000goodangels,15
Brottsanalys,15
JohnWeinerhall,15
estridfaust,15
rodaberget,15
sommarskisser,15
rektormarika,15
FredrikBylund,15
MavPettersson,15
marrejja,15
StefanIversen1,15
saxius,14
ElfforsSjdin,14
saragiille,14
oldfriends4sale,14
johdanielsson,14
JohanOrrenius,14
MariaStensby,14
OttiliaThorsson,14
LottaEdholm,14
ellestrom,14
brittinger3,14
L_gren,14
promemorian,14
peteralindstrom,14
84Guler,14
DanteBerg,14
loestman,14
AnnikaBeijbom,14
EmmaGrondahl,14
johsj,14
kouchakpour,14
ModeratMiccan,14
adamagerbrink,14
linlasj,14
TeresiaOlsson,14
Gurra69,14
neo_andreas,14
mattiasubbesen,14
hrhellman,14
KramaMig,14
Jessica_Ahlin,14
MajkenNilsen,14
AnnaDuvstjarna,14
Martinz1337,14
WestlundMartin,14
LennartBucht,14
somaralnaher,14
SmlPettersson,14
socialliberal,14
KlaraDalgren,14
Akademikerna,14
RHenningsson,14
VidMinDamm,14
MikaelWallentin,14
Evlan,14
SalaQ80,14
JensRantil,14
DitteKarlsson,14
Gustav_Motte,13
Filip_Solsjo,13
SelmaOphus,13
FredrikYmer,13
marksisten,13
A_Wennerberg,13
PezhmanFivrin,13
leoerlandsson,13
ifk1897,13
kickanwicksell,13
EmmaOphus,13
Sanne_skriver,13
Yannskij,13
GnestaEmma,13
OrdfNaturskydd,13
felgiertta,13
HenrikHagglund,13
anetteakesson,13
johansbuzz,13
Moooa_H,13
ADAM_STHLM,13
KajEmbren,13
PontusLindberg,13
akaa111,13
kentpersson,13
Ewa_Karolina,13
Konstigagubben,13
pussefin,13
Flipzon,13
MalHaz,13
M_Abrahamsson,13
Adelheidij,13
CSLumio,13
RKMartinius,13
wege,13
vzackrisson,13
rdsten,13
mouschopanis,13
frugustafsson,13
VixNilsson,13
MichisLeo,13
freddygrip,13
davz75,13
OttoKamne,12
eznug,12
Einerstam,12
hittadeinget,12
kaksisauna,12
ToreDanielsson,12
LindgrenBjorn,12
RolandXSweden,12
sister756,12
ganralf7,12
jnse78,12
036jonas,12
mseid,12
frepet,12
Yaggenbror,12
ab_aviva,12
perankersjo,12
ToreK,12
advokatanders,12
HusabyMagnus,12
GNordlander,12
Kennet_E,12
andersronmark,12
koltsovagreen,12
DerJuiceLider,12
SaraKarlsson85,12
hallonsa,12
larskriss,12
SailaQ,12
staffandopping,12
tesse_jaramillo,12
Juristfan,12
AndersMarkow,12
thomas_zeta,12
mariageorgieva,12
rosenberghanna,12
JsprBlmqvst,12
mslinneabergman,12
GympaJohan,12
ThomasOlsson72,12
Sebhastian_S,12
annarkia,12
ElisabethBY,12
Nickemax,12
monikalozancic,12
AxelOsterholm,11
skrattmaja73,11
zinnian,11
RikardSalander,11
Samtider,11
Jon_Brunberg,11
AdamBergsveen,11
moderatosd,11
asaarkoe,11
claeskrantz,11
_AntonPersson,11
skyttedal,11
MedborgareX,11
ireneoskarsson,11
EvaHillen,11
magnusleivik,11
miafjalla,11
rene_jaramillo,11
fredrikgreven,11
LinneaEngstrom,11
annie_burgess,11
jessicaschedvin,11
tpercan,11
Martin_Edlund,11
Andersson7Peter,11
dansegerson,11
tostared,11
JuliaHarKoll,11
alm5661,11
setovis,11
FridaM_Olsson,11
helenananne,11
MinnaFB,11
PontusHaag,11
JensOttosson,11
antarkko,11
cviinanen,11
fogelklou,11
signordaniel,11
Bigbadda,11
pirahedberg,11
Moderatsmurfen,11
Kvinnolobbyn,11
mattiasvepsa,11
ljusoverlandet,11
BengtAndersJ,11
KStrmgren,11
NicklasZberg,11
sofius,11
Faxe_Axelsson,11
absolutintenora,11
sosserobban,10
magnusjacobsson,10
mattias_neo,10
ThHjerpe,10
kajanftw,10
_Gautt,10
JoakimHolmertz,10
Chris_Halvorsen,10
BarbroSorman,10
AslanSara,10
KrutowKrutow,10
mathildaforsure,10
WilliamSparf,10
robertliberal,10
jacobseverin,10
HkanIsaksson1,10
TonyGezelius,10
cbernskold,10
EnStillaUndran,10
dimholtdesign,10
izinkhahaha,10
LadyPanKratos,10
Sticktant,10
Arkelsten,10
Carenholm,10
SagaJanse,10
jakobtengver,10
simonleuf,10
friddlund,10
JonasRansgard,10
ehsanfadakar,10
AnnikaEclund,10
jorgenwarborn,10
eeyrica,10
AndreasGB,10
ShamnsMagnus,10
EgoSumJuliusD,10
Astumor,10
andersthoren,10
lukaslofling,10
MartinWlund,10
JerryOlsson,10
ninalarsson,10
BjornsKvitter,10
MikaelWestin,10
miljopartiet,10
christianholm,10
bokajsa,10
petruskefa,10
SVTAnja,10
richardolsson,10
petersmejl,10
akejch,10
MatsTangermark,10
ronjahasan,10
hakanjohansson,10
wtfladen,10
_StefanKrstic,10
HannesHervieu,10
SYdstedt,10
idajosefsson,10
mimi_ck,10
Johannesohl,10
AndreasKronberg,10
Stenlundalex,9
Susanna_G,9
vickeleaks,9
danielswedin,9
KathrinHelena,9
KaellmanErik,9
MiaOdabas,9
rebmontelius,9
naeverbiten,9
markusnm,9
kgmarcus,9
brunfalk,9
lenkar4,9
gunnaraxen,9
MathiasDolk,9
JakartaMemilih,9
UlfBergstrom,9
Orre91,9
Henrik_Ripa,9
Robin_Hkd,9
letsmeetthepete,9
mariaatomaca,9
bjarnekragh,9
BornInNorrland,9
EmmaMNilsson,9
andersed,9
MajaEufemia,9
JonasHinnfors,9
Konstkuken,9
HultbergJohan,9
besterlind,9
JesperOhrman,9
MartinNilsson,9
Hallolle,9
CeciliaFermThor,9
myriamgahimbare,9
monicapour,9
FredrikChs,9
Slutartid,9
killedbyproxy,9
DavidWestlinder,9
hannaellenp,9
janssonstankar,9
MaxAhlborn,9
BrownNils,9
LinnOlauson,9
Dexe,9
Englundi,9
bylineMiranda,9
fredrik_t_k,9
LPSwardh,9
trollbottom,9
isabelsorensen,9
tryggframtid,9
AlbertStrm,9
freddyhakansson,9
mkeijser,9
MontaserEneim,9
Beelzebjorn,9
hso_se,9
albayork,9
Maddiedotse,9
_annadahlberg,9
joseftingbratt,9
vanligkille,9
Opryd,9
holfvan,9
nightsgrow,9
Abdollah527,9
ekdahl,9
Libereally,9
AlfPettersson,9
Sparren88,9
katarinalorenz,9
JanneFantastic,9
ArtinV,9
DonTomazzo,9
peowagstrom,9
Tommy_Andersson,9
CamillaKvartoft,9
lilleottopotto,9
Yasri_Khan,9
shorteranton,9
SVTAsa,9
hanneskataja,9
camillawestdahl,9
StefanJutterdal,9
IdaKrusevi,9
nosslin_,9
MagnusEsko,9
N_Erlandsson,9
Ingetval,9
chrishjalmarson,9
darinaagha,9
EdwardssonOskar,9
dr_de_hex,9
MichaelSchrempf,9
JariVitakangas,9
MiljoCissi,9
Hakimbelarbi,9
jonvision,9
JSpangberg,9
FilipRundstrom,9
wto_,9
rosen67,9
Oskartysken,8
JJAFC,8
StinaSvensson,8
konskiosken,8
ktamsons,8
hepe,8
LifeOfMeyer,8
Redaktiv,8
hennriksvensson,8
AnnaSkarsjo,8
JonisHultman,8
CharlotteKllstr,8
Sofia_Tuvestad,8
Styrbjorn,8
LudwigKeijser,8
frida_ja,8
djsuzyy,8
frokendenise,8
KarlGustel,8
heilash,8
madeleinenyvall,8
PatrickpunktF,8
AlvaRasmussen,8
emmwal,8
kattfeber,8
FannyRosenblad,8
felixhemstrom,8
JWMolin,8
karinsellden,8
marcuskallander,8
FredrikBergqvis,8
hannaolsson,8
Lalander,8
ancyklopedin,8
RobinPerssons,8
SwedishCunt,8
OscarSkoog,8
AnnaSjolund,8
Hermanssson,8
von_oben,8
tobiascroby,8
DElebring,8
KarinGolightly,8
TheTrueGalaxy,8
MathiasSundin,8
Perzec,8
Amin_Aras,8
NatElisabeth,8
h_hallengren,8
CalleNathanson,8
sprakmonstret,8
nilsjobring,8
SilfverM,8
Siripoppan,8
SweMedic,8
Pernil,8
kajsadba,8
TomasKruth,8
malinsandin,8
malinhagerstrom,8
CWLampa,8
mattiaseanderss,8
JytteGuteland,8
zabellea,8
chdav001,8
StefanSyd,8
Leinesblogg,8
stefanliden,8
Maldador,8
LouiseHnr,8
adamalfredsson,8
bosarfve,8
saszka,8
sanajazairi,8
rasmusling,8
deeped,8
saramarisaa,8
Kjellqvistan,8
BabisHarall,8
GustavAronssonn,8
chillbabs,8
jacobchr,8
emsan77,8
Envirobert,8
OddArverud,8
sensMorell,8
patrickreslow,8
goggles_83,8
MartinAagaard,8
gabriellalav,8
EmpaJoh,8
jane_larsson,8
PaulaBieler,8
gudrunbrunegard,8
Acke___,8
Andershberg1,8
annakarin1951,8
GustafssonI,8
NicklasKihlberg,8
MagnusKnutsson,8
DatNacho,8
EliasYtterbrink,8
FeministMartina,8
persson_olle,8
Elinthorn,8
StjernlofEmma,8
RubenBrunsveld,8
MaxEskilsson,8
rogerw,8
LilianSjolund,8
gertolof,8
ParulHumanRight,8
victorlanding,8
LenaCelion,8
PeldaQaso,8
JavieritaN,8
AronssonAnnika,8
kimnurmi,8
naserbaaryare,8
WorldOfJuanito,8
NinaEkelund,8
stinamedelius,8
StinaFollina,8
SRRingP1,8
gee_nkpg,8
ForsbergMaria,8
JonathanLundell,8
ssmagnussson,8
BanarSabet,8
emilialinneas,8
folkpartiet,8
atraxy,8
martin_sanden,8
Oh_Fxtrt_Oscar,8
MarkusJanssonI,8
ericwelin,8
fredrikaxelsson,8
BBrandewall,8
OhlyLars,8
phaetoon,8
eevelinas,7
johanbergelin,7
kattism,7
MarKarlsson,7
ShaziaQorbani,7
CUF_Skane,7
MikaMetso,7
sadaf_ali,7
kwasbeb,7
kristoferf,7
Thesedaydreams,7
SannaBergenheim,7
BennyLindholm,7
ebbadkock,7
tomastobe,7
Bettanz,7
Idaostensson,7
AnnaLiindell,7
amandagunnarsso,7
Stardust_71,7
JonatanH,7
paulinefahl,7
folke55,7
Mariastockhaus,7
SofiaJannati,7
tredjehjulet,7
Mikusagin,7
signewolf,7
naleksandrat,7
saraharaldsson,7
SkaraCharlotte,7
ALomander,7
trueridge,7
FHenriksson,7
ellentengstrm,7
marcusvision,7
AnnaNorling,7
UlfJohansson1,7
RosieRothstein,7
MelloPontus,7
tantmannen,7
zampoet,7
christianlantz,7
KarinCl,7
frokenann,7
NathalieYlitalo,7
GulanAvci,7
Saara_Eriksson,7
lovisak,7
TomasEneroth,7
David_Molin,7
BengtBivrin,7
BiggestHank,7
MarieEnvall,7
ultrish,7
SofiaDahlstrom,7
Syrran,7
IBofeldt,7
peterdanielsson,7
FrankenTan,7
MBeijar,7
fattipensionist,7
BaharanR,7
MBulaale,7
ninaberggard,7
Matlarosd,7
erikljones,7
mariemorell,7
inteemmaheller,7
KristinaFolkess,7
AHaxhimustafa,7
SwedishPrepper,7
AsaCoenraads,7
Tomas_Angervik,7
ingentingstort,7
clap_slow,7
BarreCalisir94,7
jennieakerlind,7
leonardjson,7
PaulaHolst,7
MmmariaB,7
louisegranath,7
DavidLeinskold,7
gssvenungsson,7
Emelila,7
hadrianprett,7
Douglas02t,7
HugoZH,7
MsLouiseblues,7
plutokraten,7
engman_mia,7
thejanechu,7
uppstuds,7
LISATHAMS,7
falk_magnus,7
andreashagstrom,7
MickeMickelo,7
Teerikoski,7
M_Karnerfors,7
JimmyBergkvist,7
nilsen_marcus,7
markuskonow,7
jonasvlachos,7
SahraJama1,7
13Quotations,7
moorehed,7
REsselgren,7
gailwatt,7
erikweiman,7
carinaerlandsso,7
edstromhenrik,7
EnViivi,7
AleksisArnold,7
frannyausten,7
hanefalk,7
willebirk,7
Tiazzen,7
Schlap,7
JonasGibbons,7
W_CarlOscar,7
Etienne_Trilogy,7
Penningsystemet,7
a_molander,7
LindaNordfeldt,7
MonicaHdotter,7
copyottilia,7
Ermoldrasar,7
SaksStina,7
nileklaks,7
krisreng,7
U_Kristofferson,7
VictorHarju,7
nyhetschefjonas,7
elisabethohlson,7
moaB10,7
snyggjesper,7
BKjellin,7
UllaHamilton,7
patrikjarvelov,7
KarinBylundd,7
TereseSkoog,7
vgemilsson,7
micka_71,7
dagolov,7
theheatisonblog,7
gotlandsenahand,7
LaraAganovic,7
FollowJosefin,7
TomHedrup,7
Hfievet,7
freijapappan,7
jerkerulf,7
Ja1996swe,7
jdskog,7
Oliviabladh,6
stefandexter,6
ASchagerstrm,6
jan_lindh,6
HbtsSverige,6
RosenkvistJonas,6
Peepek,6
vinayhaslund,6
erlhel,6
WarungSuara,6
HallbergAxel,6
MartinNeldn,6
deerbog,6
PRLinda,6
joakimliljeberg,6
soderpolitik,6
hsvenneling,6
MattsLindqvist,6
AsaMaers,6
amandapetersdot,6
jamtlandsstaus,6
jgraetsch,6
Hagelstedt,6
mattiaslumea,6
aajhellstrom,6
KhTommy,6
svardsvarld,6
LindaOde,6
ticket2ride,6
HallanderPeter,6
NinaCombat,6
BylundJonas,6
mbrannvall,6
hanna_wigh,6
ANNASTOHR,6
henrikhoffman,6
iPeon,6
larshjalmered,6
HaralamposK,6
luffarbloss,6
EdithEscobar,6
Gargameln,6
marcusfriberg,6
retorikfredrik,6
swegooner,6
hoogisen,6
ssiww,6
AlbinHellstrom,6
Holgerhuken,6
TommyiHudik,6
TTruedsson,6
ArvidBaath,6
niklaspalmer,6
nica1969,6
intenationell,6
Apansattigranen,6
Peter_Stompare,6
kissapan,6
jonaslindh,6
Sharretwitt,6
StefanAlbinsson,6
dahlbergmatte,6
Wehvatiintqp,6
magnusorerar,6
tsundblad,6
RedCabinette,6
ErlandssonJonas,6
Carlronnow,6
ihsanke,6
sander_simon,6
Ericson_ubbhult,6
Estoniyya,6
jieriksson,6
tiddelipoms,6
jdanielsson,6
J__Persson,6
thomkarl,6
perraponken,6
bo_danielsson,6
MCallmyr,6
tomtenjr,6
BodilHansson,6
thoredpatrik,6
prestationprins,6
sanzett,6
HelleClown,6
DavidAfHisingen,6
And_rs_L,6
niklassvahn,6
kylmark,6
izabellBackman,6
sdrysen,6
Fbjorkstrand,6
ElsaEricsson,6
JohannaAlmlund,6
folin,6
vadvadetjagsaab,6
CruzLilje,6
Fillemon88,6
JohanIngero,6
Bocarlsson3rd,6
susanneek,6
Ogisslen,6
HenkeUE,6
assarsson,6
englund2,6
magtor01,6
jennymadestam,6
Mariayogini,6
NatalieHSerrate,6
JKrilon,6
jesperEpalsson,6
monique_Latifi,6
skola2015,6
ProductOfBeing,6
LinaOman,6
Maggan_e,6
bjornsallarp,6
AndersSundell,6
Eskilicious,6
olsson_erik,6
a_walle,6
lesomora,6
valaret2010,6
Betongkokaren,6
gudargod,6
AmandaLBjorkman,6
HaackSofi,6
moderatvg,6
mats_udd,6
Myggarkitekt,6
svenaringsliv,6
robinjonsson88,6
Tomatsoppan,6
Hakan_Li,6
modoguy,6
h_marten,6
keptinmymind,6
svenelander,6
victorbromander,6
SKRkvinnojourer,6
GronUngdom,6
joelsh,6
meralkadir,6
helen_l,6
centermona,6
kjeppsson,6
JERadhstrom,6
JGothenburg,6
SmartN3rd,6
AviLi,6
gribban,6
TorDanielsson,6
AnderssonMartin,6
perap,6
moalidstrom,6
andreasivarsson,6
nixstalin,6
andreasvarld,6
JonasNorden,6
danielalsen,6
solhog,6
dhrmaria,6
stefan_eriksson,6
annajohansson,6
blom_fredrik,6
olle_jonsson,6
lekarkivet,6
AsaMariaBerg,6
FalkenMillis,6
Mattisdottern,6
mrcancino,6
jensbnordstrom,6
hakanlarsson,6
ulrikbergman,6
staffankerker,6
urbanjo,6
bengtzboe,6
vargenstein,6
JakobMannervik,6
erikh3rmansson,5
CeciliaMagnuss1,5
MagnusiSolna,5
betongtant,5
lotta_berg,5
I_KungensKurva,5
jennysofi,5
annwolgers,5
AB_Karin,5
ExponeratInfo,5
moralbristning,5
sopapollen,5
Catrinegarden,5
JannaScheele,5
JohanForssell,5
gunillaordell,5
idaaspens,5
andersagren,5
PerSvensson,5
ELundkvist,5
IdenasThomas,5
LFAndersson,5
chitraabel,5
Carl_Goran,5
ThereseSvanstrm,5
p_akewesterlund,5
Faagis,5
LSondergaard,5
skogsdekadens,5
staffand,5
gorillotaur,5
SanningenSuger,5
Okomesonen,5
LinnFogelberg,5
linden_molyneux,5
bjarne_olsson,5
AndraAnais,5
Denke,5
Lajnuzz,5
staffanlandin,5
brandbergssonen,5
matildagrahs,5
Tussaan,5
Andre_F_Barbosa,5
MalinBernelf,5
PetterssonOscar,5
JohanRocklind,5
tarvligt,5
politikern,5
MEssemyr,5
RavnR,5
Tzagg,5
nickelombardo,5
Mediebruset,5
AlexSiei,5
AnnaMorelius,5
EliasCollin,5
ffredmark,5
bmnorelius,5
lipgloss_bitch,5
rolftardell,5
hcoberg,5
lindholm86,5
saltis99,5
IfrahD,5
Nicconova,5
JillMelinder,5
AnjaLSundberg,5
detljuvalivet,5
NiclasLovkvist,5
LAnkarfjall,5
antondyrssen,5
M_Zackrisson,5
AndersGJ,5
F_Jarl,5
lindamariie,5
TinaKaikkonen,5
kjellolsson1,5
jaripuustinen,5
Maddewerner,5
mikaelava,5
SoniaLunnergard,5
johnnyturnon,5
johan_sjosten,5
AnnieAlvins,5
andreas_nord,5
TinaAcketoft,5
Zappotage,5
AndreasCastello,5
PJvanEggermont,5
Barbour68,5
MadeleineSj,5
NathalieeOberg,5
KarapetArin,5
Mar_Wie,5
soldierbluez,5
Wajnblom,5
EvaFrisk,5
stinamorian,5
OttoKeyser,5
ca_jonSSon,5
livskvitter,5
ulfgg,5
MatildaNiang,5
CappuccinoSoc,5
annaevelinam,5
olof_43,5
MiljonStories,5
Barkeus,5
mats_zebben,5
KlimatJacob,5
AnneliHagberg,5
danomihaj,5
enligtellen,5
malina_abra,5
JohannaGoesMad,5
gikvadrat,5
kvistlena,5
UlfBingsgard,5
JLiimatainen,5
NathalieSLandin,5
eappelgren,5
illly,5
altenstedt,5
MickeDahlen,5
williamviberg97,5
ossianekdahl,5
EmilKieri,5
Madeleine_Neil,5
Trieben,5
SuzNorden,5
GunnarLind,5
charlottahe,5
jhemstrom,5
SebastianHarby,5
CalleSandberg,5
RobinGMJ,5
Alfonsmamman,5
ParhamPman,5
robotnr7312,5
JohanBrunell,5
aronmodig,5
MadeByMizgin,5
GronaLiberalerO,5
carldahlen,5
Matildzor,5
anton_bjorklund,5
markohuttunen,5
hansrothenberg,5
MadeleineHarby,5
ElnaVeronica,5
Mimikak,5
ternlund,5
andersforsberg,5
Lille_jag,5
DonaHariri,5
Nymne,5
NinaLarsson5,5
PeterButros,5
JonasLinderholm,5
betongsosse,5
swag_tengil,5
tobiasedlund,5
MXCartoons,5
sagarosen,5
ftideman,5
oskarseriksson,5
NegguP,5
SebTham,5
GayTenor,5
ToraSparkles,5
lisafriis,5
HisSword,5
nelliesorman,5
DanielHampusson,5
GustafStenlund,5
victorw_91,5
trettinian,5
Rizec,5
PFlensburg,5
PaulinaZayer,5
mhjn76,5
AzitaIranipour,5
H_Viita,5
ekeroth_jonas,5
ponna1,5
Schmenus,5
nagelband,5
stefan_palsson,5
allenord97,5
daCorreggio1,5
_OttoE,5
AdHominem1,5
karlwahlin,5
agnetaberge,5
wibergpetet,5
irbaws,5
Thompotti,5
HERO_Respondi,5
AO1992,5
sodamncorporate,5
LeifPeter,5
YnwaPontus,5
PousetteFalk,5
mavrick134,5
TobbeGran,5
Thompaam,5
LeffeCanossa,5
DanielAnsson,5
BHenrikJonsson,5
lindgren_p,5
cirkulationer,5
meatandmetal,5
Presits,5
eliasgiertz,5
DAMNEDBYABURIED,5
JohanssonBerg,5
jacob_ohlsson,5
AnnikaAlin,5
KjellLundstrm,5
Gisselsson,5
JesperEnavall,5
RigAmore,5
c_sandahl,5
bobhansson,5
krulli13,5
cknypegard,5
jessicapolfjard,5
SinisterSis,5
KarolinaLisslo,5
elmsatersvard,5
mikaelp1,5
Cagenut,5
mattiasfyrenius,5
KatrinS_J,5
HLonneborg,4
Fytne,4
skatebird,4
pdtheone,4
PJodenius,4
nissemicke,4
dannered,4
blanksteg,4
FilosofenNils,4
MiAnderssonc8,4
idamathildaw,4
Tyktikern,4
and9ustice4all,4
Fredelb,4
ninoskaconejero,4
hugonabo,4
Konventionen,4
stefanlindborg,4
SeniorNet,4
allergren,4
anders_rubin,4
EAXBreakPARTY,4
fiilleeexd,4
Bluesone1,4
PeppeW,4
aYellowSquirrel,4
MorKarins,4
johnlundh,4
CarlSchlyter,4
KhashFarm,4
TomasRadkvist,4
DanielBernmar,4
Per_Wilhelm,4
ArturHulu,4
AziziSalar,4
Ozzygirl666,4
JohnKaberg,4
SigneratHerman,4
MalinSkild,4
Blixtfabriken,4
MjJonasson,4
jlpatricius,4
MarioSheva,4
somarostami,4
RebeckaTomasson,4
MsLinuus,4
PerGhosh,4
Peder_Bjork,4
_mgh78,4
Zannepanne,4
Shotta08,4
AnnaTrygg,4
AnnaHegestrand,4
Passivhus,4
EmmeliNilsson,4
anderslindell,4
WidegrenCecilia,4
Carinaliljesand,4
DanielsenJan,4
ellabogren,4
ericsundstrom,4
claesnyberg,4
martaobminska,4
kpinnen,4
Hillerstrom,4
Ericsson_M,4
Chris_Ottosson,4
LeoGranqvist,4
toast_skagen,4
jockelarsson,4
robertstenkvist,4
TheoLun,4
internetsweden,4
jompa90,4
Acetylsalisyl,4
JonHessman,4
SnoseLaxpolare,4
Jonas_Liberal,4
KristinaLLutz,4
gullan46,4
snovitjanson,4
ulrica0106,4
saraekl,4
past1630,4
cwellton,4
NargoVII,4
rofalten,4
MpTomasE,4
ninabenner,4
Aversteria,4
Vaarenius,4
ktalltorp,4
Byggdirektiv,4
televerk,4
lottaulv,4
Julia_ATC,4
erikaullberg,4
Kanington_Go,4
juliatiman,4
eljandersson,4
SamuelGuron,4
anton_fridh,4
EmiliaMorgonsol,4
sagosessan,4
Trafikkaos,4
barretns,4
helvons,4
PLinderoth,4
ulrikafalk,4
LottaAOlsson,4
daninamah,4
Hallonjuden,4
emmarung,4
AsaWestlund,4
niklarsson,4
YSandgren,4
jbrahal,4
SimonHenriks,4
peppelorum,4
bittrapojken,4
Jonas_Ryberg,4
Sysanna,4
Palmqvist,4
emmabutte35,4
PStenvard,4
milenaaxklo,4
KSjgren,4
HellstrandE,4
MagnusAhlkvist,4
MatsAosv,4
AttiAndersson,4
BeaRindevall,4
Virre,4
jennyesther,4
joharakhattab,4
jacobsunnliden,4
johanlindblom,4
Rudestroem,4
EddieSaliju,4
SusanneAkesson,4
funkn,4
AxelssonSofia,4
Kaberi_Mitra,4
CharlesCraplin,4
hutmac,4
14641Kottebo,4
samspjuth,4
Jusey,4
Sjoblomma,4
nikemanuela,4
Pennywise_is_A,4
Rillardinho,4
BeleGunnar,4
JohanForsberg,4
BechGunnar,4
karatekirke,4
AnnikaHirvonen,4
TexasJohansson,4
tommysandstrom,4
peskott,4
linneawickman,4
niclasjonasson,4
anna_bergkvist,4
MJFroding,4
JohanPersson16,4
AliceBook747,4
anne_penne,4
likisipi,4
AnnaSarshka,4
BravMartin,4
gustavkassel,4
KatiieHill,4
Pierre_dMelo,4
fd_loneslav,4
Petzanders,4
olaspannar,4
kimledin,4
wretborn,4
Elfsborgare73,4
KasperSekiyama,4
petterkronmark,4
forsstromftw,4
stefanlundin,4
MoaLardner,4
BAlvebrand,4
Hepal,4
bannesb,4
VeraVardig,4
ordaglad,4
Catcoutu,4
AndersSchroder,4
MKotschack,4
PontusWeinemo,4
hedmark,4
k_mikaelsson,4
pasokvist,4
malinahgren,4
VictorSund,4
antonhermansson,4
FriZonen,4
__nneka,4
G_Brinck,4
lieriksdotter,4
carincarlsson,4
Jonkenstahl,4
RevySonen,4
JesperLiverod,4
mikaelfeldbaum,4
Uppsalatess,4
DagHultefors,4
Alexander_B1,4
AlvaDahn,4
ferreferrari,4
AnnCharlotteR,4
MikaelLindmark,4
FiCarl,4
Hannasbox,4
ceciliaelmqvist,4
TorLindstrand,4
NilssonOscar,4
jbergmanhstd,4
GLouwerens,4
dancingdexter,4
johnedstrom,4
pavloscavelier,4
grenfeldt,4
liberalcalle,4
dahlinjohanna,4
KatarinaBth,4
evalenajansson,4
ThomasLrssn,4
noathorell,4
johanstankar,4
chr_lindstrom,4
filipwiljander,4
Plowhagen,4
MTAndersson,4
Cilialila,4
msafarid,4
janetkristina,4
EnokAnnan,4
Hans_Erling,4
annaengholm,4
bostridsberg,4
Skaparn,4
Press2playtv,4
EllinorSSU,4
ttriumf,4
julisdarling,4
mackelind,4
EmilJansson,4
VesnaPrekopic,4
LinaTannerfalk,4
pastortorsten,4
TheThyraZone,4
JoelESvensson,4
Martinhjelm,4
telenmar,4
MiriamDey,4
mattiashogberg,4
LudvigBerke,4
CL_Solopiano,4
martinostrom,4
Republicofesra,4
Sch0nning,4
AmandaJohanss,4
AylaEftekhari,4
cjlerjefors,4
KarinOlsn,4
Loxdalen,4
LisaAndersson00,4
vidarander,4
ClaraGorrel,4
Jennyletmeloveu,4
thaher,4
JessiLonnberg,4
saradcaryal,4
OtiliaJoao,4
Nonsensakuten,4
MarcusTanninen,4
magasinetarena,4
JohanSderstrm,4
boxerkille,4
RickardBck,4
OscarEnriqNord,4
Supermiljoblogg,4
olahenriksson,4
KarlssonMax,4
SAPVarmland,4
kreti_o_pleti,4
AnnaMariaCB,4
ChristLindgren,4
LHolmin,4
Du_Bist,4
KerstinLundgren,4
analys,4
Mr_H_G_Superman,4
Enoxon,4
StefanLfven,4
aholmqvist,4
AndreasKroon,4
tomas_ander,4
mikaelajuica,4
josefingrunden,4
gomorronsverige,4
JohannesKlenell,4
LScottJacobsson,4
HerrSiegfrid,4
persson_jens,4
MagdiMagdalena,4
Gardelin,4
Ljungskilebuss,4
LisaKlingvall,4
rutberg,4
Jonas_Falun,4
grahnqvist,4
Roger_S_Enqvist,4
riksdagsmattias,4
anebyliberalen,4
CharinaNilsson,4
FredrickCarlsso,4
PaulinaGunnardo,4
therese_hjerten,4
Jens_Nissen,4
SofieOsterstrom,4
Djbengan,4
Malinappelgren,4
BusraKocaturk,4
olaberg,4
Vepert261,4
MickeK69,4
annarosv,4
thorasdotter,4
JoachimAb,4
Joda005,4
sjoellak,4
jazzare,4
torztensson,4
Kenan_Habul,4
runsill,4
ELisaJansson,4
Noord,4
JohanssonHannes,4
Mackmors,4
FokusTobbe,4
krenaud,4
perwallin,4
annanilsdotter,4
amandawik,4
EngstrmHillevi,4
stdama,4
andersgronvall,4
libanirashid,4
jullegr,4
ettstenkast,4
andersahrlin78,4
poetessans,4
karinmstrom,4
Treo_Comp,4
BanaBisrat,4
johanerikingvar,4
EQvarnstroem,4
Carolinesvard_m,4
HarjuHakansson,4
carlklingg,4
frokenhard,4
Hannajedvik,3
PrimoGeront,3
NiklasNrdstrm,3
UOskarsson,3
Tilljan,3
BarnesMediaGP,3
Sjobbe66,3
bingmert,3
ArskaTJL,3
Censurpropagera,3
johan_haggblom,3
JennyGrenander,3
ElinLMH,3
heliumapa,3
FStorkull,3
JohanDvs,3
mhellson,3
Anders_Ullberg,3
Stinisberg,3
hulthe,3
ka_bk,3
avoforever,3
marzyeh1,3
Feldon,3
ClaesClasse,3
BHartvig,3
joelalmroth,3
mamiah54,3
richardohrvall,3
johan_eson,3
kajsaaa,3
SnubbVanstern,3
Hedvig64,3
ingvarisbjorn,3
Ertigo,3
kpousard,3
barchow_martin,3
forever_united,3
LarsBergman2,3
JakobAkerlund,3
stensdottern,3
unicefsverige,3
awanland,3
PeterAnderzon,3
medelkass,3
Errcoify,3
BeritNyborg,3
vardforbundet,3
HenrikvonSydow,3
Ewert777,3
JNeborg,3
FantasticMrH,3
andersskyrud,3
dagensdumhet,3
__TomasM,3
Rincewind69,3
FiMalmo,3
joalun,3
AochAF,3
JensPetterNo1,3
britalundkvist,3
PontusKarlsso11,3
KarlBjernulf,3
antonjohanss,3
carolina_olson,3
anders_e,3
MarieKaellman,3
DanPanas,3
mattivx,3
Maistedt,3
bentedanielsson,3
jdothelli,3
sameoldgabi,3
kristoferkaerki,3
JohanYlinen,3
LiputanPolitik,3
Bringer_of_love,3
TallaA,3
JohanGerle,3
0cTag00n,3
Anton_Vikstrom,3
ArVID220u,3
CvOlsson,3
Duckslipper,3
katederkramare,3
BublicIsmail,3
RasmusMolleerr,3
BillyTheCop,3
AllezMartin,3
13Megaman,3
MartinEdberg,3
LoveGrn,3
dkjellander,3
vikola,3
robert_wolf,3
MrLeifNordin,3
simon_ol,3
HansLind,3
Sverige_3_0,3
Lets_haveit,3
mgSocialist,3
Maldenvall,3
CamillaDaniel,3
po_nilsson,3
askar91,3
Sokolow_P,3
cssthlm,3
PgmStenius,3
Jakob_baba,3
Arg_konstvetare,3
Sofie_writes,3
dahl17,3
elephantonio,3
Nicoliiina,3
GripenNews,3
carl_oscar,3
BobPersson,3
berithogman,3
joapi,3
d_granath,3
aichakone,3
LennartO,3
adamsundqvist,3
ejrevi,3
jcarlback,3
Pjfreden,3
Humlans,3
Barrling,3
corneliaedh,3
mozlover,3
jennyjonsan,3
Xplodera,3
AlexandraIvanov,3
Ale_Bjork,3
BMNeAR,3
PontusKllstrm,3
egoranjohansson,3
mattholmstrom,3
frokenalm,3
palm_js,3
Grasrot1,3
korallreven,3
JeanetteFlod,3
markuswelin,3
legenet,3
MultiMats,3
sneedopedo,3
penilla,3
Claes_Hemberg,3
steveosterdahl,3
markuskylen,3
ACLarsson,3
detarborgerligt,3
hindfelt,3
fristorp,3
TommyAndersson7,3
AnnyBerglin,3
feministfittan,3
matiasswartling,3
KramerLucas,3
pascaltshibanda,3
EElebring,3
musselmannen,3
arbetarsoli,3
lyddewalter,3
AndersStromgren,3
marcusxxl_suger,3
MarleneRinda,3
fridehjelm,3
hejavarlden,3
BoBergkvist,3
5secsofprivacy,3
MalinLernfelt,3
Lillefille,3
GOhlander,3
EUnell,3
J_folkesson,3
Croneld,3
cecilialotusen,3
knusslig,3
sportfotografen,3
AnetteIvar,3
izink,3
ekkalundin,3
Lejonsten,3
ewathalen,3
pedersenerik,3
rebeckablom,3
Janus_face_it,3
DonCedergren,3
AndersBergq,3
PaulMotas,3
frokenbjork,3
Copylinda,3
UlfSweden,3
stfredrik,3
martingarlov,3
guiamona,3
Jennkiz,3
liiwiias,3
michtorn,3
JLBergen,3
TorLowkrantz,3
ETornborg,3
EvaLisaS,3
Fialinderstrom,3
Fredrikvarmdo,3
Politisk_vilde,3
ViolaZabeti,3
EmineEsAwesome,3
EmiliaHagberg,3
PederKostet,3
EbbaParmo,3
jespervarn,3
Tjaerved,3
inpamsn,3
Styrbjoorn,3
tinalindsten,3
LindMikael,3
CMagnusK,3
VirreFr,3
ryanjesperjones,3
swedishislander,3
cookiebookisen,3
EmmySw,3
jjrasmusson,3
elinlarssn,3
LajkABaws,3
ErikGerden,3
sportsfan_5743,3
linusnenzen,3
ewatterbjork,3
Bergqvist_K,3
erik_lonroth,3
elinnystrom,3
robin_ost,3
P3Kazmierska,3
jonten359,3
MKristenson,3
OlaSoderholm,3
TobbeStrom,3
magnuslj,3
flammy8080,3
lcrownqwist,3
feministbrud,3
anderswagner,3
ladyburda,3
ClSjogren,3
Cathen6,3
BettanAndersson,3
cecilialinnea,3
RStenbacka,3
AkerBjrn,3
nystrom_linda,3
Jonasappelberg,3
stromgren_j,3
utanforskap,3
antonmcarlson,3
CarlGoransson,3
mette_la,3
DenTadd,3
sweettoothannie,3
LindaWemmert,3
Merameriter,3
misspetra_pan,3
kerjon62,3
Gunnar_EastH,3
ACHammar,3
MatsErikson,3
AnnikaHagberg,3
erikabergkvist,3
Faradjgoulou,3
TomasBogren,3
FilipBaverud,3
JonasGrafstrom,3
seblindblom,3
pellamyrstener,3
chiblom,3
Kafferepet,3
cbjorsjo,3
1thought4u,3
NovaJNilsson,3
ElissonMaria,3
henriksjoholm,3
Kattdotter,3
Adergaard,3
Jippe89,3
MattssonDan,3
Annelie_Paivio,3
Jenlin87,3
DVikstrom,3
annodl,3
Egil_S,3
POHedman,3
polarpolarn,3
niklgust,3
Alexander_Wendt,3
StefanSarmes,3
YacobiR,3
ost486,3
BennyNordmark,3
helenanordstrom,3
bolund,3
asalin,3
pernillaberghe,3
mrhenko123,3
issebisse,3
broderskeppet,3
StefanVarg,3
Almericson,3
Nklsqq,3
emmlof,3
aidsbrain,3
persianlikecat,3
vhscop,3
VanessaHson,3
erik85karlsson,3
dibranujkani,3
SonjaEriksson1,3
idaskogstrom,3
JanssonMichael,3
Andreajovell,3
lizapettersson,3
JanHagfoss,3
Boffan,3
NellieLingBelin,3
peterhanspers,3
filipjohansson1,3
Antonhallin,3
GronGrogrund,3
david_lindh,3
Karinsdotter,3
jonnadignelius,3
Emmamaj,3
jenzkjellberg,3
SVasternorrland,3
sthlmssossar,3
sohnrethel,3
IfVardagsbrott,3
BjornWikman,3
lisaklefbom,3
LarsGyllenhaal,3
ettpunktnoll,3
jennypunktbang,3
SuperRupert11,3
M_to_the_arten,3
manslinge,3
BeatriceHoga,3
LiiisaFalk,3
halvkul,3
alexbengtsson,3
rnklindfors,3
daddelito95,3
SaraHagerstrom,3
AntonAsp,3
patriksjosten,3
esterlundin,3
RonjaPettersson,3
carlmbergstrom,3
AnneEkberg,3
JesperEs,3
JohnieFransson,3
AnnikaStark,3
JuliaSunnerdahl,3
SBKHR,3
Faderberg,3
imnothendrix,3
mr_tswe,3
miapaarni,3
EvaMaj,3
JimmieAakesson,3
ASilfverberg,3
OlofNrobles,3
talgboll,3
kajsaezelius,3
ChriatopherL,3
AlexLindstroem,3
Hugozzo,3
palmsater,3
isakbrg,3
DiscJokk,3
thoralfl,3
kimkarnfalk,3
daevlin,3
reuteras,3
Elisabet1968,3
marielestrella,3
tokgalen,3
jagfixardetmed,3
frankander,3
annalinny,3
JimmieLarsson,3
JanneJuopperi,3
Magdaweeena,3
Metallbiggan,3
tottifar,3
Regeringschefen,3
oboylover3000,3
Xperten1,3
palleekman,3
tvjournalisten,3
_davidnilsson,3
rasistmen,3
JBackeman,3
FridaLipton,3
DanielForssell,3
TimmyBerglund,3
XThreatX,3
AlexEhn,3
fyratrapporupp,3
coachholmberg,3
jonas_wikstrom,3
johlindstrom,3
Kakaokatten,3
hktwituser,3
celiabr,3
pjoltas,3
AmateurProd,3
helenabouveng,3
GybergKarlsson,3
PBirgersson,3
Olofsgard,3
Patrik__Gbg,3
tidan78,3
MattiasHolmstr1,3
kjellnilsen,3
ATornblad,3
AlfredSjelvgren,3
Monicahaider,3
Myrstack,3
securitymaker,3
LandstromLina,3
munlund,3
TobsonHelsinki,3
MagnusMJansson,3
jensni,3
stroemberg,3
EmmaAhtonen,3
saraklaesson,3
Feministerna,3
CarlEricE,3
tuzp,3
cilanivre,3
Lelleblock,3
krisseherman,3
bjrkdahl,3
magnificentolle,3
CarolineLJensen,3
AmibeVie,3
Annabosdotter,3
RichardHerrey,3
AgnetaKarlsson,3
midgethill,3
IreneProtest,3
ijazzper,3
fMalvet,3
jenskoenberg,3
DanielBartenius,3
verarolo,3
JuliaAbellaNord,3
MargFrans,3
ostromberg,3
Hoffaish,3
cjswanson,3
victorerics,3
swanson_karin,3
tomasahlberg,3
polisforskning_,3
kollarp,3
elsabohman,3
sarauggsdotter,3
DavidGustavsson,3
britaaw,3
taratwana,3
OrtenlfTony,3
DragonRanger42,3
joakimbook,3
neoLITEn,3
lenneras,3
claeserik,3
JonasHarrysson,3
menbralivmanhar,3
kdriks,3
vbroo,3
LAntoft,3
gustavolsson98,3
RolfElmer,3
JonatanHjalmar,3
SZingmark,3
Lejestrand,3
JorgeCLondono,3
glittersissela,3
kommunisterna,3
FreddieThulin,3
FredrikJohanson,3
RoedaLisch,3
HansIngeSmetana,3
LindaWSoderberg,3
mangeland,3
OperaJonatan,3
SinevaRibeiro,3
erkjonsson,3
hannastymne,3
_livetsteater_,3
Ludviger,3
PeterssonSamuel,3
Erik_Helmerson,3
Samuelteglund,3
Huddingelarare,3
halnebratt,3
KjellAndersson3,3
filippa_lundh,3
linneamattisson,3
ellabohlin,3
CarlKajak,3
Vhjalte,3
MustafaAboTaher,3
Vitterskog,3
evaohbom,3
Nackschwing,3
MariaStenergard,3
ochjag,3
P_Karlsson,3
FErlandsson,3
lotsdrottningen,3
einarsandberg,3
jonken66,3
ingalill6,3
eeelinhellqvist,3
BjornBranfelt,3
tjorviie,3
CarlOskar,3
mimmiwesterlund,3
ihjorth,3
AKallenberg,3
JonasInde,3
SofiaGust,3
handlingskraft,3
MelodyFarshin,3
LippeLippes,3
LouiseCalle,3
sebbeols,3
salarsson,3
hageast,3
Salmiiis,3
mikael_forsell,3
EdvinPaul,3
GunnarValinder,3
EmanuelUnge,3
insulahn,3
Malmodrumdrum,3
Satellit,3
gullfot,3
Vilkenparadis,3
EllenKasimir,3
falk_jonas,3
eller_nu,3
Fjuttig,3
JonasNordlander,3
dialabrakis,3
HoSkogmalm,3
LindegrenN,3
FredrikLundkvst,3
boelgodner,3
OlleLarsson9,3
Lillejenny,3
SnyggoFlexibel,3
eriknises,3
christianolars,3
ArwidsonJP,3
Ansifrid,3
JimmyJansson,3
LaParisi3nne,3
Haddock55,3
Pelle801,3
jpstromg,3
robertoghisler,3
churrenuchen,3
TomasSoderlind,3
swullen,3
Bashflak,3
nooneelses,3
sundesten,3
xranby,3
cmbrostrom,3
OscarLandn,3
Ledbruten,3
johfam,3
JFredHenriksson,3
SimonBjalfve,3
abfmicke,3
GeekySwede,3
SussiHolmstrom,3
JeCapote,3
AnnaGustbee,3
Treijsen,3
FiPetra,3
helenasjoberg,3
MikaelSkoogHbg,3
KatrinFriberg,3
BCedervall,3
yaxzify,3
HHedqvist,3
AndreasGalistel,3
Annikarektor,3
BonosMatte,3
pippita8,3
2000aldrig,3
danielfaldt,3
kikkiL,3
sundevall,3
huok1,3
ThomasWollentz,3
antondarabad,3
helenebjorklund,3
lilljansson,3
G_brattgard,3
4vikingscom,3
berntm,3
HerrErkus,3
blandfarsan,3
ElinaLong,2
AGardberg,2
Jonaskihlman,2
ISvenonius,2
nyifille,2
Emilshuddinge,2
Marcus_Bohlin,2
nietris,2
lammunge,2
ulrikabergquist,2
ArGHero,2
Vitkranktman,2
HenrikGustafson,2
mikaelahsays,2
brud79,2
celsiusbloggen,2
JohannesCK1891,2
freenorrland,2
nicklaslj,2
LillaC72,2
G_Caperius,2
ravhed,2
ernkrans,2
Tobias_Svensson,2
Gotlandskan,2
cockonorgan,2
UlfWikstrm,2
steenmad,2
stefanaberg,2
Corvaxia,2
lisa_enquist,2
shorepower1,2
martaselander,2
nahdiin,2
Nonicoc,2
Hin_Haale,2
skogskant,2
KarinOstring,2
Sportviktorn,2
sandjohan,2
mzicnk,2
PeterOjdemark,2
sophiesoph2,2
LottaKarlsmark,2
jonasholgersson,2
lykent,2
zimonzayz,2
cissi_n,2
barbiche,2
saerdnakire,2
ACWindahl,2
DasErdbeer,2
Monci2011,2
SSU_Sormland,2
lalanderandreas,2
Int_bitter,2
peraltenberg,2
snilletjohan,2
Jussi_Grohn,2
felizarine,2
erikjohanssson,2
Falkenstroom,2
DanielGebara01,2
CamillaHBerg,2
EdwardRiedl,2
kringelkrokar,2
RydenJ,2
pinnen72,2
ninajansdotter,2
Arnekarr,2
fredrikhultmar,2
MadeleineGrena,2
VonDavidsson,2
MirjamSv,2
lundhsammeli,2
hannulampinen,2
mios80,2
JobLarsson,2
MpAnette,2
wilburious,2
jonas_ahlund,2
mikaelpersson,2
NadjaSusanna,2
FredrikMalmberg,2
VJohnsson,2
bznaa,2
kattaB4,2
tycklagom,2
LindaKBerglund,2
JakobNergard,2
JohnnyEliasson,2
MikaelWallsbeck,2
peterfrohlin,2
laurahan_,2
oliviafriman,2
Macheteleine,2
JulianaGristell,2
klanym,2
ChrapkowskaDisa,2
OskarBrundin,2
NinjaRico,2
Hufvudverk,2
jcolliander,2
FWenell,2
KungJulien,2
JThomsson,2
bossea13,2
Pinggolaren,2
GustavLantz,2
RoyneSoting,2
djungelkungen,2
emma_hult,2
monaxayle,2
BajenExpertisSA,2
Ulrika_Nilsson,2
Andreasnilssonn,2
IngerFuchs,2
brapartiet,2
DinMuminmamma,2
LenaBreitner,2
Perssonhufvud,2
MrAntrop,2
tesslundstedt,2
ShanghaiTant,2
Secka1900,2
xhasor,2
Mineflicka,2
stefan_ljung,2
thulecup,2
sandoism,2
MartinLju,2
EmilieEriksson,2
RickardEklof,2
gustafwestin,2
MTorstenson,2
GiraffIngalill,2
HerrNationell,2
CUFHalland,2
aamyyyyy,2
UDanster,2
SamKyller,2
FKirderf,2
johnbillow,2
SaneFool,2
Ejlin,2
anna_olofsson,2
jmthagen,2
LindaEldestrand,2
nystromanders,2
RalfZetterman,2
kadoff,2
saratrorhonvet,2
emmanuelay,2
JohannaLundholm,2
standupmats,2
fr3drikjsson,2
LillamammaSara,2
grieeger,2
bjobjo46,2
JDoe013,2
tobiias,2
intonationcop,2
LimaaJK,2
pernillamia,2
pellelauren,2
Ritzyxxx,2
LarsGP1,2
lindstammer,2
aaxl,2
AdiJohannesson,2
drVCWahlgren,2
LinnBorell,2
fgajohansson,2
pussgurka,2
Lotassen,2
AbsoIuteBanana,2
vardagsGandalf,2
LisaRosman,2
susanneahlstran,2
sarathiringer,2
Steingruber1982,2
David_Nordgren,2
Emma_Hedlund,2
_bobhund_,2
chlarsson05,2
CalleTengroth,2
AnnamariaBauer,2
JonasWestman,2
erihe520,2
AliceSqvist,2
tistatos_,2
Kajtommy,2
phw56,2
petra_modee,2
SimonZachrisson,2
FrkHerdin,2
ThomasJohanss74,2
PerGyllenhammar,2
martinenilsson,2
Felix_Kroon,2
R_Jerneborg,2
eeeemelieg,2
Tittarsiffror,2
gunthermarder,2
hnrkskld,2
LarsANorwich,2
ThombolaSE,2
AlexandraHelma,2
nathaliejancsak,2
Ogesjo,2
CarlssonJhannes,2
Rehnskan,2
JensArnstad,2
stridslysten,2
19lasse71,2
disco_lover_95,2
relativtkomplex,2
DanjelKarlsson,2
JensMeijer1,2
kalle41,2
isakmoberg,2
Teresebackstrom,2
fredrikbackman,2
Tiotusenmeter,2
zylvezter,2
JacobHenriksson,2
Moniqastweet,2
valpfan,2
elviraemne,2
JacobOljemark,2
srosenqvist,2
ebbagrape,2
EliasDie,2
PiraMarzani,2
torbjornhallo,2
SorayaHashim,2
carmenomaa,2
svammel,2
Spetalsk,2
LukeLowenang,2
hasiberexhepi,2
MartinAskne,2
jessica_linder,2
UtanEfterTanke,2
Olauson,2
osakligt,2
MSBillieP,2
MikroForetagare,2
eriksson_agneta,2
Nebbiolo71,2
emikaelb,2
MariyaVoy,2
UngaFeminister,2
EmelieFredrica,2
Backabo,2
ElinorSchang,2
dekman,2
karinlilla,2
hoppgropssand,2
Per_K,2
fredrikperdahl,2
carlstromfalun,2
axelingo,2
PKdiktatur,2
linneabjurback,2
marialindelof,2
SingoMedS,2
erikaruth,2
maxtomasviking,2
hhellstroms,2
Aliens68,2
anton_oskarsson,2
PamBery,2
FatimaBremmer,2
carpe_omnia,2
SaraGrndahl,2
MariaDeJure,2
JanOlofSOlsson,2
kentekeroth,2
mallavich,2
Givdeh,2
JonasBrannberg,2
tarmproblem,2
eliasradelius,2
KimOhlsson,2
RikardSparby,2
JosefFranssonSD,2
Lifvenhjelm,2
areuloquacious,2
MarcusLindstom,2
Reservofficer1,2
hopelesslife,2
JesperAhlin,2
gunnarssonhanna,2
KalleSemi,2
atladottir,2
EmmaIsaxon,2
gabbe80,2
SvD,2
lisa64moller,2
cecrsjo,2
heleneoberg,2
GayintheSandbay,2
mangestweet,2
HenriikG,2
CarroBq,2
alvraddarna,2
niblaolsson,2
HenrikOscarsson,2
Solhoglund,2
macmyran,2
JonasParo,2
orre92,2
shpetter,2
pertryding,2
fredriknorburg,2
j0hnk,2
carolineaskheim,2
JelenaLilic2,2
MichaelLindgre3,2
carltersmantoll,2
sanna_cecilia,2
Spesam,2
erik_lundstrom,2
Miccke,2
SofiaJarl,2
armnielstrong,2
MrsAnnaLindbom,2
andre_jonsson,2
MaudSjberg,2
Satisfriend,2
annaplantan,2
IJernbeck,2
QueenAceOfBlaze,2
MissDunder,2
BysellKajsa,2
frkgidlund,2
LouiseStenberg,2
stefan_nyman,2
ForzaVitaBella,2
ClaesDahlgren,2
AinoFH,2
VGoteborg,2
DzenanaPoljo,2
Demokrat4u,2
CSkoldback,2
LenaHedlund2,2
goonerista,2
HakanABengtsson,2
KErlingson,2
dysterkvist,2
Swezzebet,2
Technocratista,2
DennizSjgren,2
AndyBengt,2
matthiastwitt,2
mansbacknilsson,2
AkermanSaga,2
alexandernoren,2
thidevall,2
vljungstrom,2
slayercherry,2
sofia_yolo,2
hakansamuelsson,2
wolskidaniel,2
christinaveijal,2
debatteramernu,2
LarsEkvallSD,2
dianamilkyway,2
Joelwestman,2
jonmyren,2
crehbinder,2
TNobling,2
PRehnquist,2
c0ffish,2
elingrelssonalm,2
AnitaMattsson,2
janedanielsson,2
michelletorlen,2
Tappelberg,2
jesvantol,2
MattiasTorsten,2
vemihelvete,2
nicklaslundblad,2
BjornHartsmar,2
Modernvanster,2
B38050123,2
Allsmaktig,2
farnbo,2
WijkOskar,2
BrattCaroline,2
Bjondax,2
mbjornen,2
jan_bengtsson,2
JustinoDiaz,2
niclasnordstrom,2
OnkelPreben,2
sorkenslillahus,2
kahansson,2
ssandviken,2
MartinaL71,2
atuvestad,2
Bernadina1D,2
Alltingflyter,2
segerfeldt,2
abergmarcus,2
mange_jonsson,2
AnnaFMiliana,2
svalan67,2
Tankestormar,2
DeramJ,2
OhlsonAdam,2
carl_t_hall,2
jonbergea,2
Kvalitetsarbete,2
insjon62,2
GunrGunnarsson,2
odegran,2
enKroona,2
rasmustornblom,2
razmupp,2
edinomanovic,2
HansGordon,2
DStadde,2
northbitch,2
petertandlund,2
lindagrape,2
PerBlomberg1,2
elinngustafsson,2
DeviniaFatalla,2
ElisabethSjstrm,2
JennyOlsson5,2
johnash69,2
cjungsand,2
JanGyllenhammar,2
Lcaz09,2
oscarbengtsson,2
ordlist,2
idusens,2
IlbotOtto,2
karinkeisu,2
Cickidee,2
NadiaBhere,2
exporolle,2
DavidAkrad,2
hjalmarsson_e,2
Malin_Nyberg,2
Vassa_Armbagar,2
helenakarin,2
ehrenberg,2
NilssonDa,2
MNourzad,2
DanielDionysus,2
NadiaMoberg,2
JanLahenkorva,2
izinkhaha666,2
v_ivarson,2
ardavank,2
aphufvud,2
sema_kanat,2
sPalme,2
JonathanRudman,2
AnneliMelin,2
stilloberoende,2
jaggalot,2
HarrysonAnna,2
Indietanten,2
dahlianaji,2
mohamedelabed,2
margazyn,2
stonegtbt,2
Chrispenalva,2
JJonsson1,2
NatalieJMedic,2
Curiander,2
nordvallKD,2
BlomLena,2
lindberg_filip,2
peter78sv,2
perhen89,2
PierreECREP,2
Zekevargen,2
AdamMarttinen,2
mrTyft,2
emmawngelin,2
osvard,2
Ztern_osc,2
jnx,2
PaloYvonne,2
Fredrichl,2
SANDBERG_HELENA,2
miaskarsgard,2
DavidGoesAbroad,2
hannah_untz,2
FiliipOlsson,2
anderssonniklas,2
marikae2,2
tobiaswallin,2
starmachine2000,2
wigge01,2
nickestortroll,2
erikmalm,2
palace,2
micaelost,2
parhedlund,2
jimmysand,2
theresewijohans,2
HampusFernstrom,2
ursulaberge,2
Emli89,2
lmr80,2
OlaSoderdahl,2
jugglo,2
ingetliv,2
ClaystationSWE,2
Savenfalk,2
sahlen,2
hanssonivanetti,2
medinjonas,2
mysmannen123,2
trelie1,2
Doppe,2
mberzell,2
eriklindmanmata,2
ink0t,2
invivoz,2
RBoscorelli,2
peterwestermark,2
SohrabF,2
mssafavi,2
yllemamma,2
KimJrgnflt,2
datgalema,2
henriklundvall,2
maxelger,2
louisep67,2
livianorstrom,2
micaelnord,2
BjornGbg78,2
_konfettiregn,2
nadabstream,2
Jfredde,2
UrbanSvitjod,2
Marie_HIF,2
frilansaren,2
bitchisms,2
UlricaLoeb,2
JohanOtbaG,2
sossegubbe,2
nylanderlinn,2
captain_rodney,2
nilslindstrom,2
robinullstrom,2
DurakovicElma,2
andreas_pson,2
elfstr0m,2
fridaelizabrams,2
JakobLarsson87,2
merrymuses,2
iSeb,2
anaginas,2
ebjorefeldt,2
pierredurrani,2
fridaryd,2
SabinaArvidsson,2
ingridhedstrom,2
reebrook,2
calle_jonsson,2
Erik_Norin,2
LinaGlans,2
herrgrahn,2
Centerpartiet,2
mendelhartvig,2
BaggeJessica,2
PerLodenius,2
HelenaHagberg,2
skomakaresnaell,2
JohnHaataja,2
_Jimpa_,2
olajhedin,2
BMarkusK,2
ElevkarSodra,2
lindsay_helena,2
emmabreivik,2
JulieTranIntl,2
drawfeud,2
AndreasLind_,2
AlexanderLosjo,2
rektor79,2
_Mli_,2
mufstockholm,2
asahannafalk,2
K_Sandell,2
lindqvistpeter,2
Hemimamma,2
ErikBernskiold,2
emmakardevall,2
fja_fs,2
IaKonkret,2
SandraLedin,2
pp_sthlm,2
suhrfa,2
KristerNyman,2
bufobufoRagnar,2
Fortitia,2
Rasman79,2
Glurm,2
ruggis,2
ElisabetAberg,2
fredrikhjorth,2
TuttLinda,2
AbetareLulaj,2
MaritaUnosson,2
edithlundblad,2
SandqvistHanna,2
EsplingEva,2
Valodds,2
TomMauritzon,2
ChansonInMyHair,2
Suzanne_Franksf,2
smedmark,2
reface_,2
fideli91,2
Cemaka_,2
ZiobeppeAE,2
ceciliawinter,2
linatolander,2
ParJKarlsson,2
UlfKamne,2
JonathanWindell,2
LinneaWstfelt,2
NinaAB,2
AKjellerstedt,2
emmanisse,2
JulijanaStojano,2
RamiSharaya,2
MGregard,2
THN_Janus,2
JakobOrneberg,2
johannadeucher,2
annicapannika,2
EllenAguirre,2
blertahoti,2
Tusse_Larsson,2
pjonsa,2
eriksdh,2
aliesbati,2
Trollet17,2
Duleen,2
Ljungbergsblogg,2
MartinaNord,2
dfrolander,2
gruvjobbare,2
VonJago,2
jenniferbedoire,2
GOttersten,2
JohannesHedlund,2
stefanlundkvist,2
RobertHolmbom,2
Hillinge,2
adamdolah,2
mariavbtn,2
psykriot,2
leffesture,2
lingonberget9,2
PopeSteneros,2
susanne_nystrom,2
EndastLindqvist,2
DaniElOman,2
vanadil,2
Vadarpengar,2
johanbratell,2
FredrikGladh,2
daniel_karlen,2
KAkerblm,2
Olof_Olsson,2
omgItsEnRIz,2
Claes_Hallberg,2
ekkepekkeman,2
sebastianlaneby,2
Sprattelknaster,2
Anniecharlotta,2
CassegrainSwede,2
harald26a,2
Niklasovic,2
ReaLBoZMaN,2
Grahnsk,2
hicke,2
dstenvall,2
jarbratt,2
MJSverigesRadio,2
ulrica_karlsson,2
Bayati526,2
Knegarn,2
augustin_erba,2
frostoscar,2
simonekstrom,2
Kalkbruket,2
hagetoft,2
DanLundqvistD,2
Caractuss,2
Ckarion,2
AJanssons,2
JacobThuvesen,2
AngrymanSverige,2
OlaHakefelt,2
heyalltarbra,2
McPoyle,2
goranhaden,2
Ekim_Zaid,2
TinaDahlstrm,2
stinabywall,2
pernillaaelin,2
FransFransson,2
Drini491,2
klaraholmin,2
pelutt,2
ollegz,2
therealelena,2
Arvebro,2
Bokbiten,2
AbdallahLaila,2
molliehahne,2
Kimvirsen,2
icanhazsnus,2
maatthewlewis,2
cornroyal,2
maria_hman,2
MarginaIen,2
BFagersten,2
haggwass,2
separerad,2
andreasgonzi,2
kajsakjellson,2
ABDebatt,2
BergmanErikB,2
mattiasflodwall,2
unnilindahl,2
randersson123,2
ollesanfridsson,2
fabianblackberg,2
aaalic,2
fredrik_de,2
SE_ANDERS,2
Kaptensvea,2
khstahl,2
JerrySjogren,2
MListenius,2
Vicccy,2
AntonS0derberg,2
heyl,2
PatrikLundin,2
john__valencia,2
yildirim_sweden,2
TommieCau,2
Mika_Mattila_,2
KZetterman,2
LucasPorcile,2
Malin__Karlsson,2
TonyMalmqvist,2
gallanoa,2
Nuilmo,2
Grundad,2
cvandahl,2
ASundkvist,2
MagnusStagmo,2
Claes_Nordmark,2
hankpowder,2
sasserina,2
TedBolin,2
kimthecynic,2
P4Brolleus,2
GertFrost,2
DagBergentoft,2
letobs,2
Mernberg,2
alwilda,2
DrLundberg,2
nobelhallen,2
ragnevi,2
Skagerdahl,2
goderholt,2
LarsErikLindh,2
MarikkaP,2
NiklasOlsson87,2
rosenerik,2
Pummis,2
LarsJohanL,2
ttildajonsson,2
TeenMiracle,2
mariakjellberg,2
Pnordvall,2
Sjokvistt,2
magnus_gredeby,2
SimonVicente,2
StockholmYankee,2
bjornhager,2
JennyHellstrom,2
MsRyding,2
STegstrom,2
kpersdotter,2
CBildt,2
karlgbg,2
jennystromstedt,2
andreas7812,2
HELINBOMAYE,2
stefantornberg,2
viggo84,2
erinilsson,2
JohnJohansson97,2
ehulander,2
ArbforsMattias,2
acsdervall,2
HenMalin,2
rootfyllning,2
Barthelson,2
vikhasselgren,2
HenrikHedberg,2
igelkottskompis,2
viktorwarnick,2
MariaStjerna,2
ConnieBrean,2
dennisalvden,2
IsakSkogstad,2
MagineTV,2
KristofferT,2
valeriewonders,2
HPL666,2
t_sjostrom,2
idaborin,2
ElfvingCarita,2
jouteni,2
Mankelicken,2
EmilHalvardsson,2
CperssonCarina,2
LokaMims,2
ofogad,2
GustavMartens,2
EdvinLundstrom,2
CJ_Thysell,2
Frippe2010,2
SussClaesson,2
SimonDStrom,2
MagnusRunsten,2
SeptianAdithio,2
KDStadshuset,2
Gilraensurion,2
sdanofsky,2
gr93emon,2
ludde_eem,2
Hanife_Krasniqi,2
RogHal,2
Frelludde,2
Carl_Loof,2
Yxan67,2
Sjoshult,2
Lena_Marias,2
berggrenhannes,2
mattisgbg,2
Gulse_Ver,2
KarlWHMelin,2
sofiasvanqvist,2
JonPierre2,2
BirgerOstberg,2
eva_rider,2
JBodenfors,2
SofiaBackeus,2
dimeyard,2
MarianneLS,2
ludvieg,2
tuppasig,2
frontfiguren,2
johannaeklundh,2
mangemob,2
MinaNaguib90,2
kasperfast,2
anelamurguz,2
JosefinEng,2
Eriikasvensson,2
MariaNorqvist,2
FairyIppa,2
Brannberg,2
GunvorG,2
stubinstina,2
ChristinaNordh,2
Chemirh,2
Lokis547,2
karlmalmqvist,2
SvenssonGustaf,2
DeThuKa,2
LinneaRoss,2
parhenriksson,2
matsperspektiv,2
henrikrydehn,2
Utbo,2
jolasatt,2
SaikoSomaTick,2
envackerdag,2
FromholtzH,2
MicaelLingh,2
otonnberg,2
peteraderstedt,2
ConnyLundquist,2
abcsales1,2
RosdahlTorbjorn,2
oidentifierad,2
aggeelitoo,2
ulrikasj,2
EberhardJulius,2
Glenn_gbg,2
annebjornstrom,2
kjetilloset,2
danielaighe,2
annaojendal,2
moberg101,2
BollPelle,2
erikthor_,2
MarkusWiechel,2
emecai,2
SHanson,2
marinaericson,2
swedishserbo,2
Charlotteingrid,2
peterisling,2
KristoferSjhlm,2
kalasjocke,2
JValgelata,2
hannalar,2
mr_maffia,2
Glanzelius,2
CalleFriden,2
andber61,2
gruveback,2
PillDullEvil,2
GojanJansson,2
LarsWigert,2
Prince2hamilton,2
eamelander,2
MagnusMp,2
Marqushertz,2
TelgeVanstern,2
Vizam,2
joacimlundin,2
westlundism,2
DahlRandy,2
davidlindvall,2
Lewander,2
samuelsjoblom_,2
evilemil,2
radmansvangen,2
Textamenterat,2
MartenEismark,2
PernillaWillman,2
OskarGust96,2
janzate,2
eskilsdotter,2
VictorStrmgren,2
alkoholdemens,2
Anna_Kaya,2
R0J1N,2
pusspelle,2
LinneaSahlberg,2
Lobroma,2
Saftochkakor,2
doomlobbyn,2
hundenrajna,2
DesireMalmgren,2
Kiratsopoulos,2
lindblomkarin,2
MoniQsplejs,2
MabandeOpenBeta,2
fridawarberg,2
krabban79,2
SSUjkpg,2
rejalatage,2
heffafar,2
rebccaaxelsson,2
tacoloco_,2
viktorado,2
KarlPontus,2
Marrenad,2
lenbys,2
vardochvarld,2
Emao2,2
KalleSandstrom,2
johannestankar,2
erkih,2
BabyMohMoh,2
CarlAxelAfors,2
SysterAlbin,2
eericam,2
RydbergB,2
palmirakmbenga,2
NiklasLangstrom,2
mariejonsson76,2
Marybett,2
K_M_Gustafsson,2
ladydahmer,2
HannaGerdes,2
rickardwessman,2
hallbergs_tanke,2
MariaHolmin,2
SanyoValentine,2
varmlandskille,2
IamBjornH,2
SandbergMaja,2
DanBrannstrom,2
RektorPeter,2
GurrSa,2
CkKloverdam,2
Satnam_Stina,2
IngemarAhlgren,2
janeriklarsson,2
liberalajag,2
idawww,2
PerPsson,2
GeeGeeEss,2
MatildaUusi,2
PrinsDanne,2
SSU_LUND,2
Piverht,2
67Helene67,2
Redinskan,2
krohnman,2
MonicaHedlund,2
RideQualityVec,2
Vilhelmsson_12,2
AnderssonJI,2
elisabethtr,2
kjellberg,2
LasseKsson,2
dengodebyrakrat,2
Erik_Liden,2
Holmsnid,2
LinnMauritzon,2
elsawiking,2
Foppa97,2
Ashkan_Panahi,2
frokenbagare,2
ci4g,2
joyannabladh,2
Mammammarie,2
JesperKovacs,2
arenaide,2
MarianneAndreas,2
herregudtherese,2
MedinaPonjevic,2
hejevi,2
majedsafaee,2
wiwiannejoh,2
jovancebre,2
Rashid_Musa,2
KarlssonNils,2
GSilverstolpe,2
mctalovic,2
SalarAlavi,2
BubbaSvensson,2
josak,2
evamariadufva,2
erikpelling,2
MarcusNordberg,2
patrik_gren,2
JanZetterqvist,2
malinp1969,2
vattenbolaget,2
Johwik97,2
EmmaSandkvist,2
jonas_eklund,2
TobiasBaudin,2
DanielFahlberg,2
zemlans,2
uh_se,2
skalman_1,2
47Tompa,2
fofroranonsos,2
hinnohanin,2
naturfezt,2
Tiburtius,2
No1_Sandra,2
Kulturmanifest1,2
tokstadsbo,2
AnnaLenaHbg,2
nieden,1
myidal,1
REDKarlsson,1
Canicupit,1
berann,1
saraviidal,1
SGraad,1
discoikungshamn,1
harkoceric,1
marcus_svensson,1
iisabeller,1
mariwanian,1
MarieSmlander,1
Gardnero_,1
TracyKintu,1
EwaSJaderberg,1
slystone72,1
linneachristina,1
filipullhag,1
EmiliaMelgar,1
kaosteorin,1
ElisMoss,1
renbergemma,1
nymme71,1
oluies,1
ACStenbergP,1
Gustavstenhols,1
JonnaFartfylld,1
billigtvin,1
Rockstroh,1
NIklasJonsson6,1
inkastad,1
linneavictorias,1
kimototeles,1
MIMforskning,1
erikpihlo,1
kingofhamsters,1
BomanAlexander,1
angelicawahlin,1
jacobhama,1
L_Froberg,1
J_Sjostrand,1
Kivikmannen,1
Jonas_Olander,1
MalinNavelso,1
FCKAP,1
eliashammar,1
SorenLowgren,1
MaxRunsten,1
MariaPekkari,1
lindqui,1
AkessonRoger,1
ederblog,1
filipsundqvist,1
Karinsmiljo,1
eddielovholm,1
Eva_Nordmark,1
larshorn306,1
seronjoh,1
malinmichea,1
Partheen,1
staffigol86,1
kraxelsson,1
Sunfleet,1
oloffjuss,1
PontusAlmquist,1
PoTidholm,1
H_Lindstrom,1
JunneAsif,1
jacobzetterman,1
Brittastina,1
Daelst,1
boogalooanthem,1
jkallstedt,1
jonassandstroem,1
PierreMathisson,1
dagjonas,1
JonStenbeck,1
MariaSolevid,1
juulaalaa,1
magnushoij,1
BjornWedin,1
parwenaker,1
MetteQualitas,1
MagLar48,1
DrHaggo,1
Resandefolk,1
becciponk,1
fotogeniskt,1
JHuitfeldt,1
KarlAndersL,1
princezzpia,1
toalettsits,1
markuso,1
Sandis_74,1
Castenskiold_se,1
joakimwiren,1
MalmKenny,1
MSherifay,1
JonssonU,1
ssirikarlsson,1
LinaSOlsson,1
ordjamt,1
annarastner,1
HenrikNBokor,1
Lararkungalv,1
annaljungstrom,1
Chiaccheronah,1
valthornsgossen,1
Tobias66,1
Glefors,1
JuliaSafstrom,1
helena_milton,1
AnnaMStenquist,1
callesvanell,1
ForzaForzz,1
LudwigFagerberg,1
charlie_chaklin,1
ZacFors,1
charlie_no10,1
PrijoEtt,1
rmannerland,1
Alf_Hansson,1
andhak,1
kristofer_a,1
TheaTillman,1
SimAgren,1
AgnesJnsson,1
DejanCokorilo,1
andha,1
Fungust96,1
iEFdev,1
Tacowakko,1
Uniform_89,1
Falsare,1
SaraYazdanfar,1
CLundborg,1
HerrRazz,1
natashaverak,1
juliaalpmyr,1
TomasGustavson,1
RikardVroland,1
torbjornhagglof,1
nacho_sara,1
Ychen06,1
KDUSverige,1
levva402,1
aliciadickner,1
bjurling20,1
Anton_Wallner,1
sofieskott,1
chickenraace,1
Isacnyman,1
msgrp,1
Friis98,1
edahlback,1
Autonymousness,1
DArvastsson,1
nestorlindegren,1
CatarinaGustafs,1
szemenkar,1
maritahaggren,1
IdaPettersson2,1
robeine,1
FritteLundberg,1
emwebe,1
kallabaz54,1
KGuw,1
EllaAlvin,1
kencos73,1
JEidstrand,1
StigEkstrom,1
Weazter,1
ande_a2,1
lilmsanastasia,1
JosefEdebol,1
elisabethland,1
ETC_redaktionen,1
AndreasBogren,1
AdamKnu,1
annacberggren,1
seb_gab,1
moasofia,1
sofie_brandt,1
gieldon,1
LovisaNeikter,1
Poohl,1
krohdin,1
alexandra_b_u,1
skylt1,1
owallstromer,1
CarlosPaulsson,1
Yossi_Sigal,1
amirrostami_,1
WretlingAnna,1
BengtNissar,1
Markusriksen,1
grapenholm,1
Johan_Ryden,1
HannesNelander,1
astaifo,1
elinsegerlind,1
menallie1,1
VMikkola,1
Yeahsillytilly,1
Informatissima,1
rebeccawahren,1
MagisterK,1
Uppsala_Basket,1
Balansilivet,1
MamaMaerta,1
LinteFranzen,1
PatrikAngelholm,1
svangvanster,1
Peono,1
johannareimers,1
alKajsa,1
olajohansson73,1
adamalexandere,1
jagheterfanny,1
indiehora,1
OscarHafS,1
ForsNillad,1
peterlndmrk,1
Emiliaaajonsson,1
AnnieNevala,1
victorborgstrom,1
AbgarBarsom,1
annakarin_agy,1
Smyyylan,1
ronjalillienau,1
IdasadI,1
Magic1X2,1
jsandsten,1
AlexanderWennlo,1
Nils_Blomqvist,1
emmasoderstrom,1
hzhelena,1
FRANCIEX,1
DinoOsman_,1
TobiasTengstrom,1
oliwiahaglund,1
karinskuriosa,1
Nicke_Lilltroll,1
herzleid,1
Rydis27,1
HowardKultsjo,1
CamillaForendal,1
AndreasDegerman,1
GKarperyd,1
ThomasMattsson,1
Johantycker,1
CHaggren,1
hfroberg,1
khontext,1
tobbegarcia,1
nikicleo,1
erikemricsson,1
OscFor,1
johansandber,1
bjork_malin,1
Tervaniemii,1
Enargjavel,1
rnordin,1
tommyhome,1
jagform,1
jenniferbborg,1
bjolofs,1
simonutter,1
L_JohanCarlsson,1
AlmaKirlic,1
JohannesDahlin,1
udd_j,1
Adolfssoninga,1
DerinKarim,1
Bengt_Retsirk,1
hannasundqvist,1
Hanson826,1
Jenkabubbelgum,1
sacostudentrad,1
Kicki_wikstrom,1
elonjj,1
CCStockman,1
LinaF,1
LinderholmSWE,1
KWanngrd,1
RuneSundstrom,1
fredriikaaa,1
dendarmandy,1
Hillerbrattable,1
alvmarken,1
cruz_lilje,1
crsan,1
sofiaanderberg,1
cclaaaraa,1
dstandal,1
HErlingsonHylte,1
gustavohrn,1
DLarsson90,1
AliceDadgostar,1
annasoriginella,1
rymduggla,1
ninsan93,1
bjoerken,1
simonaahrnstedt,1
bajenklas,1
ivarforsling,1
PerLidholm,1
NorrbottenBD,1
Linderyd,1
muppfoto,1
JohanLepp,1
KimWithTheThing,1
seovjo,1
Voltairesande,1
valtch,1
MorticiaB,1
MannoEndalib,1
Osterlund,1
hen_kan,1
Rutgersson_61,1
Kulturz,1
Mforsstrom,1
AnnaSporrong,1
peterpan160,1
lidenj,1
LauriKarppi,1
Ypsilon_Sophia,1
Syrfid,1
KSvartholm,1
J_fsson_Samuel,1
AlexFaldt,1
PTFBYL,1
inaktivt,1
Tinsan84,1
owenil,1
2morereps,1
DavidLega,1
Diocletianae,1
Lennstroom,1
christoffers,1
gustafr,1
NDaword,1
pjfredrik,1
hansgerremo,1
Lotta81K,1
ironintheblood,1
Vickisundstrom,1
MhildaHolmqvist,1
Cmangs,1
MagnusGrenstedt,1
MickaGlaas,1
Augesdotter,1
ExpressenLedare,1
PetersonMarcus,1
swillermark,1
stationsvakt,1
vickibra,1
K_ihlberg,1
ahesselbom,1
PastorHansson,1
autofobi,1
PGWahlen,1
Jympajesus,1
DahlbergLisa,1
lenahallengren,1
RydbergMena,1
kljungros,1
eskon123,1
AndersNytell,1
KristinaStahle,1
bellsqu,1
MeimersWell,1
RobbieLauler,1
RobertAideheim,1
HRFriks,1
jhenrik,1
exilnorrman,1
LiseNordin,1
b_solberg,1
SGrmer,1
leodorskij,1
Mattiashallberg,1
EdmondSula,1
Bb16_Slc,1
TobiasPLofstedt,1
MissHagstrom,1
ollemoller,1
imperi1,1
riaslin,1
Sjotorparen,1
pia_pity,1
JenLinde,1
tornlund,1
Sakine,1
Conni80,1
ihatemukii,1
jonasjacobsson,1
hinrick,1
Bankel,1
agrenlina,1
sprofiler,1
PKpodden,1
IDoHaveAPoint,1
kjwatts,1
3eLungan,1
Dennis_Jonsson,1
gimokarin,1
Voltaireeee,1
KaptenKarlsson,1
fabbevoss,1
Camilianz,1
MariaRiara,1
Nimamohammadi95,1
matthiskb,1
Kott3n,1
TomWikingsson,1
isabellaloof,1
acfmartinsson,1
rbinsp,1
JohannesJiman,1
PHedelius,1
StlnackeMats,1
Davidpercy23,1
martinlundgren,1
adaheterjag,1
JennyForslund,1
bobbolinan,1
OscarssonC,1
yeaouh,1
JoakimFlink,1
fridajohannal,1
Tumbajanna,1
JonLofdahl,1
sverkerbrundin,1
pophoger,1
VaraGnagarn,1
rfolkes,1
erikullenhag,1
ThomasLindstr_m,1
stoltlarare,1
chozzzan,1
lilla_arga,1
societysedge,1
KeleshM,1
vonjohnsson,1
dorontinaradini,1
dkmj,1
RosellJenny,1
henkeboden,1
llovisalinnea,1
spolformad,1
Hagathissa,1
larssonstaffan,1
Streamyourstone,1
joakimfors,1
AMalikChaudhry,1
augustjerner,1
IAmSeagull,1
stockholmaren,1
WikmanMichael,1
f98froh,1
NathalieErnstad,1
AndersBergkvist,1
JonazDanielsson,1
SevgiCamuz,1
melissacolor,1
enjikaka,1
joakiw,1
anteeva,1
nadiahagberg,1
scurb_se,1
dalmastrall,1
culkiner,1
MHildingsdo,1
LindaAllansson,1
Nisshult,1
scavogabriel,1
RuskiSpiderman,1
widemarks,1
JensGRNilsson,1
bjrrrn,1
carlgillblad,1
MarMag_86,1
AdamKoskelainen,1
JonasPaRiktigt,1
KarinIIJanson,1
Dynesiius,1
antsvend,1
mimmiagnevald,1
nor_hussein,1
trosolidaritet,1
anastasiatesa,1
AndersLJmoderat,1
karineurenius,1
IsabelEnstrom,1
asfaltbarn,1
caudimordax,1
jonasekholm,1
AndersBispo,1
juliaeriksson,1
marcushaggstrom,1
tessannilsson,1
LindeAsa,1
krehnqvist,1
CRydaeus,1
Hunk_in_hammock,1
PetterHakanson,1
krigimumindalen,1
Sejnanas,1
lithanders,1
momajoja,1
RMortvik,1
IvanLavaj,1
TheoPapa1975,1
PeBj,1
Kallekotte,1
hejanni,1
jennyyjensen,1
Sebbelasse,1
mx360grader,1
JosefHermansson,1
MarcoBren,1
svenpontus,1
Nonemo,1
johanwase,1
alexanderroc,1
Nellie_Hopkins,1
freddan_s,1
AnntonPersson,1
kathrinelofberg,1
hannesrudsater,1
InariCJ,1
matshelmfrid,1
sarahtomasson,1
EmmaBjarnevik,1
sarahthorsell,1
TheDrAvalanche,1
larsthunberg,1
Studentafton,1
assmundsson,1
KraftelidR,1
dmijic,1
Spjutis,1
letmagicin,1
EmmaEleonora,1
3rdfloorgirl,1
MariaMalmo,1
adambrunemo,1
SF_Capitals,1
RAMELNEWS,1
BerglundN,1
mysigaanna,1
Ecoprofile,1
anettwork,1
MelenvonMaria,1
Ingerctina,1
OrdforandeJohan,1
js_polsci,1
nanheden,1
Emmapemmah,1
LaurinDaniel,1
OlofGranander,1
Tildaspizza,1
Nybsan,1
herou_ch,1
FruppsSlav,1
backman_lars,1
stenberg_john,1
IldikoBekassy,1
snowshoerunning,1
JohOhlin,1
ViktorALomander,1
gabbematanovic,1
OlleZ,1
JohanGnaget,1
Erik_Schold,1
omigibson,1
death_or_pie,1
ilippaf,1
frap69,1
yeeppeh,1
PeterWalltin,1
carlplaton,1
jullesandberg,1
Snickarkungen,1
Max_V,1
LinusNilsson16,1
karlsson_markus,1
EricKlefberg,1
ElinorAhlborn,1
daniel_granath,1
Forsmannen,1
kamratpersson,1
barbrofallman,1
DouglasMaigren,1
_DavidChr,1
RealNiklasEng,1
ulleigrums,1
primadonnan,1
Lost4Soccer,1
BeccyJakobsson,1
sofianeuenhofen,1
hannaappel,1
kenbredell,1
mlowdi,1
jonathanfjllrud,1
millan_h,1
EliasAnnby,1
groovyfuck,1
EmilieGullberg,1
BengtAkesson,1
AnnaHerdenstam,1
jtoresson,1
DeaJohnsson,1
kattishellstrom,1
systerfrida,1
hlundkvist,1
IsacsonJacob,1
alicepietsch,1
dkarlstom,1
jonteman,1
BFroding,1
fredrikwilen,1
AntonNygard,1
CRehncrona,1
MBoosan,1
jonaslindskog,1
AbdiAddow,1
_farhia,1
CMMagnusson,1
AAxelzon,1
IFKOscar,1
peakarlsson,1
Hemligsson,1
fannystrandberg,1
SWinell,1
myidisunknown,1
EmmaVidmark,1
Chenkovsson,1
StefanLilius,1
dannegp,1
charlohogberg,1
appako,1
Jaume_SE,1
annajhnke,1
tobys,1
KarlstensFulRT,1
AnfieldViktor,1
UlrikaMHedman,1
taramoshizi,1
Davidjadeborn,1
dkareda,1
davidjjcruz,1
annamargite,1
Klajen,1
Mastjejen,1
LudwigJonsson,1
AnnaJosefinaLan,1
tahelg,1
poppe67,1
CloudberryDonut,1
PeterOlsson,1
ptillenius,1
VirkKashif,1
frokenrosa,1
Robinnylund,1
Gustawsson,1
Nirfalk,1
missliiisi,1
waistboy,1
HugoLindmark,1
ElfvingOfficial,1
EliceSara,1
GustafM,1
AntonJerntved,1
jakeelm,1
AxeHer,1
isvensson,1
EmelieHaggdahl,1
KimFredriksson,1
snusmaja,1
budgiefeathers,1
petrikel,1
resedrommen,1
jogu63,1
HlDersim,1
MalinLundberg1,1
RolfLindh,1
KstefanSvensson,1
julsgardsara,1
OHaggstrom,1
jastraand,1
somosam,1
MajorBettskena,1
LindqvistEdvin,1
eriiika87,1
villafarsan,1
tcericsson,1
BSundvisson,1
petriahonen,1
ulfdernevik,1
Ulrika_Uppsala,1
AndreJohansson,1
HugoSelling,1
KatrinLundgren,1
llanryd,1
Harriet414,1
MagWes,1
sarkastrid,1
hborglund,1
bolinmattias,1
enhrningar,1
NicadoriC,1
mattiasostmar,1
majses,1
Monicatilltusen,1
SusannaN2,1
davidoscarsson,1
radioaktivt,1
DJPettsson,1
barkskog,1
billerustad,1
GustavErikson,1
hannabergmans,1
elinbri,1
peterlundkvist,1
djavulskap,1
CSjoberg1993,1
annaisabelle,1
SVTSportchefen,1
prinsviggo,1
SvenJargen,1
RehnbergAnders,1
iBjorkman,1
J_Nordlander,1
kentjohanssonEU,1
annaedwall,1
TereseA0,1
_karljohan,1
surtjej,1
AsaSteen,1
Bobpungbarpung,1
MarcAnderbrant,1
Rallykantorn,1
AlisaBosnic,1
geniet,1
AnnaKarinBoreus,1
iogteva,1
thevampireduke,1
KlingsboLars,1
AxelSjoberg,1
menslutanu,1
elingfors,1
SofiaBuhlin,1
co_Johansson,1
estling,1
rosen_alexander,1
dontcutmyhair,1
LarsKarlsson,1
2punkt2bar,1
AndreasA89,1
MackElias,1
haddok1,1
Svarte_Petter,1
LINESTREEM,1
INDUSTRISHOPEN,1
JessHermansson,1
fimpen_nyberg,1
evkfriberg,1
SusannedePaulis,1
s_zandi,1
MarcusSchn,1
granfoten,1
elakkanin,1
FilippaBGoode,1
MichaelSvensso4,1
robert_ramstad,1
FarbrorSyra,1
AndreasBraw,1
kriwe,1
j_abrahamsson,1
Simon5th,1
ansjobom,1
Lejbo71,1
agiterad,1
stefanknutsson,1
riro,1
magnuswestberg,1
Silverikas,1
Nasjossonjon,1
MikaelaSjstedt,1
_magnusjansson,1
smekman,1
Hannah_laang,1
CamillaMill,1
veraehn,1
Lerneby,1
GSfollowzU,1
ThereseRombrant,1
scepticnerd,1
lindereric,1
Kanelbullenn,1
Rulle86,1
liindqvizt,1
TomasNNilsson,1
MarieGranlund,1
tradfursten,1
Kiisk,1
KStutterheim,1
LeftistBitch,1
EricaForsgren,1
tantrebecka,1
sundbergdennis,1
Lucyoffcourse,1
polaritet,1
rejecter,1
virrigavirran,1
TraderPatrik,1
J_Lahdensuo,1
josefinlundh,1
UrbaLill,1
DavidHakula,1
ChrilleeeDahl,1
Bungalow11433,1
LifmarkFreja,1
PeLa66,1
jacobvonpost,1
annikajanson,1
PouyaKoucheki,1
AndreMillom,1
safvestad,1
JoarPetersson,1
Viktor9876,1
CAlfelt,1
martindock,1
Isacparker,1
SuneTheKing,1
HansFryklund,1
saraaljung,1
eriknouveau,1
ohmanjohan,1
CarinaManssonse,1
jocke1897,1
Riegosanches,1
tomaskarlsson12,1
Kaiser2takt,1
svanstrom,1
JohnGaltSE,1
PetraUppsala,1
TobiasBackman,1
Martin_Kinnunen,1
Ganglere,1
Debattmedvald,1
MarieOhrstrom,1
ozqaer,1
Bollden_97,1
SurJonas,1
AndersThoresson,1
rebeckavirsand,1
MikaelDelin,1
TOdgaard,1
RickTorpedo,1
FredrikFrangeur,1
HsnTec,1
FolkeJr,1
smokovska,1
ccheliasson,1
hanneklintoe,1
JacobWesterlund,1
race_stefan,1
titti_werner,1
pekkatuuri,1
santibanezv,1
LunaDianti,1
stefanronge,1
StefanF66,1
JohnHoudi,1
bewart_se,1
EHebbe,1
MellisN,1
ankiebrunberg,1
severealism,1
AnnaLenaHolberg,1
jp_sap,1
VenessaOkanovic,1
PeterCallerfelt,1
NystromMichael,1
ochraasy,1
reginasvag,1
hansenmats,1
Vizzel1,1
joakimmg,1
myskoxen,1
noahbystrom,1
Maria_Gustafsso,1
lizafideli,1
adorepaula,1
HelenaGoransson,1
Carl_Steen,1
RonnyLofquist,1
Cajo,1
FPaulsson,1
anetteback,1
FelixJonsson,1
mat_axel,1
anosou,1
jonasmathsson,1
SvDfoto1,1
JohanBcklund,1
socdalarna,1
sundinnelly,1
NymanCamilla,1
hkeye7,1
LudvigMontan,1
Nihilistan,1
MagnusLagergren,1
FKaldeus,1
UllahRedoy,1
SannaMagnil,1
FannySusanna,1
malvinabritts,1
kriminologfan,1
farnamjalali,1
krigsmamma,1
Avonbard,1
AxelNorgren,1
Syrienifokus,1
LarssonMiranda,1
maxentin,1
Robertstasinski,1
gabrieleurell,1
lundin_j,1
oscargullberg,1
bullfishen,1
Wewkelito,1
Sdrtlj,1
MaryLoven,1
BarretAnd,1
ekimcaglar,1
vanessanrdnssn,1
EODWehrwolf,1
wintertidh,1
alicepetren,1
AdamAhlberg,1
PiikHj,1
paulineknu,1
JakePasquinel,1
duffOo,1
szokak,1
LM_Nilsson,1
petterkarlsson,1
SaddiaLarsson,1
jensve78,1
ellaeme,1
AlexandraKerttu,1
shumlornaiv,1
OlaJanhall,1
GladeVilgot,1
TheFelixEmanuel,1
parvelito,1
monicalundbom,1
baskrud,1
CrisGras,1
CAndreasson73,1
SkarinAndreas,1
MartinMedrek,1
JanNordnet,1
UlrikaModeer,1
duregard,1
axeltidelius,1
toxisk,1
FredrikssonD,1
mariaskalin,1
aintbotheredby,1
JensTvede,1
Robert_Maricic,1
rullaruntiring,1
Annnaa95,1
Karinpetrovski,1
HarneskL,1
Mimmi_Thorlak,1
c_sollentuna,1
Johan_Gren,1
vegangeekgirl,1
Braesk,1
kajsa_pedersen,1
MHagevi,1
rebeckavestman,1
PayamMoula,1
michellebajs,1
isa_kling,1
jagduvi,1
linneasigrid,1
bp82swe,1
Magnus_VICI,1
JonChess,1
CorDolorem,1
filipstruwe,1
MagnusJson,1
MalinClarin,1
123carre,1
AdamSkold,1
Arenholm,1
FelixJeppsson,1
Malin_olssons,1
polisrazzia,1
carina_zito,1
therese_jo,1
digressioner,1
MerFriTid,1
AlexRatko,1
Leiftj,1
teveo_se,1
John82t,1
ostlundtheo,1
JuliaCharleson,1
evalisbjork,1
TheHobbit_,1
parsatara,1
Henke_N,1
kennyyhansson,1
Ellaritter,1
PhsStud,1
madeleneekelund,1
Silfverstolpen,1
hannahnordin,1
kvisten1983,1
KirtapPatrik,1
kvitterodjuret,1
MickeBJohansson,1
JLangstrand,1
Flyktingarna,1
annnafast,1
petercarlsson80,1
gazt1,1
SivertMssing,1
murriph,1
BertilKarlsson5,1
dakkster,1
theeriknicklas,1
jeanettesod,1
FiorisKompis,1
ceciliaskoug,1
MikaelStrandman,1
PeterSall,1
GustafRankeskog,1
nollnollnoll,1
ModeraternaUA,1
jonasbrostrom,1
mariakarlson,1
ErikDWG,1
RepF,1
Rektor_Wingren,1
snelren,1
lindhandreas,1
BrooklynHilla,1
sambasiken,1
afroturken,1
kajsafondelius,1
oscarwallin,1
hellcaesar,1
mariegrusell,1
tobiasoqvist,1
Hafen75,1
Slutpixlat,1
Patrik_Hiselius,1
sumpanskonung,1
jerkernilsson74,1
AxelEdgren,1
CarolineRang,1
attefjord,1
mattep74,1
Annahsven,1
_HANSHENRIK,1
sebastianmalcus,1
UlrikaLiljeberg,1
nikkinine,1
SveaKarolin,1
JonathanFerding,1
filimilia,1
kerstinh,1
AndersGroenberg,1
marcushagglof,1
Schultz611,1
Lekrum,1
barasaralu,1
alindholtz,1
SumeyeSalman,1
kallepop,1
tjafelu123,1
linnjorgensen1,1
bitchtanten,1
kallestrandberg,1
informatoren,1
mariaostby,1
Johannaskold,1
Strilsaker,1
Steen78,1
Krusebus,1
ToveDahl1,1
altibirdy,1
emma_edlund,1
kristinakerlund,1
Anbjorklund,1
alicearleij,1
Ahlbeerg,1
mattiasahlstrom,1
ivarsson_magnus,1
frassecontreras,1
veronicaofgavle,1
MLidson,1
danielhumble,1
leonardo_t,1
JoachimL1,1
naturvetarn,1
wikforss,1
Andersffs,1
naringsliv_live,1
TheKnaus,1
IdaCorreggio,1
JohanLarnefeldt,1
ferrytowns,1
JBjerhag,1
MarkoPaivarinne,1
IdaKarlbom,1
EmmelieCansby,1
nfm1337,1
DHenriksson,1
umm_zubayr,1
o_carra,1
honmedbrillor,1
HenriettaCahn,1
MatsPertoft,1
CasperTornblom,1
astrid_1337,1
EvaLagerwall,1
ChingShih,1
Silver_Cheek,1
tzunation,1
minnlajsa,1
agenda21jkpg,1
monicarolfner,1
uandwe,1
losatyglar,1
jooaakiim,1
ElstonGunnnn,1
lindaohrn,1
fannyhilding,1
joranfagerlund,1
SuperHampus98,1
elmindreda,1
RobertHannah85,1
KhHillberg,1
lakemedel,1
garbo23,1
SverigesRadioP3,1
cahlm91,1
patrictysk,1
tper_se,1
palicki,1
MadeleinevdV,1
CaesarEriksson,1
samuelsvan,1
tomasoskarsson,1
aboutagirlH,1
nummer22,1
simonruu,1
_Hanso,1
Pontaaah,1
fridasjostedt,1
adriboi,1
HPMarianne,1
mandalaya,1
authenti_city,1
m_arkusn,1
johnpekkari,1
AntonssonJens,1
AnnaFranzn,1
de_ilan,1
sol_issa,1
hejdejakob,1
njawik,1
IndraKullenberg,1
Krisse74,1
johnspitfire,1
TomasHenriks1,1
Sebastianjon,1
RaasmusG,1
GitEkstrom,1
MinnaLinnea,1
KasstromAudio,1
gustavnilsson2,1
AgnesSandh,1
freddefripp,1
brittiskt,1
axelssonelliot,1
oscarhagglund,1
ChwistianJ,1
PeterVPiscator,1
peterssonj,1
PetterssonErica,1
Laerdomsfull,1
AsaBaath,1
HbtsSormland,1
cklarsson,1
alexvoronov,1
PetterAlexis,1
stffnxlssn,1
HampusLofgren,1
VonkisK,1
Eponines1,1
mundisum,1
MagnusWalan,1
mohamudhajji,1
regnsjuk,1
lovisape_,1
leniz83,1
wejmo,1
eva_kristin77,1
MariaCardell,1
MBrynolfsson,1
atvarana,1
CarolineCeder,1
m_jern,1
MetaTunell,1
olofpalmskrutt,1
fluff,1
jonizzon,1
SvingPling,1
sjodinsara,1
AvarellDalton,1
FredrikLund1,1
pjolsson,1
nilsgustafsson,1
fejkbrunett,1
mettebarten,1
larvlars,1
robban099,1
vitkor,1
Johso76,1
LundgrenMarkus,1
carill,1
PKalliopuro,1
delastacia,1
jskogmalm,1
ericabuneck,1
LitteraturM,1
BJonasAlin,1
mlssn,1
idalegnemark,1
LinaPryssander,1
Tor_Borg,1
Sannaheld,1
lilldaphne,1
ingemarha,1
hugokrantz,1
Solrosuppropet,1
frokensverige,1
kulturgunilla,1
SaraMadeleine,1
sannaisasun,1
Lirsa,1
JonteDahl,1
wistikent,1
P4MorgonJKPG,1
BorjessonSofia,1
AugustALarsson,1
xdenwer,1
tidslinje,1
Christiankinch,1
erikawasserman,1
ChrissLindberg,1
zinizap,1
Emlidman,1
GabriellaThulin,1
Lanktor,1
Sarali_Hall,1
74Sofiae,1
PontusBerg,1
bjornfries,1
permagnusn,1
lamalj,1
LundholmErik,1
Bergmark,1
periskara,1
keriksson1,1
twerksexieber,1
FridaIngemar,1
JohanSSandberg,1
JosefineLarsso2,1
Mathias_Bohman,1
Turbosvans,1
MThel1,1
Ch_Bardeau,1
typjohanna,1
JockeM68,1
missperlan,1
Deap82,1
reganyare,1
M_Henrikson,1
drillop,1
BlymBadskym,1
KThizell,1
christerbryngel,1
unnidrougge,1
kristallisera,1
johanengman,1
mattosterlind,1
elsakarlsson92,1
jonwillliam,1
PillanHK,1
PatricEriksson,1
rareautumn,1
bettobaba,1
ChangFrick,1
sarajaysson,1
gustafgothberg,1
ddr_vst,1
MarcusBacklund,1
pernilleberg,1
ChristinaSaliba,1
TFEasterbunny,1
MarkusDuseus,1
chirre,1
annamelinju,1
GustafWiklund,1
CarlWennerberg,1
RokkaPhett,1
ulfroosvald,1
HugoFredrik,1
crstlund,1
MINUHE,1
visserligen,1
OmKlass,1
samikorpela,1
L_Dahlgren,1
xjedilamax,1
Melanderelin,1
NinnaJansson,1
JonathanMridha,1
sandlyckan,1
CSylvan,1
snowracer,1
Waldheim,1
j0ckoo,1
Zolfagary,1
emilerdtman,1
Unicornsparkle7,1
TheresaPalo,1
LouiiseLindblom,1
IngelaWretling,1
EdvallM,1
MarcusLantz,1
samuelengblom,1
kevspe,1
YlvaKatarina,1
chisp,1
thelabello,1
FuadTheKing,1
kattisastrom,1
robinkantola,1
kringlan,1
DavidHbrg,1
brk133,1
eriksson_henrik,1
f4bb3,1
GustavFrykholm,1
syrgasaren,1
MikaelThunblom,1
martin_hassel,1
varrbetare,1
PBwallKonsult,1
filipsv,1
timpeep,1
BaalZeBubble,1
johanlif,1
larsjennfors,1
LoveBenigh,1
Haskan76,1
maxwenzin,1
CalleMartensson,1
Kamoloo,1
AxelLundberg65,1
LisenStr,1
guimaraes_sergi,1
S_quas,1
QueenOfelia,1
EricaHallback,1
ChampionOfFeels,1
OveViklund,1
Christian_Lindh,1
soffbordet,1
PersonenK,1
Juggemamma,1
axelbandet,1
jonassylven,1
Oscarsson918,1
svtkobra,1
FlyingMartin,1
OscarGierup,1
MarkusBlom,1
Ssvedberg,1
dceder,1
adebisi1891,1
agendum_energi,1
Lite_catchy,1
MioLuther,1
Karolina_N,1
Gyllingmarkskan,1
SzulcArtur,1
HeddaHenriksson,1
RobertSchmatz,1
Sarathul,1
OlovMolin,1
Helenared2010,1
ottoson_micael,1
karinekstrom,1
ErikBrjesson,1
emmaberginger,1
lovvannilsson,1
farmerhillsea,1
come_2_mommy,1
matildakf,1
MJSAtw,1
Jakobsson1923,1
herrbjorn,1
TeresaCarvalho,1
Magdelone,1
gertmansson,1
RasmusJoens,1
EllenBrantemo,1
rshirwa,1
ChristianWahls,1
ULindberg,1
EbbaLillemorG,1
tobbeterror,1
LoviiisaJ,1
Oskarryden,1
SGoteborg,1
RebeckaNilsson,1
Hoshiareliassi,1
infoStrom,1
Andreas_Cerny,1
allushen,1
GustafReinfeldt,1
trebor2hack,1
kimblomkvist,1
niklaswik,1
glitterfittyn,1
sbsap,1
Sebulonius,1
GunnarBradvik,1
hajanders,1
MSelander,1
gunvorengstrom,1
davzimmerman,1
r_hellqvist,1
t_sucre,1
i_min_skalle,1
magnushammarb,1
CharlesPylad,1
Lars_Gare,1
JonasHansson1,1
M____i____T,1
LinneaLundstedt,1
angielindberg,1
RebeckaGu,1
towliee88,1
Emmasofiahelena,1
hakanbergman,1
tusentankar,1
sonevik,1
Nettan_35,1
memkarolina,1
LolaBolmstedt,1
sebbemattson,1
DAVIDKARLOSKAR,1
SveElevkarer,1
emelienii,1
VastkustenHstd,1
Haga_Initiative,1
ebistrom,1
HenrikLander1,1
lina_mathilda,1
YetiMoonchild,1
TheDKAJ,1
ReineHindberg,1
YvonneBorg,1
Dryftar,1
charlotedasilva,1
Steff_Man,1
LeifHBlomqvist,1
MatssonOscar,1
SaveBabyThor,1
TorAndreasson,1
knutmia,1
MrSnygg,1
PaiviWiberg,1
utslaget,1
NiklasNordh,1
ParkerAndreas,1
Tuface,1
Skepterik,1
Wildcattin,1
perstrangberg,1
gasolinerain_,1
NiclasTadeusz,1
EmilVMark,1
fannygunnars,1
KitForsman,1
Alicelunnemark,1
dagevag,1
Zlingan,1
TonySchlyter,1
AmyJerneborg,1
thedeeniz,1
AnonOpsSE,1
Jarnkamin,1
juliahellmers,1
MickiWestholm,1
elseammor,1
per_holmgren,1
sgtblake66,1
annikawahlin,1
Kuzzeln,1
DanielBrath,1
JennyRingstrm,1
KroghLisbeth,1
robinbylundLFC,1
sderbck,1
upsala78,1
PhixxMusic,1
eemmaskoglund,1
Elmanch,1
gmolisch,1
Veloman72,1
enstarktrost,1
AnnaZoila,1
mattiaseilola,1
olofssonpeter,1
KlaraThor,1
fridaojansson,1
petteroestman,1
nilsson10alex,1
SofieNilsson77,1
agnesnilssson,1
Albinbostrom,1
Walleriwall,1
BejaGson,1
FBjorksten1,1
axelpershagen,1
bergstromlisa,1
kortochkoncist,1
Levihielle,1
MariaPleiborn,1
MarkusSandh,1
majaekman,1
nejtakt,1
Thenilsdc,1
ErikSandblom,1
JGeiding,1
jorgenmahler,1
allanlindgren,1
6kirsak9,1
Outtalad,1
JerreHof,1
johan_norberg,1
AlienSyndrome,1
ottobergman,1
Oskar_swe95,1
Leo_Gbg,1
charlotteulvros,1
RVladareanu,1
rufuscade,1
ParWahlin,1
barrew_,1
711213,1
RdBobb,1
themagicalAgnes,1
DJBloomingdale,1
maggansimm,1
Gnagetsson,1
FelixSamuelsson,1
botticellipunk,1
Hejjjulia,1
Clavissimo,1
piotrzaleski,1
MiaMelander,1
hackeander,1
Braallan,1
martheng,1
martinssonfelix,1
petterkellgren,1
entreprenororg,1
Betteloppan,1
AdamJosefsson,1
AsaEngstrom73,1
Simon___Dekk,1
hanssonmimmi,1
MTonnheim,1
FruDonner,1
fluffynuttery,1
Kronbladet,1
norrmalmspolis,1
moeeni_ali,1
LordHanna,1
Juicefins,1
IIChriZZII,1
BonsDaniel,1
ParHolmgren,1
VMitrevska,1
BranoSe,1
kohannis,1
sannnamari,1
Christer_C,1
sundholmjohan,1
Halloj_Inger,1
FransWinsa,1
marlyfo,1
samfors,1
JessicaGarp,1
MORoese,1
Froean,1
namatoj,1
adrianbahtiri,1
Qwiez,1
pagnes,1
VitkovicJ,1
soadebisi,1
Patrik_Hansen,1
ThMcDon,1
Mkjp78,1
amcaunicklas,1
mariapetren,1
underallkritik,1
IdahMagnusson,1
RobbanMart,1
SvenssonOla,1
Textarbetaren,1
MAtSniffo,1
HeleneHalling,1
Piotranden,1
e_alexandersson,1
nicklas_jansson,1
sanasuljanovic,1
VeraJRegnell,1
micaelgrenholm,1
DamgaardAnne,1
sannaic,1
JohnLng,1
CamillaHakans,1
EvaReimers,1
olaskoog,1
lippertino,1
skovderita,1
hartinmansen,1
slumpnavigator,1
FUCHILI,1
sannac,1
Samthefabulous,1
elfvendal,1
AxelssonJohan,1
Stell_All,1
Saimurajen,1
MVasara,1
leo_ellen,1
osthead,1
Eriksson85,1
Arre_B,1
ThereseFors,1
David_Isaksson,1
IngerWadis2,1
Lacontest,1
AlbinAskJun,1
moaabergmann,1
Skoglund84,1
rikardlinde,1
2pom,1
mangeriksson,1
SusanneNystedt,1
zara_bergman,1
AnnaMalmborg,1
LiseHakansson,1
foretagarna,1
AnnaRegn,1
Otadlig,1
tittischultz,1
andersolss,1
jonas_back,1
AnnelieMattsonD,1
bozzmozz,1
madanee,1
FrkMlmqvst,1
Manda_O,1
gustavforsblom,1
HemmeBoy,1
123Paivi,1
sgt_mac,1
hejfranna,1
gladjedodare,1
msSophyn,1
Aftonbladet,1
HOBernhardsson,1
marika_larsson,1
EK_74,1
StenssonAnders,1
miaklaesson,1
krisseheterjag,1
Smorfabrikanten,1
fritzov,1
MinnaSoderman,1
RebeccaWUvell,1
mosteri,1
PerClareus,1
louisedahlborn,1
annasoderstrom,1
AmeliaDegerman,1
MillaMarzelius,1
EbbaRagnarsson,1
Demofon,1
mafrmalmo,1
PatrikHallmen,1
Eskafi,1
molbimien,1
HolstDavid,1
livutanbil,1
jonaslantz,1
tusendagar,1
JohanOForsberg,1
FGorgiz,1
emilisberg,1
LitenDuva,1
SKollberg,1
sarasatmarah,1
uhallin,1
Lovisanilssonn,1
AnnaKarinMM,1
HEneroth,1
AndersDiamant,1
owelinton,1
uberjolle,1
CarlEngstroem,1
bergvallevelin,1
Erusolcsid,1
DalilaBasevic,1
Morrica,1
DavidAhlin,1
Elinatomba,1
andreashogena,1
AnneAnsan,1
lgronqvi,1
o_forsberg,1
Shuukaku,1
DSetterwall,1
hoglundskan,1
perbertil,1
ivarsson_k,1
Mr_James_Banana,1
Argapolisen,1
NenneSk,1
idaleijon,1
IASockertopp,1
md2perpe,1
dennisrydgren,1
opettersson_93,1
DrMuu,1
BesartaDauti,1
erwinhun,1
josredi,1
MartinBucht,1
MattiasFagerhol,1
halfvars,1
albertjohansson,1
tonymasud,1
Stellagbg,1
A_Engman,1
J0N90,1
Fokuspplus,1
FlipLarsson,1
BiraGepe,1
EwaLeena,1
MzzMeeGbG,1
ullek12,1
JohnnyLindqvist,1
eotterdahl,1
Gotberg91,1
ManneGerell,1
EvaGKH,1
ad0lph,1
lottenekelund,1
frankdegonzo,1
RogerUhlin,1
JossanKson,1
anderswjonsson,1
krillekriminell,1
anna_annakarin,1
licaad,1
Borrby,1
off2off,1
allaheteranna,1
happydrea,1
mSaleemJaved,1
Hampus_W,1
ErlandssonC,1
Sherpan,1
ErlandssonF,1
antonssonen,1
Jobannas,1
belsebub_,1
fiskposten,1
svenssonjacob,1
johanseidefors,1
Hardrocksrobban,1
elinsayfoor,1
hejvasse,1
hanneulrika,1
olssonlinnea,1
alkelin,1
niklashaak,1
MissAnderberg,1
nitramlundstrom,1
malmhatt,1
V_Fredriksson,1
SundbergViktor,1
P4Anna,1
martinrambrant,1
JesperWasling,1
VWennberg,1
FredrikHiort,1
HansLuthman,1
hackthegibson_,1
Larshamre,1
MichaelaSandell,1
SelmaJenny,1
Battlern,1
murmastarbo,1
LisaPernbrink,1
froderik,1
klumbies,1
Adrianlindblom,1
tuvimaze,1
EmmaGilland,1
frihetlig,1
pluddrik,1
NordinVictor,1
DeadSn0wMan,1
jensfinnas,1
MariaLilja2,1
jennymaria,1
RobertRoos_,1
g_erlingsson,1
nyywille,1
Oliver_7iL,1
YvesMichal,1
larsbilting,1
empner,1
Cronert,1
theAncientGamer,1
MarjanSvab,1
mediesverige,1
NatalieRoosH,1
SR_gmvarlden,1
PCenterwall,1
SaraMSjolander,1
PaulaWahlgren,1
JAlpstedt,1
EgoCentriken,1
einjen,1
JoelLenell,1
frosegard,1
elsaskagersten,1
Birgit_Sievers,1
lisajkjac,1
Henkutt,1
1rumlan,1
hej_gulsen,1
lillakatten1,1
1989_Mikael,1
JohanGJohansson,1
PetraOlsson_1,1
martinahlstrand,1
Lejonens,1
hammarskjoeld,1
Johanneslun,1
ronjamartensson,1
eweslien,1
cander414,1
kajzilla,1
jimmyakesson,1
RogerMSvensson,1
Albrechtson,1
YlvaJohansson,1
heidiavellan,1
blondadreads,1
thommyberglund,1
ErikLakomaa,1
Erasmie,1
tony79h,1
LottaHelin1,1
fredskronk,1
hot_chipotle,1
kooock,1
oskcar,1
mastermind___,1
desillusionism,1
drlaser,1
MarcusTorngren,1
hpirmosa,1
ChrisDulny,1
PatAndersson,1
HelloAndy,1
G_Smurfen,1
urbergsgruppen,1
asapjulle,1
JoakimHorsing,1
TheDerw,1
fredrikjonssons,1
pingvinletaren,1
YSjkvist,1
Nickeicke,1
anton_warn,1
Melleboyen,1
ceciliaaxel,1
SHMSweden,1
saol,1
PetherJonasson,1
cederlund82,1
LinusSamuelsson,1
sjhankinson,1
nnniklas,1
sir_montezuma,1
MariaHaNielsen,1
HenrikMagnuson,1
JohanBengtsson2,1
mrManner,1
poorwellian,1
Nicke194,1
EmmaEmanuelsson,1
himmelsbla,1
varberg_afk,1
ellienilsdotter,1
moderatkvinnor,1
Lakritsbiten,1
MrChairman_,1
mathildawallen,1
petterovander,1
kriaspaa,1
NathaliSwe,1
HemseAnton,1
FriskJohan,1
gabriellamelle,1
MalinOsterlund,1
annaevaolsson,1
Nyhetsspoilers,1
ehagerstrom,1
MariaCMaric,1
fredrikedin,1
PettanStromberg,1
Vysotskij,1
danapersson,1
PlusSchteekarn,1
MarkusLandgren,1
frrral,1
LinusRehn,1
JesperMarksell,1
PeterRosdahl,1
anarfox,1
RolandRolls1,1
rringqvist,1
hildathomsson,1
Gullisbaharen,1
EkbergM,1
TattiPersson,1
MViberg,1
CKRunners,1
Pettfor,1
Sebvilhelmsson,1
PollyTjernberg,1
Erikihno,1
krislin8,1
BckJoh,1
CamillaLouisa,1
rolffred,1
SVTDebatt,1
uffe_r,1
tigerbalsam1,1
CarlMelin,1
nsollum,1
AndersWockatz,1
annmarimaukonen,1
Tantfarbrorn,1
GoldSharc,1
wedholm,1
kkajsalisa,1
ebbalfquist,1
AxelMatstoms,1
emargard,1
vilmaejdeholt,1
asamariaolsson,1
parljung,1
MonaBehnejad,1
sofiakalen,1
Smalanningen_,1
ingelaplingela,1
a_jennische,1
LindSamuel,1
malinericsson,1
elincajsa,1
KanManForandra,1
wermler,1
Dave1bs,1
FrkenP,1
JivrFriend25,1
Lundstroems,1
IsakOlsson,1
HannaBrus,1
ElinRoss,1
lisasipari,1
evacuneva,1
jimmybucher,1
JackSallstrom,1
MariaNorstedt,1
ingridmcarlberg,1
amaandabelieber,1
tiomilaskog,1
SaraPersson0,1
katarinaonils,1
vickttwitt,1
ulrikagood,1
Stefan_Laurell,1
Martins_twtr,1
mirjamnilsson,1
parabrahamsson,1
okkemj,1
mackeemackee,1
PiaLaurila,1
Karlosterberg,1
MrByxa,1
AgnesCsson,1
bokstavstrogen,1
Cixit,1
gytepr,1
aengstrms,1
Engman_tycker,1
agrenwikstrom,1
omgdillchip,1
jonaswiren1,1
GU_SthlmsStad,1
gurragrus,1
MacahanZeb,1
DNordstrm,1
hsandahl,1
Lararforbundet,1
CarnegieFonder,1
JFeltenmark,1
AWaldenstrom,1
oktavpuss,1
kollenhag,1
paulinanyman,1
urbangranstrom,1
ilger,1
tom_hellstrom,1
sunefrack,1
martsson,1
lundbergskt,1
erkstam,1
myrigt,1
vilkencalle,1
samesame94,1
trulsolterman,1
ADropOfAwesome,1
ToBBe2012,1
LinusH1891,1
agummesson,1
SaraDM,1
NotDeadJustYet,1
JohanRindborg,1
johanklintsater,1
Vastaja,1
Bellget,1
incandescent87,1
PerEdberg1,1
tijanazelic,1
PhilipSyren,1
Mariawiksten,1
MarreCJ,1
NimaVasseghi,1
Siljuren,1
Habbehallberg,1
FritteJ,1
Dan_Epel,1
davidcarlson_,1
JStenlund,1
motvalls1,1
Hypno2013,1
StephenUtter,1
kaffekvarn,1
cyberworker,1
janbanan2010,1
Emilandersson14,1
SaharShirani,1
3ntangled,1
Modday,1
KarinAase,1
Lilliedahl15,1
blobarsmartin,1
classeclaes,1
gialuhr,1
HarStefan,1
thomassjoberg,1
Felixlindwall,1
hessleholm,1
offerkofta,1
SolbergMartin,1
algskit,1
ChrisHolmen,1
Visselpaj,1
hannesschultz,1
k_housset,1
evarehnstrom68,1
CamillaRagfors,1
Samuellindh,1
sthlm1425x,1
lexorcisten,1
HFridlund,1
Skolving,1
tobfag,1
MartinSorbom,1
maestrouhle,1
ClaesBerglund,1
annabremborg,1
Kodhantverk,1
karinmattson,1
pidda78_peida,1
MalinNorfall,1
HelgaGimse,1
kornavljus,1
NordlingOlle,1
juliamodin,1
ebba_f,1
fburell,1
JosefssonErik,1
Merissa__K,1
Sanniiie,1
JesperGyberg,1
eohlins,1
danielsjoman,1
HenrikGrape,1
lindahljohan,1
Bjeodor,1
marcuspriftis,1
ameliajosefine,1
Linhem,1
jepettersson,1
jjessieeq,1
Cornubot,1
AdamHillawi,1
SmithBeatrices,1
industribolaget,1
IngridIpa,1
carlbacker,1
Scorpis1,1
Soulfly5,1
MattiasWahlgren,1
jordensharrar,1
moamattsso,1
danneviten,1
DonEbbot,1
emileriksson,1
ojhannes,1
Lagnebo,1
Mejern,1
KlasArvidson,1
christolsson,1
anderski,1
svedberg11,1
EdvinJensen,1
erikalenrud,1
janlenander,1
ceciliabostroem,1
RozaKita,1
Guido_Guidos,1
ABjrnhag,1
fvmalmborg,1
MangeEOrebro,1
TopRT_SE,1
catchfjolla,1
linneamorth,1
lindkvistan,1
matshenricson,1
MrJanGoransson,1
MartinEkelin1,1
perstar,1
kexpla,1
EmelieHenning,1
nebengtsson,1
Fredost,1
FeliciaMatte,1
nellyjenbrant,1
KTimjan,1
backeby,1
DPersson_,1
PetterBjerser,1
salmose,1
pontuscroneld,1
two59,1
tvknarkaren,1
adam2_michel,1
floraldisco,1
Chronoo,1
KickiNordmark,1
ETeklehaimanot,1
tambitch,1
agnesfrandsen,1
stellanjohans,1
johanwestman,1
Adolphson1,1
emelieheklund,1
Neondiod,1
maddesundqvist,1
Emfra,1
davedazzled,1
KlaraJunvik,1
joahil,1
anders_stahl,1
emmasjoestedt,1
lovisasohl,1
dawlish,1
FredrikToller,1
svtulfsandlund,1
rogerlisa44,1
JohannaSjodin,1
Jeneroth,1
Grim1891,1
classyacting,1
AnnieSall,1
saharadjan,1
RoseWidlund,1
anneramberg,1
Therez,1
RasmusFranzen,1
uberNrd1337,1
TobiasSwensson,1
AndreasGreen,1
tholsson,1
ViktorAaberg,1
Unanderp,1
MattiNilimaa,1
PiaBorrman,1
davidstuartd,1
mattias,1
Kransdraken,1
kjellojohansson,1
fasterud,1
jljunggren,1
sdmalmo,1
jespgunn,1
martinsaldin,1
Helvetes_skit,1
iamierodriguez,1
GustavJorneskog,1
fnsld,1
hejhejhejehhhh,1
LudwigTiderman,1
TiinaHuynh,1
JohanNissinen,1
bricken72,1
malinohhman,1
onemolin,1
Jervelius,1
TrnqvistCamilla,1
fihnfotograf,1
emeliesvanerudh,1
vilhelmhanzen,1
MartinForssberg,1
pokarlsson1,1
Wintersparv,1
ostlund_se,1
MatsAndersson15,1
Ulf71,1
simonbertilsson,1
DJLeafy,1
Wepeponken,1
FranskMat,1
JoduVirre,1
mellisdl,1
neabryngnas,1
Tobiasgerdas,1
KalmarMari,1
markuskarlssonn,1
lottenfowler,1
beccaokon,1
Erik_Nielsenn,1
tord_kollar,1
dreedle,1
szwarcwald,1
StefanRumander,1
LovisaOH,1
tobbehenriksson,1
petesven,1
Madeleinekedahl,1
FritteFritzson,1
gregsboredom,1
fr3drlk,1
juliafiskaare,1
Lyzmelk,1
TeacherMe2,1
JaneKMM,1
John_Lindblad,1
DanOxing,1
StbyJessica,1
JohanKovaniemi,1
HermanssonP,1
Mats_Lindh,1
KoLotta,1
Defhum,1
upponero,1
daniels_maria,1
petterohrn,1
AnnaEHamberg,1
martin89er,1
lunth,1
LaderlappHen,1
Axdorff,1
EmanuelRosn,1
marievackermo,1
moberglinda,1
UlfOskarEmil,1
albin_gm,1
dandersson87,1
Kullshage,1
robincederlund,1
aronlevander,1
nergiz_g,1
Wikingtony,1
CarolinaLandh,1
mkennerfalk,1
MangeBe,1
tovemellgren,1
Based1989,1
sjoodin,1
beniswe,1
Tompew,1
DonnySjuan,1
AxelNNilsson,1
hoeigaard,1
Mutt30,1
czarnold,1
Storseglarn,1
johanlundin89,1
Anki_111,1
msKavat,1
PersusNine,1
Carrolisa,1
lillliis,1
ulliso,1
ElinLudis,1
lindqvistjohan,1
asamattss,1
Forlavladir,1
bjornfriden,1
WesEmma,1
ShilohTT,1
sselmasuljevic,1
deadzedn2,1
fillepet98,1
cyberellie,1
Epicmeganoob,1
SaraLiljeblad,1
spinnarens,1
PalleLilja,1
softabananer,1
sarabilges,1
Stig_Olov,1
007Oc,1
johannajolies,1
IvarssonErik,1
emmaaronsson,1
dvdndrssn,1
mittispenaten,1
SusanneJamsvi,1
MimmiMuleta,1
enstigen,1
DanielVergara26,1
Nejnas,1
linneahanssson,1
eneriarv,1
Andreas2Dahl,1
Engvall_P,1
toktesse,1
Echo,1
carlsson_harald,1
OskarSimann,1
tasspuss,1
psykmus,1
da_nrd,1
fridaarndt,1
mattisdiver,1
Harskarteknik,1
AnimoEx,1
GladasteKlubben,1
jakobssone,1
baloneytunes,1
paisleykatten,1
HerrHultberg,1
jarkeborn,1
klaralagergren,1
mariahfransson,1
claeswennberg,1
anniaksa,1
sialaang,1
roza_tweet,1
NGunnarsson,1
JennieDorotea,1
Elinb,1
OskarCederblad,1
Drejmamman,1
ollipekkak,1
Rodimisto,1
a_bergman,1
dannelindback,1
CeciliaGrahn1,1
EleonoraElias,1
pappakaoz,1
JohannesBstroem,1
delhag,1
HelsingborgsIF,1
RacerBerg,1
bibbelbubbel,1
Gestaltarskiten,1
BjornDavid,1
ifsverige,1
Raasmus,1
timebeach,1
AkutStefan,1
SarahHaggdahl,1
danwboter,1
AlgotThorin,1
LarssonFlink,1
kurrkurrkurr,1
stenlinnea,1
FokusSusanne,1
norberg1970,1
thomaspersson71,1
pihesvt,1
magnushjelmare,1
northrelay,1
Ashnosh,1
peter_7683,1
JCalminder,1
9hyx,1
CassandraFreyo,1
sofkha,1
Gustav0lsson,1
gabyboijsen,1
Wendelborn,1
EvAlv1,1
ThomasHagnefur,1
mammapavift,1
LivAskW,1
kerstinfrz,1
AiEcoMind,1
FagerMarcus,1
emmaevebergman,1
hagnestaheII,1
flugnet,1
AlfLindgren,1
airkomvux,1
smpkokmfb,1
febervarm,1
jarnspoke,1
LilleMats,1
KimLundin,1
AnnaRGuthrie,1
Johanekholm95,1
goranhagglund,1
CSelius,1
IdaOstenberg,1
ToBeSkill,1
clarastrandros,1
FiaHippie,1
Knipplebo,1
johannasten,1
DelvinArsan,1
MoaDuvarci,1
PetraJohansson5,1
gabriellarosie,1
Atheragram,1
Ylan,1
JMannberg,1
TimesareChansin,1
hans_g,1
elin_berggren,1
Schmuuul,1
akokalela,1
gjutterdal,1
lars_bengtsson,1
JimmyBjorklund,1
dannewidell,1
Puttenr8,1
StellaNoise,1
patrikmalmberg,1
h_senor,1
Hampus_Westman,1
BjornVikLarsson,1
hakanpersson,1
kapriznaja,1
mensbarn,1
astroq1,1
peckapunk,1
danielmybrother,1
ryderstedt,1
KHoxter,1
viskot,1
ffannyhahne,1
Claumjau,1
gbergin,1
JensAdamik,1
RLeijon,1
CKallenberg,1
AnnaAnnavision,1
gvonsydow,1
Mittswe,1
Duvadde,1
erikssonzebbe,1
AndersKarnell,1
AngelicaNeville,1
Brandmannenola,1
florrinne,1
thelifeoflouise,1
partipartiet,1
P4Karlavagnen,1
wanjalouise,1
melmen,1
otippad,1
OskId_,1
rsoderlindh,1
Mathias_Sundin,1
keeliseax,1
stadsfokus,1
Merlinburen,1
jonaskullinger,1
magotarmfyrbo,1
kittym0n,1
monsterfisk,1
pontus_k,1
pelargona,1
johneidering,1
Skegamer,1
meelinl,1
marterne,1
rickardnordin,1
jozolito,1
simonfors,1
MaxCollberg,1
JRBAndersson,1
jimmyforsman,1
Vattenstorm,1
RTsomalia,1
emma_sundkvist,1
primus_hl,1
JuliaSetterberg,1
sothjela,1
fillyfail,1
MaEdberg,1
MadNettan,1
neadedu,1
jossanberglund,1
Hans_Franson,1
emmalobro,1
Malla3000,1
annahult,1
MiriamKollberg,1
michaelafletche,1
F_Stankovic,1
gustaf_haglund,1
Eva_Lindh,1
klasskeppar,1
spurtaque,1
victorkennmark,1
drjakoby,1
agyy,1
juliaabergg,1
DanielKlaar,1
MonicaHeim,1
AxelLundell,1
sofiah687,1
robinmannoun,1
AdlerAdam,1
Kabuchiimaru,1
jakobolofsgard,1
mariaziv,1
hebbelito,1
jockepetersson,1
joachimgillow,1
emilsall,1
Anette_Frank,1
RubaAlsallom,1
svtplay,1
PinakH,1
herman1904,1
LairdJonas,1
PBergsten,1
BjornBergdahl,1
johannag93,1
rasmusfaeldt,1
KHagroos,1
AkeLander,1
EmmyRasper,1
jonasson_lena,1
karinlilbridge,1
dhjerdt,1
N_Samuelsson,1
Shadilly,1
TheRealRomina,1
schoppy,1
MarcusSHjarne,1
HectorJunelind,1
KarkandKrister,1
erikgranbergs,1
SAttefall,1
PernillaMarcos,1
GoldenEnchilada,1
thuresson79,1
kraeftan,1
MoaBreivik,1
johank76,1
blindbank,1
oooanna,1
ingrid_zander,1
RHedenqvist,1
Edholm,1
OhBoyLouise,1
torgnylandin,1
ellaw98,1
joshCarlsson,1
WMediaAgency,1
putslustigt,1
ellenejderbring,1
sppis,1
ElisabethLindb,1
mickenissen,1
Carlzim,1
itssaraD,1
lobbymaktieu,1
Mats_OlssonV,1
mwiie2,1
jjosefsson,1
AMalmkvist,1
vardagsmat,1
emilnordback,1
agnesmolander,1
parpih,1
Peterkpm,1
blbolka,1
isnabel3,1
Nilsson1Maria,1
lenais,1
FilipBjrne,1
addjenny,1
oskar_torefeldt,1
norbergjonathan,1
karro75,1
PySovgren,1
CasperEngstrand,1
nation_innov,1
MPoromaa,1
emma_lundberg,1
samadalab,1
MC_BrianCobb,1
Martinkits,1
SofiaSegergren,1
dorte_a,1
TEklf,1
Torri86,1
villduligga,1
JonathanKlemetz,1
niklasvelcic,1
asekarin,1
tuckybrother,1
SimonMogren,1
Filika1,1
12Arvid,1
Westerlund6,1
Ulfhambraeus,1
MiccisAndersson,1
AdamTukukino,1
idamork,1
ElisaAndersson,1
oreimer,1
carolinanilsson,1
Wodday,1
tildehansen,1
Magnus_Lejelov,1
knorrrren,1
_PeterL,1
supersexiicool,1
petersvardsmyr,1
ozznujen,1
PaoloPissoffi,1
punkhultan,1
j0nasgustafsson,1
JMorgard,1
sarawahlin,1
peterstell,1
Pragmaten,1
twlena,1
H_Alexander90,1
maria__blanco,1
Vrdagjmning,1
srfriks,1
eriklofmarck,1
antonialundin,1
vbrandberg,1
HelenaSundstrom,1
SidiStoor,1
chsamuel84,1
AntonFahlgren,1
emil_jakobsson,1
SocialLiberalt,1
bjooorsa,1
Wiik75,1
frehed,1
Medslatt,1
jonaseriksson,1
ylvahagstedt,1
rdamberg,1
Edmastah,1
JasmineKadra,1
LenaEMattsson,1
frkJagemark,1
shlstrm,1
savvitjejen,1
kaiv_apu,1
shonnarvet,1
KrutErik,1
johantwi,1
bredefeldt,1
Gladh,1
PhotoJoeSweden,1
asehelene,1
Sara_Damber,1
leif76,1
Skallfraktur87,1
soderbergstefan,1
NiklasHaglund,1
jeppe_kling,1
OveRubing,1
sandracecilian,1
bjorngrafstrom,1
Micke_Holm,1
Remington56,1
MathiasKoeppen,1
LinaJasmina,1
TSilverbage,1
nickenordmark,1
fahimehnordborg,1
AnnaRohlin,1
Creutz,1
mibrant02,1
Queen0fS,1
AppyTjue,1
soffelicious,1
JesperLiljedahl,1
lindvall63,1
luigiixcot,1
LindaEklund,1
naivamolly,1
Hento90,1
elenalovholm,1
tomasfinger,1
IsmailBazine,1
OmidRice,1
MarcoBerg,1
jaghetermaria,1
karljonathan,1
lippieplippie,1
msjogr,1
Spionfisken,1
ingridlandin,1
LinTek_KO,1
Radikalatom,1
chtano,1
fridajohanss0n,1
RevisorLavin,1
ellwe,1
maisme,1
SomaHoss,1
SylviaRezania,1
MarcusElving,1
Dan_Munter,1
lina_rask,1
RikardN,1
heleneclaesson,1
HUM4NOID,1
surgubbesnaggen,1
etak93,1
jmjobring,1
MUFHalmstad,1
DanPetersson1,1
Framklingan,1
elinangelika,1
AnnaKornung,1
tobias_jonasson,1
rolfandersson,1
376Ld,1
hugolaigar,1
psykosmurfen,1
PeterJutter,1
rex_gossamer,1
GussyRiot,1
BDahlen,1
ingemarson,1
Philipanderss0n,1
JuhlinAnna,1
TribeTestMgr,1
Jmatsjons,1
SandraWanderoy,1
MattiasBrehag,1
eddynehls,1
angelfalken,1
JennyWennberg,1
JkpgsFramtid,1
Rallarrosanna,1
pnzamba,1
JohaSund,1
CarlssonEva,1
chrisliljeback,1
axelschennings1,1
Gabriella_F,1
eriklindgr,1
ann_jonasson,1
helenahagglund,1
varldsmastaren,1
PappaFixarAllt,1
JonnyPersson1,1
BillyEkstrand,1
inger711,1
SR_P1morgon,1
doppler3ffect,1
Fritidspedagog,1
Hammarn5,1
filiplaurits,1
LeiliFalsafi,1
Fhlander,1
gabrielwberg,1
markusmyron,1
JonAndSD,1
hata_allt,1
oskarthorsson,1
LEnaReyier,1
HugoSellerberg,1
Weiderstal,1
GrandeGrosso123,1
adielsss,1
elmusho,1
TomasNyberg,1
ceellinormehren,1
Rayemode,1
tobeasthem,1
JoakimJakobsson,1
sotpojke,1
AnnaAhlstrand1,1
davidwastberg,1
96lundstedt,1
Anna_Su,1
annajase,1
malmsjocaroline,1
paskhare,1
EricJibor,1
monsandy,1
osklarss,1
sofiaviolence,1
Gurrewe,1
sarahedicke,1
DennisDioukarev,1
Linus1888,1
D_Cannervik,1
signeuneus,1
nuringerdet,1
Muckmaan,1
KN86,1
baramail,1
CarolaIsaksson,1
PeterHaiden,1
Sthlmsyndromet,1
BBjurling,1
AgnetaIsacsson,1
ThereseSofia,1
hallqvist,1
Herravaldet,1
Zukram97,1
erikbeee,1
aevlina,1
josefinecarnolf,1
martin_mums,1
bjornewh,1
ankiahlin,1
Mats_Ingels,1
ChristerSvens10,1
GustavOlander,1
MarleneBurwick,1
JanLindblomSwed,1
beautifulstay,1
Jensapojken,1
MBergenstrom,1
StinaBritt,1
MatsGriph,1
Teratologen,1
Al4rma,1
repulsiv,1
kikafika4real,1
ibland,1
KatjaIsacsson,1
KarstenKarlsson,1
somabahrami,1
Mattias_Holmen,1
HjalmarFalk,1
twittmandis,1
eliasfrisk,1
Hanna__Amanda,1
robertsjostroms,1
FriskaArbetspl,1
oscarjjanssonn,1
siridir,1
hillerbrandskan,1
Staglaberget,1
KalleForssell,1
alexraberg,1
johannalakso,1
HansSundgren,1
JArfwid,1
jeakrantz,1
Mathildaagnes,1
victoriagreve,1
FallmarAnders,1
matildahermanss,1
FredSthlm,1
anneliehansson,1
EdwardKllstrm,1
filipcarlen,1
FilipBeijer,1
lottap4,1
piknik_se,1
LinneaNabo,1
karinohman,1
MrHellner,1
mbcoster,1
AmandlaCassel,1
joelhulander,1
argaPetra72,1
PStalhandske,1
taggenlarsson,1
IssaBloom,1
FilipStenmark,1
KajsaKex,1
AnnieTingstrm,1
Lasse_Lundgren,1
oskarolssonn,1
zuzanapol,1
JonkopingsPost,1
linneabrnnstrm,1
jussikarlgren,1
Thompeding,1
kattapult,1
SelmaCharlotta,1
magnerik,1
sjufyrasju,1
opheliacfaerie,1
PeterSundqvist1,1
drojkov,1
GUSthlm,1
m_wettergren,1
ek_jerry,1
konsthen,1
B0ERBOEL,1
emmafinaalma,1
jrgen_andersson,1
KajsaL,1
Herman_Berger,1
peiza,1
Helenabirch,1
efterskimret,1
ChrilleAhlm,1
MaOttosson,1
