ACHammar,7
Benjaminsson_C,7
annarkia,5
EKogsta,5
RickardKarlss0n,5
helenabouveng,5
stubinstina,5
annie_burgess,5
karinterio,4
JNeikter,4
jrgen_andersson,4
falk_jonas,4
HCahling,4
larskriss,4
HistoriskaTweet,4
RubenBrunsveld,4
ParJKarlsson,4
gustafjb,3
SHaninge1,3
Therese_Bjorn,3
socialdemokrat,3
587hss,3
Emil_Oberg,3
PoliticalChef,3
frejfredman,3
Canomia,3
FredrikLundkvst,3
Rosencrantz_J,3
eliza_se,3
jesohlson,3
behnanas,3
Brittlizzie,3
hansrothenberg,3
pekkatuuri,3
OlaHakefelt,3
moabrglf,3
SmlPettersson,2
CarlKangas,2
_annadahlberg,2
FollowJosefin,2
Videkiss,2
Klingen,2
jacob_mosher,2
EJMalmqvist,2
eraptis,2
annajhnke,2
elingustafsson8,2
UngaRH,2
EvaSolberg,2
ChrilleAhlm,2
FrejaGustafsson,2
Filip_Solsjo,2
A_CJohansson,2
SadiiqAmey,2
IJernbeck,2
KarapetArin,2
PeterJutter,2
Martinkits,2
HannahBergstedt,2
lisawdt,2
joakimliljeberg,2
gunnaraxen,2
MCederfelt,2
KramerLucas,2
MillaMarzelius,2
Andreasson_J,2
BrownNils,2
MikaelLindmark,2
svennejunker,2
ulriknilsson,2
andreasostgote,2
idajosefsson,2
G_Caperius,2
JoakimHorsing,2
Jonas_Bostrom,2
kerstinfrz,2
asalin,2
MatsC1965,1
JennyEricsson1,1
sociallager,1
kpousard,1
aknyman,1
L_JohanCarlsson,1
ghokmark,1
StinaSinclair,1
ollejonsson1,1
JohanSderstrm,1
nya_moderaterna,1
ShamnsMagnus,1
hmalmrot,1
henrikoretorp,1
CeciliaHaugland,1
LindqvistJennie,1
victorlanding,1
danieltakayama,1
rubbestad,1
JanMalm,1
Rogga76,1
GladPensionar,1
hobbesmeetshume,1
pierreelj,1
elinaakerlind,1
kenan_mehmet,1
rickardnordin,1
Roberthosaspekt,1
BaronLytton,1
Jonte625,1
jnx,1
nickanzeta,1
Jonas_Latin,1
SebDanielsson,1
Coriuso,1
BeatnickCharles,1
RachelDeBasso,1
far3nhit,1
MarieGranlund,1
etlecho,1
elinkerstin,1
musicforanurse,1
HultqvistMikael,1
CamillaBjorkbom,1
PeterMatsson,1
Hfievet,1
vansterpartiet,1
UlfBerg1,1
noopman,1
lisalevedahl,1
Erik_Nielsenn,1
phephphe,1
GuggeTornquist,1
alicebroms,1
hanshovmoller,1
CSundstrom,1
Ulrika_Uppsala,1
AmandlaCassel,1
penilla,1
c_sollentuna,1
klassturesmamma,1
christianholm,1
Sabina__H,1
David_Pahmp,1
Rariteten,1
WestlundMartin,1
qaismah,1
AnnieSall,1
StinaOllila,1
Isynnerhet,1
2meterMange,1
inalotass,1
ssvanstrom,1
only_malmo,1
jmlindblom,1
JunneAsif,1
skoltrott,1
EricNyx,1
ewathalen,1
ulrikaekstrom,1
larshjalmered,1
036jonas,1
PolBlogg,1
StefanSword,1
lovgus,1
vpressfeldt,1
hansson_elin,1
JERadhstrom,1
Happyflickan,1
jkallstedt,1
LottaHordin,1
StinderZ,1
FredrikBylund,1
StefanLfven,1
Argnakenman,1
M_Zackrisson,1
Nordlycke,1
petersmusik,1
Shakefister,1
ElisabethSjstrm,1
B_MickeKarlsson,1
AFendert,1
mtannergren,1
Rayemode,1
AliceRHallman,1
Eva_Lindh,1
HedlundSara,1
BjornBergdahl,1
erkstam,1
maikduennbier,1
svenskafreds,1
BengtAndersJ,1
aholmqvist,1
LarsEkvallSD,1
SincerelyNiklas,1
MartinWlund,1
CarlSchlyter,1
bmo_olsson,1
Perseligkuhhan,1
R_Steffens,1
Angelis0712,1
getper,1
Gneelron,1
Ygeman,1
LundSofia,1
pontusandlid,1
Peterals,1
EmilOLilja,1
KDStadshuset,1
paraPLEW,1
zabinalundstedt,1
_kimisixx,1
HerrErkus,1
Dafvid,1
MariaStenberg3,1
blomkvist_jacob,1
soderpolitik,1
tovasofia,1
Erik_Olin,1
frida_ja,1
strommika,1
carinaerlandsso,1
MartinHolmen,1
LindaWemmert,1
hajelovstrand,1
HenrikHedberg,1
linhje,1
arwind1,1
Supermiljoblogg,1
sjattemannen,1
chummzzy,1
moderatvg,1
henrikBugge,1
nicklaslj,1
wahlgrenpelle,1
Mahulk,1
Ahnoff,1
weareARTPOP_,1
morganoberg,1
ArGHero,1
Nemokrati,1
Fotont,1
loveeli,1
LHolmin,1
Ogesjo,1
Allestagmo,1
RikardSparby,1
sophiajarl,1
bolund,1
Blagulgron,1
SthlmKingPin,1
backeby,1
StefanVarg,1
lellish,1
SaveBabyThor,1
JesperLiverod,1
TinaAcketoft,1
enizabell,1
Polytiker,1
NiklasHolmgard,1
hamedabbasi88,1
PetraWhitehead,1
AlexisWicklin,1
freolsson,1
mstuppsala,1
LaraAganovic,1
Ddubspillow,1
brnnstrm,1
Addkock,1
martinwisell,1
klunderquist,1
KristineSwe,1
jessikavilhelm,1
FStorkull,1
andreasgoth,1
MatteusBlad,1
