#,6678
pldebatt,4393
.,3615
@,2552
:,2377
i,1845
RT,1627
att,1522
,,1334
svpol,1320
är,1270
",1256
på,1038
och,1034
?,1019
om,980
det,883
inte,802
!,793
som,764
Reinfeldt,715
med,646
för,620
har,575
en,500
-,430
till,419
Damberg,417
S,406
av,391
de,366
Åkesson,351
Sverige,350
ska,339
vill,320
Det,309
…,301
han,298
så,287
),281
när,265
vi,263
jobb,257
man,254
(,252
Björklund,249
få,239
den,233
Vi,232
men,228
ett,224
kan,223
Sjöstedt,221
jag,218
från,205
mot,200
Lööf,197
fler,197
nu,190
Fredrik,177
Romson,174
...,169
ut,165
kommer,162
bara,161
säger,160
hur,158
bra,155
MP,154
politik,153
än,151
Nu,149
finns,148
unga,146
sig,142
Hägglund,142
var,139
idag,137
nya_moderaterna,137
Jimmie,135
Jag,132
försöker,131
Annie,129
vad,121
efter,120
pratar,120
alla,119
SD,117
annieloof,117
Åsa,116
vara,115
människor,111
upp,110
mer,109
sin,108
goranhagglund,106
Jonas,105
in,105
o,104
dem,103
du,100
tar,100
eller,99
gör,97
skolan,95
ser,95
här,94
s,93
får,93
Hur,90
rätt,88
se,88
ha,88
göra,88
mycket,87
där,84
miljarder,83
arbete,83
Jan,82
dagens,82
då,81
En,81
ni,81
måste,79
Pihlblad,78
000,77
Kina,77
andra,76
år,76
svar,76
blir,76
replik,75
Är,74
lite,73
Göran,72
2006,72
mikaeldamberg,72
När,71
ingen,71
Men,71
tycker,69
Bra,69
över,69
ju,69
Mikael,69
ta,68
utbpol,68
debatt,68
30,67
Vad,66
går,66
riksdagen,65
I,65
debatten,65
&,65
V,64
varför,64
under,64
förslag,64
fel,64
Varför,62
Om,61
verkar,61
talar,61
Alliansen,60
mig,60
socialdemokrat,59
statsminister,59
arbetslösa,59
rödgröna,59
jsjostedt,58
också,58
höja,57
2014,57
dag,57
säga,57
många,57
inleder,57
Statsministern,57
alltså,55
gå,55
arbetslöshet,55
aftonbladet,54
partiledardebatten,54
någon,54
Och,54
fråga,53
Husby,52
..,52
hade,52
%,52
står,52
igen,51
asaromson,51
partiledardebatt,51
sina,51
inga,51
Mp,50
anställa,50
/,50
statsministern,50
Så,49
just,49
skall,49
själv,49
skulle,48
mellan,48
enda,48
miljopartiet,48
svenska,48
utan,46
migpol,45
bort,45
vilja,45
håller,45
Andreasson_J,44
Inte,44
svensk,44
egna,44
frågar,43
samma,43
behöver,43
”,43
partiledare,43
regeringen,43
kdriks,43
aldrig,43
verkligen,43
politiker,42
allt,42
',42
bättre,42
istället,42
hela,42
arbetslösheten,42
låter,42
Han,41
folk,41
något,41
PKcensuren,41
kpersdotter,41
talarstolen,40
M,40
jobben,40
markus_uvell,40
Alla,40
bli,40
samhälle,40
mest,40
UlfBjereld,39
invandrare,38
företagen,38
borde,38
kanske,38
valet,38
besked,38
ökar,38
gång,38
vpressfeldt,37
m,37
EU,37
Att,37
höjda,37
även,37
tror,37
Den,37
lyssna,36
sa,36
ansvar,36
detta,36
sitt,36
problem,36
Här,36
nya,36
ger,36
prata,36
trött,36
politiken,36
aholmqvist,36
alltid,36
skolpolitik,36
komma,36
Persson,36
hon,35
vem,35
klimat,35
regeringsalternativ,35
Har,35
emot,35
varit,35
“,35
För,35
din,35
åt,35
Nej,35
Löfven,35
bland,35
skatter,34
hyllar,34
inget,34
NiklasGillstrom,34
börjar,34
fram,34
höra,33
väl,33
vansterpartiet,33
eleverna,33
alliansen,33
slår,33
mindre,33
De,33
företag,33
ungdomsarbetslösheten,33
oppositionen,32
Tack,32
anförande,32
http,32
dom,32
jobbpolitik,32
ChrisDulny,32
kom,32
evalenajansson,32
Reinfeldts,32
gäller,31
färre,31
skolkoncernerna,31
hannawagenius,31
land,31
hans,31
Undrar,31
invandring,31
tala,31
debatterar,31
min,31
skapa,31
anpassat,31
fortfarande,31
Där,31
varje,30
partier,30
lägger,30
ungdomar,30
bästa,30
Kan,30
vanligt,30
Regeringen,30
torehammar,30
kärnkraften,30
replikskiftet,30
fick,30
annat,29
helt,29
egen,29
direkt,29
länder,28
föreslår,28
tomastobe,28
två,28
saknar,28
klimatfrågan,28
nog,28
varandra,28
regering,28
Var,28
Ja,28
oss,27
deras,27
jimmieakesson,27
väg,27
Alliansens,27
C,27
ökad,27
ord,27
frågor,27
bäst,27
behövs,26
ledighetslinjen,26
lyfter,26
gick,26
ungdomsarbetslöshet,26
renovera,26
Åkessons,26
några,26
kvar,26
ökat,26
tal,26
Mycket,26
papper,25
ge,25
löften,25
Idag,25
menar,25
hör,25
miljoner,25
lärare,25
del,25
svarar,25
sedan,25
samhället,25
tid,25
frågan,25
företagare,25
KD,25
jobbar,24
visst,24
sen,24
skola,24
er,24
tydlig,24
taggad,24
personer,24
kammaren,24
åter,24
verkligheten,24
Vem,24
fakta,24
inför,24
mp,24
tog,24
vår,24
gjorde,24
Lyxfällan,23
vet,23
Som,23
söker,23
dags,23
skapar,23
Dambergs,23
ner,23
innan,23
dig,23
Du,23
Vilken,23
Jimmy,23
ny,23
gymnasieskolan,23
Vill,23
1,4,22
sv,22
riktigt,22
satsar,22
brnnstrm,22
kring,22
jämställdhet,22
lämna,22
runt,22
HUR,22
kostnader,22
stora,22
brand,22
ihop,22
vinster,22
första,22
bidrags-,22
*,22
vilka,21
Ska,21
antalet,21
sitter,21
2015,21
nåt,21
Sjöstedts,21
stänga,21
wow,21
nedskärningar,21
gamla,21
undrar,21
landet,21
viktigaste,21
sysselsättningen,21
stort,21
sak,21
bygga,21
1,9,20
Försöker,20
överens,20
stefandubois,20
världen,20
Säga,20
miljarer,20
sker,20
väldigt,20
jobba,20
trots,20
funkpol,20
företagande,20
gärna,20
sätt,20
ansvaret,20
skattehöjningar,20
martinklepke,20
slut,20
tänker,20
invandrarna,19
ur,19
På,19
skolor,19
faktiskt,19
ordet,19
ej,19
satsningar,19
väljarna,19
Twitter,19
påstå,19
kunna,19
vikten,19
förra,19
tillgänglighet,19
Historielöshet,19
alternativ,19
kreditkortspolitik,19
ställer,19
tomma,19
splittrade,19
konkurs,18
orolig,18
olika,18
Ringhals,18
Arkelsten,18
märkligt,18
läsa,18
tidigare,18
kunde,18
Upplopp,18
fokus,18
brukssamhällen,18
10,18
ligger,18
förklara,18
skattechock,18
välfärden,18
massinvandring,18
tydligt,18
förnamnet,18
fast,18
=,18
sämre,18
swgreen,18
Jobben,17
ungas,17
klimatet,17
Antalet,17
driva,17
Exakt,17
Detta,17
läser,17
gemensamma,17
gällande,17
största,17
svårt,17
lägst,17
pigg,17
ställa,17
veta,17
kör,17
haft,17
drar,17
;,17
berätta,17
löpande,17
bor,17
fokuserad,17
ja,17
själva,17
gav,17
miljön,17
resultat,17
Blir,17
högskoleplatser,17
åtgärder,17
våra,17
sframtid,17
sjunkit,17
åkesson,17
nämner,17
Kravlöshet,16
plats,16
blev,16
arbetslinjens,16
http://t.co/oW3qfrIGsC,16
annan,16
argument,16
partiledarna,16
Ni,16
genom,16
värdig,16
Skolresultaten,16
tiden,16
vallöften,16
redan,16
löner,16
positiv,16
låta,16
sämsta,16
edvinalam,16
ledighetslinje,16
visar,16
svp,16
ändå,16
parti,16
inlärd,16
sluta,16
Centerpartiet,16
reinfeldt,16
Ingen,16
föreslagna,16
ännu,16
gången,16
Med,16
förhållande,16
flytta,16
Tycker,16
FP,16
precis,16
ens,16
långt,16
Finns,16
428,16
denna,16
träffat,16
hopplöshet,16
handlar,16
kritiserar,16
barn,16
medborgarna,16
året,16
tydligen,16
svtforum,16
klargjorde,15
utvecklas,15
MPs,15
ökade,15
floskler,15
förklarar,15
smälta,15
trovärdighet,15
motorn,15
Heja,15
siffror,15
bilar,15
Romsson,15
husby,15
http://t.co/a7ga,15
välja,15
känns,15
replikskifte,15
Intressant,15
vågar,15
partierna,15
satsa,15
niklassvensson,15
självskadebeteendet,15
Då,15
Självmorden,15
200,15
rödgrön,15
glömmer,15
jennypetersson,15
klimatsmart,15
Yeah,15
konflikt,15
kosta,15
världens,15
samtidigt,15
senaste,15
teknik,15
motståndare,15
kallar,15
lika,15
fred,15
Vänsterpartiet,15
ifrån,15
leva,15
vårt,15
Ett,15
Eller,15
opposition,15
debattera,15
Borgerliga,15
Sveriges,15
följa,15
stefanlindborg,14
varken,14
skatten,14
gunnaraxen,14
vid,14
öka,14
riksdagens,14
Helt,14
fått,14
ditt,14
stack,14
konkret,14
först,14
dock,14
marknaden,14
torsdagsaktionen,14
länge,14
Sen,14
använda,14
Många,14
yeah,14
Dagens,14
flög,14
arbetsgivarna,14
Superjens1,14
djup,14
ute,14
40,14
ohälsa,14
utbildning,14
snälla,14
Aftonbladet,14
egentligen,14
INTE,14
4,14
kr,14
skillnaden,14
plikt,14
kritik,14
förebild,14
1,14
grund,14
värde,14
styra,14
fungerar,14
minskar,14
val,14
särskilt,13
dagar,13
miljonprogram,13
krav,13
förortsområden,13
Lite,13
studenten,13
staten,13
alls,13
början,13
nästan,13
Följ,13
skillnad,13
hög,13
gillar,13
cwellton,13
https://t.co/BcRJaRcwJh,13
riksdan,13
Får,13
floskelmaskin,13
nästa,13
sysselsatta,13
ErikaKarl,13
http://t.co/bpu05mOubd,13
klagar,13
regeringsfrågan,13
ställde,13
twitter,13
satt,13
typ,13
villakök,13
Tror,13
skriver,13
lyssnar,13
kl,13
syn,13
pga,13
leder,13
46,13
nytt,13
sagt,13
arg,13
arbetsmarknaden,13
FrancesTuu,13
trösklar,13
Stefan,13
diskutera,13
pengar,13
väljare,13
samtalsklimatet,13
ofta,12
A,12
mdr,12
eftersom,12
underbemannade,12
inlägg,12
http://t.co,12
höjd,12
börja,12
DagensArena,12
full,12
krisen,12
HultbergJohan,12
d,12
tro,12
rapporterar,12
BengtAndersJ,12
Inga,12
tillbaka,12
Viktigt,12
Fler,12
Supermiljoblogg,12
htt,12
xD,12
mdkr,12
regeringens,12
vilken,12
kräv,12
drömmar,12
visat,12
igenom,12
minska,12
startar,12
kvinnor,12
Gör,12
Mer,12
Svensk,12
statliga,12
honom,12
lysande,12
viktigare,12
Gillar,12
t_sjostrom,12
minskat,12
arbetsplatser,12
strukturellt,12
sjostedt,12
Från,12
ersättas,12
BWAHAHAHAHAHAHAHA,12
analys,12
kvalitén,12
enligt,12
utanförskap,12
HannesHervieu,12
problemen,12
90,11
sista,11
Låt,11
använder,11
Bara,11
sjuka,11
PezhmanFivrin,11
Hon,11
arbetsmarknad,11
papperslösa,11
rättigheter,11
dålig,11
klimatpolitik,11
blivit,11
ca,11
Hej,11
Ser,11
hållbart,11
jhaggroth,11
nämna,11
Se,11
liv,11
11950,11
ngn,11
ngt,11
lärarnas,11
12000,11
statistik,11
förväntan,11
invandringen,11
bakom,11
viktig,11
bristande,11
anställningar,11
å,11
mkt,11
lärlingssystem,11
hylla,11
amiradan,11
sett,11
reformer,11
smart,11
arbetslinje,11
centerpartiet,11
Kom,11
Statsminister,11
inom,11
richardolsson,11
pekar,11
räkna,11
http://t.c,11
Ping,11
bryr,11
klara,11
snurrar,11
fan,11
socialdemokraterna,11
glad,11
före,11
vifta,11
Synd,11
lösningar,11
9,11
synnerhet,11
tack,11
rösta,11
80,11
klimatpolitiken,11
mitt,11
Europas,11
Dags,10
sätter,10
skriva,10
bestämma,10
vrida,10
mattias_neo,10
svara,10
upplever,10
miljö,10
påverkar,10
fritt,10
levererar,10
Partiledardebatt,10
2013,10
pressar,10
tillsammans,10
män,10
utanför,10
hand,10
sysselsättning,10
morgonen,10
flyktingar,10
kollat,10
klyftor,10
Mattias_K,10
sten,10
e,10
övriga,10
innebär,10
uppdateringar,10
sämst,10
moderaterna,10
klass,10
vass,10
svenelander,10
tjäna,10
viktiga,10
viktigt,10
betala,10
jimmie,10
jobbfrågan,10
politiska,10
fall,10
intressant,10
sanningen,10
Yes,10
anser,10
Moderaterna,10
FeliciaLundqvis,10
svaret,10
jnyst,10
längre,10
http://t.co/iNihz5zTC2,10
lpldebatt,10
berättar,10
beror,10
all,10
oppositionens,10
såg,10
70,10
lenaasplund,10
arbetets,10
via,10
skattepengar,10
misstag,10
saker,10
långtidsarbetslöshet,9
lyckats,9
Haha,9
Andelen,9
fail,9
grönröda,9
andreasostgote,9
vinner,9
Kommer,9
energiöverenskommelse,9
LiseNordin,9
kvinnors,9
ledare,9
Oj,9
samarbete,9
on,9
säkerhetspådrag,9
motiverad,9
avslöja,9
värsta,9
Rosencrantz_J,9
konstaterar,9
Hägglunds,9
cyklar,9
heller,9
live,9
Skönt,9
psykiska,9
form,9
ghokmark,9
prat,9
låga,9
arbeta,9
roll,9
t,9
stark,9
moderat,9
hittills,9
arbetskraftsinvandring,9
fr,9
SVT2,9
grön,9
påstår,9
borgerliga,9
idé,9
....,9
resten,9
Aj,9
argume,9
kräver,9
illa,9
chansen,9
Allt,9
hört,9
rekord,9
dessa,9
ALLA,9
språkrör,9
Socialdemokraterna,9
fredrikhardt,9
högre,9
JohanBrunzell,9
riskkapitalister,9
dåligt,9
skällsord,9
gjort,9
lyfte,9
Man,9
absolut,9
FR,9
erkstam,9
sådant,9
–,9
raljera,9
anställer,9
klockan,9
kaffe,9
raljerande,9
http://t.co/4uNJINV7dO,9
Oväntat,9
Alltså,9
dyrare,9
lovar,9
pldebatten,9
Tänk,9
SCB,9
viktorbk,9
applåder,9
Arbetslinjen,9
lever,9
Lööfs,9
anklagar,9
Björklunds,9
ovanligt,9
Vilka,9
alliansfritt,9
ChristianCkd,9
misslyckande,9
överrens,9
känner,9
juni,9
dagordningen,8
10min,8
invandrarnas,8
KDUSverige,8
attackerar,8
skattehöjningen,8
opinionssiffror,8
jobbat,8
gone,8
vore,8
händelserna,8
sant,8
behöva,8
ifrågasätter,8
gratis,8
modern,8
NEJ,8
belyser,8
Annars,8
tillväxt,8
martaobminska,8
hahaha,8
framtid,8
Ulrika_Uppsala,8
Utan,8
vänstern,8
studerar,8
lön,8
anar,8
fixa,8
MathiasSundin,8
hälften,8
vän,8
Hälften,8
påpekar,8
viss,8
äger,8
SD-möten,8
blind,8
väntar,8
talmannen,8
lita,8
Fridolin,8
därför,8
vs,8
a,8
dyrt,8
skrivit,8
lägga,8
grej,8
grunden,8
Riktigt,8
frost,8
soundet,8
Klockan,8
möjligheter,8
anföranden,8
OCH,8
sd,8
Miljöpartiet,8
räknar,8
inser,8
G,8
Niklas,8
huvudrollen,8
lämnade,8
stod,8
lösning,8
Primetime,8
Även,8
ParJKarlsson,8
ville,8
40.000,8
Hoppas,8
hso_se,8
valrörelsen,8
högform,8
12,8
tur,8
skyldigheter,8
utrikesfödda,8
privatisera,8
äkta,8
makten,8
dåliga,8
hundratals,8
gillade,8
högsta,8
snackar,8
jämställda,8
smartare,8
hugget,8
politikerna,8
acid-beat,8
förstår,8
rätta,8
manus,8
kraftigt,8
gruppledare,8
öronen,8
löser,8
na,8
jammade,8
vård,8
diskriminering,8
lyckas,8
Kul,8
ekonomi,8
Politik,8
damberg,8
v,8
föra,8
http://t.co/liix8xVzKY,8
Kinas,8
läs,8
begärt,8
svag,8
val2014,8
gröna,8
Ordbrukare,8
knappast,8
skicklig,7
kärnkraft,7
svepol,7
tonläge,7
etik,7
bensinskatt,7
uttryck,7
spännande,7
granskar,7
Palme,7
högst,7
pall,7
http://t.co/lv,7
osv,7
missat,7
fylla,7
Ygeman,7
jaha,7
pressa,7
Socialdemokraternas,7
kastat,7
snart,7
märks,7
dagen,7
resor,7
synd,7
hänga,7
Kompassen,7
HistoriskaTweet,7
retorik,7
användas,7
Wow,7
ftg,7
Någon,7
<3,7
Kanske,7
Vet,7
Ok,7
saknas,7
globalisering,7
analysera,7
Sossarna,7
jobbet,7
peka,7
helst,7
medan,7
moraliskt,7
>,7
Jaså,7
va,7
likvärdighet,7
Tillgänglighet,7
bidrag,7
upplopp,7
bunker,7
exempel,7
utsläpp,7
flumskola,7
utanförskapet,7
används,7
hemma,7
eh,7
allianspartiledarna,7
Regeringsduglighet,7
iväg,7
utsläppen,7
davidssonpatrik,7
Förstår,7
perspektiv,7
läst,7
samarbetet,7
rabbla,7
öronproppar,7
7,7
allvar,7
socialism,7
Östermalm,7
kollektivtrafik,7
kunskap,7
nyanlända,7
timmar,7
attack,7
miljöbovarna,7
Måste,7
nej,7
opp,7
tittar,7
poäng,7
Jämställdhet,7
15,7
Herr,7
vårdnadsbidraget,7
Janne,7
rör,7
fundera,7
sossarna,7
idéer,7
KU-vändan,7
lyfta,7
tycks,7
miljöpolitiken,7
integration,7
köttbullar,7
privata,7
skiljelinjer,7
Bättre,7
Få,7
la,7
Väldigt,7
anförandet,7
resurser,7
Ökad,7
kul,7
redovisa,7
ledamöterna,7
skattehöjning,7
fortsätta,7
både,7
begär,7
n,7
Samtidigt,7
besatt,7
D,7
rättvist,7
förstå,7
tanke,7
tredjedel,7
tänka,7
folket,7
Använder,7
sitta,7
EKogsta,7
glosorna,7
basically,7
Regeringsalternativ,7
globaliseringen,7
hit,7
JÅ,7
karriärtjänster,7
Fan,7
sverige,7
bluffpolitik,7
offermentalitet,7
konstant,7
tagit,7
larsstroman,7
el,7
blixtrande,6
sättet,6
vargpolitiken,6
repliker,6
temat,6
hos,6
vart,6
små,6
utveckling,6
ri,6
morgon,6
Expressentv,6
uppgift,6
lisa_enquist,6
genus,6
lösningen,6
hålla,6
Ibland,6
övertygelser,6
klimatföredöme,6
EdwardRiedl,6
konstpaus,6
invandrad,6
locka,6
stolt,6
finnas,6
missar,6
hjärtat,6
perfekta,6
A_CJohansson,6
skarpa,6
Äntligen,6
polemik,6
RUT,6
http://t.co/LqByieqhse,6
betalar,6
SVT,6
vissa,6
skatteväxling,6
NU,6
tidningsredaktioner,6
jonasjacobsson,6
revolutionsromantiker,6
sociala,6
sommarjobb,6
blepol,6
fantastiskt,6
miljöpartiet,6
näringslivet,6
tecken,6
debatter,6
företags,6
Oh,6
problemet,6
OK,6
tyvärr,6
fattigdom,6
utbyggt,6
hamnar,6
tre,6
följer,6
http://t.co/ac3GXL1LpJ,6
delar,6
torbjornhallo,6
strunta,6
visa,6
orimliga,6
h,6
kostar,6
pinsamt,6
OECD,6
Hade,6
MartinMoberg,6
michaelanico,6
Förmodligen,6
längs,6
sågar,6
total,6
lag,6
genuint,6
twittrar,6
Amin_Aras,6
Konkreta,6
oroliga,6
snarare,6
http://t.co/HOx3fyytIj,6
lösa,6
Spanien,6
gun,6
billigare,6
citat,6
arbetsgivare,6
statistiken,6
beredda,6
blockränserna,6
väntas,6
bodilsiden,6
MariaEklof,6
fortsätter,6
händer,6
legitimerande,6
regelkrångel,6
fb,6
återigen,6
stå,6
vilket,6
Valfrihet,6
dess,6
visioner,6
skatterna,6
heja,6
skapas,6
Svenska,6
rösterna,6
kort,6
eget,6
stöd,6
föregångsland,6
lista,6
liberala,6
ljuger,6
he,6
bla,6
arbetsgivaravgift,6
trodde,6
100,6
dra,6
avslöjaS,6
Inget,6
kepsförbud,6
uttolkar,6
Läs,6
briljant,6
tidigt,6
14,6
stoppa,6
12.000,6
slå,6
Lärare,6
psykisk,6
kunnat,6
slagit,6
ibland,6
tweets,6
oro,6
gott,6
Ronnaskolan,6
TotteLofstrom,6
konkreta,6
integrationsproblem,6
politiskt,6
politisk,6
landets,6
rödgrönt,6
utmaningaroch,6
satsningen,6
röd,6
moderata,6
anse,6
oseriös,6
udda,6
hansrothenberg,6
25,6
20,6
energi,6
möjlighet,6
kväll,6
undra,6
8,6
twittra,6
chans,6
partikanslier,6
christianholm,6
fotknölarna,6
skillnader,6
Fast,6
Fp,6
möjligen,6
Tur,6
Samma,6
insikt,6
hel,6
nämns,6
reella,6
förkastar,6
panel,6
tomt,6
relativisera,6
Verkar,6
Ge,6
markerar,6
följande,6
ljudfiler,6
vinst,6
Låter,6
brinner,6
samlade,6
människorna,6
Flash,6
finger,6
Går,6
orkar,6
spelar,6
väljer,6
områden,6
Bäst,6
högt,6
studenter,6
passar,6
Partiledardebatten,6
20.15,6
Fortfarande,6
onödigt,6
klaga,6
Enligt,6
vården,6
5,6
syfte,6
retoriska,6
översatt,6
röda,6
överenskommelse,6
lätt,6
Romsons,6
Baylan,6
Nystartszoners,6
5,4,6
kostnaderna,6
åren,6
lär,6
släppa,6
ulriknilsson,6
stället,6
oavsett,6
blocköverskridande,6
DushicaRKS,6
idajosefsson,6
förmågan,6
klart,6
gemensamt,6
riksdagsledamöter,6
FollowJosefin,6
stanna,6
folkpartiet,6
upprepar,6
danielswedin,5
YonnaWaltersson,5
http://t.co/UzIBJ6M7rX,5
!#pldebatt,5
utbildningspolitik,5
tordagsaktionen,5
tyckte,5
dumma,5
kalla,5
sjöstedt,5
älskar,5
enighet,5
svtnyheter,5
vikarie,5
positiva,5
samlad,5
Årets,5
936,5
vägen,5
tankar,5
bytas,5
beckmansasikter,5
frukost,5
fvirtanen,5
gått,5
IRL,5
tänk,5
framsteg,5
FLASH,5
her,5
an,5
Undra,5
pol.,5
människors,5
förortskravaller,5
arbetslinjen,5
irakier,5
föräldrar,5
missade,5
finansiera,5
högskolan,5
profitera,5
Stötte,5
Lille,5
våld,5
Hell,5
Oerhört,5
överallt,5
Lösningen,5
riskkapitalistisk,5
2000-talet,5
opinionen,5
morse,5
snyggt,5
elever,5
höll,5
utifrån,5
2012,5
enskilda,5
svammel,5
lång,5
repris,5
demokrati,5
asyl,5
flesta,5
förorten,5
230.000,5
verktyg,5
S+MP+SD+V,5
bakgrunden,5
klyftorna,5
http://t.co/KUdo4vQSzb,5
förvånade,5
Första,5
omdöme,5
utrymme,5
någonsin,5
Riksdagen,5
Föreslår,5
höjer,5
reser,5
sjuklövern,5
arrogante,5
konstatera,5
förändra,5
engagerad,5
galet,5
Norges,5
mötas,5
hjälpa,5
ansikte,5
lönen,5
Stort,5
relevanta,5
vägrar,5
kronor,5
Plötslig,5
Sv,5
Sd,5
opartiska,5
öppningsanförande,5
ytterligare,5
Saudiarabien,5
åsikter,5
uppfylla,5
skapat,5
rum,5
tjejer,5
Vår,5
Ta,5
åstadkommer,5
drag,5
rödgrönas,5
nordvallKD,5
dominans,5
verklighet,5
döda,5
Pravda-twittrande,5
dhrmaria,5
Noterar,5
trillar,5
människosyn,5
socialdemokratin,5
minskade,5
Läser,5
david_lindh,5
hittade,5
Svarar,5
tips,5
föreslå,5
klarar,5
förtidspensionerade,5
Tillväxtverket,5
desperat,5
lärarlöner,5
tävling,5
2,5
mina,5
Jeanette_Gastis,5
valsen,5
sänka,5
sänkt,5
riskkapitalbolag,5
innehåll,5
Knappast,5
hårt,5
tappat,5
tider,5
tv-programmet,5
Å,5
slakta,5
SMAtyp2,5
Snart,5
Vänsterns,5
alicebroms,5
tydliggör,5
assarsson,5
Löfvens,5
argumenterar,5
angriper,5
nolltolerans,5
gånger,5
ViktigaNyheter,5
ideologiskt,5
erkänna,5
garanti,5
splittringspolitik,5
mänsklig,5
gnäll,5
USA,5
film,5
avskaffa,5
insats,5
utmaningar,5
väggen,5
arbetslöshetsmål,5
argumentera,5
Känns,5
familjernas,5
vänta,5
säker,5
könsroller,5
PaulaBieler,5
förväntningar,5
Därför,5
kvalitet,5
förbannad,5
brukar,5
Fantastiskt,5
yttrat,5
landsbygden,5
Unga,5
vann,5
bild,5
per,5
Nya,5
2005,5
2008,5
öppnar,5
klar,5
spela,5
http://t.co/Y0dlMQRyGw,5
inleds,5
kolla,5
Mannenpagatan,5
resultaten,5
igång,5
restaurangmoms,5
ideologierna,5
Tänker,5
reseskildringar,5
ologiskt,5
Total,5
minuter,5
Inser,5
bilden,5
hållbarhet,5
got,5
Spännande,5
sätta,5
enig,5
ton,5
rad,5
radio,5
nämnde,5
regera,5
social,5
stereotypa,5
citerar,5
Romsom,5
undan,5
karriärtjänsterna,5
suuuuck,5
nöjd,5
RebazSanar,5
KD-ledaren,5
ang,5
miljöpolitik,5
ThereseK_I,5
remisstiden,5
http://t.co/yCrhNWIatN,5
träffas,5
replikskiften,5
rättighet,5
dragits,5
pratade,5
Miljöpartiets,5
hitta,5
Sovjetunionen,5
regeringsduglighet,5
ihåg,5
Tjoho,5
feed,5
siffra,5
kina,5
75,5
hittat,5
bör,5
etc.,5
lät,5
betyder,5
avslutas,5
PR-byrå,5
Invandrare,5
tag,5
%.,5
f-n,5
Martin,5
Kd,5
Faktiska,5
seriöst,5
ideer,5
http://t.co/NF001S4IMk,5
neutrala,5
Lyssnar,5
låten,5
jrgen_andersson,5
tydligare,4
glömde,4
katching,4
http://t.co/9VFTxMGvEt,4
1000,4
främst,4
talade,4
margitsilber,4
givetvis,4
Favorit,4
sänkning,4
höst,4
bygger,4
Fjärde,4
Afrika,4
skyller,4
drev,4
Tydligt,4
fri,4
näringspolitik,4
intar,4
Sitter,4
fakturan,4
promille,4
samarbeta,4
Stackars,4
sdgate,4
hallå,4
Färska,4
rätten,4
vårens,4
tröttande,4
engelska,4
Borg,4
debattör,4
företräder,4
Menar,4
svart,4
krama,4
internet,4
Apropå,4
Reinis,4
massa,4
emotionella,4
http://t.co/2aGqkq0MLz,4
talman,4
mattiaslumea,4
diktaturer,4
ledaren,4
http://t.co/CYvqCUwJI3,4
konkurrenskraft,4
unika,4
frida_ja,4
förmåga,4
hem,4
Nä,4
anklaga,4
tv,4
löna,4
regeringspartierna,4
ANNIE,4
grupper,4
krävs,4
Perssons,4
vil,4
SaraKarlsson85,4
riksdagsdebatter,4
bestämt,4
kontext,4
KOLLA,4
limerick,4
Något,4
byter,4
rösten,4
splittring,4
fire,4
fiskare,4
segregation,4
kritiken,4
såhär,4
bedriva,4
överraskar,4
matematiken,4
Mp-Hur,4
Facit,4
attityd,4
försöka,4
Förutom,4
eleven,4
Innan,4
Gäller,4
telefonsvarare,4
2010,4
bryter,4
osympatiske,4
påpeka,4
sänkta,4
direkttextades,4
AnnickaEngblom,4
anställda,4
kritiska,4
twittpuck,4
röstar,4
Strax,4
energipolitik,4
taxametern,4
når,4
heter,4
ilsknade,4
+,4
Satan,4
negativt,4
era,4
Kommentar,4
koldioxid,4
ändra,4
Bildt,4
Viktiga,4
kupp,4
utmaning,4
struntar,4
humor,4
KDKSverige,4
ägnade,4
TWy,4
RESTEN,4
definiera,4
AdamBergsveen,4
Just,4
p,4
slutmöte,4
subventionerade,4
stressad,4
flyttar,4
Gäsp,4
ganska,4
orättvisa,4
rakt,4
http://t.co/WTYSoVXIjB,4
Vänta,4
Politisk_vilde,4
samhälls-,4
],4
närmare,4
plenisalen,4
Förlåt,4
Husby-kravaller,4
marhallander,4
Ännu,4
lyssnade,4
förnybart,4
media,4
Migrationsverket,4
strukturteori,4
tävlar,4
införde,4
ansvarstagande,4
MIkael,4
hål,4
minst,4
S.,4
lögner,4
stabil,4
vågen,4
öppna,4
tvungen,4
läggs,4
sektor,4
ingenting,4
skolreform,4
bekämpa,4
lägsta,4
långtidsarbetslösheten,4
kuppa,4
livet,4
10000,4
LindaWemmert,4
pumpat,4
förväntas,4
folkgruppen,4
lågutbildade,4
48tim,4
sänker,4
orsaker,4
råd,4
http://t.co/0dpYmtKIwR,4
smyg,4
möte,4
are,4
sassy,4
integrationen,4
konferens,4
bl.a,4
onsdagar,4
skymundan,4
felsägning,4
äter,4
floskelbingo,4
sägs,4
natt,4
stenhård,4
konkurrera,4
referensgrupp,4
fanns,4
funktionsnedsatta,4
Efter,4
arbetsgivaravgifter,4
trollpol,4
Forts.,4
björklund,4
moral,4
procent,4
föreläsning,4
sträng,4
socmed,4
debattören,4
Socialdemokrater,4
ung,4
gatan,4
makt,4
beskriver,4
tovearn,4
kompisar,4
imorgon,4
reinfeldts,4
underhållande,4
fort,4
fattar,4
riksdagsgrupp,4
järnrör,4
Speciellt,4
lunch,4
leda,4
rock,4
takten,4
våldet,4
DÅ,4
utlänningar,4
historien,4
personligt,4
Funderar,4
timme,4
Uppdaterar,4
fortsatt,4
Målet,4
LÖÖF,4
arbetsmarknadspolitik,4
oslagbar,4
Denna,4
diskuterar,4
Höjda,4
http://t.co/2MveNp5McK,4
allians,4
intellektuella,4
verkligt,4
moabrglf,4
skälla,4
Hittills,4
kasta,4
skpol,4
förutsättningar,4
otroligt,4
22,4
2020,4
http://t.co/Z52nTLxgyS,4
taktik,4
trötta,4
fint,4
skickas,4
Floskler,4
yttrar,4
regeringsbildning,4
val14,4
lönerna,4
bibeln,4
Allianspartiernas,4
bluffkortet,4
Skäms,4
Trevligare,4
Frågan,4
fingrarna,4
35,4
talare,4
f,4
09.00,4
riskkapitalbolagen,4
lr,4
lägre,4
beslut,4
sist,4
text,4
gruppledares,4
50-talet,4
reform,4
ordentligt,4
Vart,4
Smart,4
Varje,4
JB-gymnasium,4
nått,4
utom,4
romson,4
verka,4
andreas_carlson,4
klok,4
giftfrimiljö,4
släpper,4
KINA,4
förklaring,4
sossarnas,4
Helalandet,4
kommuner,4
hata,4
risk,4
förstås,4
intresse,4
herreklund,4
slänga,4
tyst,4
beskrev,4
jävla,4
mål,4
lämplig,4
chalalalala,4
framförallt,4
pkt,4
förlora,4
glänser,4
kemikalier,4
50,4
totalt,4
plus,4
menade,4
talmannens,4
liberalism,4
försvarar,4
alternativet,4
folkmedvetandet,4
[,4
Talande,4
förorter,4
alliansresonemang,4
ungdomsjobb,4
nä,4
Stark,4
modellen,4
åkessons,4
diskussioner,4
elevkullar,4
räcker,4
nappar,4
pol,4
mattiastykesson,4
vårdpris,4
fiende,4
driver,4
Regeringens,4
Lämnar,4
rejäl,4
revolutionsromantik,4
Oppositionen,4
Fegis,4
villkor,4
Nån,4
trösklarna,4
sväljarna,4
http://t.co/yiBlICIsol,4
Skulle,4
branden,4
njuter,4
Toppen,4
Färöarna,4
kvinna,4
dina,4
samhällsproblem,4
sekunder,4
lärosäten,4
alliansanhängare,4
tills,4
Jo,4
co2-skatt,4
http://t.co/l74qN4KpaK,4
styr,4
roligt,4
empirisk,4
Vandalerna,4
Släkting,4
nice,4
Jugoslavien,4
from,4
Gud,4
oerhört,4
torsdagar,4
tråkig,4
besparing,4
påminner,4
KU,4
byggas,4
ursäkta,4
linje,4
trixa,4
ungdomsjobben,4
Vilket,4
Eftersom,4
kolkraft,4
växa,4
kommande,4
partiledarnas,4
vänder,4
ACMarteus,4
Sluta,4
efteråt,4
lämnar,4
värld,4
HerrErkus,4
OhlyLars,4
jämlikhet,4
nieden,3
Fokus,3
rasister,3
vinstförbud,3
energipolitiken,3
större,3
ekonomer,3
CeciliaMagnuss1,3
prioriterad,3
vapenexport,3
arbeten,3
jämställdhetspolitiken,3
Australien,3
sorters,3
shall,3
annars,3
davidlinden1,3
http://t.co/jRj4XxkITf,3
http://t.co/k,3
Tydliga,3
rädda,3
Högt,3
förr,3
skattesänkningar,3
hette,3
mätsystem,3
delade,3
Uppifrån,3
fabrik,3
dotter,3
transporter,3
Bettanz,3
efterfrågar,3
krossade,3
lova,3
DOM,3
kommit,3
presenterade,3
awesome,3
http://t.co/cBkIn1hZUn,3
gårdagens,3
förslagen,3
somna,3
31,2,3
lönespridning,3
riktiga,3
JonatanH,3
förutom,3
ont,3
Antecknade,3
Hmm,3
say,3
knep,3
arbetsläger,3
replikerar,3
legitimerar,3
Tyvärr,3
adorepaula,3
krav.#svpol,3
bolag,3
vanligkille,3
förlorat,3
utsugningsnivån,3
rest,3
jämt,3
instrument,3
tänd,3
ÄR,3
frodas,3
partiet,3
arbetsförmedlingen,3
hållba,3
halsen,3
ty,3
t.,3
promemorian,3
Vänstern,3
ögonen,3
struntade,3
Basta,3
gångs,3
tjena,3
Markovic,3
Problemet,3
definition,3
feeden,3
spekulationer,3
signalerar,3
HorungeDeluxe,3
möjliga,3
Debatterar,3
kommentarer,3
tvång,3
http://t.co/rXT,3
tanken,3
kvällens,3
dagensarena,3
skrika,3
Fick,3
BJÖRKLUND,3
Välj,3
feminism,3
Klepke,3
person,3
https://t.co/xAKQTZBJ1F,3
arbetslöshetssiffrorna,3
biskopsdebattt,3
lägg,3
Skattechock,3
affärsplan,3
Lästips,3
Känner,3
DET,3
begreppet,3
lovade,3
jobbskapare,3
Passivhus,3
lustigt,3
garanten,3
applåderad,3
förskolan,3
Dammberg,3
siffertrixa,3
högermänniskor,3
delat,3
kriminella,3
kriminellt,3
partismen,3
svårare,3
Mille,3
Efterlyst,3
arbetsmarknadsstatistiken,3
nyss,3
Allianser,3
4000,3
skämt,3
Kungen,3
Gissa,3
handla,3
PL,3
Josefsson,3
etc,3
tryggt,3
botten,3
Pratar,3
utgångspunkter,3
tuveskanberg,3
Samhället,3
sfinx19,3
usla,3
nån,3
Massarbetslöshet,3
närmar,3
kuppen,3
självklart,3
utnyttjas,3
högern,3
påhopp,3
ojämlikheten,3
GDkarinb,3
faktiska,3
m.m.,3
micke,3
ekonomiska,3
tnad,3
jobbskatteavdrag,3
Tips,3
Orkar,3
måttstockar,3
http://t.co/3SDrOSlTaw,3
populistiska,3
http://t.co/AZqnlCZwdw,3
Arbetsförmedlingen,3
Arbeten,3
mariageorgieva,3
märker,3
namn,3
glömt,3
attacker,3
särintresse,3
frågade,3
detljuvalivet,3
klyftig,3
bidragslinje,3
the,3
valfrihet,3
ewathalen,3
Höjd,3
femton,3
http://t.co/ePUWwwLYfF,3
Expressens,3
Senast,3
INGA,3
rekryteringsgapet,3
söka,3
Säger,3
extra,3
trubbigt,3
alliansens,3
BÄJSICKLY,3
AntiAvsan,3
framstå,3
synas,3
respektive,3
erkänner,3
ev,3
jimmieakess,3
nervös,3
Märkligt,3
Jisses,3
flört,3
rejält,3
http://t.co/JUuOwtQROD,3
återgå,3
slutet,3
3,3
inkomstfördelning,3
skrattar,3
Arrogant,3
rimligt,3
inslag,3
SD-,3
seså,3
200.000,3
speciellt,3
ekonomisk,3
stämmer,3
Vårdcentral,3
sossar,3
Tonen,3
bästieu2020,3
http://t.co/V3iOxsArSg,3
JUST,3
antal,3
agerar,3
ideologi,3
sveriges,3
glashus,3
skiljer,3
rasist,3
sändning,3
rasism,3
Först,3
Besked,3
representerar,3
hurra,3
Si,3
Sa,3
Huddinge,3
drevas,3
kostnaden,3
bolagsstyrelser,3
MariaStjerna,3
Glöms,3
förbättra,3
Godmorgon,3
socialdemokraternas,3
timmars,3
synen,3
http://t.co/YWRArXFDdT,3
slutanförandet,3
genomföra,3
henne,3
Arbetets,3
företagarna,3
90-dagarsgarantin,3
utrikes,3
självmål,3
stärka,3
satsning,3
http://t.co/IDGY7ydGyc,3
CarlGoransson,3
lurar,3
fatta,3
Dubbla,3
ehrenberg,3
Noll,3
Tomma,3
skull,3
interndemokrati,3
korv,3
svt,3
Lars,3
afton,3
Ledighetslinjen,3
bränner,3
sönder,3
förda,3
Själv,3
Klara,3
Klart,3
uppstår,3
Slutstriden,3
jämfört,3
talas,3
övrigt,3
offentliga,3
fullaste,3
TommyFunebo,3
utgör,3
Tyckte,3
glöd,3
äpple,3
http://t.co/hcw0boCocf,3
mäns,3
utbildningsminister,3
Roligt,3
gemensam,3
dubblad,3
citera,3
AsaCoenraads,3
Sänds,3
underbemanningen,3
somalier,3
http://t.co/GbBBB9WiMi,3
kram,3
bidragspolitik,3
lönebildningen,3
hårdare,3
PAPPER,3
Trots,3
ENDA,3
filippafria,3
400.000,3
ämnen,3
avgörande,3
därmed,3
ljus,3
företagens,3
munnen,3
overcome,3
miljon,3
starta,3
Arbetslöshet,3
matten,3
funderar,3
Hallå,3
Nytt,3
http://t.co/SvfDUiZQ8L,3
leverera,3
strålande,3
växer,3
Såg,3
tydliggörs,3
hård,3
is,3
ig,3
kroppsspråk,3
städer,3
tittat,3
Surrealistiskt,3
frånvarande,3
vassast,3
präglas,3
spänt,3
hjälpen,3
Sysselsättningen,3
betalt,3
framtidsfrågorna,3
ACHammar,3
Missade,3
ert,3
basindustrin,3
dit,3
extrem,3
svenskar,3
tioende,3
definitionsfrågor,3
förakt,3
invandringsproblem,3
skolchatt,3
inkomster,3
storstan,3
samarbetar,3
blockpolitiken,3
dubbla,3
anledning,3
MartinWlund,3
förstör,3
17,3
16,3
kniven,3
uteblir,3
ofrivilligt,3
Notera,3
gränser,3
Replikskifte,3
ges,3
analyserar,3
relativt,3
fokuserar,3
Krävs,3
ryggen,3
?Egen,3
Instegsjobben,3
ställföreträdande,3
Bästa,3
applåderna,3
liknande,3
samt,3
karriärlärare,3
partifärg,3
reaktioner,3
sökte,3
Dambergslista,3
jennymaria,3
Socialismen,3
TeresiaOlsson,3
retoriken,3
apotek,3
1800-talet,3
försvar,3
socialismen,3
ekar,3
säkert,3
invänder,3
dussin,3
ggr,3
jonas,3
trist,3
Ledaren,3
vassa,3
maler,3
Sommarjobb,3
tillträdde,3
medför,3
Svårt,3
kol,3
fixar,3
lyssnat,3
rikedom,3
taggtråd,3
Uppenbarligen,3
trumvirvel,3
hände,3
fagra,3
detsamma,3
nördar,3
150.000,3
sjuk,3
FINNS,3
snap,3
bil,3
Snälla,3
O,3
korta,3
Visas,3
Expressen,3
tjejers,3
oktober,3
familjer,3
arbetsveck,3
ifrågasätta,3
övertygad,3
privat,3
lilla,3
RogerHaddadFp,3
Skattehöjningarna,3
populism,3
Följer,3
öppnade,3
Fas3,3
Norge,3
http://t.co/V3OEraLd7g,3
hållas,3
förortskravallerna,3
lärarlönerna,3
het,3
aggresiv,3
inleda,3
Okej,3
Oavsett,3
Ridå,3
Märker,3
omfördelning,3
födda,3
lån,3
röd-gröna-röran,3
taktiken,3
förorterna,3
deltar,3
GreenMonica,3
underhållning,3
like,3
Micke,3
Forts,3
host,3
kommentera,3
Japan,3
densamma,3
försvara,3
företagares,3
kyrkoval,3
47,3
ÄNTLIGEN,3
Tyskland,3
S+MP+V,3
ögon,3
tweet,3
Rapport,3
aktivt,3
asylsökande,3
misslyckats,3
Allehanda,3
skicka,3
näringspolitiken,3
Kvalité,3
partiledardebatter,3
majoritetssamhället,3
rörlighet,3
Anmärkning,3
tolerans,3
nyheter,3
tycka,3
valsedlar,3
Rygghugg,3
anför,3
tvingas,3
mediestatsvetaren,3
Debatten,3
böjas,3
goda,3
långa,3
drivit,3
brott,3
TACK,3
kunskapslinjen,3
tänkte,3
briljerar,3
nära,3
Svpol,3
äntra,3
påminna,3
tydliga,3
människans,3
BRA,3
90-dagars,3
nivå,3
smet,3
höga,3
krokigt,3
värt,3
massarbetslösheten,3
framför,3
Vikten,3
partiprogram,3
apropå,3
Min,3
Integration,3
pressläktaren,3
utvecklingen,3
pågående,3
hotar,3
skatteshock,3
tänkt,3
problematiken,3
Suck,3
kallade,3
partidebatten,3
ledamöter,3
vpol,3
arbetslös,3
intresserad,3
skärpta,3
näringsministern,3
JERadhstrom,3
ägare,3
Hurra,3
Sövande,3
tomas_ander,3
bilda,3
enfrågeparti,3
mäta,3
lyckad,3
sådan,3
GÅNN,3
AndersUtbult,3
ok,3
Härligt,3
dahmberg,3
twistedsister,3
grupp,3
konsekvent,3
började,3
solen,3
Tog,3
invandrarkvinnor,3
freudianska,3
normalarbetstid,3
sosse,3
decennier,3
kommentarerna,3
Älskar,3
http://t.co/Us0UXVuJOV,3
september,3
U_Kristofferson,3
Istället,3
stenar,3
integrationspolitik,3
Väntar,3
hägglund,3
framtiden,3
Vänsterpartierna,3
VictorHarju,3
twittrade,3
Tungt,3
JB,3
arb,3
mobba,3
såväl,3
Göteborg,3
görs,3
nyamoderaterna,3
skrek,3
http://t.co/KzmJKpj80t,3
svarslös,3
HALLÅ,3
namnet,3
exakt,3
http://t.co/SoxYsieJnQ,3
hittar,3
http://t.co/SEpRxOKGNw,3
anno,3
fungera,3
nånsin,3
öht,3
byggt,3
alliansledarna,3
Jobba,3
Människor,3
plötsligt,3
45.000,3
fungerat,3
beskriva,3
platser,3
listan,3
befolkning,3
Desireekd,3
ses,3
halvtimme,3
Läraryrket,3
läder,3
heltidsstuderande,3
190.000,3
REINFELDT,3
enbart,3
behov,3
egenvärde,3
2000aldrig,3
trovärdiga,3
superb,3
Varsågod,3
joy,3
klassklyftorna,3
http://t.co/NVA,3
StefanIversen1,3
samband,3
Frånvarande,3
bolagsskatt,3
Ideologiskt,3
asapetersen,3
fyller,3
sk.,3
lämnat,3
miljömål,3
kontra,3
Maria,3
förmodligen,3
bekymrad,3
utförsäkr.,2
dela,2
dels,2
blysänken,2
bidragslinjen,2
kamma,2
ägna,2
herr,2
uppfyll,2
Marcus_Bohlin,2
jmf,2
repliken,2
kostnad,2
fascistisk,2
hot,2
fylls,2
Poesi,2
vare,2
underlätta,2
fin,2
försiktig,2
dumpa,2
torskbeståndet,2
RosenkvistJonas,2
moderaternas,2
karriär,2
carrobruseman,2
Nigel,2
sannolikt,2
skämskudde,2
spirande,2
RÄKNA,2
RobinZachari,2
300.000,2
G_Caperius,2
Njuter,2
ernkrans,2
undersköterskor,2
RajRaj,2
HelenTornqvist,2
blek,2
ringt,2
resturangrbranschen,2
blockpolitik,2
Vårt,2
Oliebendoerfer,2
nässprej,2
nedlagda,2
spik,2
POLITIKEN,2
Snyggt,2
smilbanden,2
bemöta,2
LOL,2
DN.SE,2
bemöts,2
Ljusare,2
misslyckade,2
småföretagen,2
hetta,2
sysselsättningsgrad,2
sök,2
kvalitativ,2
hammare,2
säkerhetsrisker,2
http://t.co/KuOItAflQI,2
försäkringen,2
kännas,2
Ali,2
Enda,2
offer,2
GRATIS-arbete,2
KGuw,2
löfvens,2
syftet,2
modernt,2
http://t.co/X951BDOrYT,2
laddade,2
skatt,2
sd2014,2
rovdjurspolitik,2
intresserade,2
individer,2
Talberg,2
initiativ,2
hörde,2
milligram,2
buffel-Göran,2
Hahaha,2
p3kazmierska,2
reallöner,2
vuxna,2
positivt,2
t.co,2
dagars,2
so,2
tobakskonventionen,2
förslaget,2
allvarligt,2
floskelmaskiner,2
RELIGIÖSA,2
nio,2
förmågor,2
matchen,2
floskel,2
bytt,2
tjuren,2
Flyktingar,2
iallafall,2
ATT,2
anställning,2
Apoteket,2
ursprung,2
höjs,2
engagemang,2
Önskar,2
elak,2
yougogirl,2
slog,2
mufswe,2
kraftfullt,2
ljudet,2
vision,2
MEN,2
behovet,2
bladetledare,2
Stenhårt,2
partivänner,2
formel,2
libereral,2
skickliga,2
Seriös,2
Fantastisk,2
jämn,2
kastar,2
bekräftar,2
charmpoäng,2
nyheterna,2
koll,2
märkt,2
sida,2
bekymmer,2
Ny,2
redogöra,2
bubbla,2
MEPs,2
fascister,2
poängen,2
jösses,2
Punkklassiker,2
uttömmande,2
ensamma,2
Maramö,2
pass,2
jurist,2
?#svpol,2
vik,2
motsatsen,2
Konstigt,2
mänskligare,2
referens,2
skryter,2
anklagade,2
kunskapskanalen,2
Backstreet,2
Halleluja,2
arbetet,2
köpa,2
miljöföredöme,2
reduce,2
stenkastning,2
oeniga,2
Saudiaffären,2
slipper,2
LUF,2
tråden,2
oppositionspartiet,2
timitt,2
anti-feministiskt,2
generationer,2
riktikt,2
play,2
mysrebell,2
pengarna,2
lågvattenmärken,2
utbildningen,2
Förbjud,2
Hela,2
sej,2
skäller,2
38,2
värna,2
knä,2
Ramson,2
kära,2
festade,2
fegar,2
privatiseringarna,2
skarp,2
tålmodigt,2
Kvaliteten,2
be,2
ba,2
bl,2
bo,2
Lärarlönerna,2
tråkigt,2
ordning,2
http://t.co/2a79fpYAgY,2
kravallerna,2
valår,2
riksdagsplats,2
bittra,2
Enkel,2
hornen,2
fördubblad,2
angripa,2
miljöomställning,2
åtalade,2
TKindstrom,2
Inslaget,2
kollektivt,2
video,2
branscher,2
http://t.co/jBjZ0lC2VY,2
ler,2
Borde,2
huvudnumret,2
Självklart,2
opinion,2
åker,2
asyllag,2
applåderar,2
snacka,2
bena,2
insatser,2
kvinnliga,2
viktigast,2
Jonsson,2
utsatthet,2
Hör,2
besvara,2
intressen,2
Svengelska,2
Farage,2
klockrent,2
blandband,2
dumheter,2
uppe,2
Helst,2
indignerad,2
osäkra,2
tråkighet,2
hållbara,2
samhällelig,2
sparkar,2
beteende,2
växande,2
betänkligt,2
stolarna,2
Läxar,2
liksom,2
kolberoende,2
oppositionella,2
Magnus_VICI,2
Stäng,2
tuggat,2
Assimilering,2
PK,2
avveckla,2
VILL,2
sammanträde,2
Heh,2
Riksdagens,2
GENIALA,2
http://t.co/FUq3RRW8QJ,2
kungen,2
Grillade,2
SIFFRA,2
huvudet,2
mandatperiod,2
vd,2
investera,2
Snarare,2
flest,2
sanningsenlig,2
Sahlin,2
avstånd,2
Valtempen,2
Turkiet,2
förvisso,2
vargen,2
försvann,2
meriter,2
citerade,2
lättare,2
OECD-områdes,2
7,8,2
Rök,2
Respekt,2
tröttsamt,2
ren,2
exportera,2
F.Reinfeldt,2
bjuder,2
förföljs,2
fasansfulla,2
förvaltarskapslinje,2
rutan,2
bidrar,2
À,2
Röda,2
sidan,2
stänger,2
Liberala,2
läraryrket,2
genomför,2
haha,2
åtminstone,2
1997,2
mötes,2
möter,2
orden,2
bidra,2
smällen,2
Aftonbladets,2
främsta,2
band,2
betaltider,2
RUT-avdraget,2
m-förslag,2
http://t.co/x0nPcTozkB,2
upploppen,2
Diskussion,2
framtida,2
9,3,2
märken,2
gästarbetare,2
oppositionspartierna,2
senare,2
någonstans,2
version,2
kastade,2
Uppenbara,2
Uppenbart,2
dt,2
vanlig,2
inne,2
ktalltorp,2
plenissal,2
troligt,2
Tveksamt,2
njaaa,2
ETT,2
Glöm,2
tillräckligt,2
gängkriminalitet,2
åsikt,2
Prata,2
lönar,2
pldebatt-off,2
driv,2
riksdag,2
medicin,2
använde,2
Kreativt,2
Engagemang,2
Gap,2
civilsamhället,2
plockar,2
Slår,2
webb,2
vårfest,2
sända,2
rädd,2
selektivt,2
talesperson,2
talarstolen#svpol,2
oecd,2
moderatpolitik,2
promises,2
http://t.co/XPH4NUlwbV,2
otydlig,2
näringslivspolitik,2
nyföretagare,2
idén,2
orimligt,2
Global,2
ansvarslös,2
nytändning,2
sllse,2
http://t.co/EyvuXsE507,2
drygaste,2
Mot,2
motsvarar,2
Landskrona,2
realistisk,2
snabba,2
inkompetens,2
erbjuder,2
topic,2
gentemot,2
BluRay,2
RD,2
extremisterna,2
frihet,2
antyder,2
januari,2
ex,2
et,2
Wetterstrand,2
punkt,2
arga,2
Till,2
stillsamt,2
försämrat,2
Underligt,2
pensionärer,2
europeisk,2
yttra,2
återinfört,2
Kavla,2
Pappa,2
slag,2
privatisering,2
statister,2
Off,2
Retoriskt,2
jävligt,2
mrd,2
perfekt,2
utbrotten,2
31,32,33,2
reell,2
hjälper,2
regeringalternativ,2
vänsterpartist,2
väntat,2
bänkar,2
välfärd,2
mångkultur,2
framtidsmål,2
märkas,2
Än,2
156,2
pliktskyldigt,2
förbud,2
http://t.co/eSsHrzTP36,2
AIK,2
omfattar,2
rappa,2
beskåda,2
arbetslivet,2
stund,2
rossa_d,2
Skillnaderna,2
agera,2
kaffet,2
Visst,2
läget,2
klassiker,2
Stora,2
blodtörstig,2
lov,2
tonen,2
antar,2
Europaparlamentets,2
S-kommuner,2
regeringsallternativ,2
geniala,2
anförs,2
Claudius4154,2
Capish,2
dagensclown,2
snällast,2
--,2
känna,2
hår,2
FANATIKER,2
tidn_arbetet,2
avbryts,2
märkliga,2
Mvh,2
ikväll,2
taket,2
S-v-mp,2
7000,2
Tittar,2
botas,2
invandringspolitik,2
utvecklats,2
besparingar,2
stoltmenintenöjd,2
lektion,2
Glömt,2
fullt,2
Tar,2
jobbsiffrorna,2
fulla,2
overklig,2
MagnusAhlkvist,2
massinvandringen,2
Nuonaffärenvisa,2
yeea,2
LEDIGHETSLINJE,2
demokratin,2
liberalismen,2
Radiohuset,2
Kapitalismen,2
bankerna,2
användning,2
http://t.co/Ve,2
tuffast,2
gränsdragning,2
borgarna,2
dissar,2
Också,2
Jämfört,2
S-ledaren,2
numer,2
vänsterpartister,2
småföretagare,2
stakar,2
obekymrad,2
förhålla,2
fattig,2
primetime,2
insinuerar,2
assimilera,2
budgeten,2
rullen,2
slutat,2
mises,2
Slipper,2
säg,2
PING,2
You,2
nyliberala,2
restaurangmomsen,2
avgör,2
jämställdhetspolitik,2
välfungerande,2
M-ledamöter,2
socialister,2
retohenrik,2
järnvägen,2
.-,2
http://t.co/OB,2
Tjat,2
http://t.co/XfSUDx4O,2
EXAKT,2
dras,2
Gender,2
AU,2
börjat,2
äta,2
skolavslutning,2
http://t.co/CEarAu25vy,2
tusan,2
Åter,2
socialavgifter,2
brukade,2
Boys,2
moralaspekten,2
lööf,2
Socdemola,2
undrade,2
AdamMarttinen,2
Står,2
fart,2
jämställdhetsminister,2
yrken,2
uppmärksamma,2
allting,2
Execute,2
säljer,2
låt,2
dikt,2
småföretag,2
förändring,2
Verklighet,2
flyr,2
Oväntade,2
kärnkraftverk,2
mikaeldambergs,2
bilder,2
sektbeteende,2
tyngd,2
JimmieAkesson,2
funkar,2
ärmarna,2
R,2
ErikMadsen14,2
möta,2
ber,2
igår,2
Gävle,2
Jävla,2
http://t.co/YU9SfXuD9l,2
Tröttsamt,2
himla,2
Naturligtvis,2
passa,2
surfa,2
EUval,2
klassiska,2
Kunskapslinjen,2
Centerpartiets,2
långsamt,2
stats,2
Priceless,2
tillgängligöra,2
Engström,2
Öppna,2
högoddsare,2
vilt,2
Ang,2
kfbg,2
Leinesblogg,2
annie,2
lämpar,2
Förslaget,2
loss,2
bakåt,2
moderater,2
folkets,2
Tvinga,2
partikamrater,2
eurodisko,2
invandringspolitiken,2
införa,2
serverat,2
stan,2
arbetsgivaravgiften,2
velat,2
Sista,2
trygg,2
BliHord,2
ned,2
näsan,2
mej,2
PR-branschen,2
sju,2
Mitt,2
Södertälje,2
långsiktighet,2
Markus_Mattila,2
Bibeln,2
ljud,2
lögn,2
Julafton,2
tusen,2
Grekland,2
Klyftorna,2
försök,2
sthlmriots,2
bildsättning,2
stimulerar,2
EJMalmqvist,2
kriminalitet,2
vänstersidan,2
Arnholm,2
TYDLIG,2
ungdomspsykiatrin,2
tjänstemän,2
bestod,2
11.00,2
SSU,2
göras,2
göran,2
fanläserbibeln,2
bråkar,2
anmärkningsvärt,2
ojäm,2
Miljarder,2
instegsjobb,2
varningsbilder,2
kilometerskatt,2
anne_penne,2
grundsyn,2
löftena,2
skämtar,2
stor,2
ahahaha,2
100_fornybart,2
existerar,2
iofs,2
nejtillfri,2
Albin,2
våga,2
HbgNyheter,2
regeringsalt,2
Roligast,2
Socialt,2
CO,2
Snapp,2
Kaka,2
hjärtefråga,2
maka,2
VA,2
VI,2
sparar,2
vetenskaplig,2
SvT,2
14,2,2
Svensson,2
facto,2
universitet,2
Glest,2
intern,2
syrier,2
angrepp,2
windstorms,2
HAHAHAHA,2
http://t.co/HEI3DVpo11,2
avbruten,2
att,med,2
seriös,2
kritisera,2
spänn,2
blogginlägg,2
socialdemokrater,2
markering,2
handen,2
handel,2
skolattacker,2
skit,2
människan,2
avbrott,2
Lysande,2
trenden,2
sommarjobba,2
PLATS,2
ökande,2
Umeå,2
ståuppare,2
praktik,2
måna,2
undervisningstid,2
gymnasienämnd,2
invandringens,2
detaljen,2
saklig,2
ena,2
Herregud,2
luftproblem,2
dammberg,2
Sammanfattning,2
snickra,2
steget,2
arbetsrätten,2
gjuta,2
vrider,2
Lyssna,2
oseriöst,2
snabbast,2
verkade,2
öde,2
kommunist,2
Karl-Bertil,2
skapandet,2
utgå,2
INRIKTNING,2
19,2
behnanas,2
byggfirmor,2
lenamellin,2
avhopp,2
track,2
We,2
storms,2
jämförelse,2
förlorade,2
TOMMA,2
Saklighet,2
Känslan,2
regeringenskollega,2
CarolineSzyber,2
personliga,2
jo,2
utvalda,2
syntes,2
ägnar,2
ExpressenLedare,2
måla,2
enkelt,2
400,2
skrivet,2
kapade,2
Kristdemokraterna,2
centerpartister,2
beredd,2
Tjena,2
halvera,2
reducerad,2
bistånd,2
psykiatrin,2
Möte,2
Vapenexportpraxis,2
lyxvin,2
privatliv,2
http://t.co/IgSfhbobOy,2
flörtar,2
Sju,2
strid,2
Bidrag,2
retoriker,2
klassisk,2
berättarrösten,2
utsatta,2
TobbeHolms,2
Börjar,2
s-regeringens,2
verkliga,2
youtube,2
nödvändigheten,2
Sossarnas,2
särbehandlas,2
trasiga,2
klimatutsläpp,2
noterar,2
skydda,2
värdighet,2
Betyder,2
långvarigt,2
suttit,2
Gratis,2
situation,2
valv,2
valt,2
enad,2
tacka,2
Europa,2
avgifter,2
samtliga,2
skolresultat,2
csn,2
Typ,2
bemötas,2
arrogant,2
24,2
helenabouveng,2
oftast,2
EN,2
Ej,2
varann,2
ensam,2
tokigt,2
sjunkande,2
krossar,2
skriker,2
finansierade,2
MarginaIen,2
brandlarmet,2
fixat,2
självklar,2
genast,2
Effektiv,2
gödsel,2
kompis,2
Romson-,2
identifiera,2
kris,2
relation,2
utveckla,2
Nästan,2
VIKTIGASTE,2
VARNING,2
Bortser,2
uttrycker,2
karinterio,2
upphör,2
Arbetsmarknadspolitik,2
jobbfail,2
globala,2
flexibel,2
KDs,2
Kryss,2
LennartBondeson,2
besöka,2
vana,2
Stockholm,2
ekopolitan,2
enga,2
Avslöjande,2
friår,2
Ginikoefficienten,2
sådär,2
jämförelser,2
företagarvänligt,2
SaraYazdanfar,2
vikarien,2
använd,2
omvärden,2
försökte,2
meningsmotståndare,2
pratat,2
arbetslöshetsstatistik,2
justa,2
fallit,2
osynlig,2
framtidstro,2
assimilering,2
stämt,2
kommittén,2
https://t.co/ck8DbKC6y1,2
VHS,2
engineering,2
Prisa,2
energiförsörjning,2
nagla,2
regionala,2
Västerås,2
Alliansregeringen,2
murar,2
sjukskrivningarna,2
svårast,2
skolans,2
Fy,2
vårdcentraler,2
konkurrens,2
OBEROENDE,2
okränkbara,2
tillgång,2
FÅ,2
klocka,2
länderna,2
morgondagens,2
äga,2
anställningskostnader,2
arbetskraft,2
Svagt,2
Emil_Oberg,2
jämförbara,2
offentlig,2
lapp,2
vick2ria,2
universum,2
Redo,2
Blivande,2
istf,2
tidningar,2
nämnt,2
Pehrson,2
verklighetsbeskrivning,2
gruppledaren,2
sådana,2
http://t.co/oo3CXCxOGO,2
http://t.co/KH0tjN04fo,2
kapitalet,2
fester,2
relevant,2
slippa,2
twittrare,2
vänsterpartiet,2
åhörarläktaren,2
verkn,2
Näringsdepartementets,2
Ordet,2
nyliberalismen,2
Rösta,2
höger,2
likt,2
EricaLejonroos,2
bingo,2
2007-2012,2
hatar,2
jämsthet,2
FAS3,2
hinner,2
miljarderna,2
pin,2
illustrerar,2
sjukskrivna,2
4e,2
skrymsle,2
Slut,2
totalitärt,2
GP,2
tjänar,2
ilsken,2
minskas,2
blick,2
flera,2
fördelade,2
forum,2
Andra,2
öre,2
ämne,2
rest.moms,2
Norrbotten,2
Ungdomsarbetslösheten,2
enl,2
15-20.000,2
roligaste,2
eniga,2
Reinfelds,2
nyanmälda,2
god,2
http://t.co/ndhUe4Z9f5,2
nyanserar,2
vardag,2
icke,2
Ofta,2
drygt,2
heeelt,2
uppnår,2
tom,2
ABDebatt,2
pararellt,2
kortet,2
båda,2
slutsats,2
Tycks,2
chockad,2
riksdagsmän,2
Trött,2
2006.,2
likställer,2
vinna,2
andras,2
tå,2
lemonadfest,2
förneka,2
verklighetsbild,2
yrke,2
butik,2
Mkt,2
FREDRIK,2
hänvisningar,2
allergisk,2
arbetsföra,2
framgångsexempel,2
grader,2
smutskastning,2
auktoritet,2
reportaget,2
frisören,2
Arbetslösheten,2
kårar,2
tunnor,2
systemet,2
bröstet,2
öppen,2
öppet,2
check,2
korrekt,2
framtidspartiet,2
förtjänar,2
konstitutionsproblem,2
Debatt,2
rödgrönröra,2
Hitler,2
luften,2
rättvis,2
Engagerad,2
Kanon,2
annorlunda,2
Diskuterade,2
friden,2
borgerlig,2
lärarna,2
snällt,2
kopp,2
replikera,2
genomströmmingstid,2
KÄMPA,2
valet14,2
kulspruta,2
äntligen,2
hörrni,2
http://t.co/e73ZwJYGK5,2
skolpolitisk,2
r,2
Vanstrastranden,2
rent,2
klyschfest,2
misstänkliggöra,2
luftslottet,2
tobaksproduktdirektiv,2
antonjohanss,2
Vägrar,2
lyxfällan,2
kommenterar,2
hånar,2
StefanLfven,2
alliansregeringen,2
60,2
Statsministerns,2
68,2
Jaha,2
EwyTobaksfakta,2
Rätt,2
Gbg,2
integrations-,2
http://t.co/w4386GB6Ua,2
otippat,2
leker,2
sänder,2
http://t.co/UaPQVa4xhm,2
nånting,2
producera,2
starka,2
Jobb,2
yonnawaltersson,2
mesta,2
diskuterade,2
majoritet,2
kommentar,2
Bravo,2
greppet,2
tillfällen,2
stopp,2
legat,2
Tulalej,2
Tragiskt,2
op,2
Metallarbetare,2
lärt,2
ökningen,2
modeord,2
Störningar,2
skröt,2
mademyday,2
ICA,2
betrakta,2
punkterna,2
program,2
litet,2
svårigheter,2
gäng,2
Josefin_Utas,2
tex,2
Tråkigt,2
Magikern,2
feber,2
samhällsproblemet,2
mikaelunger,2
Åh,2
bosatt,2
5.4,2
NicklasZberg,2
Fatta,2
konstigt,2
?#pldebatt,2
retoriskt,2
lyder,2
hållbar&liberal,2
tuffare,2
wege,2
jensrunnberg,2
principer,2
Fru,2
AWaberi,2
poliser,2
faller,2
fritidslinjen,2
bekräftade,2
mobilen,2
Raj-Raj,2
snömoset,2
kongress,2
ansvarsfull,2
tv-program,2
risky,2
Underbart,2
baserat,2
http://t.co/LTd2PkHrPW,2
Skrev,2
JA,2
sakligt,2
mött,2
JOBB,2
planerar,2
räknas,2
skramlar,2
dum,2
Ibrahim,2
strategi,2
togs,2
konflikten,2
kavajslaget,2
listiga,2
akta,2
Liberalism,2
Wonderful,2
nyckeln,2
kass,2
håll,2
Riksdag,2
zombie,2
NÄR,2
fotboll,2
Gärna,2
barriär,2
minsann,2
Försvarstalet,2
fas3,2
S-politik,2
tvångsprivatiserade,2
obegränsat,2
KD-kritik,2
juogslaver,2
kanal,2
somnat,2
efterhand,2
spenderas,2
uppmaning,2
vapen,2
avslutad,2
tvinga,2
sjunker,2
demokratiska,2
intellekt,2
tvärtom,2
hårda,2
Kommunerna,2
privatiseringar,2
Tuff,2
redo,2
Asså,2
tionde,2
utseendehets,2
duktiga,2
Märks,2
Största,2
Ohly,2
undantagen,2
företrädare,2
smått,2
Debattens,2
LeiliFalsafi,2
Sthlmsområdet,2
miljöarbete,2
gymnasieskolans,2
svenskafreds,2
innehålla,2
EngstrmHillevi,2
Kl,2
uppriktig,2
sex,2
Kvinnor,2
superbra,2
passsivitet,2
flyttas,2
ländernas,2
farligt,2
pre-game,2
Dock,2
betydligt,2
ömma,2
miljontals,2
beroende,2
partis,2
debatteknik,2
ql,2
miljöpolitiska,2
trasig,2
trovärdigt,2
signalera,2
Kraftigt,2
avs,2
vänster,2
Kravaller,2
Twittra,2
LIVE-Julafton,2
http://t.co/iKkliQ7mkN,2
Missar,2
ske,2
Sött,2
smidigt,2
rolig,2
minen,2
jämför,2
Maud,2
svettig,2
restaurangbranschens,2
Rheinfeldt,2
Begreppet,2
Övriga,2
hänger,2
kreditkortsanvändning,2
zombiepolitik,2
Dahmer,2
record,2
200,000,2
ställs,2
B0ERBOEL,2
tolkar,2
1,5,1
M-politik,1
aggression,1
haveriet,1
sårbar,1
huvudsaken,1
Excelpolitik,1
Capio,1
?http,1
nuförtiden,1
monopolliknande,1
Kritisera,1
Applådåskor,1
Östersund,1
Bacon,1
räkningar,1
fantastisk,1
korvgrillning,1
Nyheterna,1
Ajdå,1
välfärdsvinst,1
Oroväckande,1
Passande,1
närmre,1
överlämning,1
sekosjofolk,1
upprörd,1
Talmannens,1
GRU,1
Tittade,1
tillåt,1
k,1
invandrarparti,1
unik,1
oförstående,1
systematiskt,1
ansluta,1
upprätthållas,1
Örebro,1
önskvärd,1
värderingsskifte,1
http://t.co/MtkDuYY54t,1
skjorta,1
jämställdhetsdebatten,1
taskiga,1
giftig,1
glass,1
Offermentalitet,1
akassan,1
ingång,1
94,1
slutligen,1
SvDBrannpunkt,1
Klimatfrågan,1
jämnast,1
politiks,1
Moderater,1
prioriterar,1
prioriteras,1
absoluta,1
CO2-utsläpp,1
ingår,1
place,1
välfärdsland,1
typen,1
normkritik,1
genuspedagogik,1
partibunden,1
enformigt,1
http://t.co/LMzuPKmbRD,1
vars,1
varm,1
vari,1
His,1
Romson.Débacle,1
funktionshinder,1
ytterstadsområden,1
MARTIN,1
Nordstöm,1
kdkriks,1
hemlighet,1
Papper,1
stammar,1
därefter,1
felar,1
MYCKET,1
förresten,1
jätteviktig,1
Ovanligt,1
fnissa,1
http://t.co/OBmlfPDy0F,1
osanning,1
tillhyggen,1
hörselskadade,1
renoverings,1
Restemat,1
jeanette_gastis,1
9-12,1
Folkbladet,1
dugg,1
KDare,1
Vind,1
lönsamt,1
döende,1
Könet,1
rebattla,1
service,1
ägande,1
glesbygd,1
slarvar,1
osanna,1
bitter,1
EGENTLIGEN,1
LinusBylund,1
begärde,1
placerade,1
Kalla,1
sekund,1
offerkoftan,1
inläggen,1
nyhetsförmedlar,1
löneökningar,1
HAHAHA,1
SD-flört,1
dricker,1
http://t.co/9OUjhkf8JE,1
JonasHinnfors,1
fasta,1
Sågar,1
skaffa,1
Ask,1
rikssnittet,1
Värst,1
entreprenörskap,1
gyttja,1
vandaler.#pldebatt,1
Kravallerna,1
gronaparti1,1
kwasbeb,1
buss,1
budgetförslag,1
ogynnsamt,1
lastbilar,1
fördubblade,1
annieloof-inga,1
valsiffrorna,1
svikna,1
Piece,1
aftonbladet.se,1
framföra,1
framfört,1
marknadsek,1
bl.a.,1
stärker,1
vassare,1
Allra,1
maktskifte,1
figur,1
VILA,1
AIK-are,1
deba,1
Skärholmen,1
http://t.co/kiZPG3ekac,1
Fullträff,1
Etta,1
nederlag,1
reallönerna,1
logik,1
ämnet,1
ledarsida,1
annanstans,1
teckenspråkstolkas,1
Sorry,1
kollade,1
http://t.co/V1lA1sJn6D,1
operationer,1
gissa,1
inkomstlösa,1
Concrete,1
måttfull,1
commerce,1
snäll,1
hållt,1
fr.,1
Obehag,1
verkningslös,1
förvånar,1
brister,1
FAMILJER,1
bristen,1
ordinarieplats,1
lyssnarsiffrorna,1
aktivitetsstöd,1
lyft,1
topp,1
Peking,1
vägarna,1
Länder,1
http://t.co/HaYAOIPHcw,1
Ökande,1
ansågs,1
reseberättelser,1
Russell,1
nettoinv,1
givit,1
betalningstider,1
http://t.co/y6NbcrqiKa,1
stått,1
spammar,1
kön,1
svensson,1
nickar,1
melodifestivalen,1
Käre,1
älskat,1
Tjatet,1
tågen,1
kriminologer,1
skakade,1
världssvält,1
fot,1
röstlistor,1
applådtack,1
akademi,1
myndigheter,1
resetävling,1
vårdköer,1
CV-skrivning,1
pseudohashtag,1
släpp,1
Perfekt,1
material,1
gymnasieskolor,1
AF,1
stött,1
artikeln,1
för,1
hantera,1
fria,1
debattklimat,1
oneliner,1
griper,1
Skolan,1
jobblöften,1
Egentligen,1
gymnasiet,1
drabbar,1
Sossen,1
mörkt,1
Svd.se,1
http://t.co/4OHqr98EVo,1
Vems,1
liberal,1
up,1
70-80,1
morganoberg,1
extraplatser,1
avskaffades,1
runda,1
Klyftor,1
förmedlingsstöd,1
framsynt,1
magisk,1
inkomst,1
tron,1
97,1
Må,1
argare,1
VAD,1
bosnier,1
skillnaderna,1
utbildningsministern,1
framtagna,1
EU-parlamentet,1
midmus,1
Raljera,1
team,1
UlfBerg1,1
tydligt&bra,1
invandrat,1
utsvultna,1
Vallöften,1
bildproduktion,1
attackpunkt,1
karriärreformen,1
300,1
Elevhälsan,1
https://t.co/hGj4eIEju3,1
True,1
pedagogik,1
CLOWN,1
Sovjetstaten,1
riskkapital,1
miljöstörande,1
Sjuklövern,1
användes,1
Bort,1
JONAS,1
identitetskris,1
tardetnästagång,1
märke,1
sprids,1
övervakning,1
anställningsbar,1
knäckte,1
påståenden,1
justeringen,1
suckas,1
assimilation,1
ändrats,1
förtydliga,1
Tillåt,1
lönedumpningarna,1
huvudspår,1
http://t.co/lp3G78z7YU,1
miljonprogramsområden,1
BAD,1
230,1
agendan,1
storleken,1
snapp,1
käkat,1
spot,1
svars,1
ignorera,1
suck,1
?#debatt,1
Jimme,1
http://t.co/9dCnIidGQD,1
allvarliga,1
MariaArnholm,1
kvalitetsmått,1
fp,1
jobbsiffror,1
2002-2006,1
1900-tal,1
http://t.co/n97trXfPpQ,1
storsläggan,1
floskelmaskinen,1
respektskifte,1
blå,1
slängde,1
Dubbelsmällen,1
Skratta,1
statistikövningar,1
.fylla,1
Socialism,1
Otippat,1
ketchup,1
Visar,1
dominerar,1
anammat,1
styrker,1
http://t.co/dYWOC0NA1X,1
greker,1
hinna,1
Live,1
svamlar,1
Förortskravaller,1
gläfsa,1
sjukt,1
Summering,1
käkar,1
Jmellerby,1
http://t.co/mDdY3Xan43,1
Statens,1
trötthet,1
potter,1
självkritik,1
riksdagsval,1
bita,1
Carema,1
förväg,1
svenskarna,1
Västerbotten,1
HÖGT,1
nödda,1
omgivning,1
rhetorical,1
Markering,1
http://t.co/3AcaKzU0rO,1
Sååå,1
förnyas,1
könsfördelning,1
generation,1
woaw,1
jugoslaver,1
arbetssynpunkt,1
psrtiledare,1
berusad,1
halvskrika,1
muslimer,1
verkningslösa,1
oberörda,1
siffertrixar,1
oengagerad,1
Imponerande,1
eftertitta,1
inledningen,1
Vänsterpolitik,1
nyttjobb,1
sjääälv,1
aggressivt,1
sponsra,1
alternativförslagen,1
HANDLING,1
otid,1
underkänt,1
30-miljardershöjning,1
invandringspol,1
fader,1
Kärnkraft,1
Spärr,1
drömma,1
YES,1
uppnått,1
text-tv,1
värre,1
kloka,1
Svtplay,1
landsbygdsftg,1
kritiserade,1
oroväckande,1
anderswjonsson,1
utanförskaps,1
korvbröd,1
anledningarna,1
mistänkliggöra,1
amerikanska,1
kapital,1
skär,1
hänfallna,1
hälsa,1
lantbruksmaskiner,1
Unika,1
misslyckad,1
3000,1
avslutningen,1
http://t.co/B2sTlvwv06,1
Unikt,1
Linander,1
AliceRHallman,1
PatricioRz,1
luft,1
utbyggnaden,1
felfri,1
sakerna,1
världsfatigdomen,1
faktorerna,1
förtidspension,1
Maktfullkomlighet,1
polisserier,1
samling,1
förlorar,1
tragisk,1
bisarrt,1
förlorad,1
Miljö,1
individuell,1
http://t.co/dlcYA8fq3a,1
tidlöst,1
Clear,1
avgiftsfri,1
norrettan,1
försvarare,1
arb.pl,1
klankar,1
Piteå-tidningen,1
regeringsbildande,1
avser,1
Slag,1
dimension,1
ögonblick,1
kastas,1
frågande,1
angrep,1
unikt,1
Mona,1
period,1
liberalismens,1
130,000,1
skakar,1
bekräftat,1
flödet,1
grundskola,1
uppför,1
manad,1
versfoten,1
tvn,1
stegvis,1
grus,1
pod,1
Tvingas,1
understundom,1
alliansregering,1
MmmariaB,1
felaktigheter,1
nystartszoner,1
Skolavslutning,1
Äh,1
befinner,1
Återupprätta,1
sammanhållning,1
stolta,1
brytt,1
bryts,1
ohä,1
stödjer,1
bryta,1
NI,1
Lätt,1
hen,1
CarlSchlyter,1
socialförsäkringar,1
Klarar,1
Flapplåd,1
http://t.co/nNVbdZjsY5,1
exponeringsförbud,1
verklighetsuppfattning,1
Reinfelt,1
Reinfeld,1
testamenten,1
Anledningen,1
Världens,1
65.000,1
Ditt,1
invandrargrupper,1
dambergattack,1
löjligt,1
långsiktigt,1
ebatt,1
genuin,1
Språkrör,1
olydnad,1
förälskad,1
vänstertöntar,1
tröttnat,1
tröttnar,1
asså,1
FStorkull,1
lagstifta,1
Saklig,1
avslöjade,1
Små,1
norr,1
samhället.-,1
Ställ,1
Kraftlöst,1
to,1
Inom,1
hämtar,1
skiter,1
batonger,1
Billigare,1
telefonen,1
kategorisera,1
siffrorna,1
harry,1
small,1
sd25,1
platserna,1
synliggjordes,1
omöjliggör,1
twain-citat,1
assimilng,1
debatterna,1
petra_modee,1
delen,1
vapenhandel,1
gjorts,1
maktkärlek,1
Finland,1
haltar,1
kräva,1
slaktar,1
ekologisk,1
action,1
oftare,1
invanda,1
Tuffa,1
KONTRING,1
Verkligen,1
slutreplik,1
ballar,1
hängt,1
Balkan,1
förlängningen,1
Konstiga,1
bevis,1
rasist-,1
Europeiska,1
arbetsmoral,1
VEM,1
tröttsam,1
http://t.co/BjsxiKYDOK,1
Vinn,1
Goda,1
kräsna,1
kärnfrågor,1
språng,1
ministerkollega,1
information,1
Lööv,1
Hörru,1
KLASSENS,1
brett,1
lördags,1
framhåller,1
sister756,1
okunniga,1
väljarunderlag,1
klä,1
skojigt,1
komplexa,1
radios,1
tåg,1
förskräckliga,1
http://t.co/gxzDjdxnM6,1
behålla,1
nyheter.#pldebatt,1
gamängerna,1
analfabet,1
veck,1
s+v+mp,1
rovdjuren,1
+75,1
skönare,1
avbryter,1
denne,1
signalspaning,1
förutsättning,1
Wiiiii,1
13Megaman,1
gratulerar,1
instegsjobben,1
världen#turkiet,1
reallöneökningar,1
sammanfattning,1
ohälsan,1
företrädesvis,1
metadebatt,1
bostadspolitiken,1
Arbetsgivarna,1
snävt,1
påverkas,1
jämställdhetsmin,1
?Inte,1
satsat,1
våldtäkter,1
liknar,1
landsmän,1
terminen,1
MHuQw64Ksv,1
Näst,1
flockledaren,1
nakna,1
vanligaste,1
oppositionspartier,1
anställs,1
http://t.co/sMHI1FcGNN,1
Parlament,1
elöverskott,1
diket,1
Therese_Bjorn,1
utsago,1
regeringsinnehavare,1
Botkyrka,1
45000,1
avslutade,1
ööööh,1
oförberedda,1
förklarat,1
ryggraden,1
obegripligt,1
veteranernas,1
utryck,1
http://t.co/Bg6K0nbStr,1
Sthlm,1
undertextservice,1
exp,1
hyfs,1
lärarfacken,1
bokföring,1
byrålåda,1
http://t.co/09PBD1lMeR,1
Jaaaaaa,1
kontot,1
rejält-det,1
progressiva,1
keepupthegoodwork,1
ytterst,1
röster,1
kulturfrågor,1
kriteriet,1
For,1
EFTER,1
ibrutan,1
kdsnart,1
återinför,1
JonssonTorbjrn,1
Skolor,1
rita,1
available,1
leta,1
fasoner,1
50.000,1
stupet,1
tvungna,1
extremt,1
feminist,1
kopia,1
Enfrågeparti,1
Såklart,1
framtidsfrågan,1
rofl,1
allierade,1
sommaren,1
koalition,1
potentiellt,1
nyföretagandet,1
blod,1
SD-ledarens,1
Kritiserar,1
Gymnasiet,1
Vinster,1
budget,1
mota,1
von,1
beslutsförmågan,1
ducka,1
glädjande,1
barnen,1
1300,000,1
klokt,1
visionär,1
kompetens,1
picks,1
relatera,1
elev,1
tunnelbana,1
trädgård,1
Varit,1
Laddar,1
utbildningsväsende,1
Kräv,1
apoteksavregleringen,1
återkommer,1
läge,1
televisionen,1
karriärslönerna,1
riksdagsspärren,1
hereismytgoughtonit,1
retoriskanalys,1
Bergting,1
argumenterade,1
Menade,1
kavaj,1
upplyftande,1
DEN,1
lyckliga,1
köra,1
häromdagen,1
Ingvar,1
störste,1
Frans,1
FN,1
efterlyst,1
sakpolitik,1
plocka,1
by,1
klimatpåverkan,1
slutförvaring,1
anything,1
Busar,1
pldeba,1
välkomnar,1
fungerande,1
http://t.co/c3NaZO8JcX,1
allmänt,1
spridas,1
kraven,1
högertrams,1
fjärde,1
veckor,1
svåra,1
pastor,1
Dasmberg,1
tillförlitlig,1
http://t.co/VeyyXYg5kk,1
NÅGON,1
Hjälpa,1
http://t.co/uFUYDhbVI7,1
950,1
http://t.co/pVQpa1QLTu,1
orättvisor,1
tuff,1
flinar,1
förtydligar,1
individuella,1
utmåla,1
individuellt,1
riskerar,1
http://t.co/iOtWzQ9W5u,1
ekvationer.#svpol,1
texten,1
hållbh,1
fördubblat,1
fördubblar,1
centern,1
http://t.co/S0NW7eUPEa,1
zzzzzzz,1
http://t.co/MNgGXnAxWx,1
bomb,1
personmina,1
Politbyrån,1
medborgarlön,1
sent,1
fingret,1
dagsläget,1
kontrasten,1
dagis,1
högkonjunktur,1
kedjas,1
sprutar,1
1000dagar,1
arblösheten,1
lykta,1
Maktutnyttjande,1
Åkesork,1
tidlös,1
kvinna=jag,1
budgetar,1
http://t.co/GcwwuF0vM7,1
Applådtävlingen,1
försökt,1
8,7,1
8,5,1
beskedet,1
extrajobb,1
led,1
klimatteknik,1
Energi-killen,1
hejarklack,1
Aquino,1
larshjalmered,1
hyllas,1
riva,1
blabla-maskin,1
hyckleriet,1
rivs,1
snygga,1
varmare,1
Carolinafarraj,1
känt,1
Inkl,1
applåderas,1
annans,1
Centern,1
helvete,1
yeaaah,1
lokalt,1
mena,1
haverera,1
of,1
syre,1
w9cqY652Jx,1
frodats,1
http://t.co/jJWeNlI1Qt,1
torskarnas,1
åkessoooon,1
saknade,1
eft,1
Härde,1
friskolefrågan,1
massarbetslöshet,1
frisyr,1
Apple,1
halvåret,1
Utvidga,1
samhällets,1
Reinfelts,1
Karriärtjänst,1
koppling,1
sorglig,1
X,1
uppdelad,1
Väntetiderna,1
skuldbeläggas,1
kortade,1
olycklig,1
Skåne,1
provocerar,1
motiverar,1
ibrut,1
ellestrom,1
Say,1
hamrén,1
Östran,1
partiledarersättare,1
meta,1
APPLÅDERNA,1
intresset,1
hitlermustasch,1
Svamlande,1
skuldbördan,1
utbildad,1
anledningen,1
syriska,1
Brukar,1
referera,1
osmakligt,1
dubbel,1
förstärkt,1
bak,1
mardrömslika,1
politikers,1
arbetsavgifter,1
459,1
457,1
argsint,1
lärarfjäsk,1
lagts,1
krutdurkar,1
system,1
breddas,1
lågkonjunktur,1
skatteparadis,1
gatsten,1
pannan,1
Jämställdhetspolitiskt,1
bofast,1
OMG,1
a-kassan,1
KU-affären,1
http://t.co/EdoFmRpmI2,1
aktörer,1
glöms,1
vecka,1
raljerar,1
LorentzTovatt,1
http://t.co/XfSUDx4ON2,1
CMMagnusson,1
ytterstadsområde,1
etikett,1
skuggkulturminister,1
skrivs,1
Barrling,1
vist,1
vardagen,1
bår,1
Svensken,1
värdelösa,1
tjafs,1
09,1
http://t.co/GoGeihcdJp,1
http://t.co/zn9Nz603PE,1
kärlek,1
svagare,1
framtidsparti,1
persson-mobbning,1
jan,1
kantig,1
plåthuvuddebatt,1
visstidsanst,1
etnifierar,1
språk,1
smash,1
Gick,1
S-regeringar,1
effekterna,1
https://t.co/CE15fdCYoK,1
kortsiktig,1
Ps,1
btw,1
turerna,1
priser,1
fältherre,1
överdriva,1
DanielKlaar,1
slanten,1
Flera,1
Dyng,1
Glömmer,1
föränn,1
välfärdssektorn,1
Skattehöjningar,1
folkfest,1
floskelprat,1
reklam-radions,1
Färre,1
matsalar,1
Morgondagen,1
Het,1
flirtar,1
Hen,1
morgonsändning,1
Ger,1
silvia,1
MCederfelt,1
blommorna,1
vaknat,1
Judaskram,1
härdsmälta,1
retorikerna,1
Battle,1
Hehe,1
styrde,1
sällskapspel,1
lust,1
höjas,1
längesedan,1
miljöfrågor,1
orsakssamband,1
35h,1
CO2-skatt,1
Multitasking,1
metamonolog,1
Hårt,1
lobbyister,1
sade,1
lobbyisten,1
Backabo,1
ledde,1
Neej,1
350,1
Två,1
Iväg,1
27år,1
sommarlov,1
förhåller,1
aggressivitet,1
industrijobb,1
integrationsåtgärder,1
pressad,1
Oviktigt,1
bidrags,1
pressas,1
http://t.co/P6cZN7SroY,1
insåg,1
Brukarna,1
Björklund-Romson,1
därtill,1
Ansvar.Ordning,1
regeringsalterntiv,1
snickrar,1
penilla,1
klimatarb,1
✌#pldebatt,1
talberg,1
toppar,1
tillägga,1
svaga,1
begränsat,1
meningen,1
varmt,1
konstruktiva,1
regeringsskifte,1
skolelever,1
koncentrationen,1
Magda,1
sofiaxelsson,1
joggat,1
förenkla,1
hudfärg,1
vänstersväng#svpol,1
vänstermedierna,1
MATKRIG,1
smooth,1
trygghet,1
bedra,1
inv,1
globaliseringsförsvar,1
diktafon,1
ini,1
utnyttjar,1
alliansseger,1
distinkta,1
nöjda,1
uttalade,1
http://t.co/JYH0wJlo1Z,1
U,1
svpol,#pldebatt,1
allmännyttan,1
Ändå,1
Prioriteringen,1
pension,1
resonemang,1
kommersiell,1
kontaktar,1
undersköterska,1
genomföras,1
Ökade,1
fördomar,1
vilsen,1
expressentv,1
konsekvenserna,1
http://t.co/479VPEtK5S,1
elingustafsson8,1
Kallade,1
League,1
KRYPER,1
miljökrav,1
innefattar,1
kängor,1
betänkligheter,1
tjovädighet,1
vastnytt,1
starkast,1
utbildningslinje,1
kentekeroth,1
pldbatt,1
enkelspårigt,1
LSD,1
svämmar,1
kraftfull,1
Sedan,1
Twilight,1
sågas,1
Årlig,1
klarade,1
gustavgeorgson,1
pratiledarna,1
+repliker,1
månaden,1
förnekas,1
EUnell,1
negativa,1
ineffektiva,1
fyndig,1
Nämn,1
olämpligt,1
skolförslagen,1
vänsterns,1
magiska,1
stockar,1
småföretagarnas,1
1995,1
jobbig,1
S-förslaget,1
röstade,1
Självklarheter,1
Jimbo,1
felaktiga,1
Sjöstedt-,1
replikväxling,1
hashtagen,1
Intressan,1
statsministens,1
önskar,1
visste,1
Jannes,1
möten,1
demonstr,1
KramerLucas,1
kommentator,1
......,1
green,1
valda,1
http://t.co/Dc1T7Kuovl,1
klassklyftor,1
UNTFotboll,1
alltför,1
flitigalisa,1
Saudiärendet,1
ambitionens,1
sysselsätta,1
endast,1
then,1
Massvis,1
socpol,1
Tjejer,1
hånfull,1
Gotland,1
http://t.co/NVAdsfTJse,1
utbildningspolitiken,1
samhälle.Passion,1
noteringar,1
lugnt,1
ang.,1
trafik,1
hostande,1
fördjupad,1
omdettaskaviberätta,1
sprit,1
dammig,1
ComHemAB,1
S-ledd,1
mvh,1
polifokus,1
hänvisar,1
Lundsberg,1
garderoben,1
påtar,1
Välkommen,1
agerandet,1
tung,1
EU27,1
Hereismypodcast,1
Testa,1
medborgare,1
Lunchen,1
riksdagsredaktionen,1
socialbidrag,1
välfärlden,1
Andersson,1
skjutpussel,1
persson,1
arbetslöshetsskapande,1
acceptabelt,1
sjukas,1
Utanförskapet,1
guilt,1
medlem,1
skolorna,1
oroande,1
Talmannen,1
9,5,1
FYI,1
hårdhandskarna,1
skräll,1
värdet,1
riksdagsled,1
politikens,1
Frän,1
bortom,1
framstår,1
Lewin,1
mitten,1
damen,1
fädernesland,1
välstånd,1
fortätta,1
föräldraförsäkringen,1
nöjesfälten,1
tände,1
motstånd,1
sverigedemokraterna,1
Lagstiftning,1
ledarskapet,1
åka,1
humanist,1
åkt,1
reaktor,1
veckan,1
inställningen,1
jobbpolitiken,1
gubbarna,1
co.,1
we,1
samhällsintresserade,1
föregå,1
Hittar,1
100-talet,1
dö,1
Iraks,1
mardröm,1
tusentals,1
helvetet-så,1
Alfons,1
Gulligt,1
Ångvälten,1
inkorrekt,1
packningen,1
låtreferensen,1
växthusgaser,1
tvenne,1
http://t.co/cdZX7iofCW,1
Uppfriskande,1
http://t.co/3oaHpwR0d9,1
Trend,1
vaga,1
extrempartier,1
tillväxten,1
vagt,1
lösn,1
frihandel,1
vänd,1
Ligger,1
modernisering,1
Stor,1
utgår,1
statsvetare,1
Stod,1
hann,1
Stämmer,1
balkan,1
Beror,1
flerbaracker,1
bilen,1
klipp,1
aspekter,1
Indirekt,1
sansad,1
bördor,1
mamma,1
Reindfeldt,1
Skeptisk,1
morgonsoffa,1
bostadsområden,1
http://t.co/Uk4UXpPUgx,1
Surprise,1
reallöneökningarna,1
ångvält,1
http://t.co/9L7JUK6nuR,1
Framförallt,1
Funkar,1
flyktingskäl,1
vardpol,1
plockas,1
Slås,1
familj,1
hyckla,1
LundbergAdam,1
färdiga,1
tyder,1
EvaSolberg,1
Seriöst,1
Amerika,1
läskigaste,1
26år,1
SkaffaAnnieEnSpegel,1
pondus,1
regeringsmaterial,1
föredrar,1
verklighetsfrånvarande,1
vunnit,1
måndagen,1
Ansvar,1
säsongdbaserat,1
obs,1
påstående,1
självvalt,1
vännerna,1
argumenten,1
blivande,1
http://t.co/fRgZvVHtWZ,1
semesterlinje,1
klasserna,1
förtidspensionera,1
Kollar,1
studierna,1
underskatta,1
Grattis,1
tvåa,1
engagerade,1
bred,1
utomlands,1
klassrum,1
blodtryck,1
capita,1
reality,1
glas,1
Vikarien,1
demokratins,1
kapaciteten&möjligheterna,1
omega,1
http://t.co/RYxEL1g618,1
förorstkravallerna,1
imponerande,1
aftonb,1
klänningsöverdel,1
global,1
datum,1
fegis,1
zone,1
Solna,1
Evalena,1
uttrycka,1
uttryckt,1
spretigt,1
slät,1
Osmaklig,1
engagerar,1
stimulera,1
motsatta,1
tidig,1
Klaga,1
avdemokratiserande,1
sökt,1
halkade,1
ksp,1
Portugal,1
tillgänglighetsfrågorna,1
http://t.co/htvWxIkv5X,1
Trekaffe,1
uppgivenhetens,1
innebära,1
grinig,1
energifrågan,1
presenterar,1
prova,1
presenterat,1
Magstarkt,1
tengby,1
ryggdunkande,1
arbetsgrupperna,1
utmanar,1
Genom,1
Åseda,1
Concise,1
Pris,1
stoppar,1
stoppas,1
kacklet,1
filtrerad,1
flyktingfrågan,1
frikyrklig,1
http://t.co/ufrBoN3m1v,1
kovändning,1
betydelse,1
Tipsa,1
Jämför,1
alger,1
hjärntvättsjobb,1
flyttat,1
favorit,1
idrottande,1
krutdurk,1
Shit,1
välfärdsbygget,1
UlrikaModeer,1
uppenbarligen,1
arbetsmarkaden,1
kafka,1
kandidera,1
dubblerad,1
still,1
bänkarna,1
oansvariga,1
wildlings,1
tja,1
bäras,1
gbg,1
kliva,1
tarmrening,1
now,1
skolfrågorna,1
tjafsar,1
bekanta,1
grym,1
gryr,1
em,1
skratta,1
eu,1
haveri,1
fritid,1
stånk,1
laddat,1
ironi,1
laddar,1
http://t.co/QFYQtvnsyQ,1
superhöga,1
ofunktionella,1
Visionerna,1
ThomasFinnborg,1
carl,1
cara,1
glosan,1
Vredesutbrott,1
keepupthegoodwo,1
replikerna,1
Billström,1
etisk,1
omställning,1
grymt,1
tippa,1
albyärintetillsalu,1
Freudiansk,1
that,1
http://t.co/e4khZrgIsP,1
motarbetar,1
poltik,1
Rödgröna,1
television,1
skolreformer,1
märklig,1
strukturlösa,1
naglar,1
lynchar,1
sprickan,1
återinföra,1
fortsatta,1
förluster,1
verklighetens,1
statisten,1
nämnvärt,1
cyniskt,1
bekostnad,1
banks,1
verbalt,1
A.L,1
betryggande,1
knän,1
skolornas,1
Olja,1
bloggar,1
historielös,1
mottagning,1
elevers,1
Resten,1
högskolepolitiken,1
nöjdtjej,1
Jämställdhetslagstiftning,1
handlingar,1
drabbas,1
rullar,1
Fundera,1
bidragsberoende,1
EMU,1
idiotförklarad,1
attraktiva,1
Cred,1
S-led,1
5-åring,1
såsom,1
PoliticalChef,1
bänkad,1
mediarapporteringen,1
Kamrat,1
massavlyssna,1
verket,1
Lugn,1
pappret,1
samtal,1
Västerbottens,1
skiljelinjen,1
trovärdighetskorten,1
forehand,1
institutionella,1
handlande,1
arbetande,1
ensamkommande,1
utrangeras,1
sken,1
Stick,1
Mår,1
skoningslös,1
tonläget,1
kommunhuset,1
fnysa,1
Arbetsgivare,1
rapporter,1
Stämningen,1
sticka,1
vänsterstyre,1
Upprepande,1
Igen,1
minimera,1
Endlösung,1
misstänkt,1
hemskt,1
SDs,1
Ericson_ubbhult,1
förutsättningarna,1
sociologer,1
Teckentolkningen,1
tröttaste,1
sarkastisk,1
?oavsett,1
klimatnyhet,1
speed,1
kristdemokrat,1
bränns,1
Spot,1
kommunalpolitiker,1
http://t.co/dvTPxvmzk9,1
behövs.D,1
skyldigheter.,1
dito,1
varjedagmedpldebattiradio,1
mikaelava,1
kallsvettig,1
nationella,1
TV-uppsnack,1
bidragslöner,1
ojämlikhet,1
http://t.co/7NB3CGrC68,1
glest,1
Reinfeldt,vilka,1
http://t.co/UkDrDRLVnV,1
niondeklassare,1
Järnrörspolitiken,1
ovärdig,1
okarismatisk,1
1930,1
regeringssamarbete,1
företagsparti,1
oförberedd,1
rippas,1
your,1
start,1
inkomstskillnaderna,1
J,1
mobilförbud,1
http://t.co/49eqLXBUDb,1
3000kr,1
minns,1
OliverRosengren,1
http://t.co/rN5SIRQyVH,1
halvfulla,1
journalistkår,1
grönrött,1
1200,1
VARFÖR,1
salen,1
styrda,1
talet.#pldebatt,1
ekojordbruk,1
Lag,1
Slovakien,1
skärpning,1
poor,1
Minst,1
http://t.co/8644RWHFpX,1
storstadsregionerna,1
kontrar,1
akilleshäl,1
http://t.co/05Nktmn68A,1
skådespelerska,1
värdera,1
Folkpartiet,1
läste,1
Undantag,1
utreda,1
semantik,1
resonerande,1
anföra,1
hävda,1
Avslutningen,1
vägrat,1
MichaelSvensso4,1
90-dgr-garanti,1
generallösning,1
TITTAR,1
efterfrågan,1
P3Kazmierska,1
hån,1
7klöverns,1
styrmedlen,1
DRIVER,1
valkampanj,1
Märkbar,1
uttalar,1
medarbetare,1
jonten359,1
halverade,1
Befolkningen,1
förberedd,1
talarna,1
förbereda,1
pysventil,1
lagom,1
190,1
stolthet,1
http://t.co/gfoYtitV8q,1
OCED,1
säljas,1
fö,1
djefla,1
❤,1
SR,1
voteringar,1
SE,1
STASI,1
alby,1
Gråben,1
Lägg,1
svartmålar,1
lögnen,1
Diggar,1
Fasoner,1
kapitalisternas,1
serber,1
avståndstagande,1
med.Nej,1
vinstivälfärden,1
fa,1
TinaAcketoft,1
fd,1
jobblinje,1
löfteskarrusell,1
fl,1
däremot,1
Kungsbacka,1
segrar,1
SÅ,1
avsäger,1
ffs,1
helh,1
självklarhet,1
Toveluvan,1
dyra,1
Förslag,1
reducerade,1
läxan,1
http://t.co/MKvKplmAzC,1
Räknar,1
rektorn,1
nymo,1
helbild,1
diskrimineringslag,1
sån,1
Skyll,1
försov,1
http://t.co/M1PoAQip60,1
http://t.co/29vQ5GoHUS,1
återigeb,1
skuggbudgeten,1
formler,1
svarade,1
felet,1
avpol,1
Sverigedemokraterna,1
etiskt,1
taggat,1
där.11,1
psykologer,1
nominerad,1
Söderhamn-Sundsvall,1
annakarin_hatt,1
stf,1
%-partiet,1
Skrämmande,1
berömmer,1
gapskratt,1
läsår,1
principfast,1
genomförs,1
alexvoronov,1
MarcusFilipek,1
tunnhårig,1
approves,1
Göranperson2006,1
The,1
Hindren,1
MatsAosv,1
underbara,1
griffeltavla,1
tjatat,1
http://t.co/7v0I5JyS6c,1
onsdagen,1
jäklar,1
skandalösa,1
inkomstgrupperna,1
pausunderhållning,1
integritet,1
klent,1
nähä,1
strul,1
övertygar,1
http://t.co/fbKXM5DTqg,1
arbetstillstånd,1
x,1
Otroligt,1
slingrar,1
bakgrund,1
riksdagsparti,1
Plz,1
folkhems,1
CarinaHagg,1
poorer,1
omodern,1
oxå,1
förtjänst,1
kunder,1
sympatisk,1
uppfylls,1
batteri,1
Bänkar,1
kvinnopolitik,1
Ajaj,1
stängda,1
nystartsjobb,1
insinuerat,1
jobbskapande,1
Gott,1
brandkåren,1
förnyelsebar,1
dummare,1
bikini,1
match,1
utbildningsform,1
uttryckte,1
petat,1
partiblock,1
framåt,1
kunnig,1
valaffisch,1
FAN,1
allianskamrater,1
ostrukturerade,1
ar#svpol,1
SjquistStefan,1
nutid,1
flirta,1
smörar,1
uppdater,1
Fortsätt,1
arbetspraktiken,1
Ohederlig,1
inlett,1
Hemmet,1
resonerar,1
ohållbarheten,1
ansåg,1
nörd,1
förbifarten,1
faktakoll,1
egenskap,1
lögnerna,1
bitarna,1
baserade,1
Avsikten,1
Vilkadkaniregerameddå-korteeeet,1
dubbelsmällen,1
http://t.co/2AakVvdWse,1
manifest,1
landsbygd,1
legendarisk,1
<333,1
pikar,1
skyldigh,1
direkttextar,1
Cypern,1
ekonomierna,1
indignerade,1
förväntar,1
engagemanget,1
militärt-samarbete,1
skapad,1
enormt,1
Kerstin,1
konstanta,1
Comment,1
Rd-arbetet,1
linjen,1
refererar,1
block,1
instämmande,1
riskkapitalisterna,1
sälgiver,1
Tex,1
trixande,1
markuskonow,1
›,1
ledamot,1
Förkortningar,1
Faktum,1
överblicksbild,1
strukturer,1
CO2-skatten,1
vansinnesattack,1
energifrågor,1
utv,1
effektiv,1
uplägg,1
http://t.co/HsOGT4neZI,1
avrättar,1
Sverigeresa,1
skojigare,1
Ica,1
http://t.co/DLzg5HRxh9,1
förmiddags,1
TV,1
minsta,1
400000,1
refererade,1
företagsamt,1
department,1
försämrats,1
kors,1
tunga,1
Härstedt,1
säsong,1
vardagsproblem,1
agressiv,1
SUCKas,1
Globaliseringen,1
tweeten,1
go,1
http://t.co/croLoCPL1f,1
Beskedet,1
frekventa,1
stava,1
Människors,1
ljugit,1
Not,1
Åksesson,1
Enbart,1
mikaelfeldbaum,1
Tyck,1
tonat,1
socialdemokratiska,1
Utbildningsminister,1
direkta,1
livetwittra,1
oron,1
backväxeln,1
DILBAS,1
folks,1
paketerar,1
pajkastning,1
Aha,1
killarna,1
forsatt,1
orakad,1
kraftig,1
lååångsamt,1
sammanfattar,1
företagarpolitik,1
innebörden,1
vaka,1
........,1
marxist-leninistiska,1
yrket,1
valvinnare,1
Bluffpolitik,1
utbildningsmaskineriet,1
blockpolitik.#valmöjligheter,1
http://t.co/Q82lBqAgaP,1
Sydow,1
öppnare,1
varförharjagjobb,1
sommaruppehållet,1
smörja,1
Socialdemokratern,1
integrationssatsning,1
debatterande,1
sänkningen,1
städbolag,1
superlångsam,1
hyfts,1
ride,1
inspirationens,1
förstörelsen,1
dessvärre,1
JB-gymnasiet,1
spårat,1
löftet,1
talan,1
hashen,1
pl-debatten,1
pedagogisk,1
sammansättningen,1
överkropp,1
ridå,1
Blueray,1
längtar,1
månad,1
Aliansens,1
interasistmen,1
handikappade,1
offentligt,1
Matkrig,1
Blandband,1
förnekar,1
ihoptvingade,1
http://t.co/u18BLayS5M,1
fördel,1
regeringsskiftet,1
underligt,1
stön,1
lästips,1
PR-jobb,1
nedanför,1
Björn,1
Maddes,1
stiger,1
deltagit,1
världsomgripande,1
omskrivningar,1
gissa.Mikael,1
sändningstiden,1
skrämmande,1
Beckman,1
Ullsten,1
flumskolan,1
verklighetsförankring,1
glöm,1
tydligt.#pldebatt,1
förvirrar,1
Sigtuna,1
Världsekonomin,1
S-pol,1
likna,1
bredsidan,1
Klar,1
problemperspektiv,1
omänskliga,1
befolkningen,1
dieselmotor,1
asgarva,1
arbetade,1
höjningarna,1
finanser,1
bet,1
Invandrarfientl,1
framhävs,1
Slovenien,1
stiligt,1
flyttade,1
2017,1
rörigaste,1
OMÖJLIGT,1
tredjedelar,1
bolund,1
kameravinkel,1
Polisen,1
rumpan,1
valtal,1
Nyfiken,1
FÖRSÖK,1
regeringspretendenterna,1
påstås,1
http://t.co/JbVCw8PfuS,1
immigranterna,1
roligare,1
fräsch,1
skedde,1
http://t.co/Fat4mp08E0,1
spillde,1
begäras,1
overall,1
klassiskt,1
Bekymret,1
gladiatorspel,1
Ngt,1
sydafrika,1
KinbergBatra,1
desperata,1
passé,1
köade,1
vänds,1
individens,1
förvränga,1
muttrar,1
hierarkin,1
60.000,1
Citera,1
magi,1
dragandes,1
outfit,1
plockade,1
livschanser,1
http://t.co/tNOH4yBhb9,1
http://t.co/KMNmWU9LFC,1
cigg,1
ände,1
utvandrar,1
glasskärvor,1
bollar,1
småkåt,1
slipsknut,1
fokusera,1
liberalt,1
Sist,1
storgarv,1
lössen,1
Glömde,1
nejtillfriår,1
sand.,1
komplement,1
begär-ordet,1
bränderna,1
bråk,1
GabbeSE,1
enkel,1
aningslösa,1
Privatiseringen,1
bromsklossen,1
lämpad,1
riksdagsbebatten,1
Sätter,1
bokstavligt,1
raketfart,1
Vore,1
skugga,1
onda,1
Nämner,1
Inför,1
kjol,1
Neoliberalmadness,1
RichardHerrey,1
sweet,1
titta,1
vidare,1
extrempartiledarna,1
härskartekniker,1
psykiatriftågan,1
Dahmberg,1
inkomstklyftökningen,1
Gissar,1
http://t.co/28eJDrwYqj,1
dränkas,1
jämnare,1
hinder,1
http://t.co/YPEoR9mRel,1
kredd,1
järnkoll,1
sånt,1
UT,1
RT-festival,1
kistan,1
UD,1
bombad,1
långtidsarbetslösa,1
INGEN,1
h.,1
http://t.co/vDUJ7TvYa8,1
Rimmar,1
hejar,1
ht,1
utbrändhet,1
utöka,1
hm,1
Zlatan,1
slagträ,1
dator,1
införs,1
infört,1
antra,1
Alls,1
född,1
Tagit,1
offensiva,1
hackande,1
Trygghet,1
kränkta,1
hå,1
Hellre,1
jisses,1
http://t.co/insqlkaVY2,1
blogg,1
konsumtion,1
Viktig,1
.Aliansen,1
kemiingenjörer,1
statsministerns,1
sorry,1
tjabbel,1
korrespondens,1
glädje,1
Thomas,1
Redogör,1
Strasbourg,1
Polen,1
oljeberoende,1
Stone,1
OJ,1
dennes,1
Sverigesriksdag,1
Waberi,1
Ville,1
lämnar,1
gode,1
105,1
Ungas,1
Ingenting,1
argumentaion,1
S-ledamöter,1
berör.http,1
Korrekt,1
call,1
affärsidé,1
Olustigt,1
Sth,1
agera.#svpol,1
öppning,1
Liv,1
intervjuad,1
hörn,1
Klockrent,1
stödet,1
förinspelad,1
sfsutb,1
Budkapet,1
orsakat,1
startade,1
substans,1
folkblad,1
tweetas,1
tweetar,1
MÅNGA,1
Gåshud,1
trashtalk,1
grupperna,1
bitterhet,1
Sade,1
nationell,1
personal,1
S,V,1
http://t.co/Sx0Zji195g,1
medlemmar,1
bisarra,1
allianskorvgrillning,1
%varniningsbild,1
behagar,1
roast,1
socek-komp,1
enorm,1
medier,1
rökt,1
utbildningstimmar,1
http://t.co/Hrps9hDhR8,1
tydligast,1
hälsar,1
talen,1
fastnat,1
favo,1
våldtas,1
299,1
Medmänsklighet,1
240,1
http://t.co/k3RzgXXcPp,1
rasmusling,1
faktum,1
Socialdemokraten,1
representant,1
avslöjar,1
lärarlönen,1
avslöjat,1
värdelöst,1
hållbar,1
brottsoffer,1
värnar,1
reklam,1
BÅDE,1
Mest,1
SMACK,1
Renoveringsbehov,1
anlänt,1
rec.fria,1
kolkraftverk,1
kausalt,1
problembarn,1
hundar,1
förhållningssätt,1
Lär,1
http://t.co/T0MxygkBnL,1
spelutvecklare,1
sjuksköterskor,1
Påhopp,1
http://t.co/Au6MAyEx3j,1
SverigeStällerOm,1
åtgärd,1
karljäveln,1
bildar,1
Noterade,1
godkänt,1
komedi,1
dog,1
http://t.co/1SQWmwOtO3,1
stoppkloss,1
spontana,1
http://t.co/32L7HKKKwK,1
yttersta,1
visionen,1
Pojkar,1
Stackarna,1
kvarts,1
självklarheter,1
utmärkt,1
vänsterfolk,1
välfärdsföretag,1
helhet,1
sambandet,1
föredömligt,1
strategiskt,1
blus,1
instämmer,1
skam,1
ungdomssatsning,1
stol,1
kubik,1
sakfrågan,1
bar,1
jämställdhetsarbetet,1
_mariacarlsson,1
bad,1
företagandet,1
ledig,1
02,1
00,1
06,1
avgörs,1
aggresiva,1
viska,1
naturligtvis,1
sorts,1
Rut,1
statsmannamässig,1
Ytterligare,1
Moderaternas,1
godisleverensen,1
Cornubot,1
hjärna,1
förberedda,1
överlämningsdokument,1
statsmannamässigt,1
EU-rådsmötet,1
maktpositioner,1
sal,1
superjens1,1
poängseger,1
omvända,1
S-förslag,1
Skriver,1
Ulla,1
http://t.co/nWVVhAGk1G,1
vapenexportlag,1
angående,1
ära,1
jädra,1
albaner,1
it,1
kvotera,1
Långt,1
dokument,1
coolt,1
MP->,1
DU,1
folkhemstiden,1
jogging,1
Fredriks,1
VivianaPanteon,1
Va,1
stämning,1
SvD,1
Nicconova,1
Vp,1
Vs,1
arbetspraktik,1
upprepa,1
Friskolor,1
Felbyte,1
förverkligande,1
ALLT,1
adress,1
tedman52,1
utrikessfödda,1
protokollet,1
Hugger,1
skojar,1
lunchpaus,1
pillar,1
asaromsom,1
SvTforum,1
mikrofoner,1
saudiaffären,1
pissar,1
mikrofonen,1
demokratikriterier,1
tappar,1
2013-06-12,1
http://t.co/F1xZRCwCgv,1
förskräcker,1
regeringsunderlag,1
orsak,1
flyktingpolitik,1
1600-talets,1
http://t.co/tycrrPHueT,1
McDonaldsrabatten,1
http://t.co/ouyb6Bwwbr,1
hålor,1
norrlands,1
arbetslöshetsstatistiken,1
Örontortyr,1
GRÖNA,1
GunnarLidell,1
bero,1
tråkigare,1
partinamnet,1
Karlsson,1
propaganda,1
sifferexercis,1
Obehagligt,1
shit,1
Några,1
http://t.co/gXbv9Imq2Y,1
betald,1
knäet,1
kaffeterian,1
miljöparti,1
Decisions,1
dörrar,1
Flytta,1
vsrenda,1
expandera,1
fattas,1
Vinstintresset,1
proletariat,1
Varken,1
kräftgång,1
telefon,1
tredje,1
prettymatches,1
bomber,1
6-åring,1
människas,1
👏,1
riksdagen.se,1
högutbildade,1
hejarklacksmatch,1
Romper,1
övernattade,1
tillräcklig,1
kfhbg,1
skattesänkarpolitik,1
sthmlriots,1
tvekan,1
statsman,1
idioter,1
fäste,1
valsiffror,1
alt.,1
Defensivt,1
bibliotek,1
historieböckerna,1
http://t.co/zCag4xR9Ye,1
Svaret,1
felat&lämna,1
http://t.co/cO8KIXQZTo,1
härskarteknikerna,1
Bilderna,1
partiets,1
Nått,1
förminskande,1
hotell,1
vackra,1
enorma,1
SRplay,1
bemöter,1
Pressad,1
grillkorven,1
pers,1
dumhet,1
asswipe,1
sommartider,1
Starring,1
myndighet,1
vuxendagis,1
EvaFranchell,1
innovationsnation,1
glåpord,1
besvaras,1
200000,1
webradion,1
Cementera,1
sammanfattad,1
nonchalant,1
ping,1
lågavlönade,1
utfästelse,1
kriseuropa,1
mat,1
140,1
EU,han,1
centrum,1
backar,1
debaterar,1
omen,1
tals,1
BengtHansell,1
sammanhållni,1
http://t.co/Dq0qBm3gZR,1
talk,1
gårdagen,1
klämma,1
absolutistisk,1
massvandring,1
Sommarlovet,1
Kamp,1
nazisterna,1
släng,1
Husbydebatten,1
språkliga,1
bullshit,1
klimatfrågor,1
härskarteknik,1
regeringslternativ,1
ålder,1
avkomma,1
girl,1
Politiker,1
TÅ,1
principiellt,1
Jorå,1
bolagsskatten,1
http://t.co/mSyjgG9pah,1
vilkor,1
förväntingar,1
Yay,1
Debattpoesi,1
uttalanden,1
HELT,1
sömnpiller,1
debattörer,1
spetsen,1
oppos,1
Dagen,1
arbetsrum,1
obehagliga,1
1a,1
flerpartisystem,1
plusjobb,1
välfärdstjänster,1
obehagligt,1
http://t.co/QUhSK73Zse,1
fossiloberoende,1
omoral,1
11,1
fiender,1
ursäkt,1
kikar,1
DO,1
DM,1
DK,1
förstått,1
s-politik,1
Alltid,1
drömmen,1
företeelse,1
ovilja,1
stundar,1
rötterna,1
isoleras,1
isolerat,1
20+,1
Hjälp,1
PINSAMT,1
Tidigare,1
Sexpolitiken,1
upplyser,1
livsstilen,1
Utmärkt,1
_annadahlberg,1
Jobbskatteavdrag,1
omöjligt,1
oligopol,1
piggare,1
klistras,1
äganderätt,1
HAN,1
get,1
bombade,1
Jösses,1
hjälte,1
klimatskatterna,1
K-O,1
hungriga,1
jaaaag,1
låtsas,1
Aggressivt,1
Eleverna,1
jämställdhetsområdet,1
ledigt,1
Valdebatterna,1
utl,1
menas,1
visades,1
eftermiddag,1
piska,1
bevakar,1
slänger,1
signaler,1
Hibonytt,1
tjötar,1
kastades,1
besvär,1
diskrimineringsgrund,1
Mupparna,1
värdegrundsfråga,1
spana,1
cancer,1
sugen,1
replik-SD,1
Motsvarar,1
gratislån,1
sågning,1
smutskastningstävling,1
begripit,1
mark,1
industrin,1
Yrkesintroduktionsavtal,1
köttbullar,inte,1
tydl,1
elände,1
kultur,1
ÅsaRomson,1
Regering,1
http://t.co/YIWQxFXyqC,1
riksdagspolitiker,1
ständigt,1
samarbetsimage,1
Husbyhändelserna,1
feministisk,1
Vadå,1
invandrartäta,1
par,1
SNACKAR,1
6mån,1
Både,1
bevingade,1
RobinGMJ,1
utanförskapsområden,1
folkpartist,1
http://t.co/sa5cTBwuuN,1
företagsbeskattning,1
löste,1
Rent,1
http://t.co/9MsI1cd9XM,1
väginvesteringarna,1
TT,1
verktygslåda,1
församlingen,1
Föredrar,1
FLOSKLER,1
parat,1
vintern,1
eupol,1
forska,1
fotbollsarena,1
kollektiv,1
Pragmatiker,1
Streaming,1
backa,1
HATAR,1
fångas,1
t.o.m.,1
inövade,1
Människosynen,1
undrat,1
demokratisk,1
näringsliv,1
talarge,1
beky,1
företagsklimat,1
billligare,1
metaforer,1
förnybar,1
kollektivavtalsförhandlingar,1
Fakturorna,1
Bidrar,1
sthmriots,1
ramson,1
http://t.co/MUNgprXqqX,1
solidaritet,1
Sagan,1
kvinnlig,1
självt,1
Twitterfeed,1
investeringarna,1
angav,1
inväntar,1
formulerad,1
jobb-besök,1
parlament,1
tunnas,1
apoteken,1
brandmän,1
trampar,1
nolltaxa,1
ålderdomens,1
grillad,1
hudfärgsaspekten,1
profilera,1
effekt,1
inkludera,1
industriföretagen,1
ansv,1
Gini,1
ryktet,1
koalitionsprogram,1
480,1
särbehandlar,1
u,1
deluxe,1
gruvnäringen,1
vila,1
growingupbelieved,1
diffusa,1
talks,1
Trist,1
Västvärldens,1
Överlägsen,1
Skaffa,1
bråka,1
handlade,1
predikanthumör,1
Replikskiftet,1
Åkessonns,1
skolpolitiken,1
Vinstfrågan,1
spioneri,1
skolresultaten,1
rasistiskt,1
ljudliga,1
partikollegan,1
ekvivalens,1
ekat,1
tjatar,1
månadsrapportering,1
sjönk,1
massor,1
OSERIÖSA,1
smula,1
PartiledarSpråkrörsdebatt,1
befästs,1
publik,1
Förebygga,1
lömska,1
dörren,1
benen,1
underbyggda,1
äventyra,1
vetu,1
OlaHakefelt,1
Nyckeln,1
utsträckning,1
hörnflaggan,1
HEJA,1
undanflykter,1
misstänker,1
hyllning,1
Värt,1
jättebra,1
småförändringar,1
grundpremiss,1
statistiksnack,1
riktlinjerna,1
sll,1
komb,1
brist,1
förespråkar,1
trendar,1
befintliga,1
bredvid,1
jobb.CSN,1
statsminister.Bra,1
days,1
Twitterflödey,1
stil,1
trycka,1
+1,1
rapport,1
Vågar,1
späder,1
Läsvärd,1
Dom,1
knappen,1
lärarförbundet,1
samh,1
Johan,1
Sophia,1
föredömlig,1
imorse,1
http://t.co/JqcGQsIg3B,1
officiella,1
Pratades,1
26,1
kommenteras,1
23,1
kollar,1
miljöpartister,1
diskussion,1
replikmöjlighet,1
Kallas,1
gapskrattade,1
hämta,1
association,1
spärren,1
http://t.co/236e7TbGrd,1
fisk,1
Båda,1
borgare,1
forskning,1
AlmerLjutika,1
agerade,1
Kvinnofrågorna,1
viker,1
Vinstspöket,1
mmm,1
ER,1
vägrade,1
investeringar,1
Ex,1
kostn,1
styre,1
enskild,1
gullas,1
s.f,1
partiers,1
krossat,1
hjälpmig,1
katastrof,1
insinuant,1
doktorsavhandling,1
debatteras,1
debatterat,1
lajva,1
Imorgon,1
skippa,1
b,1
avklarade,1
älska,1
landsbygdspopulism,1
militärt,1
ungdomsskatt,1
skuldbelägger,1
http://t.co/MW33w98zx2,1
B,1
förslag.#pldebatt,1
krånglet,1
liverapportering,1
ljusnande,1
såna,1
LÅT,1
skjuta,1
servicen,1
avknoppas,1
Kammaren,1
kk,1
hända,1
Frälsaren,1
TONLÄGE,1
gnäller,1
Poor,1
idioti,1
Klimatet,1
swedegirlsthlm,1
rök,1
tröttmössor,1
forts.,1
AMAZON,1
grundkärna,1
statistikdefinitioner,1
skickar,1
Uran,1
uttrycket,1
STÖNas,1
spiken,1
Ullenhag,1
påhittade,1
Minskade,1
förmår,1
SKL,1
rundgång,1
9-årig,1
expert,1
tweetsen,1
yttrande-,1
pressarbete,1
slutrepliken,1
clueless,1
lastbilsskatt,1
utförsäkras,1
utförsäkrat,1
erbjöds,1
uppfattning,1
http://t.co/yHxct1WWoF,1
Voltaire,1
andas,1
globalt,1
partiföreträdare,1
tufft,1
grillkorv,1
motverka,1
ungdomars,1
besökt,1
Viktigaste,1
lastbilschauff,1
gynnar,1
Rumänien,1
kämpanörden,1
Hansson,1
Rapport-läsförståelse-tävling,1
välfärdsföretagande,1
svajar,1
hejvilt,1
moment,1
Partaj,1
tillför,1
förståelse,1
Ginikoefficienter,1
kommunister,1
halvt,1
tjat,1
ag-avgift,1
representanter,1
passerar,1
1960,1
http://t.co/lx8JSBsxVM,1
valrörelse,1
alternativa,1
förhandla,1
utopier,1
blöjan,1
Claquen,1
historielöshet,1
strävanden,1
dubbelt,1
big,1
mildhet,1
Trollpol,1
bit,1
lärarsatsningar,1
Enskilda,1
Intellektuellt,1
hushållen,1
princip,1
Privatisering,1
vägd,1
tandläkarbesök,1
back,1
ekot,1
pelargonlinje,1
demokrati&hållbarhet,1
pratas,1
epic,1
http://t.co/XVLkVZE0Hu,1
kryptonit,1
Bor,1
Boo,1
diskriminerande,1
utflytta,1
juste,1
ungarbgivavg,1
Målar,1
Jimmi,1
uppiggande,1
nödvändiga,1
http://t.co/wv2ny18Kzz,1
snackas,1
utomhus,1
ordnat,1
förödande,1
Plikten,1
jättefräck,1
pris,1
mkr,1
Misstänker,1
mansdominerade,1
sväljarn,1
berömde,1
serie,1
bortskänkandet,1
planet,1
slutändan,1
lyw,1
inskränka,1
miljö-,1
Linda,1
möjligt,1
vevar,1
Maa,1
familjen,1
fås,1
kavajtvång,1
Arbete,1
fattighetsbeskämpning,1
funktionsnedsattas,1
förbjudas,1
likadan,1
hawaiiansk,1
2002,1
sårad,1
snabbavveckla,1
skönt,1
förtidspensionering,1
vargarna,1
svt2,1
Kafka-system,1
arbete-mentalitet,1
Jimpa,1
RALJERI-RALJERA,1
retweets,1
högskolepolitiken.Konstigt,1
kmr,1
Ungern,1
<<<från,1
tilltala,1
ministerpost,1
vägde,1
jobb-ungdomsgaranti,1
kimthecynic,1
skolledarna,1
https://t.co/5Z31HoWoT5,1
exemplen,1
Frågar,1
öppenheten,1
vågmästarna,1
klarspråk,1
arbetsklassens,1
tvångsdelad,1
twitterflödet,1
Jorden,1
FTW,1
Professor,1
Fas4,1
extrema,1
Härskarteknikerna,1
kärt,1
33,1
http://t.co/a7ga8L3hJ8,1
http://t.co/PLgfXPmSEZ,1
Tillsammans,1
miljard,1
decenniums,1
lappar,1
skäll,1
FY,1
fastna,1
skyddsrätt,1
!tyvär,1
ledighets-,1
Irans,1
betyer,1
ovan,1
Muslimerna,1
hindret,1
goderholt,1
Följt,1
3-åring,1
Följa,1
rubbestad,1
Följd,1
mysigt,1
skämta,1
faceplant,1
http://t.co/0yltt9A25X,1
falsett,1
snacks,1
hycklare,1
Kreditkortspolitik,1
slutbetyg,1
ensidig,1
väljarnas,1
Jimmiee,1
övertid,1
riktig,1
inse,1
http://t.co/aXJ8EbeDCL,1
bluff,1
gammal,1
http://t.co/8K0rR2lECb,1
punkare,1
Regeringsalternativen,1
No,1
mänskliga,1
åsa,1
vuxit,1
panik,1
siestalinje,1
träffa,1
Lättare,1
oenig,1
Satsar,1
http://t.co/d3BrXmC6UA,1
Samhallsvetaren,1
gnistor,1
arb.villkor,1
fattigdomen,1
ret,1
djävulens,1
öser,1
tilltalar,1
Utbildningen,1
ref,1
reg,1
CSN,1
Klockren,1
Uppfyll,1
bisarr,1
inledd,1
siffertrixande,1
Folk,1
oerhörda,1
missa,1
utförsäljningar,1
slutkläm,1
Reallity,1
http://t.co/Qw1xjAakkX,1
föräldraledighet,1
sparande,1
fritidsgården,1
Jobblinjen,1
10år,1
Episkt,1
vpk-ledaren,1
bröt,1
trianguleras,1
PARTIER,1
bröd,1
Babbel-politik,1
affärsvärlden,1
have,1
Möt,1
svansen,1
svadslös,1
semester,1
utvidgas,1
GayTenor,1
sanningar,1
KALLARE,1
skolgång,1
resultatet,1
oss-ett,1
varandras,1
Irriterande,1
johaningero,1
inkörd,1
orjanr,1
Militär,1
absurd,1
upptäcka,1
Applåderna,1
känga,1
miljonsatsningar,1
fungerade,1
raljant,1
kakor,1
jämställdhetsfrågan,1
ropar,1
staffanaxel,1
förnamn,1
grabben,1
kullar=Regeringen,1
evalena,1
förlösande,1
mun,1
nosen,1
Pingu,1
utförsäkrade,1
angränsande,1
lyckade,1
regeringsbesked,1
tv-apparatur,1
knäpp,1
p3nyheter,1
rektorer,1
mothugg,1
fräscht,1
recitera,1
benämner,1
konservativa,1
ärliga,1
http://t.co/UH9nrLmRkU,1
rimliga,1
Anställningsbar,1
Hört,1
grupperingar,1
delorsak,1
företags-,1
Klirr,1
graviditeter,1
väljas,1
Feministpoängen,1
7-8,1
obehaglig,1
Argumenten,1
dyker,1
svaren,1
skickligaste,1
kändes,1
Ledsen,1
könssegregerade,1
slöa,1
birgittaohlsson,1
Johnsphones,1
förstatliga,1
kallad,1
överlägsen,1
kallas,1
http://t.co/NG79IdIYzo,1
Saknas,1
sagts,1
hoppas,1
konsekventa,1
slavarbete,1
arblöshet,1
slita,1
http://t.co/JjLR7FKz2Y,1
reformen,1
veklighetensfolk,1
likvärdig,1
joakimbook,1
demonstranterna,1
Berättat,1
samsyn,1
Saudi-affären,1
Troligen,1
100st,1
hallåå,1
http://t.co/nbzSoWK2Lm,1
TVn,1
Anders,1
avgift,1
nja,1
försvarstalet,1
bräna,1
starkaste,1
sänkningarna,1
jag=relativ,1
JimmieÅkesson,1
neoLITEn,1
Husbyupploppen,1
gänget,1
vänsterdebattörer,1
HELALISTAN,1
klappa,1
varenda,1
Byabuss,1
Regeringsoduglighet,1
starkare,1
lackar,1
gbgområdet,1
glada,1
|,1
okunnig,1
kristallkulan,1
punchline,1
ideella,1
chris,1
densamme,1
neutralisera,1
riksdagspolitikerna,1
likadant,1
allianskollegan,1
Der,1
SJÖSTEDT,1
företagaren,1
kraft,1
rutor,1
fruktansvärt,1
glory,1
ialla,1
täcker,1
Sergeant,1
44,1
45,1
aning,1
småföretagarpolitik,1
gränserna,1
Kafé,1
Islam,1
konstaterande,1
Yeahyeah,1
tonlägen,1
Morgonhäng,1
aknyman,1
välskötta,1
Själva,1
belysa,1
samarbetat,1
t_sjostr,1
Haaaaaaahahahahaha,1
stöldmärkt,1
föraktfullt,1
Stomper-reboot,1
sveket,1
Premier,1
Göra,1
Go,1
matematik,1
ankdamm,1
verklig,1
veritabla,1
fälld,1
fälla,1
KORTSIKTIGA,1
Besviken,1
utbildningsbehov,1
notera,1
poliskåren,1
Asien,1
kommunalt,1
utredning,1
slöare,1
?#annielööf,1
http://t.co/AxrD4cIPQw,1
Gå,1
uppfriskande,1
föredöme,1
Sådärja,1
strax,1
http://t.co/UX0HNyAgJv,1
ursäktande,1
stram,1
vänsterhörnet,1
punktslista,1
+4-5,1
Alliansknappen,1
sticker,1
allianspåhopp,1
naiva,1
phone,1
martinsaldin,1
ösning,1
noscire_,1
ma,1
Crowe,1
mm,1
icke-engagemang,1
mo,1
akutsjukvården,1
Förändringar,1
http://t.co/C7ny0Jxgqj,1
Ogesjo,1
folkhälsofråga,1
glädjebetyg,1
handlingsförändringar,1
svår,1
Rizec,1
bemöda,1
elitens,1
antlantångare,1
existera,1
arbetar,1
reformera,1
over,1
synonymt,1
Slående,1
vita,1
skarpaste,1
http://t.co/HuMcV2hYg0,1
rosor,1
http://t.co/vquVESdtvv,1
senast,1
upptagen,1
alliansstyret,1
entreprenörer,1
riksdagsledamöterna,1
mår,1
JAG,1
jimmieakeson,1
skattehöjningarna,1
rockärmen,1
arblös,1
Liknelserna,1
Humor,1
Whack-a-mole,1
Wtf,1
smular,1
arbetstid,1
behövde,1
rekommenderar,1
familjekonstellationer,1
Holm,1
riktning,1
sätts,1
ifmetall,1
Forsmark,1
påpekanden,1
Kommunister,1
sommareni,1
Vid,1
berättelsen,1
filter,1
JBodenfors,1
sönderavreglerad,1
http://t.co/g8lK3LzLE5,1
nyheten,1
dribblar,1
ungdomsarbetsplats.Jag,1
välkommen,1
betona,1
åring,1
strukturella,1
enstående,1
kontakta,1
trygga,1
lotsoflundgren,1
Gand,1
EUs,1
exponerin,1
rak,1
folkvälde,1
valet.#svpol,1
höjjer,1
sansat,1
grundskolan,1
grinigt,1
bidragit,1
Upplysningsvis,1
Samuelteglund,1
lärlingsutb,1
Förgyller,1
inkomstfördelningen,1
språket,1
tjata,1
Annorlunda,1
?Men,1
inflytande,1
Försvaret,1
Hållbarhet,1
saga,1
användande,1
Slängde,1
Debatter,1
Antagligen,1
förratweeten,1
lägenheter,1
Alvedon,1
kako,1
tummen,1
ung.arb.het,1
skolfrågan,1
twittrandet,1
slags,1
folkhemmet,1
automatik,1
samvete,1
Måhända,1
blicken,1
Diskriminering,1
kroppen,1
Per,1
eBay,1
vänsterpolitik,1
Rasistkorteeeet,1
integrationsatsningen,1
Ingenskalämnasutanför,1
hellrejobb,1
erkände,1
mur,1
brinnande,1
omoraliskt,1
allra,1
valfriheten,1
rest.skatt,1
betonar,1
förekommen,1
förutsägbara,1
nummer,1
lögnaktiga,1
Gav,1
uppskov,1
akademiker,1
snabbavvecklad,1
wowwow,1
Neutralpartiet,1
valp,1
Sds,1
hastighet,1
Snabbtitt,1
äran,1
thaher,1
glider,1
http://t.co/Olu3yxUVPA,1
hindren,1
försvinna,1
Hängde,1
greppar,1
råder,1
Gödsla,1
livesändning,1
eloge,1
Satsningar,1
stötta,1
Personligen,1
stadigt,1
Reinfeldt-raden,1
munkfrisyr,1
ogilla,1
innantill,1
DO-flytt,1
30miljarder,1
talepunkterna,1
vardagsmakten,1
CNylander,1
rasistisk,1
http://t.co/AeyW5lJvcX,1
trygggt,1
Klartext,1
aktiv,1
flexibilitet,1
paffheten,1
Hå,1
sjukvårdspersonal,1
hittepå-jobbpolitik,1
duktig,1
ihåligt,1
55,1
skitsnack,1
57,1
53,1
godis,1
http://t.co/E5k0sNIdcn,1
hund,1
Vallöfte,1
RÄTT,1
supermänniskor,1
fnissar,1
Life,1
diktatur,1
värd,1
Rödgrön,1
uppstått,1
Domen,1
Apotek,1
http://t.co/lLzSHRJiLa,1
citerad,1
Blev,1
arbetsmarkpol,1
osmart,1
klargör,1
märkpenna,1
barns,1
rättvisa,1
Annieloof,1
Fruktansvärt,1
civil,1
systemen,1
svamlande,1
mörk,1
nå,1
amerikasvenskarna,1
Tunn,1
skulden,1
Bengtsson,1
Revisited,1
s-förslag,1
Nuonaffären,1
partiledaren,1
löses,1
eventuell,1
InfiniteEdgeKim,1
varifrån,1
bildt,1
sexpolitiken,1
Elöverskott,1
plånboken,1
trevligare,1
läkemedel,1
skatta,1
tio,1
viskas,1
intressantare,1
försvarat,1
notan,1
MaryXJ,1
framtidsfråga,1
invånare,1
fördelas,1
galningen,1
Awww,1
Vänster,1
reformeras,1
socialt,1
listig,1
satsningar.Bemöt,1
Fånig,1
utbildningsministrar,1
högg,1
inland,1
uppgifterna,1
Pengar,1
Åhörare,1
otacksamma,1
gäspa,1
goes,1
hyfsad,1
tysta,1
karlafg,1
enkla,1
vapenexportlagen,1
avsatta,1
Jägar-Samlarsamhället,1
däremellan,1
gråter,1
billybiceps89,1
s.k.,1
http://t.co/rXTPtmgsqt,1
playtips,1
Låtsas,1
begå,1
Statistiken,1
rutinerad,1
aggressiviteten,1
garantin,1
kulturpolitik,1
förskolelyft,1
innehållet,1
ledsam,1
hätsk,1
SÄMRE,1
barngrupper,1
http://t.co/53SQGgqNwm,1
valmöjligheter,1
utryymmet,1
arbavg,1
frivilliga,1
underbemannade.#pldebatt,1
skärpa,1
befängt,1
VPK,1
widarandersson,1
Solenergi,1
fascism,1
familjens,1
samförstånd,1
berättat,1
Partiet,1
anlända,1
representation,1
http://t.co/vcSUzokCdy,1
Fragglarna,1
P_Karlsson,1
fräschare,1
orter,1
http://t.co/,1
EU-snittet,1
blocken,1
organisation,1
sträcker,1
övertyga,1
Tänkvärt,1
pleni,1
snabb,1
budbärare,1
Likaså,1
prioritering,1
visningar,1
matimporten,1
Fråga,1
kvartersvandrande,1
Nyckel,1
kent,1
Robin_Hkd,1
mellanstadiet,1
SKAM,1
anklagas,1
http://t.co/gHBxu6QBvo,1
hemsida,1
läxhjälp,1
vattekammad,1
Äppelpaj,1
nuvarande,1
4,6,1
viftar,1
skjuter,1
beklagar,1
framtidskommisionen,1
IMF,1
9.00,1
Socialen,1
<33,1
balans,1
Senare,1
and,1
afrikanska,1
ÖA,1
matreferensen,1
klackspark,1
jämställdheten,1
imponerar,1
Dödsstjärnan,1
yrkesintroduktion,1
sura,1
Slutsats,1
släktingar,1
nykomna,1
insett,1
falla,1
segregationen,1
pudel,1
KerstinLundgren,1
bekymmersfritt,1
målet,1
åtta,1
mazzimazfollowme,1
läxa,1
skrik,1
SKULDBELÄGGER,1
utläsa,1
BRa,1
handlingskraft,1
uppsnack,1
kontroler,1
förbättras,1
dyr,1
integrationspolitiken,1
Gjorde,1
ufrån,1
KRÄFVA,1
skuldbelägga,1
http://t.co/IIOsGKekQg,1
29.000,1
jämställdhetsdebatt,1
http://t.co/9XZ5fo4cd9,1
tekniskt,1
chocken,1
Nazisterna,1
arrogans,1
minnes,1
mången,1
skuld,1
nappat,1
Modéen-retorik,1
skett,1
därifrån,1
kommenterat,1
http://t.co/VHtz8UuGlB,1
rödgrönregering,1
integrerar,1
Rosing,1
Kras,1
illojal,1
traktor,1
folken,1
jöstedt,1
3-åringar,1
socialdemokrati,1
nivåer,1
nappade,1
opartisk,1
småtrötta,1
ÅSEDA,1
riktade,1
tillåta,1
kärnkraftsmotståndare,1
åtgärder.#pldebatt,1
justindoarandomtwitterhour,1
tillåtande,1
Störst,1
näthat,1
stupstocken,1
ramarna,1
M-utspel,1
papperslös,1
IG,1
pekfingret,1
medvetna,1
breda,1
relief,1
GustavFridolin,1
integrera,1
klaveret,1
utländska,1
trädgårdsarbetare,1
Förra,1
lyckat,1
ojämn,1
Modigt&Nytt,1
starkt,1
patetisk,1
valmöjligheterna,1
körde,1
utrikespolitik,1
arbetsvecka,1
relativisering,1
majoritetssamh,1
verksamheten,1
tummarna,1
handduken,1
sann,1
dära,1
kvick,1
näringslivsfrågor,1
reparera,1
gnestapendeln,1
http://t.co/HaXfRgzHUA,1
ingenstans,1
Extrema,1
fascistretorik,1
lyckades,1
skenar,1
närmast,1
träffar,1
oj,1
oh,1
kommunalskatten,1
KLICKRAKET,1
säljs,1
reseanekdot,1
tunna,1
tolkning,1
skärp,1
sovmorgon,1
marginalväljaren,1
entusiasm,1
innehöll,1
utgångspunkt,1
inriktning,1
arbetslöshetssiffror,1
lära,1
jobb.#pldebatt,1
propagandatelevisionen,1
arbetslinjen-Den,1
tvättsvampar,1
avstå,1
myntat,1
4.6,1
välkomna,1
idiot,1
upptäcker,1
pappa,1
privatopererade,1
solidariska,1
trash,1
svtplay,1
icke-politik,1
visade,1
ArntChristianF,1
Sämsta,1
växt,1
Omg,1
Män,1
framställer,1
erfarenhet,1
alf,1
miljöområdet,1
marginalnyttan,1
intrycket,1
fax,1
jetlegg,1
fat,1
lösas,1
dagasgaranti,1
falk_jonas,1
helvetet,1
skämmas,1
MENA,1
mäktigaste,1
konkurrenterna,1
minuters,1
tet,1
tacksamhet,1
what,1
nytänkande,1
äcklad,1
nyanskänsla,1
avgjort,1
Lägger,1
Reinfedt,1
ordentlig,1
http://t.co/EoY34mXdSI,1
säkerhet,1
sjuk.#pldebatt,1
Absolut,1
texta,1
kopior,1
Å.,1
Tillbaka,1
bidragssystem,1
tidsbrist,1
mad,1
Tillgängligheten,1
sörgårdsidyllen,1
naturliga,1
http://t.co/HNc5JSwVKe,1
radikalisering,1
Säker,1
klimatengagemang,1
NEETarbetslöshet,1
desperation,1
rather,1
brittisk,1
annikascholae,1
Viktigare,1
http://t.co/Fnl5IBDEUc,1
tigga,1
fört,1
svep,1
http://t.co/6hr0SsaJqi,1
Sydöstran,1
fördelen,1
frågorna,1
Självkritik,1
antifeministiskt,1
förundras,1
jobbmöjligheter,1
självständigt,1
håna,1
VerklighetensFolk,1
Leif,1
islam,1
glida,1
lånar,1
vinstuttag,1
lärarreformen,1
ledsen,1
Återstående,1
senap,1
visionslösa,1
Positiv,1
KristnaFreds,1
http://t.co/IXcZ1P9aWE,1
gets,1
avregleringen,1
Rak,1
stockholmskravallerna,1
journalister,1
Uppmärksammades,1
fogden,1
betyg,1
unken,1
Konkurrens,1
kontoret,1
högstadieklass,1
vurm,1
rörande,1
förtroende,1
svårförstådd,1
Påminner,1
polisen,1
dejt,1
överdriver,1
kameravinklar,1
Börklunds,1
Utsatta,1
90-tals,1
http://t.co/JNFWW5lZWZ,1
kvinnor.Gäller,1
misslyckat,1
rodna,1
dagensnyheter,1
pensionen,1
nyliberal,1
Sixten,1
sysslar,1
ingångslön,1
fattigaste,1
AIK-klacken,1
king,1
illegala,1
dans,1
Oliver,1
http://t.co/rjmZdx0ee8,1
http://t.co/lvUG9yBt1W,1
Åkersson,1
retorikens,1
lärosätet,1
otydlighet,1
http://t.co/UwjEH1yCks,1
talarstol,1
Hamras,1
Håller,1
Sänk,1
möttes,1
täppa,1
Globalisering,1
ingick,1
http://t.co/YaHAHuj5zS,1
JB-koncernen,1
utrymmen,1
Förklara,1
luckrats,1
arb.givaravg,1
statsfinanserna,1
Kompromissa,1
fattiga,1
jobbade,1
tröttregering,1
statisk,1
odemokratiskt,1
Tvärtom,1
avgöra,1
dumb,1
socialliberalism,1
bortsett,1
uppskatta,1
http://t.co/j5zoWW0Eb5,1
Mmmm,1
källor,1
förvandla,1
ingt,1
skumt,1
effektiviserade,1
oönskade,1
splittrat,1
fingervisning,1
vända,1
splittrad,1
skattemedel,1
Förvånande,1
c,1
prinsessbröllopet,1
operan,1
vindkraftskommunist,1
sjukförsäkringen,1
röd-grön,1
pappamånader,1
borta,1
räknat,1
partipolitiskt,1
göre,1
duh,1
Play,1
skrev,1
sotare,1
Ofräscht,1
bekymra,1
småningom,1
140914,1
jobb-.och,1
mätvärden,1
löneutveckling,1
Bring,1
sr_ekot,1
deltog,1
Dinamarca,1
Ifrågasätter,1
mest-jag,1
vänstersida,1
framtidshaschkommunismen,1
skepsis,1
ideologier,1
oviljan,1
hittepåjobb,1
inkluderad,1
börda,1
nazist,1
krogmoms,1
snyggast,1
FÖR,1
33.000,1
raspiga,1
sjunga,1
gnälla,1
vänsterlogik,1
Nope,1
skattelättnader,1
sommardebatten,1
modeordet,1
minoriteter,1
bostad,1
utskåpad,1
sysselsättningar,1
soderbergstefan,1
Domarnämnden,1
Thor,1
skattehöjnförslag,1
Hoppades,1
Riksdagsspråk,1
LisaofSweden,1
kortats,1
http://t.co/5sgqHfFqce,1
strävsamma,1
Lubbe,1
motsatsen.#svpol,1
prov,1
däckad,1
utmaningen,1
Ansvaret,1
gråta,1
jämställdhetsfrågorna,1
stenhårt,1
diskrimineras,1
armarna,1
Sipp,1
dialog,1
världkriget,1
plan,1
nallar,1
reglerna,1
Mvasteras,1
Vitterskog,1
skolbänken,1
mängder,1
svingar,1
organiserade,1
medierna,1
centernsnart,1
hjärta,1
delta,1
riksdagsmandat,1
styrande,1
avsevärt,1
Fungerar,1
Sur,1
garvade,1
smoothtalka,1
Rd-voteringar,1
Retorisk,1
tandläkare,1
cellulosa-nyheter,1
vinststopp,1
tittarna,1
Showen,1
Radikalatom,1
arb.giv,1
http://t.co/c3NaZO,1
Ohyfsat,1
europeiska,1
är,1
karma,1
lagstiftning,1
europeiskt,1
http://t.co/nMfHA6gpN6,1
Hah,1
presschef,1
njuta,1
landslaget,1
spår,1
Trodde,1
uppfyllnad,1
begära,1
S-kansliet,1
generellt,1
kvinnofientlig,1
gini,1
tillhör,1
Killen,1
utsattheten,1
P,1
avslutat,1
lämningar,1
Enjoy,1
Tvivlar,1
Bjud,1
samarbe,1
nödvändighet,1
sensation,1
Jobbpolitiken,1
skadar,1
uppdaterar,1
anderslindberg,1
seriös-ironi,1
hungrig,1
nyttjas,1
ickepartierna,1
tillgängligheten,1
förstört,1
tweensen,1
klädd,1
verklighetsfrämmande,1
reda,1
gemenskap,1
motor,1
2,4,1
nettoinvandring,1
sympati,1
Dumt,1
symbolvärde,1
uran,1
trumfar,1
lämpligare,1
slutade,1
Märka,1
slapp,1
onsdag,1
beskrivs,1
ställen,1
platsen,1
uppmuntrar,1
parkett,1
arbetslöheten,1
100.000,1
jämna,1
summera,1
sid,1
oljan,1
kostym,1
Vänsterpartiets,1
hahahaha,1
demokrati-kriterium,1
Utom,1
annarkia,1
blandar,1
efterlyser,1
byt,1
Kappische,1
gubbe,1
välmående,1
Moderat-haveri,1
Sundsvall,1
Feber,1
Skägghund,1
vidtagit,1
EmmaHenriksson,1
bröllopet,1
förväntningarna,1
ackerfors,1
Fanns,1
rutjobb,1
glasögon,1
tankekaos,1
Åfan,1
ordval,1
okej,1
längden,1
himlar,1
8m,1
levt,1
långsiktig,1
Jobbat,1
kortare,1
http://t.co/T9b8JNbyJD,1
RIKSDAGEN,1
rekrytera,1
tobaksind,1
Trovärdighet,1
fälleben,1
karriärsatsningen,1
Jajamän,1
krigets,1
fruktar,1
nationalisterna,1
http://t.co/yc2cKLIM0V,1
länk,1
nyhet,1
anställ,1
Eriksson,1
KF,1
skolsegregation,1
yrar,1
ringen,1
Vänsterstyrda,1
omtanke,1
förutsätter,1
^^,1
överge,1
företagsekonomi,1
seriösa,1
Blogg,1
bostäder,1
förbi,1
applåden,1
tidsenliga,1
skolavslutningsfest,1
självskadebeteende,1
Desperation.#svpol,1
filmen,1
utanf,1
stans,1
Andesson,1
S-historia,1
överleva,1
regler,1
Rd,1
samtycka,1
klyschigt,1
twitterfeed,1
tappert,1
klyschiga,1
uppgår,1
kvinnorna,1
JSpangberg,1
40.000pers,1
Malmö,1
folkdräkt,1
Maggie,1
grönt,1
arteymediomatt,1
PL-debatt,1
cirka,1
bänkgrannen,1
publicerar,1
någonting,1
beskrivning,1
Katten,1
papegojor,1
närvarotvång,1
beskylla,1
Invandrarägda,1
trängd,1
utbilda,1
kompensera,1
skägget,1
freddygrip,1
ställd,1
skickade,1
gett,1
kämpar,1
förhandling,1
sopa,1
djurpolisen,1
Precis,1
antehero,1
försäkringar,1
Kollade,1
mfl,1
konsensus-politiken,1
ändras,1
varan,1
ändrat,1
alldeles,1
Fas,1
skattechocken,1
inkomstskillnader,1
folkmord,1
Åkesseon,1
PeterAkinder,1
T,1
nerdragningar,1
stolar,1
djupa,1
taggtråden,1
regeringskonstellationer,1
Talar,1
Räkna,1
miljöpengar,1
ägde,1
renoverat,1
kdu,1
gammalt,1
miner,1
spås,1
begränsningar,1
gigantisk,1
Wabe,1
sfsfum,1
analyser,1
Smaklöst,1
7-klövern,1
saken,1
jonascarlberg,1
Likt,1
fördömen,1
reprisnyheter,1
objektiva,1
Luleå,1
öl,1
förekommer,1
hänt,1
van,1
vacker,1
Utjämna,1
Barnkullar,1
folkgrupp,1
veliginförvalet,1
miljardbesparing,1
rycker,1
politikernas,1
följt,1
Pantrarna,1
cake,1
mys,1
otillräcklighet,1
---,1
applådera,1
tonåring,1
kvoterade,1
bagatellisering,1
Landet,1
Dessa,1
gubbslem,1
skolfantasin,1
äldre,1
miljardsmäll,1
tolkas,1
inledning,1
riksdagsledamot,1
täten,1
