okänd: 2807
sommarlovskänslan: 2001
tillgänglighet: 3139
hatt: 1007
http://t.co/pixxc8wbtm: 1132
deri: 2485
a-em-i-en: 1693
loco4jdb: 119
fredrik: 1872
summerburst: 328
tält: 1452
invandrare: 3230
paris: 1302
tweet: 389
yoguttene: 281
albumet: 1024
oscarzia: 3136
messi: 2766
slå: 214
söndagskväll: 2806
accepterat: 1475
sorry: 2259
fulaste: 1141
läge: 639
lägg: 2723
dela: 1561
@: 6
samhället: 2995
hahahah: 2277
bjuden: 2504
calleekstrom: 615
mata: 2093
toivonen: 2609
golvet: 1222
pissväder: 2347
pommery: 922
bjuder: 2576
kände: 1750
hundar: 2092
vass: 889
tagit: 968
framme: 2499
school: 695
öppna: 227
mirasamsam98: 2375
ångrar: 2201
kröka: 3225
fantastisk: 644
expressen.se: 576
mygg: 2420
desperat: 3080
verif: 464
fullfrysedvin: 387
förstått: 1471
faen: 117
mummsan: 1661
hora: 1574
davidlarsson12: 976
trafikljus: 2645
reklam: 1145
malinasoderberg: 1732
talks: 923
farmor: 3264
läger: 3088
blue: 2780
studiohisingen: 209
nei: 132
vänta: 804
+: 462
selected: 2652
minta: 593
kur: 867
bidrag: 1120
avicii: 354
kum: 1393
kuk: 1766
19.00: 1235
!😍: 2197
!😂: 2545
tips: 2148
ner: 728
noga: 1487
disney: 1700
klockren: 1523
meg: 890
räddat: 1258
osht: 1100
prata: 17
mem: 2534
elsker: 1012
never: 1801
sdds: 2186
mej: 864
met: 1949
vägrar: 3133
plutt: 716
svt.se: 2618
medans: 3000
100: 893
dennywikberg: 3129
regerande: 2890
werken: 3011
glo: 2932
åka: 1327
k: 468
fötter: 2915
sju: 2427
imma: 3037
asså: 284
dra: 951
åkt: 1470
gällande: 3179
fyfaen: 1519
karlzettervall: 1808
bry: 1087
strax: 567
störande: 595
9b: 349
snikers: 2702
45: 2345
färöarnas: 1255
bro: 1363
hahahahah: 953
tillsammans: 765
insta: 1212
förstod: 2069
brf: 2271
bre: 2672
brb: 1204
volym: 2414
smakprov: 2656
nket: 1099
gävle: 1112
mattias: 2787
vinst: 1522
skjorta: 2286
dalarna: 2971
call: 962
e3: 2944
slutar: 1412
musik: 215
tell: 2250
1000: 1460
ifall: 1411
killar: 162
oscar: 838
ljus: 699
jonielol: 2857
glass: 223
spännande: 570
mätta: 1495
tyst: 2646
drömde: 1854
ljug: 1692
ma: 673
magen: 780
mm: 2523
mi: 1314
lukas: 42
jobbig: 933
mu: 740
klyftorna: 1062
tvättar: 2691
tvättat: 1436
mp: 914
linnea: 3008
specialiserade: 2981
landslag: 1372
vackra: 2274
vännen: 2559
vodka: 1621
lycklig: 2982
videoklipp: 579
💕: 1818
💔: 3229
köpt: 1593
kasta: 996
genomfördes: 2209
killarna: 2079
http://t.co/xkhzuway7j: 2829
uppdaterat: 2185
tusen: 2734
vänner: 200
litet: 1467
ena: 272
vänster: 551
satt: 900
jobbigaste: 2106
firat: 966
firar: 2401
grått: 2964
gillat: 1040
polis: 3182
rädd: 257
pizza: 371
fylld: 2910
powernap: 169
fylla: 1903
månaden: 3167
lag: 383
visste: 2120
drlundahl: 3015
mph: 2524
tjäna: 2707
klarar: 857
låst: 2141
turkiet: 1932
nivå: 2621
typer: 2764
orden: 1714
reklame: 1427
roligaste: 2651
ignoranta: 2740
......: 581
glömma: 995
justinbieber: 1249
tweetar: 140
http://t.co/aitecnekqr: 984
livets: 1459
grogg: 849
ordet: 346
borgerliga: 3128
färdig: 2681
karrosandquist: 1067
fifa: 1605
vart: 762
bull: 3249
mahadev: 1889
natten: 569
vars: 2321
munnen: 423
kickoff: 1754
jacob: 3109
tjänar: 2509
london: 1250
varm: 3093
sommarlovs: 2043
vita: 1398
släng: 2383
ima: 3142
fix: 3228
,: 4
telefonen: 2162
nörden: 2642
crem: 84
målade: 2051
coola: 1728
hård: 2528
senast: 2692
bestämmer: 35
lufton: 1896
hängt: 1396
europamästaren: 2889
övervakningssamhället: 2090
sova: 566
saft: 2679
hänga: 3124
ullared: 3147
sove: 1189
choklad: 2114
sällskap: 3112
miljoner: 2454
lesbisk: 422
orka: 714
utveckling: 1529
l: 1313
dåliga: 298
betygen: 2449
betyget: 3104
sida: 633
dåligt: 574
side: 2963
bitch: 1275
lätt: 861
skanör: 3101
serier: 735
train: 3046
medier: 1157
näsa: 59
skins: 1186
allas: 1304
träffade: 2124
forgot: 1170
krigshjältar: 3261
xp: 2541
håret: 161
uppsala: 317
behövs: 1134
stunden: 1840
sms: 276
smårufsigt: 2132
slutt: 403
toppen: 1807
stuen: 2339
ra: 1868
ihop: 1461
förändringar: 937
aja: 1285
rn: 706
tillbaks: 293
foto: 405
muntherulrik: 248
resan: 2629
respekt: 3245
icke: 2450
dryga: 1957
standard: 2753
förmodligen: 1885
sådär: 2151
hand: 473
nte: 1764
fixa: 848
gjo: 2897
birdie: 3033
ata: 2748
++: 232
atje: 1549
säng: 1390
ist: 2484
meddelandet: 2856
000: 1792
heleneenge: 2433
reinfeldt: 1374
grabbarna: 690
sommarens: 1995
aty: 3084
nyheter: 2105
säsong: 1199
shka: 1608
önskar: 1136
svenskt: 2317
bilen: 1981
ååå: 2596
rektor: 3069
enig: 1225
instagram: 2140
vm: 3146
rett: 1509
vaken: 338
sommerferie: 2729
sånn: 2191
såna: 1842
fannyjosefin: 1844
!<3: 2374
ä: 1722
👀: 56
tok: 2739
ù: 2251
tom: 1994
ära: 1178
toa: 1409
äre: 477
👏: 2
kiwi: 2579
müsli: 2262
äter: 957
noll: 2193
gym: 471
skaffade: 2770
paket: 2434
usch: 433
simhall8: 799
hallall: 738
sekund: 438
spoiler: 2925
silli: 1595
kontakta: 1093
tyckte: 1293
örebro: 2495
avundsjuka: 1790
mjölk: 3120
tree: 2104
godare: 2029
skön: 1601
sköj: 3267
naprapat: 3262
minut: 2673
feeling: 1704
minus: 2020
vilka: 1851
rad: 2953
funderar: 1215
låta: 946
tycka: 1410
tänka: 105
mind: 2147
briljant: 3121
växer: 2757
copa: 2647
rar: 3091
donken: 824
diqka: 2994
kroatien: 1469
tecken: 1603
tänkt: 142
ferdig: 582
fredag: 365
lämnar: 2279
kvällen: 731
gubbesomtycker: 1741
laden: 3174
skaffa: 1821
shorts: 2943
-: 82
timrå: 3193
kalle__karlsson: 1379
seriesystemet: 3192
😭😭: 1328
aftonbladet: 177
muskler: 2129
hun: 1658
worldofkeralis: 2342
tidigt: 267
dessa: 1943
bruce: 2123
tåg: 2180
tvingar: 1888
utställning: 2403
skansen: 1072
maria: 1638
jordgubbar: 2012
dok: 1716
röd: 1539
morgon: 480
follback: 463
camp: 1901
m: 238
dog: 783
nykvistmoa: 2409
dumma: 589
singel: 413
ebba: 2543
drick: 3155
moooot: 1975
lyrics: 3029
converse: 3063
random: 795
bakis: 1146
plåga: 2842
tackar: 1581
anmälan: 3171
sagt: 173
tackat: 624
badar: 1103
sättet: 2217
sätter: 486
hejfanny: 1904
hjärnknullad: 252
anländer: 2755
buss: 1468
valonhamiti: 2196
vinna: 2811
carin: 2372
mens: 1652
dreamhack: 1368
målvakt: 1257
benen: 2984
photo: 3100
folks: 48
180: 3164
virvlandetankar: 817
dn: 1049
semestern: 2785
dm: 2603
dj: 326
dh: 493
di: 261
df: 2309
stop: 3076
dygn: 1946
da: 129
människorna: 872
orolig: 2373
hahahha: 1095
plats: 159
påsen: 2301
15: 1217
johanna: 3006
arbetslösa: 3127
dansa: 2467
lyssna: 1599
bar: 2765
någons: 688
ålder: 609
kallt: 522
världsklass: 2998
kul⛳: 2408
bad: 884
iofs: 1500
bal: 2639
lovar: 32
kalla: 452
youknowyouregermanwhen: 2155
jespersbanan: 2438
vanlig: 1283
kroppen: 781
sonte: 1892
inne: 1632
lodh: 1879
nuk: 3027
arlanda: 2103
christian: 2797
blen: 204
konkursförvaltaren: 3191
best: 370
nuförtiden: 1681
00: 1251
01: 1670
06: 1710
behålla: 2266
05: 97
gött: 978
druckit: 2525
jättemycket: 2600
piratpartiet: 811
mun: 195
ringa: 291
tröttnar: 2586
artikel: 1997
omg: 432
parisaamiri: 1600
vackert: 2716
leksand: 2619
boss: 3221
kämpa: 87
wtf: 1399
termo: 1076
news: 1149
typisk: 560
http://t.co/ayvt4qfpw5: 1265
garanterat: 999
huvudet: 435
dindrit: 1205
regering: 1064
ocen: 3096
una: 2705
und: 2754
une: 1316
nom: 2584
fggt: 2607
gårdagens: 2220
svensk: 2002
keyyos: 2654
springa: 1474
matte: 2501
cykla: 68
lägga: 397
yaaa: 749
lördag: 870
kollade: 2674
mikaelbo4: 798
fra: 2922
hadde: 1811
varmt: 419
fri: 912
.: 57
noen: 3126
gissa: 2298
röstat: 2027
myskväll: 2708
life: 2007
café: 1308
fest: 1748
kallxu: 1096
aldri: 2638
mindre: 947
chill: 285
glemte: 603
tani: 1771
tjejerna: 1035
n: 868
aik: 2724
klippa: 1351
utvisad.: 1261
bio: 2826
kvinnor: 1591
sticker: 2663
fiskar: 2477
desto: 2365
lidhje: 2182
ik: 2280
im: 427
brott: 1048
sommar: 767
ight: 2270
magiskt: 1114
fukd: 1928
orkar: 803
coolt: 1232
själva: 670
nike: 1680
grisar: 1492
make: 53
hahah: 907
big: 3212
äger: 1989
foton: 1025
malmömilen: 289
omar: 1083
nin: 2622
hann: 1490
tänk: 80
ericaxelsson: 2783
ella: 1798
balkan: 2957
topp: 1228
kik: 600
sigge: 3005
lisafredriksson: 1043
perssons: 2254
dörren: 1350
petteralexis: 678
nis: 741
snäll: 249
jolinejakobsson: 1346
tuggummi: 620
lucas: 542
trappor: 2828
lotsoflundgren: 1144
röv: 1914
ollyofficial: 1266
rör: 998
jon: 1718
mamma: 124
<3333: 649
roma: 726
800: 1349
spelas: 190
spelar: 640
förratweeten: 1341
vennen: 3095
köra: 2573
blickar: 2299
departed: 2561
nyfiken: 713
godt: 1104
bollen: 1254
grader: 521
viktigt: 103
anders: 1505
yes: 2820
goda: 1912
gäspa: 388
antonewald: 411
hah: 2900
hävdar: 2050
elinpagard: 1973
använt: 1432
ell: 2733
söndags: 756
boston: 1604
fridolin: 2380
shumm: 2170
igjen: 1576
hette: 1332
elr: 2908
kvinnan: 1637
hat: 61
hav: 2202
diggar: 2803
gustav: 2381
förminskar: 3130
kalorier: 2938
räkmacka: 2628
sovit: 312
bussen: 457
kompisar: 558
takk: 3068
gift: 790
acceptera: 2896
ladda: 2315
alice: 1010
honger: 1242
godis: 313
avatar: 323
hund: 557
vansterpartiet: 1331
torasparkles: 1795
syrien: 829
battlefield: 2510
övertygande: 2831
vattnet: 862
färga: 2620
bort: 1054
50: 218
finare: 1960
tappat: 1435
finna: 705
tappar: 1424
herrå: 3243
2013-06-15: 2021
humor: 1046
totalt: 3181
ica: 2966
/: 512
sott: 1446
beroende: 513
lg: 2993
jordgubbstårta: 1473
bloggen: 2611
liat: 1611
pls: 65
välkommen: 1037
påminner: 1629
dragkamp: 2667
män: 2204
kogja: 2917
hotellet: 3090
post: 3014
pll: 1188
super: 460
fördelen: 2476
nowplaying: 183
le: 1882
dinner: 1018
nejdå: 102
stjärna: 1413
äktenskap: 1481
obs: 226
hänt: 1649
aha: 1108
aber: 1865
5månader: 2396
sol: 885
son: 1653
dragskott_: 3187
häng: 2711
google: 2483
sot: 1719
drar: 1273
sov: 115
amsterdam: 2246
lagligt: 1220
sinne: 1057
tem: 2387
fisar: 3224
http://t.co/tltyhhoxex: 2435
lagt: 406
sebingrosso: 2455
brorsan: 1503
kiisk: 2871
saknar: 201
glasklart: 1794
skicka: 1482
märke: 1695
laga: 3239
verdt: 532
uten: 1416
120: 808
batman: 2527
italien: 461
dhs13: 809
spänner: 2632
true: 971
njejt: 2366
fort: 219
öppet: 2160
gymnasiet: 479
emil: 3064
reser: 2568
type: 1841
positiv: 2037
flickvän: 362
träning: 1284
regeringen: 2213
snabbt: 2905
nåra: 2795
grekland: 2847
avsnitt: 1497
torsdag: 2319
utomlands: 1457
åska: 2451
låtar: 1706
provet: 1745
bilde: 301
moln: 975
jättebra: 1107
qit: 1130
shit: 508
cultinfo: 344
handen: 1167
jonas_gardell: 9
na: 1768
förmåga: 1617
betala: 175
möte: 2341
tim: 2514
tio: 2676
republic: 2200
gumman: 815
najs: 826
betalt: 700
nr: 1164
nt: 2422
roll: 1044
wwillium: 1480
toan: 2391
bada: 1687
isak: 3118
tappa: 536
vanezavergara1: 3246
ungefär: 2296
blöt: 530
matsalrek: 3117
puss: 197
mullsjö: 529
hemma: 506
lydiiayohannes: 1216
5km: 3176
tänderna: 2571
fattat: 654
blandade: 2800
fattar: 1450
fönstret: 1422
dance: 1929
skip: 1021
skit: 936
trappa: 343
uppgifter: 1678
spår: 3053
skate: 415
fjärde: 1947
pratstund: 3047
ver: 1227
veq: 1648
show: 2023
pen: 1614
beste: 89
grön: 2916
dö: 178
åååh: 939
ekwall: 3257
tanke: 1756
laddaren: 2138
grönan: 1437
linnahlbooorg: 1234
cool: 973
ätit: 1052
tisdag: 495
bajen: 2687
hour: 2003
gud: 1252
http://t.co/hej6pvtneo: 880
die: 1364
jantauer: 1557
brother: 1151
turnt: 2792
p: 269
sommarjobba: 2153
science: 2008
lever: 653
guy: 2329
balen: 2102
malmö: 1175
årig: 1221
trend: 1356
mår: 618
sjunka: 3017
mål: 211
annakinnander: 1836
midsommar: 727
steg: 2805
spyr: 424
köp: 1663
strumpor: 1434
underbara: 1967
tidig: 608
hyfsat: 210
heret: 1814
underbart: 2152
international: 1677
lirare: 1117
maaaaat: 2278
sociala: 429
katter: 1589
cigaretter: 2176
köket: 340
plz: 935
halsont: 2832
kärlek: 788
kilometers: 2542
[: 2411
fixade: 3256
kommun: 3082
boy: 1296
jord: 948
turister: 2564
bor: 316
saraahultman: 986
era: 1573
bok: 1376
mysig: 2378
bom: 1803
filmen: 515
regnet: 455
bob: 991
minecraft: 1030
lova: 1404
överraska: 2810
hopp: 2736
love: 638
hultsfred: 2825
extra: 176
fjortisar: 1236
josefinetorkkel: 1455
väcker: 694
kommit: 527
faktisk: 2610
mobil: 1334
enormt: 2096
prova: 1466
nånsin: 231
prej: 1394
give: 2616
positiva: 20
vuxna: 2453
pers: 1656
sprida: 1846
regel: 1382
emmywin: 833
positivt: 3255
kassa: 2116
filmer: 1701
allsång: 874
ställt: 859
ögon: 96
hår: 1011
kär: 488
appen: 2306
ställe: 1418
altan: 2464
ställa: 1762
malam: 2228
ninni: 1138
dålig: 2530
snabba: 892
slutspel: 3054
hände: 846
sjö: 2540
klasskompisar: 2804
valla: 806
kämpar: 2666
leka: 2506
gröna: 1965
fjet: 1311
🏊: 3099
erbjuder: 1074
meant: 2351
crazy: 2253
nada: 1420
awesome: 800
allvaret: 1553
onedirection: 3086
fuck: 352
galet: 135
galen: 2058
rabarberpaj: 2082
uppstår: 1348
spe: 2063
swedish: 2167
svenskar: 430
stefanjonsson66: 2935
prinsessej: 1439
s4: 1587
1: 1226
sarakatana: 2109
hihi: 104
finnas: 75
nye: 1577
map: 1773
mas: 130
kvart: 2648
svara: 398
max: 1536
riksdagen: 965
missar: 1442
svart: 855
villnjuta: 3166
sns: 3251
date: 823
läkare: 1071
leva: 1953
maj: 2575
data: 854
neida: 2472
värnamo: 538
wanna: 54
favorit: 2178
flyttar: 2349
nö: 2312
sk: 1941
västervik: 1147
si: 959
städa: 494
tala: 1006
ned: 2855
basket: 1111
mange: 366
snygg: 974
transfrans: 51
nå: 475
sd: 240
cute: 1340
roligare: 2113
paska: 675
kevin: 3110
movits: 2330
years: 3061
presentera: 1526
gjith: 1241
komplicerat: 1414
grundades: 2980
jätte: 221
still: 696
cola: 47
trötta: 1496
välja: 1197
gulligaste: 814
tweeta: 139
somna: 771
pinnar: 70
äkta: 2338
tuggimmipaket: 2302
klassen: 822
sängen: 519
tweets: 141
mail: 2017
passar: 2183
gapskratta: 76
filipwinthergc: 1110
kräver: 49
usa: 1515
femte: 1489
skämt: 79
halv: 458
noe: 2393
sabar: 697
kliva: 193
sykt: 820
hamilton: 1386
spelat: 2516
killen: 2316
förresten: 2048
härjedalen: 2502
ahaha: 2636
ketchup: 3247
svpol: 828
färg: 2047
ruskigt: 2946
grym: 1069
mobbning: 2376
tillgång: 1696
perfekta: 1948
stockholm: 680
rock: 3087
födelsedag: 1931
em: 2247
el: 470
eh: 1278
citat: 3062
eg: 409
ef: 656
hellre: 1877
vågar: 71
njut: 1668
umeå: 1923
et: 2248
girl: 2489
upprepar: 3038
kött: 2415
amerikansk: 636
åsikt: 2038
album: 2682
aliceevelina: 251
joelselling: 720
krama: 1004
skrtel: 711
bragd: 2695
nejse: 1551
piano: 2354
riktiga: 685
internet: 587
ble: 1880
sjukt: 217
laddar: 3159
pulka: 992
ansiktet: 1253
punkt: 916
million: 982
varv: 3079
gubben: 2912
carl: 1385
ven: 2428
ord: 60
nått: 1802
byta: 850
emoijs: 750
anledning: 303
..: 15
politiker: 1782
💞: 156
funka: 754
sämst: 753
försök: 2909
pärla: 2997
tre-växlad: 3107
amma: 549
turn: 516
chillar: 2431
någonsin: 1029
💃: 1444
myggbett: 963
självklart: 501
bling: 1920
ff: 2958
sdr-mottagare: 3049
grymt: 981
radslaforkarlek: 2107
xd: 318
iallafall: 666
reflektera: 3170
mieko: 3232
ring: 1353
hårt: 404
ont: 708
city: 2840
little: 1738
gårdagen: 2121
flytande: 2154
bita: 687
motörhead: 86
ikke: 2325
fml: 1723
2: 704
white: 2264
dååå: 3081
skal: 91
öronen: 164
nybloggat: 1697
spelats: 843
tillräckligt: 2031
hum: 2850
bajs: 258
jjooosefine: 3092
grannen: 3036
kallade: 3066
twittboll: 393
allelundstrom: 760
hus: 2230
döda: 2144
10: 1014
13: 1176
12: 92
nathan: 543
14: 882
17: 185
16: 1094
19: 1938
18: 524
gotta: 1524
lugn: 526
tankar: 1983
jonsson: 1493
duscha: 2323
hjärtat: 816
naglar: 925
sam: 918
öppnat: 3204
maten: 225
känslan: 106
bajsar: 3244
kylskåpet: 510
slag: 2496
🎶: 2513
staden: 1342
världen: 682
kush: 1098
imponerad: 2314
hör: 691
raderna: 2928
imon: 562
note: 2717
käft: 109
massa: 136
take: 2582
övrigt: 1
wen: 2704
jaha: 2578
kvällens: 1511
smink: 835
sende: 1545
haglar: 1271
försökte: 2939
200: 1793
trur: 2671
stötta: 2918
tweetat: 2080
brorsa: 3012
stänga: 2039
insett: 345
]: 904
karolinegulbk: 402
icon: 2334
forever: 548
desamma: 901
godnatt: 1691
måst: 1507
hungry: 337
dööööör: 2557
smärtan: 1641
läpparna: 1666
joooobba: 663
gruppvåldtäkt: 1219
salt: 2406
hungri: 2701
läskigt: 1185
rt@lailyacitra: 1694
tron: 2362
överdrivet: 270
sjon: 3028
kollat: 2903
tkr: 3097
ishalla: 2793
sovmorgon: 2597
perfekt: 390
sönder: 3026
mister: 2100
såååå: 2745
help: 2288
✌: 290
guld: 3149
✈: 143
woop: 168
black: 2779
hockey: 2265
iväg: 2203
mtmwtgp: 1830
bolagsplatsen.se: 896
✓: 3218
ettan: 1753
inlägg: 1560
pinsam: 1126
väder: 681
srvetenskap: 2094
kika: 2461
koser: 1320
krishna: 2799
bomba: 1784
tränade: 2790
råd: 66
lukta: 304
asni: 1534
krypa: 2346
hångla: 2878
satte: 1516
minnen: 1105
sämre: 12
slutet: 2360
födelsedagen: 2978
behovet: 2442
körkort: 3186
lyfe: 2590
japan: 2670
sport: 242
lediga: 19
värst: 830
vitjejer: 3042
annons: 895
människan: 2715
nyttjobb: 2242
beatsforjdb: 116
jenta: 2397
3: 487
edhe: 1550
framstår: 2395
twittpuc: 3194
små: 1101
männen: 3206
stressa: 3002
åsså: 3266
zemren: 2750
25: 520
spindel: 2580
jv: 1472
frukost: 758
antagligen: 228
timme: 1224
27: 2911
jobb: 507
dwisaputrakapik: 1445
je: 491
samtal: 3077
klaga: 626
come: 2308
herregud: 590
gjujta: 672
lantbruk: 1494
kongen: 1129
luktar: 903
åk: 2818
guuud: 1898
mana: 1026
s: 239
timma: 2658
vilja: 148
0helle: 1425
cancer: 2417
pappas: 1169
por: 2456
lägenhet: 2010
sugen: 778
suger: 456
64: 2522
65: 860
66: 2947
lyp: 2195
hbtq: 774
konversationer: 2777
åååå: 1400
selena: 1848
sker: 938
dagarna: 1634
folket: 2212
hjärnor: 3163
oxå: 222
knappt: 2098
plötsligt: 166
500: 3114
karlskrona: 2604
sakerna: 2130
enkelt: 1137
shopping: 2402
räka: 2866
zibrahomovic: 2536
gulligt: 2520
wake: 1038
meningen: 2057
gulliga: 273
nää: 1893
skriver: 127
bjuda: 373
använder: 769
fotbollsskola: 1547
heikki: 3259
skrattar: 2139
bitterfitta: 1058
cash: 891
kenslosamt: 275
billigt: 2989
coca: 46
nätterna: 1689
sladdar: 1963
mormor: 2225
värdelös: 2478
leker: 1729
användarnamn: 1942
slipp: 3184
yb_sodermalm: 3039
bror: 123
insåg: 2088
biar: 2457
smakade: 1992
cigg: 1190
liknande: 847
pirlo: 941
rökt: 111
par: 967
pas: 1571
långt: 237
litt: 418
besoj: 1767
fvirtanen: 1746
same: 417
långa: 746
food: 2364
hålla: 466
träffar: 844
pepp: 3065
pak: 674
status: 1193
speciella: 1045
hemskt: 1173
hösten: 684
överraskar: 3094
boysen: 1858
hemska: 3113
speciellt: 956
lizaenman: 1323
tyskland: 1165
uttråkad: 1969
måla: 852
magaluf: 1537
<33333: 2869
jäkla: 149
erkänn: 2532
kingen: 2781
kunnat: 2065
hahahahahaha: 2206
annatroberg: 2084
taxi: 2697
summer: 707
lyckan: 1569
kommentarer: 785
hejdå: 540
ne: 1544
besviken: 2313
kill: 2904
runkeeper: 2719
lyckas: 2260
resa: 511
fotograf: 2133
leta: 2518
sprang: 29
cyklister: 2762
eleverna: 2712
kastar: 1453
tum: 2854
jdbsperfect: 2311
gotland: 2975
starkt: 1431
4: 309
bryr: 1859
maikeneid: 2413
möter: 459
lade: 1299
arbete: 1294
drömmen: 2198
sätet: 2839
arbeta: 2706
mos: 2207
stund: 764
psg: 1380
gonna: 958
kille: 1128
test: 2328
mon: 2135
❤: 271
world: 2269
kista: 2549
motvind: 1852
kommentar: 2490
finaste: 632
mourinho: 623
död: 376
energiteknik: 3252
började: 2837
klubbarna: 3190
varandra: 2400
blåa: 2920
pom: 2615
t: 414
inatt: 1538
intet: 45
tjejen: 2583
jobbar: 288
jobbat: 2591
ögonbryn: 1684
t.o.m.: 2226
chuck: 2233
butt: 2921
lågt: 2470
närheten: 2164
grus: 2276
nyheterna: 2965
koll: 1061
sommer: 448
västerås: 396
förr: 1406
löjligt: 1465
slår: 1640
longboard: 559
sitta: 341
kliner: 2860
ät: 2181
föra: 1508
hipster: 2318
kmr: 2257
lärde: 1998
ända: 3175
ingenstans: 2235
felt: 364
lärdom: 1177
habo: 2901
örat: 1231
ärligt: 1274
yay: 1797
dig❤: 793
lyssnat: 2784
stans: 3196
avlida: 3055
og: 2143
jstorlund: 1809
vissa: 1184
jeet: 2852
11.30: 2205
farfar: 2358
hjärtklappning: 1053
niall: 101
west: 3010
❤🎶: 1800
läcksökning: 1075
vakna: 772
stolta: 3240
ååååh: 1081
snapchat: 1060
kort: 353
emmahegglund: 1937
stressad: 955
bruden: 1958
neymar: 212
otrevliga: 428
barca: 1876
tråkigaste: 2418
missa: 1079
hey: 1312
lol: 686
släppte: 1597
tihi: 2655
lov: 381
backonice: 2684
fisk: 2962
hel: 1788
hen: 1000
sover: 361
hänger: 72
hard: 2872
smälta: 1862
❤❤❤: 1419
97or: 1819
östermalm: 2394
flyga: 1430
mögel: 1615
jus: 2249
fyran: 3105
juu: 2320
sämsta: 553
podcast: 2507
gången: 647
woman: 3060
slutter: 2547
skolen: 2034
rage: 2560
yaa: 2452
tävlingen: 2059
minns: 943
värre: 2977
torsk: 2054
serien: 2675
>: 2267
tripp: 1525
aa: 2056
ab: 2970
håkan: 2292
aningen: 2990
saranikolausson: 443
tunga: 206
avklarad: 3056
felix: 1082
al: 322
sveriges: 768
ar: 655
aw: 2967
håll: 3153
avklarat: 2491
videon: 3154
nere: 1408
oisincantwell: 2512
11: 3074
beyond: 3138
idiot: 108
bored: 426
vadå: 1734
texter: 2955
pappa: 1005
vanligt: 314
prism: 719
forskning: 3200
5: 186
avloppslukt: 1933
oliiviiaan: 544
köper: 2300
spåret: 2068
visade: 2612
orättvist: 2593
värt: 1486
grupp: 311
<3<3: 1387
nätter: 2959
magnusbetner: 2640
värd: 1464
chris: 2157
vidrigaste: 2914
pool: 3098
♡: 2999
nöjd: 725
hmm: 1187
wifi: 1403
3-1: 537
morgonen: 144
vinner: 2469
följare: 734
u: 676
adam: 2294
hyra: 3075
alright: 319
grillat: 2694
original: 1672
jaja: 1878
känslor: 985
släppt: 358
släpps: 446
jobbigt: 332
ajt: 1881
bär: 2066
halsen: 484
gallehanda: 3119
.....: 961
års: 1655
släppa: 1440
skrivet: 2747
regna: 500
follow: 1785
handbollsdaniel: 612
jobbiga: 745
uppdrag: 2009
pojkvän: 794
våran: 2653
tv: 1498
tu: 1720
lugna: 2782
ögonen: 931
förbundsmöte: 2208
nora: 1761
program: 1864
söta: 2268
ti: 667
cykeln: 2363
smile: 2954
skydda: 25
presentation: 2326
hemi: 224
almedalen: 2930
väg: 439
solen: 31
song: 2481
far: 3040
katt: 3143
sannarayman: 1210
fav: 324
skiter: 1620
tandläkaren: 1395
faj: 866
skiten: 1001
telefon: 930
fal: 2786
fall: 157
osv: 2726
behöva: 191
tredje: 3210
sverige: 801
<33: 1891
hörru: 1847
helvetet: 1337
oscarenestad: 1078
ekan: 3265
hyn: 2554
äckligaste: 2419
imårra: 630
hyr: 3156
mickelson: 263
liars: 1737
harry: 732
lisa: 2040
smith: 3234
rasism: 827
fastnat: 2862
försöka: 2508
bohet: 2064
tråkigt: 2030
sär: 2011
massor: 1822
synd: 254
ted: 2175
skivi: 1596
tråkiga: 1910
skeda: 2796
link: 1613
såklart: 1183
!♥: 2572
säg: 1736
nyklippt: 2125
sub: 1713
mysväder: 437
sun: 2448
flokt: 2024
crush: 3024
läs: 1610
version: 3197
sur: 1279
bråvalla: 2382
känslorna: 2769
lärare: 2285
full: 1297
iran: 2475
ggr: 1828
närhet: 787
fula: 421
tjocka: 1993
simon: 2379
free: 2617
söt: 2635
jate: 2851
lämna: 949
legend: 1198
naringsliv_live: 2595
cock: 2322
lille: 1900
minst: 2369
lärande: 2744
laver: 1558
normer: 2599
medicin: 851
followed: 2261
snus: 1789
vin: 1027
lagom: 782
vil: 2637
drömma: 1855
🙈: 1733
ask: 604
semester: 1915
spola: 154
familj: 988
skoledag: 307
stör: 2601
skapa: 2644
🙅: 2177
paus: 3150
twd: 2436
otroligt: 2732
gameplay: 2976
kl.: 1086
sommarlovet: 482
kniv: 1458
youknowyoureswedishwhen: 1627
6: 1218
sorgligaste: 2941
komsi: 2633
landet: 2344
hurra: 2172
doffymeister: 2858
människa: 1870
linusnivelius: 2118
okok: 1365
sminket: 1433
abbeakgun: 792
räknar: 2665
udda: 2979
oboy: 37
hissen: 2827
flak: 3111
berätta: 355
vänder: 2625
längesen: 2714
studenten: 99
tjeter: 668
söndag: 1329
der: 131
sprit: 3236
spelarna: 3058
dej: 1715
cykel: 1106
morgan: 2199
njuter: 1512
studenter: 747
holmeja: 3135
samtliga: 1527
deg: 126
nångång: 2112
famn: 2956
share: 1092
vackraste: 2430
boll: 2392
spendera: 693
tunnaste: 3263
!: 3
information: 2399
juve: 2426
awkward: 1203
smsa: 752
verkligheten: 67
timmars: 3216
rapport: 2598
linnkcebretto: 1913
fetaste: 3134
påpeka: 1017
röra: 2883
kung: 2384
fp: 235
ft: 2108
iskalla: 2870
pinter: 748
fy: 465
väck: 451
taget: 1817
konstigt: 1702
storebror: 152
fb: 490
fc: 2494
fötterna: 2352
ångest: 1642
smäller: 3237
fm: 1237
köpte: 1633
regnar: 279
ligger: 188
imorse: 1979
fagit: 2700
vatten: 1982
skönt: 150
django: 643
hobbit: 2630
media: 2664
sköna: 2035
dream: 2446
sverigecupen: 1873
sommarjobb: 295
smakar: 2539
kollar: 715
bokade: 1513
blommor: 2960
qfar: 2386
höll: 3198
mörkt: 1685
hele: 2538
helg: 2343
scott: 545
kvinnors: 377
helm: 1415
hell: 2969
mörka: 392
heteroäktenskap: 1477
heeeel: 2606
denhär: 2749
24: 831
känsla: 230
alle: 1607
kändis: 2071
20: 1022
21: 2022
stört: 1887
ledsen: 1776
pippi: 2190
ursäkta: 1805
retweetar: 327
http://t.co/xem1niunog: 3189
balotelli: 669
ya: 555
skolavslutningen: 181
vittnar: 95
oke: 591
malem: 1867
känd: 2772
yr: 1499
sliten: 599
närmare: 3209
sexigaste: 2131
marcus: 3177
barriga: 2730
fullt: 810
mingel: 2531
level: 2101
fulla: 2097
☀☀: 2072
denne: 2033
skrivit: 1592
journalister: 2006
lägre: 2026
vaderdag: 2398
emmakarapetian: 1171
dif: 2110
ifk: 1085
week: 1787
tashahhud: 2168
mums: 3041
betyg: 701
house: 1598
hare: 2256
troligtvis: 2814
flytta: 773
gun: 2145
oscarmolander97: 368
aller: 2216
träna: 1115
sanningen: 1853
ftw: 3269
ölen: 876
oliviadahlberg: 1355
flejt: 1543
hill: 3031
7: 832
kvinna: 2881
avgudar: 3272
mysa: 2067
vän: 294
ass: 336
duni: 2479
karjalainen: 3226
känna: 1123
båda: 22
sommarjobbet: 565
": 41
seriös: 1325
ökat: 1065
ökar: 180
polisen: 1272
faller: 23
presentkort: 2497
gullan: 502
svarade: 399
hjärta: 2742
skogen: 203
oppa: 1020
vårat: 2846
american: 2521
mannen: 2974
skolan: 1113
ytterligare: 1709
w: 879
http://t.co/9jpbtjhpb1: 1345
ensam: 1451
besök: 1752
buddapsl: 2817
sophiemarkstrom: 1843
dont: 1019
satsar: 2763
hahahahahha: 3125
taggad: 308
foten: 2669
slipper: 266
rektorn: 1213
done: 905
regniga: 1909
taggar: 171
ljust: 2356
miss: 3160
story: 1926
mobilen: 588
tova: 2236
misslyckas: 661
skriker: 78
slagit: 2891
nian: 2355
jeg: 2738
tatt: 1369
kor: 908
missade: 357
omstorberget: 3145
läsa: 517
seriöst: 964
para: 2824
tappade: 1282
gränser: 913
åkte: 993
grabbar: 1263
monikaljo: 3032
😋: 2042
läst: 442
part: 2727
jordan: 2307
😎: 1612
sexor: 2873
gilla: 2752
tvungen: 1013
sömn: 1799
början: 2686
naglarna: 853
king: 496
b: 1384
äcklig: 1921
double: 1264
andersson: 1276
dans: 2466
😩: 2237
idioter: 2569
någonstans: 1765
kram: 863
fixar: 1619
sekunder: 1491
lyssnar: 1850
grej: 952
kisha: 1780
minutter: 2424
bokstavligen: 2229
ägg: 2340
fantastiska: 665
väljer: 1540
allihopa: 3021
fantastiskt: 1174
mjuka: 2128
slåss: 641
nånting: 1984
basketem: 2886
null: 3057
karl: 1362
vädret: 1160
kejt: 2025
lboork: 2775
tuff: 2016
self: 2718
lik: 474
liv: 62
mickelarssonso: 2877
upphovsrättsindustrin: 2089
herre: 1031
unga: 1930
❤❤❤❤❤❤: 1567
dn.se: 375
play: 1954
kompis: 40
ignorerar: 3273
gillade: 578
kam: 2169
plan: 2210
viktig: 1924
instämmer: 1747
http://t.co/j7culqty71: 2848
längtan: 2503
ka: 492
kg: 3250
kd: 236
windows: 2898
exo: 3195
ko: 2385
kanalen: 534
ku: 657
svtkarlsson: 3141
längtar: 1676
thomas: 2000
golf: 262
ingenting: 1041
äckliga: 425
hjälper: 3157
sorgligt: 1886
stfu: 3152
lön: 2710
fina: 784
chock: 2624
fine: 1968
ladydahmer: 1407
fjellner: 1310
undra: 2641
konto: 1991
😀: 3158
onsdagskväll: 3227
paranoid: 1671
ungdomar: 2728
serr: 3067
pretty: 1739
rulle: 2602
världens: 554
8: 165
vodkan: 2533
hiq: 1815
hit: 1375
gratis: 478
kontot: 1705
böse: 436
sommarloooooov: 194
gått: 202
långsamt: 1646
hader: 3268
twittra: 1751
skickar: 2111
skickat: 1570
följ: 932
tanken: 1834
dissar: 2581
ledare: 1008
barfota: 2936
wallander: 757
vilket: 1166
ihjäl: 1631
tårer: 367
x: 1336
huset: 302
tidernas: 1869
svarar: 277
grejer: 2546
manger: 1644
mch: 2919
set: 2468
skolavslutning: 2505
allmänt: 2689
fiske: 1775
vine: 1080
underbar: 628
sex: 1823
seg: 2004
offentli: 1478
sipp: 1307
vendela: 1964
arg: 3223
sem: 1344
duschar: 1902
sek: 1578
retweet: 2693
mangel: 3270
#: 18
våld: 110
kastade: 1256
movie: 2245
wow: 1636
söndagsångest: 151
handbollen: 3019
fans: 1860
toapapper: 50
skumt: 2214
qysh: 743
tandläkare: 2061
clokkren: 74
effet: 970
ungdomsskolen: 631
båstad: 1863
sola: 1318
länk: 3219
leo: 2156
forskare: 1070
veten: 2488
c: 710
använde: 2407
anniv: 2134
mega: 363
stå: 2895
hoppa: 1777
karlsson: 3215
tystnad: 1895
☺: 1389
samme: 1812
lära: 1832
borta: 836
vidare: 431
andas: 407
kunder: 2013
liker: 1575
likes: 1042
batteri: 2899
wel: 2555
rockar: 3122
sakna: 518
badtunna: 2218
platinum: 1267
pp: 259
sommaren: 21
dum: 434
kunden: 2117
fyllan: 305
deprimerad: 1890
autocorrect: 73
visning: 2350
☔: 2983
johannes: 2077
lyfta: 208
pa: 1127
byxor: 1506
pk: 1838
po: 742
dansar: 1441
dricker: 1239
pöl: 881
bengt: 921
gav: 220
fira: 1883
anslktet: 2662
gjum: 1535
qova: 2055
packa: 2150
kalmar: 2737
hipomonsteresquipedalofobi: 2032
vann: 2015
ropt: 1594
detsamma: 911
p1: 2367
hampus: 306
bikini: 1911
kusin: 2992
match: 1448
fun: 1281
musiken: 2443
ful: 1122
läser: 1485
ikapp: 3052
robin: 1673
belindabergsted: 1135
sådan: 199
danownersfifa: 2187
<3: 497
rix: 1238
moti: 1090
http://t.co/muqpmjatce: 441
styr: 160
ris: 2759
rip: 2359
erkänna: 983
chans: 1148
krogen: 2991
skype: 2841
vafan: 1690
lagar: 2833
qat: 2062
mins: 2166
wordpressdotcom: 3178
folkblad: 2565
ändra: 36
sjuk: 213
dödar: 2412
barnen: 990
demokratin: 556
fyfan: 454
9: 841
kravallpolis: 3123
påväg: 1651
skåne: 3013
åringar: 2282
klokt: 3016
samkönat: 1479
högsta: 875
moment: 770
lämnas: 1559
fatta: 1233
roliga: 2368
älska: 919
middagen: 871
http://t.co/orozczzz: 1207
värme: 2626
halva: 856
gutta: 2773
normalt: 1820
person: 158
elev: 1287
y: 255
johan: 1163
tv.nu: 2562
följande: 1674
kissade: 611
kudet: 2459
ellinorlofgren: 2126
martinsoneby: 146
aliciadixoon: 2388
skam: 1770
stockholms: 878
skan: 869
http://t.co/kniakvgnzp: 2087
stegborgs: 3271
ledig: 1664
marken: 1423
sååå: 1051
sponsrade: 1682
främmande: 897
tagga: 525
namnet: 2884
härlig: 2291
cup: 2482
cyckla: 330
talgboll: 1588
leveregel: 350
utsikt: 2252
idé: 1804
snap: 1201
hater: 205
bin: 1542
...: 34
bil: 2091
djur: 3044
teknik: 483
nationella: 2713
filtar: 1630
game: 577
zlatan: 394
barnvakt: 360
emma: 602
bit: 1140
bir: 489
upplevelse: 572
exakt: 134
d: 528
kla: 1377
eet: 2699
vitsen: 1428
rider: 2822
hittat: 2215
vardagssexismen: 3222
!❤: 125
tillstånd: 1150
djupa: 1757
<333: 420
kavaj: 2284
fucking: 1047
yolo: 3078
saknat: 619
williamspetz: 1712
grattis: 813
palm: 2760
hintet: 244
dokumentären: 256
sommarn: 509
läste: 2511
jimmie: 2809
rien: 1109
föräldrar: 761
kule: 2429
glömt: 1116
vuxen: 1908
pratar: 114
boka: 1824
soppa: 2834
anna: 1155
kula: 3183
därför: 1919
ba: 1211
rum: 1686
bo: 505
bh: 1028
bi: 2849
bj: 1590
engelska: 2743
hahahahaha: 1628
imorgen: 2678
särskriver: 382
morra: 2136
utgår: 3203
moanderssonordh: 3116
körde: 412
anything: 1944
netflix: 10
bist: 915
tråkig: 2174
drama: 2370
fotboll: 391
idd: 385
ide: 1778
tjejer: 546
block: 1835
ida: 1462
stiantaalesen: 2333
ahahahahha: 1781
utflykt: 2046
nsa: 718
sthlm: 902
snackar: 692
cyklade: 2275
såhär: 329
öl: 561
johannaagnesm: 3106
tjejers: 1683
vätternrundan: 2324
seger: 1922
.-: 246
mka: 1243
dricka: 450
kyra: 2075
folback: 1322
småland: 3083
ligga: 378
femnat: 2194
:: 7
iphone: 1016
fruktansvärt: 2486
hallmöbel: 2049
käftsmäll: 2163
dipp: 2551
den_beste: 2295
tummarna: 2239
t-shirt: 3169
serie: 1347
snälla: 359
don: 1849
dy: 1357
♥: 315
lina: 113
dröm: 2802
faan: 629
skull: 1361
planen: 1563
högt: 1230
....: 573
bortrest: 2290
värmen: 1976
syrran: 989
malin: 1987
un: 1552
straffe: 1260
uh: 2823
z: 658
chelsea: 837
http://t.co/qc8xvgqm72: 1934
ihåg: 2297
snyggare: 1791
skul: 3162
lyx: 2036
http://t.co/xjv773rbym: 253
rally: 2337
troublemaker: 1269
jk: 2179
peter: 2070
%: 1324
förlåt: 380
räkna: 3004
naj: 1091
tva: 1449
http://t.co/ypmvdrr8tq: 2859
familjen: 416
mötet: 2864
betalar: 2986
naw: 834
klädda: 2293
anses: 2836
berättar: 2122
nice: 321
klädd: 1961
gameday: 1084
woho: 2137
william: 3022
betyder: 1039
resten: 722
korv: 3213
fredrikkarlss20: 796
land: 898
e: 320
lana: 825
pasha: 585
svd: 1330
youtube: 580
skjut: 1978
hella: 1925
gädda: 2493
2004: 1675
2005: 920
tungt: 945
svt: 1073
kshyr: 1392
väll: 369
höst: 2083
njuta: 2018
kanal: 977
hoje: 1454
somnar: 2410
steve: 2961
tweeten: 133
jonasvlachos: 1609
förut: 1066
fannyuthas: 2184
kvalitet: 2767
vält: 348
löpning: 1378
träd: 1383
veldig: 1616
brudar: 2815
lilla: 453
retweeta: 1359
sharethis: 2608
fut: 1089
skolka: 2390
nackdelen: 2423
its_nickie_xx: 2558
pengarna: 1009
sent: 372
huvudstaden: 2865
vått: 1161
legat: 2585
mysigt: 755
kepsar: 1707
fredagskväll: 3208
sånna: 1247
avslutar: 1153
facebook: 63
ga: 2458
märker: 1562
niallofficial: 934
överleva: 167
☀✈: 1977
tro: 447
påverka: 216
äta: 1119
byggt: 2085
öron: 1102
ryan: 2241
jobbet: 759
fingrarna: 2863
jönköping: 1665
blåmärken: 2913
gabriel: 2812
redd: 3199
oskarshamn: 1945
blitt: 1343
vell: 821
tävlar: 1940
spodermenpls: 2703
åtta: 642
natur: 2893
http://t.co/hwjwddkxnz: 1143
ångra: 1952
valpskott: 2305
liinnealindberg: 751
frukt: 2115
jump: 2968
ställde: 3001
skadar: 1875
video: 2263
börjat: 845
kära: 198
ikje: 3035
levererar: 2808
hårdföre: 3260
anderslindberg: 1248
äh: 2240
expressen: 1999
chicago: 1907
bjöd: 3217
anton: 1936
stjernbergrobin: 1290
senare: 445
negerboll: 2053
gamla: 472
;: 83
äckligt: 1727
mysigaste: 2973
tröja: 2222
lee: 721
absolut: 1002
lek: 651
extremt: 1758
toveemattsson: 1956
hungrig: 1118
ler: 648
les: 1825
others: 877
henkelyckholm: 1971
varenda: 264
39: 1194
inbillar: 3242
mörkret: 2882
metro: 1639
diig: 1532
dembo: 1555
30: 98
.......: 533
35: 883
34: 1139
ll_linn: 1645
fortsätter: 683
hagamann: 77
popcorn: 485
bästis: 547
regnade: 1662
ååh: 635
issam_b_saad: 1935
baggio99mickeee: 659
em.: 2888
fara: 1826
apple: 1015
snyggt: 163
app: 1740
hennes: 94
når: 1531
streckgubbe: 347
förlora: 616
reda: 2789
marcusbirro: 724
mening: 1730
tyska: 2244
apa: 789
redo: 2255
snygga: 1124
middag: 374
andreas: 243
crap: 1391
varmare: 3185
personen: 842
&: 0
fem: 1679
fånga: 440
next: 1554
williamslista2: 2880
fet: 112
tjejkväll: 2552
realkidal: 1133
söder: 571
personer: 196
callderyd: 1484
kya: 2853
sjunger: 1703
babe: 839
maria_s: 1370
tennis: 2972
rättare: 172
förstå: 1517
helvete: 1209
stolt: 1504
basketse: 2887
öppnar: 1927
penis: 1669
trevlig: 2331
sjukaste: 1326
whisky: 972
fotbollsskolan: 994
spellista: 1301
f: 2940
slutade: 122
beskriva: 1916
duktiga: 2005
blod: 2232
jävlar: 1650
hälsa: 2460
onsdag: 1182
glada: 3220
rullande: 2440
hostan: 1196
utgång: 779
tas: 476
tomt: 1970
morsomt: 1530
elit: 3165
klump: 2709
tag: 26
snacka: 523
tal: 1429
snyggaste: 1626
viqtornordmark: 3073
talat: 807
ondska: 2934
fett: 331
gitarr: 650
åhh: 1229
tåget: 929
blloku: 736
panik: 1743
feta: 107
delas: 2556
delat: 575
riktig: 888
käften: 278
klar: 840
inse: 1731
pigg: 283
drewkeeps: 2310
fram: 207
mötte: 3151
tach: 1268
fart: 2149
+++++: 233
united: 625
biljett: 2819
hahahaha: 1142
ringde: 1335
gammal: 93
altså: 2985
sårar: 3274
säljer: 2014
talar: 1214
mallgroda: 2876
interet: 1657
morfar: 3207
mju: 1647
9an: 2283
agenda: 1917
företag: 2951
handboll: 1624
kliver: 2696
timmar: 969
skrivbent: 265
förjävla: 1622
elin: 1783
elintranfeldt: 539
djem: 1813
seng: 2480
meter: 1288
någonting: 1181
glömde: 1742
karlstad: 2643
nervös: 2879
innebär: 563
galaxy: 1585
aj: 1548
spotify: 184
listan: 1667
människor: 950
la: 85
byt: 1990
harsem96: 2432
byn: 1277
interesant: 1717
imorn: 192
fitta: 1405
datorn: 1168
2014: 613
bye: 2073
<: 592
2013: 1023
2012: 182
morgen: 1501
yogidwipermana: 1447
spela: 652
dan: 873
hemmaplan: 777
snake: 3172
dar: 1635
guds: 1602
dax: 1158
vjen: 1897
bas: 2929
hunden: 610
exempelvis: 3188
kläder: 601
michaela: 2192
beslut: 944
klagar: 334
edin: 1871
mode: 586
våga: 2243
|: 153
mätt: 3007
skom: 58
skoj: 2165
skog: 2657
fortsätta: 241
majli: 3059
avis: 3168
mar: 2680
vaknade: 1857
säsongen: 1303
80: 2353
banan: 2567
skor: 2238
illa: 617
endast: 187
http://t.co/yf20sdbdca: 2332
140: 2741
': 410
okei: 2258
rep: 1955
okej: 541
båt: 1688
ren: 2949
missat: 2019
okey: 2462
ahedenstedt: 1125
minskar: 2515
föddes: 2942
student2013: 1698
lillyaaaron: 1518
vila: 2660
kropp: 858
ovesolsidan: 3048
skönaste: 709
rutan: 2421
jämt: 1367
egna: 3045
hjälpa: 3140
uppe: 979
bilden: 1584
jävla: 229
shum: 928
kreta: 1974
davidojamae: 2685
g: 737
hahahahh: 2500
snapchats: 1483
norrköping: 2801
försvinner: 2843
florida: 1514
sväng: 145
david: 1579
helst: 2045
fittan: 1159
silastaichosan: 662
❤❤: 1421
ungen: 2445
karré: 1996
stämmer: 1156
simpelt: 1401
dumt: 3254
värsta: 1986
http://t.co/4rhb1tvk: 702
centrum: 1402
äpple: 2844
letar: 260
hehe: 2587
clara: 1806
blöta: 1827
natta: 3085
leder: 1463
festival: 596
laatismeeiy: 1643
syster: 400
förklara: 8
blött: 498
diskutera: 2931
final: 310
amen: 2614
valde: 2933
2-0: 1760
2-1: 1831
ställer: 100
viktor: 1309
skriva: 138
smyg: 1270
finländske: 3258
stämning: 2756
långö: 2439
nyhet: 2234
bieber: 865
ipad: 2924
länder: 1918
avundsjuk: 1980
ben: 339
holland: 2798
car: 3023
toaletten: 342
lovet: 535
sweden: 802
frugan: 1565
instruktionsboken: 1586
jävligt: 597
ber: 942
bare: 44
premiär: 1172
raniatv4: 3233
spurs: 1319
drunk: 2771
beter: 2735
räcker: 2289
ringer: 1566
agaton: 2845
kennedy: 1521
följa: 467
farligt: 2281
gäng: 1417
intervju: 1059
bikiniöverdelar: 1476
tido: 1884
matiildag: 2725
låt: 356
kritiskt: 637
veckas: 2720
gratulerer: 1438
lopp: 2722
4000: 2813
råkade: 1223
eget: 2211
hamburgare: 2570
stockholm-arlanda: 1763
låg: 189
inni: 2923
eten: 2303
aarvinbalic: 379
ramla: 1866
godmorgon: 30
mir: 646
=: 2044
rickardcharles: 2746
härligt: 1036
släkt: 910
finsk: 2623
^^: 121
röst: 1292
dette: 90
hahahahha: 3148
regn: 88
jaaa: 583
visa: 2223
härliga: 2221
guillou: 2086
rumpan: 2988
sist: 2605
medan: 1829
diss: 2425
våren: 614
kurr: 1816
face: 2816
hi: 2074
brevid: 2224
äckel: 1810
sådant: 3050
lösa: 2952
fact: 1280
partytält: 729
snarkar: 594
himla: 819
skorna: 671
text: 960
hm: 2821
debatt: 1724
skyller: 3231
eksamen: 2537
manchester: 622
05.45: 2683
passa: 1786
08.00: 2465
68-57: 2885
(: 28
ngn: 552
gråter: 2463
jan: 926
http://t.co/hdz62ws0sr: 2774
hetast: 3115
hinner: 894
säker: 621
jaa: 386
handla: 940
abbe: 791
träffa: 997
🔫: 3253
lägger: 1289
nånstans: 2661
gråta: 1191
avslöjande: 717
häst: 2721
words: 297
06.00: 2548
chips: 2550
älskade: 634
gbg: 568
qu: 2613
mangatjejen: 2189
smått: 514
🙊: 2081
flickor: 605
h: 2188
qe: 1769
allvarligt: 2517
förtiger: 3131
svenska: 11
grosse: 1510
kanye: 3009
funkade: 1839
någongång: 1735
krya: 2529
egentlig: 906
lugnt: 1582
fgt: 2589
östra: 1699
avslut: 3211
nn: 2875
längst: 1397
bruna: 3144
opening: 1300
brutalt: 2473
hajt: 268
vrf: 1055
jobba: 287
felicia: 1240
plåster: 24
jom: 2487
mage: 1245
nostalgi: 2159
tjänster: 1077
tatuera: 1338
allsvenskan: 2227
marknaden: 3070
minutes: 1755
fåglar: 2650
eta: 3025
koft: 739
dolor: 2731
sommarnatten: 2788
kostar: 3003
botten: 3235
hehehe: 1796
co: 2219
pinsamt: 1583
stabilt: 2906
dör: 1244
njerz: 927
walk: 1541
fridlund18: 797
bröllop: 1959
döm: 954
bollar: 1056
cv: 1618
lägenheten: 3241
publicerat: 723
antal: 899
klara: 598
johnny: 2690
sara: 3051
överallt: 335
suttit: 2751
klart: 660
favoritmarkerade: 2447
slippa: 1726
alliansfritt: 2272
gångs: 1360
månad: 703
aahallbeck: 2927
heftig: 2498
älskling: 818
balkongen: 299
antar: 1546
pengar: 712
naten: 1315
bästavän: 1972
sötnos: 2677
filippa: 1373
nummer: 1381
spanska: 33
orange: 1121
spanien: 170
spikar: 2950
humör: 2060
vaknat: 2405
sjogrenpatrik: 1259
overspisern: 1625
kafaen: 1426
vaknar: 408
neger: 2052
augusti: 2348
erbjuda: 2099
största: 2791
7-0: 2830
intro: 2146
allting: 3108
hahaha: 247
tårar: 645
kommande: 2142
svider: 2095
vd: 1502
hals: 2544
feber: 1195
ryssland: 775
hålet: 1905
lust: 2304
duschen: 766
avi: 1339
avstängd: 2563
ava: 1861
avc: 2553
flaska: 2835
tältet: 2371
tjock: 27
plugga: 1744
alexandraioanes: 1262
): 81
baklänges: 2794
pojkar: 607
samband: 444
party: 1200
skickade: 2404
växjö: 250
cod: 128
++++++++: 234
anka: 887
http: 1162
drink: 3043
ios: 384
v5: 2768
student: 627
tystnaden: 2119
halsband: 2996
kameran: 1305
misstag: 1708
skoldagar: 3071
babymohmoh: 333
lunch: 1033
sofiaelgstrand: 1388
kärleken: 1660
hoppar: 1721
vägen: 763
ljuger: 1063
yohio_seremedy: 2577
sötaste: 2444
hög: 3137
halleluja: 3248
kontakt: 1333
kiss: 2519
lök: 2474
less: 69
grejen: 1306
badboy: 2389
liked: 2868
möjligheter: 2902
sofie: 1443
40: 504
lauren: 2631
grov: 3103
alldeles: 1131
sommarlov: 16
krejt: 584
gutt: 1533
frågar: 64
natt: 564
ske: 1711
frågan: 909
föreläsning: 2076
sweet: 2668
fyller: 2171
titta: 980
smart: 469
mycke: 1874
jesper: 1580
skrika: 2776
lördagskväll: 5
hotar: 2594
laddare: 1962
poäng: 1856
fyr: 1206
inkom: 3132
sjungit: 2649
rolig: 1833
älski: 2634
skrev: 2861
loss: 2838
bla: 3161
solglasögon: 805
lär: 606
hosta: 1032
miami: 733
palstrobaek: 38
candy: 1568
garage: 886
sälja: 2492
likt: 245
martin: 2948
terapioffer: 3034
soft: 2078
avgift: 174
tittar: 1371
nja: 2535
nigga: 1985
laget: 698
kossor: 3205
killkompisar: 1837
twitter: 401
snabb: 292
kangen: 1759
stannar: 3173
värmlands: 2566
knät: 1951
lsttwit: 2158
stackars: 280
matcher: 3072
bet: 1572
http://t.co/hrdgcjjizf: 1354
stamsites: 1180
hahhah: 2761
låten: 1050
fanns: 325
förbannat: 2377
sette: 1208
?: 43
klappa: 2336
dewide: 2335
läppar: 2127
förkyld: 1068
slut: 39
rumpa: 689
pressure: 1152
kommentera: 1774
familjeliv_txt: 1366
regnregnregn: 2758
lång: 1088
smärta: 2627
makimartin19: 1899
emmyjohaansson: 1725
sister: 3102
taggenlarsson: 776
justin: 118
frysninga: 3030
må: 351
napp: 3238
utbudet: 13
höger: 550
saken: 137
göteborg: 531
centerpartiet: 2698
rart: 3214
gambias: 1556
tjej: 147
spiller: 1654
damp: 2778
potatis: 1488
lillebror: 1321
släpper: 1179
skratta: 1192
kockarnas: 3020
stanna: 664
tiden: 155
pussa: 2892
shoppa: 1623
eslöv: 2471
lund: 1966
hjärnan: 1659
regnig: 2173
lycka: 1295
hatar: 274
van: 2907
val: 677
neser: 1950
*: 286
djävulen: 1286
skola: 481
skole: 2574
blå: 2659
vacker: 2041
tina: 2327
brand: 2361
bitches: 1246
–: 395
hellstromsord: 1358
segt: 2161
☀: 2231
hd: 1298
sjans: 120
svarta: 2987
längta: 1845
nycklar: 2526
solna: 2894
jävel: 987
dator: 2592
problem: 1564
strategi: 1528
kaffe: 300
förfan: 917
hvad: 2357
pin: 1894
int: 744
mys: 786
pic: 296
“: 55
fjal: 2416
bäste: 3202
själ: 1906
moppe: 499
elefanter: 2287
broder: 812
året: 1291
såå: 282
månader: 1988
speciell: 924
aning: 1202
sick: 2926
ösregn: 2588
svtsamir: 2937
belong: 3180
guys: 2437
juni: 1939
bytt: 2867
sjön: 1317
hittade: 503
lyckorus: 2028
tider: 1779
valbo: 3089
jung: 2273
ångesten: 1749
topcovlinn: 2874
stad: 679
felixsandman: 1154
…: 14
stan: 1034
risken: 179
friends: 3018
hammarby: 1520
fakta: 1003
tjenare: 2441
—: 1772
nuuu: 1456
”: 52
kthena: 1097
kommentatorn: 2945
07.30: 3201
inser: 1352
klass: 730
sjuka: 1606
alkohol: 449
blogg: 2688
